[0.026s] Invoking command in '/home/student/ros2_ws/build/turtlebot3_node': CMAKE_PREFIX_PATH=/home/student/ros2_ws/install/turtlebot3_msgs:/home/student/ros2_ws/install/dynamixel_sdk:/home/student/ros2_ws/install/turtlebot3:/home/student/ros2_ws/install/turtlebot3_simulations:/home/student/ros2_ws/install/turtlebot3_bringup:/home/student/ros2_ws/install/turtlebot3_node:/home/student/ros2_ws/install/turtlebot3_navigation2:/home/student/ros2_ws/install/turtlebot3_fake_node:/home/student/ros2_ws/install/turtlebot3_gazebo:/home/student/ros2_ws/install/turtlebot3_description:/home/student/ros2_ws/install/turtlebot3_cartographer:/home/student/ros2_ws/install/map_ground_truth_publisher:/home/student/ros2_ws/install/gazebo_map_creator:/home/student/ros2_ws/install/gazebo_map_creator_interface:/home/student/ros2_ws/install/dynamixel_sdk_examples:/home/student/ros2_ws/install/dynamixel_sdk_custom_interfaces:/home/student/ros2_ws/install/turtlebot3_teleop:/home/student/ros2_ws/install/turtlebot3_example:/opt/ros/humble LD_LIBRARY_PATH=/home/student/ros2_ws/install/turtlebot3_msgs/lib:/home/student/ros2_ws/install/dynamixel_sdk/lib:/home/student/ros2_ws/install/gazebo_map_creator/lib:/home/student/ros2_ws/install/gazebo_map_creator_interface/lib:/home/student/ros2_ws/install/dynamixel_sdk_custom_interfaces/lib:/usr/lib/x86_64-linux-gnu/gazebo-11/plugins:/opt/ros/humble/opt/rviz_ogre_vendor/lib:/opt/ros/humble/lib/x86_64-linux-gnu:/opt/ros/humble/lib:/usr/lib/x86_64-linux-gnu/gazebo-11/plugins /usr/bin/cmake /home/student/ros2_ws/src/turtlebot3/turtlebot3_node -DCMAKE_INSTALL_PREFIX=/home/student/ros2_ws/install/turtlebot3_node
[0.372s] -- Found ament_cmake: 1.3.10 (/opt/ros/humble/share/ament_cmake/cmake)
[0.373s] -- Override CMake install command with custom implementation using symlinks instead of copying resources
[0.374s] -- Found dynamixel_sdk: 3.7.60 (/home/student/ros2_ws/install/dynamixel_sdk/share/dynamixel_sdk/cmake)
[0.375s] -- Found geometry_msgs: 4.2.4 (/opt/ros/humble/share/geometry_msgs/cmake)
[0.375s] -- Found rosidl_generator_c: 3.1.5 (/opt/ros/humble/share/rosidl_generator_c/cmake)
[0.376s] -- Found rosidl_adapter: 3.1.5 (/opt/ros/humble/share/rosidl_adapter/cmake)
[0.377s] -- Found rosidl_generator_cpp: 3.1.5 (/opt/ros/humble/share/rosidl_generator_cpp/cmake)
[0.377s] -- Using all available rosidl_typesupport_c: rosidl_typesupport_fastrtps_c;rosidl_typesupport_introspection_c
[0.377s] -- Using all available rosidl_typesupport_cpp: rosidl_typesupport_fastrtps_cpp;rosidl_typesupport_introspection_cpp
[0.377s] -- Found message_filters: 4.3.5 (/opt/ros/humble/share/message_filters/cmake)
[0.377s] -- Found rmw_implementation_cmake: 6.1.2 (/opt/ros/humble/share/rmw_implementation_cmake/cmake)
[0.377s] -- Found rmw_fastrtps_cpp: 6.2.7 (/opt/ros/humble/share/rmw_fastrtps_cpp/cmake)
[0.448s] -- Using RMW implementation 'rmw_fastrtps_cpp' as default
[0.494s] -- Found nav_msgs: 4.2.4 (/opt/ros/humble/share/nav_msgs/cmake)
[0.519s] -- Found sensor_msgs: 4.2.4 (/opt/ros/humble/share/sensor_msgs/cmake)
[0.546s] -- Found std_srvs: 4.2.4 (/opt/ros/humble/share/std_srvs/cmake)
[0.561s] -- Found tf2: 0.25.8 (/opt/ros/humble/share/tf2/cmake)
[0.567s] -- Found tf2_ros: 0.25.8 (/opt/ros/humble/share/tf2_ros/cmake)
[0.663s] -- Found turtlebot3_msgs: 2.2.3 (/home/student/ros2_ws/install/turtlebot3_msgs/share/turtlebot3_msgs/cmake)
[0.816s] -- Configuring done
[0.841s] -- Generating done
[0.843s] -- Build files have been written to: /home/student/ros2_ws/build/turtlebot3_node
[0.858s] Invoked command in '/home/student/ros2_ws/build/turtlebot3_node' returned '0': CMAKE_PREFIX_PATH=/home/student/ros2_ws/install/turtlebot3_msgs:/home/student/ros2_ws/install/dynamixel_sdk:/home/student/ros2_ws/install/turtlebot3:/home/student/ros2_ws/install/turtlebot3_simulations:/home/student/ros2_ws/install/turtlebot3_bringup:/home/student/ros2_ws/install/turtlebot3_node:/home/student/ros2_ws/install/turtlebot3_navigation2:/home/student/ros2_ws/install/turtlebot3_fake_node:/home/student/ros2_ws/install/turtlebot3_gazebo:/home/student/ros2_ws/install/turtlebot3_description:/home/student/ros2_ws/install/turtlebot3_cartographer:/home/student/ros2_ws/install/map_ground_truth_publisher:/home/student/ros2_ws/install/gazebo_map_creator:/home/student/ros2_ws/install/gazebo_map_creator_interface:/home/student/ros2_ws/install/dynamixel_sdk_examples:/home/student/ros2_ws/install/dynamixel_sdk_custom_interfaces:/home/student/ros2_ws/install/turtlebot3_teleop:/home/student/ros2_ws/install/turtlebot3_example:/opt/ros/humble LD_LIBRARY_PATH=/home/student/ros2_ws/install/turtlebot3_msgs/lib:/home/student/ros2_ws/install/dynamixel_sdk/lib:/home/student/ros2_ws/install/gazebo_map_creator/lib:/home/student/ros2_ws/install/gazebo_map_creator_interface/lib:/home/student/ros2_ws/install/dynamixel_sdk_custom_interfaces/lib:/usr/lib/x86_64-linux-gnu/gazebo-11/plugins:/opt/ros/humble/opt/rviz_ogre_vendor/lib:/opt/ros/humble/lib/x86_64-linux-gnu:/opt/ros/humble/lib:/usr/lib/x86_64-linux-gnu/gazebo-11/plugins /usr/bin/cmake /home/student/ros2_ws/src/turtlebot3/turtlebot3_node -DCMAKE_INSTALL_PREFIX=/home/student/ros2_ws/install/turtlebot3_node
[0.860s] Invoking command in '/home/student/ros2_ws/build/turtlebot3_node': CMAKE_PREFIX_PATH=/home/student/ros2_ws/install/turtlebot3_msgs:/home/student/ros2_ws/install/dynamixel_sdk:/home/student/ros2_ws/install/turtlebot3:/home/student/ros2_ws/install/turtlebot3_simulations:/home/student/ros2_ws/install/turtlebot3_bringup:/home/student/ros2_ws/install/turtlebot3_node:/home/student/ros2_ws/install/turtlebot3_navigation2:/home/student/ros2_ws/install/turtlebot3_fake_node:/home/student/ros2_ws/install/turtlebot3_gazebo:/home/student/ros2_ws/install/turtlebot3_description:/home/student/ros2_ws/install/turtlebot3_cartographer:/home/student/ros2_ws/install/map_ground_truth_publisher:/home/student/ros2_ws/install/gazebo_map_creator:/home/student/ros2_ws/install/gazebo_map_creator_interface:/home/student/ros2_ws/install/dynamixel_sdk_examples:/home/student/ros2_ws/install/dynamixel_sdk_custom_interfaces:/home/student/ros2_ws/install/turtlebot3_teleop:/home/student/ros2_ws/install/turtlebot3_example:/opt/ros/humble LD_LIBRARY_PATH=/home/student/ros2_ws/install/turtlebot3_msgs/lib:/home/student/ros2_ws/install/dynamixel_sdk/lib:/home/student/ros2_ws/install/gazebo_map_creator/lib:/home/student/ros2_ws/install/gazebo_map_creator_interface/lib:/home/student/ros2_ws/install/dynamixel_sdk_custom_interfaces/lib:/usr/lib/x86_64-linux-gnu/gazebo-11/plugins:/opt/ros/humble/opt/rviz_ogre_vendor/lib:/opt/ros/humble/lib/x86_64-linux-gnu:/opt/ros/humble/lib:/usr/lib/x86_64-linux-gnu/gazebo-11/plugins /usr/bin/cmake --build /home/student/ros2_ws/build/turtlebot3_node -- -j8 -l8
[0.918s] [35m[1mConsolidate compiler generated dependencies of target turtlebot3_node_lib[0m
[0.972s] [ 85%] Built target turtlebot3_node_lib
[0.988s] [35m[1mConsolidate compiler generated dependencies of target turtlebot3_ros[0m
[1.016s] [100%] Built target turtlebot3_ros
[1.029s] Invoked command in '/home/student/ros2_ws/build/turtlebot3_node' returned '0': CMAKE_PREFIX_PATH=/home/student/ros2_ws/install/turtlebot3_msgs:/home/student/ros2_ws/install/dynamixel_sdk:/home/student/ros2_ws/install/turtlebot3:/home/student/ros2_ws/install/turtlebot3_simulations:/home/student/ros2_ws/install/turtlebot3_bringup:/home/student/ros2_ws/install/turtlebot3_node:/home/student/ros2_ws/install/turtlebot3_navigation2:/home/student/ros2_ws/install/turtlebot3_fake_node:/home/student/ros2_ws/install/turtlebot3_gazebo:/home/student/ros2_ws/install/turtlebot3_description:/home/student/ros2_ws/install/turtlebot3_cartographer:/home/student/ros2_ws/install/map_ground_truth_publisher:/home/student/ros2_ws/install/gazebo_map_creator:/home/student/ros2_ws/install/gazebo_map_creator_interface:/home/student/ros2_ws/install/dynamixel_sdk_examples:/home/student/ros2_ws/install/dynamixel_sdk_custom_interfaces:/home/student/ros2_ws/install/turtlebot3_teleop:/home/student/ros2_ws/install/turtlebot3_example:/opt/ros/humble LD_LIBRARY_PATH=/home/student/ros2_ws/install/turtlebot3_msgs/lib:/home/student/ros2_ws/install/dynamixel_sdk/lib:/home/student/ros2_ws/install/gazebo_map_creator/lib:/home/student/ros2_ws/install/gazebo_map_creator_interface/lib:/home/student/ros2_ws/install/dynamixel_sdk_custom_interfaces/lib:/usr/lib/x86_64-linux-gnu/gazebo-11/plugins:/opt/ros/humble/opt/rviz_ogre_vendor/lib:/opt/ros/humble/lib/x86_64-linux-gnu:/opt/ros/humble/lib:/usr/lib/x86_64-linux-gnu/gazebo-11/plugins /usr/bin/cmake --build /home/student/ros2_ws/build/turtlebot3_node -- -j8 -l8
[1.108s] Invoking command in '/home/student/ros2_ws/build/turtlebot3_node': CMAKE_PREFIX_PATH=/home/student/ros2_ws/install/turtlebot3_msgs:/home/student/ros2_ws/install/dynamixel_sdk:/home/student/ros2_ws/install/turtlebot3:/home/student/ros2_ws/install/turtlebot3_simulations:/home/student/ros2_ws/install/turtlebot3_bringup:/home/student/ros2_ws/install/turtlebot3_node:/home/student/ros2_ws/install/turtlebot3_navigation2:/home/student/ros2_ws/install/turtlebot3_fake_node:/home/student/ros2_ws/install/turtlebot3_gazebo:/home/student/ros2_ws/install/turtlebot3_description:/home/student/ros2_ws/install/turtlebot3_cartographer:/home/student/ros2_ws/install/map_ground_truth_publisher:/home/student/ros2_ws/install/gazebo_map_creator:/home/student/ros2_ws/install/gazebo_map_creator_interface:/home/student/ros2_ws/install/dynamixel_sdk_examples:/home/student/ros2_ws/install/dynamixel_sdk_custom_interfaces:/home/student/ros2_ws/install/turtlebot3_teleop:/home/student/ros2_ws/install/turtlebot3_example:/opt/ros/humble LD_LIBRARY_PATH=/home/student/ros2_ws/install/turtlebot3_msgs/lib:/home/student/ros2_ws/install/dynamixel_sdk/lib:/home/student/ros2_ws/install/gazebo_map_creator/lib:/home/student/ros2_ws/install/gazebo_map_creator_interface/lib:/home/student/ros2_ws/install/dynamixel_sdk_custom_interfaces/lib:/usr/lib/x86_64-linux-gnu/gazebo-11/plugins:/opt/ros/humble/opt/rviz_ogre_vendor/lib:/opt/ros/humble/lib/x86_64-linux-gnu:/opt/ros/humble/lib:/usr/lib/x86_64-linux-gnu/gazebo-11/plugins /usr/bin/cmake --install /home/student/ros2_ws/build/turtlebot3_node
[1.117s] -- Install configuration: ""
[1.117s] -- Execute custom install script
[1.118s] -- Up-to-date symlink: /home/student/ros2_ws/install/turtlebot3_node/share/turtlebot3_node/param/burger.yaml
[1.118s] -- Up-to-date symlink: /home/student/ros2_ws/install/turtlebot3_node/share/turtlebot3_node/param/waffle.yaml
[1.118s] -- Up-to-date symlink: /home/student/ros2_ws/install/turtlebot3_node/share/turtlebot3_node/param/waffle_pi.yaml
[1.119s] -- Up-to-date symlink: /home/student/ros2_ws/install/turtlebot3_node/lib/turtlebot3_node/turtlebot3_ros
[1.119s] -- Up-to-date symlink: /home/student/ros2_ws/install/turtlebot3_node/share/ament_index/resource_index/package_run_dependencies/turtlebot3_node
[1.119s] -- Up-to-date symlink: /home/student/ros2_ws/install/turtlebot3_node/share/ament_index/resource_index/parent_prefix_path/turtlebot3_node
[1.119s] -- Up-to-date symlink: /home/student/ros2_ws/install/turtlebot3_node/share/turtlebot3_node/environment/ament_prefix_path.sh
[1.120s] -- Up-to-date symlink: /home/student/ros2_ws/install/turtlebot3_node/share/turtlebot3_node/environment/ament_prefix_path.dsv
[1.120s] -- Up-to-date symlink: /home/student/ros2_ws/install/turtlebot3_node/share/turtlebot3_node/environment/path.sh
[1.120s] -- Up-to-date symlink: /home/student/ros2_ws/install/turtlebot3_node/share/turtlebot3_node/environment/path.dsv
[1.120s] -- Up-to-date symlink: /home/student/ros2_ws/install/turtlebot3_node/share/turtlebot3_node/local_setup.bash
[1.120s] -- Up-to-date symlink: /home/student/ros2_ws/install/turtlebot3_node/share/turtlebot3_node/local_setup.sh
[1.121s] -- Up-to-date symlink: /home/student/ros2_ws/install/turtlebot3_node/share/turtlebot3_node/local_setup.zsh
[1.121s] -- Up-to-date symlink: /home/student/ros2_ws/install/turtlebot3_node/share/turtlebot3_node/local_setup.dsv
[1.121s] -- Symlinking: /home/student/ros2_ws/install/turtlebot3_node/share/turtlebot3_node/package.dsv
[1.132s] -- Up-to-date symlink: /home/student/ros2_ws/install/turtlebot3_node/share/ament_index/resource_index/packages/turtlebot3_node
[1.133s] -- Up-to-date symlink: /home/student/ros2_ws/install/turtlebot3_node/share/turtlebot3_node/cmake/ament_cmake_export_include_directories-extras.cmake
[1.133s] -- Up-to-date symlink: /home/student/ros2_ws/install/turtlebot3_node/share/turtlebot3_node/cmake/turtlebot3_nodeConfig.cmake
[1.133s] -- Up-to-date symlink: /home/student/ros2_ws/install/turtlebot3_node/share/turtlebot3_node/cmake/turtlebot3_nodeConfig-version.cmake
[1.133s] -- Up-to-date symlink: /home/student/ros2_ws/install/turtlebot3_node/share/turtlebot3_node/package.xml
[1.136s] Invoked command in '/home/student/ros2_ws/build/turtlebot3_node' returned '0': CMAKE_PREFIX_PATH=/home/student/ros2_ws/install/turtlebot3_msgs:/home/student/ros2_ws/install/dynamixel_sdk:/home/student/ros2_ws/install/turtlebot3:/home/student/ros2_ws/install/turtlebot3_simulations:/home/student/ros2_ws/install/turtlebot3_bringup:/home/student/ros2_ws/install/turtlebot3_node:/home/student/ros2_ws/install/turtlebot3_navigation2:/home/student/ros2_ws/install/turtlebot3_fake_node:/home/student/ros2_ws/install/turtlebot3_gazebo:/home/student/ros2_ws/install/turtlebot3_description:/home/student/ros2_ws/install/turtlebot3_cartographer:/home/student/ros2_ws/install/map_ground_truth_publisher:/home/student/ros2_ws/install/gazebo_map_creator:/home/student/ros2_ws/install/gazebo_map_creator_interface:/home/student/ros2_ws/install/dynamixel_sdk_examples:/home/student/ros2_ws/install/dynamixel_sdk_custom_interfaces:/home/student/ros2_ws/install/turtlebot3_teleop:/home/student/ros2_ws/install/turtlebot3_example:/opt/ros/humble LD_LIBRARY_PATH=/home/student/ros2_ws/install/turtlebot3_msgs/lib:/home/student/ros2_ws/install/dynamixel_sdk/lib:/home/student/ros2_ws/install/gazebo_map_creator/lib:/home/student/ros2_ws/install/gazebo_map_creator_interface/lib:/home/student/ros2_ws/install/dynamixel_sdk_custom_interfaces/lib:/usr/lib/x86_64-linux-gnu/gazebo-11/plugins:/opt/ros/humble/opt/rviz_ogre_vendor/lib:/opt/ros/humble/lib/x86_64-linux-gnu:/opt/ros/humble/lib:/usr/lib/x86_64-linux-gnu/gazebo-11/plugins /usr/bin/cmake --install /home/student/ros2_ws/build/turtlebot3_node
