[0.017s] Invoking command in '/home/student/ros2_ws/src/build/turtlebot_controller': CMAKE_PREFIX_PATH=${CMAKE_PREFIX_PATH}:/home/student/ros2_ws/install/turtlebot3_teleop:/home/student/ros2_ws/install/turtlebot3_example:/opt/ros/humble /usr/bin/cmake /home/student/ros2_ws/src/turtlebot_controller -DCMAKE_INSTALL_PREFIX=/home/student/ros2_ws/src/install/turtlebot_controller
[0.047s] -- Found ament_cmake: 1.3.10 (/opt/ros/humble/share/ament_cmake/cmake)
[0.281s] -- Found rclcpp: 16.0.10 (/opt/ros/humble/share/rclcpp/cmake)
[0.348s] -- Found rosidl_generator_c: 3.1.5 (/opt/ros/humble/share/rosidl_generator_c/cmake)
[0.348s] -- Found rosidl_adapter: 3.1.5 (/opt/ros/humble/share/rosidl_adapter/cmake)
[0.349s] -- Found rosidl_generator_cpp: 3.1.5 (/opt/ros/humble/share/rosidl_generator_cpp/cmake)
[0.360s] -- Using all available rosidl_typesupport_c: rosidl_typesupport_fastrtps_c;rosidl_typesupport_introspection_c
[0.394s] -- Using all available rosidl_typesupport_cpp: rosidl_typesupport_fastrtps_cpp;rosidl_typesupport_introspection_cpp
[0.454s] -- Found rmw_implementation_cmake: 6.1.2 (/opt/ros/humble/share/rmw_implementation_cmake/cmake)
[0.463s] -- Found rmw_fastrtps_cpp: 6.2.7 (/opt/ros/humble/share/rmw_fastrtps_cpp/cmake)
[0.652s] -- Using RMW implementation 'rmw_fastrtps_cpp' as default
[0.731s] -- Found geometry_msgs: 4.2.4 (/opt/ros/humble/share/geometry_msgs/cmake)
[0.755s] -- Found nav_msgs: 4.2.4 (/opt/ros/humble/share/nav_msgs/cmake)
[0.780s] -- Found sensor_msgs: 4.2.4 (/opt/ros/humble/share/sensor_msgs/cmake)
[0.809s] -- Found tf2_geometry_msgs: 0.25.8 (/opt/ros/humble/share/tf2_geometry_msgs/cmake)
[0.812s] -- Found eigen3_cmake_module: 0.1.1 (/opt/ros/humble/share/eigen3_cmake_module/cmake)
[0.814s] -- Ensuring Eigen3 include directory is part of orocos-kdl CMake target
[0.962s] [31mCMake Error at CMakeLists.txt:12 (find_package):
[0.964s]   By not providing "Findwarehouse_robot_msgs.cmake" in CMAKE_MODULE_PATH this
[0.964s]   project has asked CMake to find a package configuration file provided by
[0.964s]   "warehouse_robot_msgs", but CMake did not find one.
[0.964s] 
[0.964s]   Could not find a package configuration file provided by
[0.964s]   "warehouse_robot_msgs" with any of the following names:
[0.964s] 
[0.964s]     warehouse_robot_msgsConfig.cmake
[0.964s]     warehouse_robot_msgs-config.cmake
[0.965s] 
[0.965s]   Add the installation prefix of "warehouse_robot_msgs" to CMAKE_PREFIX_PATH
[0.965s]   or set "warehouse_robot_msgs_DIR" to a directory containing one of the
[0.965s]   above files.  If "warehouse_robot_msgs" provides a separate development
[0.965s]   package or SDK, be sure it has been installed.
[0.965s] 
[0.966s] [0m
[0.966s] -- Configuring incomplete, errors occurred!
[0.966s] See also "/home/student/ros2_ws/src/build/turtlebot_controller/CMakeFiles/CMakeOutput.log".
