[0.035s] Invoking command in '/home/student/ros2_ws/build/turtlebot3_gazebo': CMAKE_PREFIX_PATH=${CMAKE_PREFIX_PATH}:/home/student/ros2_ws/install/turtlebot3_teleop:/home/student/ros2_ws/install/turtlebot3_example:/opt/ros/humble /usr/bin/cmake /home/student/ros2_ws/src/turtlebot3_simulations/turtlebot3_gazebo -DAMENT_CMAKE_SYMLINK_INSTALL=1 -DCMAKE_INSTALL_PREFIX=/home/student/ros2_ws/install/turtlebot3_gazebo
[1.180s] -- The C compiler identification is GNU 11.4.0
[1.180s] -- The CXX compiler identification is GNU 11.4.0
[1.180s] -- Detecting C compiler ABI info
[1.180s] -- Detecting C compiler ABI info - done
[1.181s] -- Check for working C compiler: /usr/bin/cc - skipped
[1.181s] -- Detecting C compile features
[1.181s] -- Detecting C compile features - done
[1.181s] -- Detecting CXX compiler ABI info
[1.181s] -- Detecting CXX compiler ABI info - done
[1.181s] -- Check for working CXX compiler: /usr/bin/c++ - skipped
[1.182s] -- Detecting CXX compile features
[1.182s] -- Detecting CXX compile features - done
[1.182s] -- Found ament_cmake: 1.3.10 (/opt/ros/humble/share/ament_cmake/cmake)
[1.182s] -- Found Python3: /usr/bin/python3 (found version "3.10.12") found components: Interpreter 
[1.182s] -- Override CMake install command with custom implementation using symlinks instead of copying resources
[1.183s] -- Found PkgConfig: /usr/bin/pkg-config (found version "0.29.2") 
[1.183s] -- Checking for module 'bullet>=2.82'
[1.183s] --   Found bullet, version 3.05
[1.184s] [33mCMake Warning (dev) at /usr/share/cmake-3.22/Modules/FindPackageHandleStandardArgs.cmake:438 (message):
[1.184s]   The package name passed to `find_package_handle_standard_args` (PkgConfig)
[1.184s]   does not match the name of the calling package (gazebo).  This can lead to
[1.184s]   problems in calling code that expects `find_package` result variables
[1.185s]   (e.g., `_FOUND`) to follow a certain pattern.
[1.185s] Call Stack (most recent call first):
[1.185s]   /usr/share/cmake-3.22/Modules/FindPkgConfig.cmake:99 (find_package_handle_standard_args)
[1.185s]   /usr/lib/x86_64-linux-gnu/cmake/gazebo/gazebo-config.cmake:72 (include)
[1.185s]   CMakeLists.txt:23 (find_package)
[1.185s] This warning is for project developers.  Use -Wno-dev to suppress it.
[1.186s] [0m
[1.312s] -- Found fcl: /usr/include (found suitable version "0.7.0", minimum required is "0.5.0") 
[1.658s] -- Found assimp: /usr/include (found version "5.2.0") 
[1.742s] -- Found DART: /usr/include (Required is at least version "6.6") found components: dart 
[2.326s] -- Found Boost: /usr/lib/x86_64-linux-gnu/cmake/Boost-1.74.0/BoostConfig.cmake (found suitable version "1.74.0", minimum required is "1.40.0") found components: thread system filesystem program_options regex iostreams date_time 
[2.361s] -- Found Protobuf: /usr/lib/x86_64-linux-gnu/libprotobuf.so (found version "3.12.4") 
[2.369s] -- Looking for ignition-math6 -- found version 6.15.1
[2.379s] -- Searching for dependencies of ignition-math6
[2.381s] -- Looking for OGRE...
[2.382s] -- OGRE_PREFIX_WATCH changed.
[2.392s] -- Checking for module 'OGRE'
[2.422s] --   Found OGRE, version 1.9.0
[2.490s] -- Found Ogre Ghadamon (1.9.0)
[2.512s] -- Found OGRE: optimized;/usr/lib/x86_64-linux-gnu/libOgreMain.so;debug;/usr/lib/x86_64-linux-gnu/libOgreMain.so
[2.527s] -- Looking for OGRE_Paging...
[2.542s] -- Found OGRE_Paging: optimized;/usr/lib/x86_64-linux-gnu/libOgrePaging.so;debug;/usr/lib/x86_64-linux-gnu/libOgrePaging.so
[2.542s] -- Looking for OGRE_Terrain...
[2.554s] -- Found OGRE_Terrain: optimized;/usr/lib/x86_64-linux-gnu/libOgreTerrain.so;debug;/usr/lib/x86_64-linux-gnu/libOgreTerrain.so
[2.554s] -- Looking for OGRE_Property...
[2.566s] -- Found OGRE_Property: optimized;/usr/lib/x86_64-linux-gnu/libOgreProperty.so;debug;/usr/lib/x86_64-linux-gnu/libOgreProperty.so
[2.567s] -- Looking for OGRE_RTShaderSystem...
[2.579s] -- Found OGRE_RTShaderSystem: optimized;/usr/lib/x86_64-linux-gnu/libOgreRTShaderSystem.so;debug;/usr/lib/x86_64-linux-gnu/libOgreRTShaderSystem.so
[2.579s] -- Looking for OGRE_Volume...
[2.592s] -- Found OGRE_Volume: optimized;/usr/lib/x86_64-linux-gnu/libOgreVolume.so;debug;/usr/lib/x86_64-linux-gnu/libOgreVolume.so
[2.592s] -- Looking for OGRE_Overlay...
[2.604s] -- Found OGRE_Overlay: optimized;/usr/lib/x86_64-linux-gnu/libOgreOverlay.so;debug;/usr/lib/x86_64-linux-gnu/libOgreOverlay.so
[2.871s] -- Looking for ignition-math6 -- found version 6.15.1
[2.879s] -- Looking for ignition-transport8 -- found version 8.2.1
[2.879s] -- Searching for dependencies of ignition-transport8
[2.903s] -- Found Protobuf: /usr/lib/x86_64-linux-gnu/libprotobuf.so (found suitable version "3.12.4", minimum required is "3") 
[2.923s] -- Config-file not installed for ZeroMQ -- checking for pkg-config
[2.931s] -- Checking for module 'libzmq >= 4'
[2.965s] --   Found libzmq , version 4.3.4
[3.079s] -- Found ZeroMQ: TRUE (Required is at least version "4") 
[3.091s] -- Checking for module 'uuid'
[3.123s] --   Found uuid, version 2.37.2
[3.203s] -- Found UUID: TRUE  
[3.208s] -- Looking for ignition-msgs5 -- found version 5.8.1
[3.209s] -- Searching for dependencies of ignition-msgs5
[3.262s] -- Looking for ignition-math6 -- found version 6.15.1
[3.270s] -- Checking for module 'tinyxml2'
[3.341s] --   Found tinyxml2, version 9.0.0
[3.432s] -- Looking for ignition-msgs5 -- found version 5.8.1
[3.437s] -- Looking for ignition-common3 -- found version 3.14.0
[3.438s] -- Searching for dependencies of ignition-common3
[3.439s] -- Looking for dlfcn.h - found
[3.446s] -- Looking for libdl - found
[3.450s] -- Found DL: TRUE  
[3.486s] -- Found tinyobjloader: /usr/lib/x86_64-linux-gnu/cmake/tinyobjloader/tinyobjloader-config.cmake (found version "2.0.0") 
[3.486s] -- Searching for <ignition-common3> component [graphics]
[3.493s] -- Looking for ignition-common3-graphics -- found version 3.14.0
[3.493s] -- Searching for dependencies of ignition-common3-graphics
[3.493s] -- Looking for ignition-math6 -- found version 6.15.1
[3.497s] -- Looking for ignition-fuel_tools4 -- found version 4.4.0
[3.498s] -- Searching for dependencies of ignition-fuel_tools4
[3.795s] -- Found CURL: /usr/lib/x86_64-linux-gnu/libcurl.so (found version "7.81.0")  
[3.835s] -- Checking for module 'jsoncpp'
[3.964s] --   Found jsoncpp, version 1.9.5
[4.259s] -- Found JSONCPP: TRUE  
[4.282s] -- Checking for module 'libzip'
[4.374s] --   Found libzip, version 1.7.3
[4.697s] -- Found ZIP: TRUE  
[4.698s] -- Looking for ignition-common3 -- found version 3.14.0
[4.699s] -- Looking for ignition-math6 -- found version 6.15.1
[4.700s] -- Looking for ignition-msgs5 -- found version 5.8.1
[4.712s] -- Found gazebo_ros_pkgs: 3.7.0 (/opt/ros/humble/share/gazebo_ros_pkgs/cmake)
[4.720s] -- Found geometry_msgs: 4.2.4 (/opt/ros/humble/share/geometry_msgs/cmake)
[4.867s] -- Found rosidl_generator_c: 3.1.5 (/opt/ros/humble/share/rosidl_generator_c/cmake)
[4.891s] -- Found rosidl_adapter: 3.1.5 (/opt/ros/humble/share/rosidl_adapter/cmake)
[4.932s] -- Found rosidl_generator_cpp: 3.1.5 (/opt/ros/humble/share/rosidl_generator_cpp/cmake)
[4.988s] -- Using all available rosidl_typesupport_c: rosidl_typesupport_fastrtps_c;rosidl_typesupport_introspection_c
[5.080s] -- Using all available rosidl_typesupport_cpp: rosidl_typesupport_fastrtps_cpp;rosidl_typesupport_introspection_cpp
[5.294s] -- Found nav_msgs: 4.2.4 (/opt/ros/humble/share/nav_msgs/cmake)
[5.341s] -- Found rclcpp: 16.0.10 (/opt/ros/humble/share/rclcpp/cmake)
[5.527s] -- Found rmw_implementation_cmake: 6.1.2 (/opt/ros/humble/share/rmw_implementation_cmake/cmake)
[5.552s] -- Found rmw_fastrtps_cpp: 6.2.7 (/opt/ros/humble/share/rmw_fastrtps_cpp/cmake)
[6.065s] -- Found OpenSSL: /usr/lib/x86_64-linux-gnu/libcrypto.so (found version "3.0.2")  
[6.167s] -- Found FastRTPS: /opt/ros/humble/include  
[6.341s] -- Using RMW implementation 'rmw_fastrtps_cpp' as default
[6.380s] -- Found Threads: TRUE  
[6.537s] -- Found sensor_msgs: 4.2.4 (/opt/ros/humble/share/sensor_msgs/cmake)
[6.576s] -- Found tf2: 0.25.8 (/opt/ros/humble/share/tf2/cmake)
[6.740s] -- Configuring done
[6.813s] -- Generating done
[6.829s] -- Build files have been written to: /home/student/ros2_ws/build/turtlebot3_gazebo
[6.905s] Invoked command in '/home/student/ros2_ws/build/turtlebot3_gazebo' returned '0': CMAKE_PREFIX_PATH=${CMAKE_PREFIX_PATH}:/home/student/ros2_ws/install/turtlebot3_teleop:/home/student/ros2_ws/install/turtlebot3_example:/opt/ros/humble /usr/bin/cmake /home/student/ros2_ws/src/turtlebot3_simulations/turtlebot3_gazebo -DAMENT_CMAKE_SYMLINK_INSTALL=1 -DCMAKE_INSTALL_PREFIX=/home/student/ros2_ws/install/turtlebot3_gazebo
[6.906s] Invoking command in '/home/student/ros2_ws/build/turtlebot3_gazebo': CMAKE_PREFIX_PATH=${CMAKE_PREFIX_PATH}:/home/student/ros2_ws/install/turtlebot3_teleop:/home/student/ros2_ws/install/turtlebot3_example:/opt/ros/humble /usr/bin/cmake --build /home/student/ros2_ws/build/turtlebot3_gazebo -- -j8 -l8
[7.053s] [ 12%] [32mBuilding CXX object CMakeFiles/obstacle1.dir/models/turtlebot3_dqn_world/obstacle_plugin/obstacle1.cc.o[0m
[7.081s] [ 25%] [32mBuilding CXX object CMakeFiles/obstacles.dir/models/turtlebot3_dqn_world/obstacle_plugin/obstacles.cc.o[0m
[7.100s] [ 50%] [32mBuilding CXX object CMakeFiles/obstacle2.dir/models/turtlebot3_dqn_world/obstacle_plugin/obstacle2.cc.o[0m
[7.105s] [ 50%] [32mBuilding CXX object CMakeFiles/turtlebot3_drive.dir/src/turtlebot3_drive.cpp.o[0m
[33.542s] [ 62%] [32m[1mLinking CXX shared library libobstacle1.so[0m
[34.467s] [ 62%] Built target obstacle1
[34.541s] [ 75%] [32m[1mLinking CXX executable turtlebot3_drive[0m
[34.788s] [ 87%] [32m[1mLinking CXX shared library libobstacles.so[0m
[34.869s] [100%] [32m[1mLinking CXX shared library libobstacle2.so[0m
[35.628s] [100%] Built target obstacles
[35.710s] [100%] Built target obstacle2
[36.197s] [100%] Built target turtlebot3_drive
[36.261s] Invoked command in '/home/student/ros2_ws/build/turtlebot3_gazebo' returned '0': CMAKE_PREFIX_PATH=${CMAKE_PREFIX_PATH}:/home/student/ros2_ws/install/turtlebot3_teleop:/home/student/ros2_ws/install/turtlebot3_example:/opt/ros/humble /usr/bin/cmake --build /home/student/ros2_ws/build/turtlebot3_gazebo -- -j8 -l8
[36.861s] Invoking command in '/home/student/ros2_ws/build/turtlebot3_gazebo': CMAKE_PREFIX_PATH=${CMAKE_PREFIX_PATH}:/home/student/ros2_ws/install/turtlebot3_teleop:/home/student/ros2_ws/install/turtlebot3_example:/opt/ros/humble /usr/bin/cmake --install /home/student/ros2_ws/build/turtlebot3_gazebo
[36.890s] -- Install configuration: ""
[36.891s] -- Execute custom install script
[36.892s] -- Symlinking: /home/student/ros2_ws/install/turtlebot3_gazebo/lib/turtlebot3_gazebo/turtlebot3_drive
[36.950s] -- Symlinking: /home/student/ros2_ws/install/turtlebot3_gazebo/share/turtlebot3_gazebo//launch/empty_world.launch.py
[37.020s] -- Symlinking: /home/student/ros2_ws/install/turtlebot3_gazebo/share/turtlebot3_gazebo//launch/robot_state_publisher.launch.py
[37.080s] -- Symlinking: /home/student/ros2_ws/install/turtlebot3_gazebo/share/turtlebot3_gazebo//launch/spawn_turtlebot3.launch.py
[37.125s] -- Symlinking: /home/student/ros2_ws/install/turtlebot3_gazebo/share/turtlebot3_gazebo//launch/turtlebot3_dqn_stage1.launch.py
[37.143s] -- Symlinking: /home/student/ros2_ws/install/turtlebot3_gazebo/share/turtlebot3_gazebo//launch/turtlebot3_dqn_stage2.launch.py
[37.163s] -- Symlinking: /home/student/ros2_ws/install/turtlebot3_gazebo/share/turtlebot3_gazebo//launch/turtlebot3_dqn_stage3.launch.py
[37.182s] -- Symlinking: /home/student/ros2_ws/install/turtlebot3_gazebo/share/turtlebot3_gazebo//launch/turtlebot3_dqn_stage4.launch.py
[37.201s] -- Symlinking: /home/student/ros2_ws/install/turtlebot3_gazebo/share/turtlebot3_gazebo//launch/turtlebot3_house.launch.py
[37.218s] -- Symlinking: /home/student/ros2_ws/install/turtlebot3_gazebo/share/turtlebot3_gazebo//launch/turtlebot3_world.launch.py
[37.241s] -- Symlinking: /home/student/ros2_ws/install/turtlebot3_gazebo/share/turtlebot3_gazebo//models/turtlebot3_burger/model-1_4.sdf
[37.261s] -- Symlinking: /home/student/ros2_ws/install/turtlebot3_gazebo/share/turtlebot3_gazebo//models/turtlebot3_burger/model.config
[37.279s] -- Symlinking: /home/student/ros2_ws/install/turtlebot3_gazebo/share/turtlebot3_gazebo//models/turtlebot3_burger/model.sdf
[37.298s] -- Symlinking: /home/student/ros2_ws/install/turtlebot3_gazebo/share/turtlebot3_gazebo//models/turtlebot3_common/meshes/burger_base.dae
[37.317s] -- Symlinking: /home/student/ros2_ws/install/turtlebot3_gazebo/share/turtlebot3_gazebo//models/turtlebot3_common/meshes/lds.dae
[37.335s] -- Symlinking: /home/student/ros2_ws/install/turtlebot3_gazebo/share/turtlebot3_gazebo//models/turtlebot3_common/meshes/r200.dae
[37.356s] -- Symlinking: /home/student/ros2_ws/install/turtlebot3_gazebo/share/turtlebot3_gazebo//models/turtlebot3_common/meshes/tire.dae
[37.374s] -- Symlinking: /home/student/ros2_ws/install/turtlebot3_gazebo/share/turtlebot3_gazebo//models/turtlebot3_common/meshes/waffle_base.dae
[37.393s] -- Symlinking: /home/student/ros2_ws/install/turtlebot3_gazebo/share/turtlebot3_gazebo//models/turtlebot3_common/meshes/waffle_pi_base.dae
[37.410s] -- Symlinking: /home/student/ros2_ws/install/turtlebot3_gazebo/share/turtlebot3_gazebo//models/turtlebot3_common/model.config
[37.430s] -- Symlinking: /home/student/ros2_ws/install/turtlebot3_gazebo/share/turtlebot3_gazebo//models/turtlebot3_dqn_world/goal_box/model.config
[37.448s] -- Symlinking: /home/student/ros2_ws/install/turtlebot3_gazebo/share/turtlebot3_gazebo//models/turtlebot3_dqn_world/goal_box/model.sdf
[37.469s] -- Symlinking: /home/student/ros2_ws/install/turtlebot3_gazebo/share/turtlebot3_gazebo//models/turtlebot3_dqn_world/inner_walls/model.config
[37.488s] -- Symlinking: /home/student/ros2_ws/install/turtlebot3_gazebo/share/turtlebot3_gazebo//models/turtlebot3_dqn_world/inner_walls/model.sdf
[37.508s] -- Symlinking: /home/student/ros2_ws/install/turtlebot3_gazebo/share/turtlebot3_gazebo//models/turtlebot3_dqn_world/model.config
[37.525s] -- Symlinking: /home/student/ros2_ws/install/turtlebot3_gazebo/share/turtlebot3_gazebo//models/turtlebot3_dqn_world/model.sdf
[37.545s] -- Symlinking: /home/student/ros2_ws/install/turtlebot3_gazebo/share/turtlebot3_gazebo//models/turtlebot3_dqn_world/obstacle1/model.config
[37.565s] -- Symlinking: /home/student/ros2_ws/install/turtlebot3_gazebo/share/turtlebot3_gazebo//models/turtlebot3_dqn_world/obstacle1/model.sdf
[37.587s] -- Symlinking: /home/student/ros2_ws/install/turtlebot3_gazebo/share/turtlebot3_gazebo//models/turtlebot3_dqn_world/obstacle2/model.config
[37.629s] -- Symlinking: /home/student/ros2_ws/install/turtlebot3_gazebo/share/turtlebot3_gazebo//models/turtlebot3_dqn_world/obstacle2/model.sdf
[37.663s] -- Symlinking: /home/student/ros2_ws/install/turtlebot3_gazebo/share/turtlebot3_gazebo//models/turtlebot3_dqn_world/obstacle_plugin/CMakeLists.txt
[37.712s] -- Symlinking: /home/student/ros2_ws/install/turtlebot3_gazebo/share/turtlebot3_gazebo//models/turtlebot3_dqn_world/obstacle_plugin/obstacle1.cc
[37.751s] -- Symlinking: /home/student/ros2_ws/install/turtlebot3_gazebo/share/turtlebot3_gazebo//models/turtlebot3_dqn_world/obstacle_plugin/obstacle2.cc
[37.776s] -- Symlinking: /home/student/ros2_ws/install/turtlebot3_gazebo/share/turtlebot3_gazebo//models/turtlebot3_dqn_world/obstacle_plugin/obstacles.cc
[37.795s] -- Symlinking: /home/student/ros2_ws/install/turtlebot3_gazebo/share/turtlebot3_gazebo//models/turtlebot3_dqn_world/obstacles/model.config
[37.815s] -- Symlinking: /home/student/ros2_ws/install/turtlebot3_gazebo/share/turtlebot3_gazebo//models/turtlebot3_dqn_world/obstacles/model.sdf
[37.835s] -- Symlinking: /home/student/ros2_ws/install/turtlebot3_gazebo/share/turtlebot3_gazebo//models/turtlebot3_house/model.config
[37.855s] -- Symlinking: /home/student/ros2_ws/install/turtlebot3_gazebo/share/turtlebot3_gazebo//models/turtlebot3_house/model.sdf
[37.882s] -- Symlinking: /home/student/ros2_ws/install/turtlebot3_gazebo/share/turtlebot3_gazebo//models/turtlebot3_waffle/model-1_4.sdf
[37.912s] -- Symlinking: /home/student/ros2_ws/install/turtlebot3_gazebo/share/turtlebot3_gazebo//models/turtlebot3_waffle/model.config
[37.961s] -- Symlinking: /home/student/ros2_ws/install/turtlebot3_gazebo/share/turtlebot3_gazebo//models/turtlebot3_waffle/model.sdf
[38.021s] -- Symlinking: /home/student/ros2_ws/install/turtlebot3_gazebo/share/turtlebot3_gazebo//models/turtlebot3_waffle_pi/model-1_4_.sdf
[38.053s] -- Symlinking: /home/student/ros2_ws/install/turtlebot3_gazebo/share/turtlebot3_gazebo//models/turtlebot3_waffle_pi/model.config
[38.097s] -- Symlinking: /home/student/ros2_ws/install/turtlebot3_gazebo/share/turtlebot3_gazebo//models/turtlebot3_waffle_pi/model.sdf
[38.148s] -- Symlinking: /home/student/ros2_ws/install/turtlebot3_gazebo/share/turtlebot3_gazebo//models/turtlebot3_world/meshes/hexagon.dae
[38.198s] -- Symlinking: /home/student/ros2_ws/install/turtlebot3_gazebo/share/turtlebot3_gazebo//models/turtlebot3_world/meshes/wall.dae
[38.245s] -- Symlinking: /home/student/ros2_ws/install/turtlebot3_gazebo/share/turtlebot3_gazebo//models/turtlebot3_world/model-1_4.sdf
[38.294s] -- Symlinking: /home/student/ros2_ws/install/turtlebot3_gazebo/share/turtlebot3_gazebo//models/turtlebot3_world/model.config
[38.323s] -- Symlinking: /home/student/ros2_ws/install/turtlebot3_gazebo/share/turtlebot3_gazebo//models/turtlebot3_world/model.sdf
[38.370s] -- Symlinking: /home/student/ros2_ws/install/turtlebot3_gazebo/share/turtlebot3_gazebo//rviz/tb3_gazebo.rviz
[38.423s] -- Symlinking: /home/student/ros2_ws/install/turtlebot3_gazebo/share/turtlebot3_gazebo//urdf/common_properties.urdf
[38.475s] -- Symlinking: /home/student/ros2_ws/install/turtlebot3_gazebo/share/turtlebot3_gazebo//urdf/turtlebot3_burger.urdf
[38.494s] -- Symlinking: /home/student/ros2_ws/install/turtlebot3_gazebo/share/turtlebot3_gazebo//urdf/turtlebot3_waffle.urdf
[38.513s] -- Symlinking: /home/student/ros2_ws/install/turtlebot3_gazebo/share/turtlebot3_gazebo//urdf/turtlebot3_waffle_pi.urdf
[38.535s] -- Symlinking: /home/student/ros2_ws/install/turtlebot3_gazebo/share/turtlebot3_gazebo//worlds/empty_world.world
[38.555s] -- Symlinking: /home/student/ros2_ws/install/turtlebot3_gazebo/share/turtlebot3_gazebo//worlds/turtlebot3_dqn_stage1.world
[38.609s] -- Symlinking: /home/student/ros2_ws/install/turtlebot3_gazebo/share/turtlebot3_gazebo//worlds/turtlebot3_dqn_stage2.world
[38.661s] -- Symlinking: /home/student/ros2_ws/install/turtlebot3_gazebo/share/turtlebot3_gazebo//worlds/turtlebot3_dqn_stage3.world
[38.706s] -- Symlinking: /home/student/ros2_ws/install/turtlebot3_gazebo/share/turtlebot3_gazebo//worlds/turtlebot3_dqn_stage4.world
[38.732s] -- Symlinking: /home/student/ros2_ws/install/turtlebot3_gazebo/share/turtlebot3_gazebo//worlds/turtlebot3_house.world
[38.776s] -- Symlinking: /home/student/ros2_ws/install/turtlebot3_gazebo/share/turtlebot3_gazebo//worlds/turtlebot3_world.world
[38.818s] -- Symlinking: /home/student/ros2_ws/install/turtlebot3_gazebo/include//turtlebot3_gazebo/turtlebot3_drive.hpp
[38.862s] -- Symlinking: /home/student/ros2_ws/install/turtlebot3_gazebo/share/ament_index/resource_index/package_run_dependencies/turtlebot3_gazebo
[38.918s] -- Symlinking: /home/student/ros2_ws/install/turtlebot3_gazebo/share/ament_index/resource_index/parent_prefix_path/turtlebot3_gazebo
[38.951s] -- Symlinking: /home/student/ros2_ws/install/turtlebot3_gazebo/share/turtlebot3_gazebo/environment/ament_prefix_path.sh
[39.023s] -- Symlinking: /home/student/ros2_ws/install/turtlebot3_gazebo/share/turtlebot3_gazebo/environment/ament_prefix_path.dsv
[39.066s] -- Symlinking: /home/student/ros2_ws/install/turtlebot3_gazebo/share/turtlebot3_gazebo/environment/path.sh
[39.112s] -- Symlinking: /home/student/ros2_ws/install/turtlebot3_gazebo/share/turtlebot3_gazebo/environment/path.dsv
[39.144s] -- Symlinking: /home/student/ros2_ws/install/turtlebot3_gazebo/share/turtlebot3_gazebo/local_setup.bash
[39.201s] -- Symlinking: /home/student/ros2_ws/install/turtlebot3_gazebo/share/turtlebot3_gazebo/local_setup.sh
[39.222s] -- Symlinking: /home/student/ros2_ws/install/turtlebot3_gazebo/share/turtlebot3_gazebo/local_setup.zsh
[39.242s] -- Symlinking: /home/student/ros2_ws/install/turtlebot3_gazebo/share/turtlebot3_gazebo/local_setup.dsv
[39.285s] -- Symlinking: /home/student/ros2_ws/install/turtlebot3_gazebo/share/turtlebot3_gazebo/package.dsv
[39.330s] -- Symlinking: /home/student/ros2_ws/install/turtlebot3_gazebo/share/ament_index/resource_index/packages/turtlebot3_gazebo
[39.389s] -- Symlinking: /home/student/ros2_ws/install/turtlebot3_gazebo/share/turtlebot3_gazebo/cmake/ament_cmake_export_include_directories-extras.cmake
[39.432s] -- Symlinking: /home/student/ros2_ws/install/turtlebot3_gazebo/share/turtlebot3_gazebo/cmake/ament_cmake_export_dependencies-extras.cmake
[39.452s] -- Symlinking: /home/student/ros2_ws/install/turtlebot3_gazebo/share/turtlebot3_gazebo/cmake/turtlebot3_gazeboConfig.cmake
[39.471s] -- Symlinking: /home/student/ros2_ws/install/turtlebot3_gazebo/share/turtlebot3_gazebo/cmake/turtlebot3_gazeboConfig-version.cmake
[39.493s] -- Symlinking: /home/student/ros2_ws/install/turtlebot3_gazebo/share/turtlebot3_gazebo/package.xml
[39.516s] Invoked command in '/home/student/ros2_ws/build/turtlebot3_gazebo' returned '0': CMAKE_PREFIX_PATH=${CMAKE_PREFIX_PATH}:/home/student/ros2_ws/install/turtlebot3_teleop:/home/student/ros2_ws/install/turtlebot3_example:/opt/ros/humble /usr/bin/cmake --install /home/student/ros2_ws/build/turtlebot3_gazebo
