[0.047s] Invoking command in '/home/student/ros2_ws/src/build/dynamixel_sdk': CMAKE_PREFIX_PATH=${CMAKE_PREFIX_PATH}:/home/student/ros2_ws/install/turtlebot3_teleop:/home/student/ros2_ws/install/turtlebot3_example:/opt/ros/humble /usr/bin/cmake --build /home/student/ros2_ws/src/build/dynamixel_sdk -- -j8 -l8
[0.116s] [35m[1mConsolidate compiler generated dependencies of target dynamixel_sdk[0m
[0.199s] [100%] Built target dynamixel_sdk
[0.339s] Invoked command in '/home/student/ros2_ws/src/build/dynamixel_sdk' returned '0': CMAKE_PREFIX_PATH=${CMAKE_PREFIX_PATH}:/home/student/ros2_ws/install/turtlebot3_teleop:/home/student/ros2_ws/install/turtlebot3_example:/opt/ros/humble /usr/bin/cmake --build /home/student/ros2_ws/src/build/dynamixel_sdk -- -j8 -l8
[0.531s] Invoking command in '/home/student/ros2_ws/src/build/dynamixel_sdk': CMAKE_PREFIX_PATH=${CMAKE_PREFIX_PATH}:/home/student/ros2_ws/install/turtlebot3_teleop:/home/student/ros2_ws/install/turtlebot3_example:/opt/ros/humble /usr/bin/cmake --install /home/student/ros2_ws/src/build/dynamixel_sdk
[0.551s] -- Install configuration: ""
[0.551s] -- Up-to-date: /home/student/ros2_ws/src/install/dynamixel_sdk/include/
[0.552s] -- Up-to-date: /home/student/ros2_ws/src/install/dynamixel_sdk/include//dynamixel_sdk
[0.552s] -- Up-to-date: /home/student/ros2_ws/src/install/dynamixel_sdk/include//dynamixel_sdk/protocol2_packet_handler.h
[0.552s] -- Up-to-date: /home/student/ros2_ws/src/install/dynamixel_sdk/include//dynamixel_sdk/port_handler.h
[0.552s] -- Up-to-date: /home/student/ros2_ws/src/install/dynamixel_sdk/include//dynamixel_sdk/port_handler_windows.h
[0.552s] -- Up-to-date: /home/student/ros2_ws/src/install/dynamixel_sdk/include//dynamixel_sdk/port_handler_linux.h
[0.553s] -- Up-to-date: /home/student/ros2_ws/src/install/dynamixel_sdk/include//dynamixel_sdk/group_bulk_read.h
[0.554s] -- Up-to-date: /home/student/ros2_ws/src/install/dynamixel_sdk/include//dynamixel_sdk/port_handler_arduino.h
[0.554s] -- Up-to-date: /home/student/ros2_ws/src/install/dynamixel_sdk/include//dynamixel_sdk/dynamixel_sdk.h
[0.554s] -- Up-to-date: /home/student/ros2_ws/src/install/dynamixel_sdk/include//dynamixel_sdk/port_handler_mac.h
[0.554s] -- Up-to-date: /home/student/ros2_ws/src/install/dynamixel_sdk/include//dynamixel_sdk/packet_handler.h
[0.554s] -- Up-to-date: /home/student/ros2_ws/src/install/dynamixel_sdk/include//dynamixel_sdk/group_sync_read.h
[0.554s] -- Up-to-date: /home/student/ros2_ws/src/install/dynamixel_sdk/include//dynamixel_sdk/group_bulk_write.h
[0.554s] -- Up-to-date: /home/student/ros2_ws/src/install/dynamixel_sdk/include//dynamixel_sdk/protocol1_packet_handler.h
[0.554s] -- Up-to-date: /home/student/ros2_ws/src/install/dynamixel_sdk/include//dynamixel_sdk/group_sync_write.h
[0.558s] -- Up-to-date: /home/student/ros2_ws/src/install/dynamixel_sdk/lib/libdynamixel_sdk.so
[0.558s] -- Up-to-date: /home/student/ros2_ws/src/install/dynamixel_sdk/share/dynamixel_sdk/environment/library_path.sh
[0.558s] -- Up-to-date: /home/student/ros2_ws/src/install/dynamixel_sdk/share/dynamixel_sdk/environment/library_path.dsv
[0.558s] -- Up-to-date: /home/student/ros2_ws/src/install/dynamixel_sdk/share/ament_index/resource_index/package_run_dependencies/dynamixel_sdk
[0.558s] -- Up-to-date: /home/student/ros2_ws/src/install/dynamixel_sdk/share/ament_index/resource_index/parent_prefix_path/dynamixel_sdk
[0.558s] -- Up-to-date: /home/student/ros2_ws/src/install/dynamixel_sdk/share/dynamixel_sdk/environment/ament_prefix_path.sh
[0.558s] -- Up-to-date: /home/student/ros2_ws/src/install/dynamixel_sdk/share/dynamixel_sdk/environment/ament_prefix_path.dsv
[0.558s] -- Up-to-date: /home/student/ros2_ws/src/install/dynamixel_sdk/share/dynamixel_sdk/environment/path.sh
[0.559s] -- Up-to-date: /home/student/ros2_ws/src/install/dynamixel_sdk/share/dynamixel_sdk/environment/path.dsv
[0.559s] -- Up-to-date: /home/student/ros2_ws/src/install/dynamixel_sdk/share/dynamixel_sdk/local_setup.bash
[0.559s] -- Up-to-date: /home/student/ros2_ws/src/install/dynamixel_sdk/share/dynamixel_sdk/local_setup.sh
[0.559s] -- Up-to-date: /home/student/ros2_ws/src/install/dynamixel_sdk/share/dynamixel_sdk/local_setup.zsh
[0.559s] -- Up-to-date: /home/student/ros2_ws/src/install/dynamixel_sdk/share/dynamixel_sdk/local_setup.dsv
[0.559s] -- Installing: /home/student/ros2_ws/src/install/dynamixel_sdk/share/dynamixel_sdk/package.dsv
[0.559s] -- Up-to-date: /home/student/ros2_ws/src/install/dynamixel_sdk/share/ament_index/resource_index/packages/dynamixel_sdk
[0.559s] -- Up-to-date: /home/student/ros2_ws/src/install/dynamixel_sdk/share/dynamixel_sdk/cmake/ament_cmake_export_include_directories-extras.cmake
[0.560s] -- Up-to-date: /home/student/ros2_ws/src/install/dynamixel_sdk/share/dynamixel_sdk/cmake/ament_cmake_export_libraries-extras.cmake
[0.560s] -- Up-to-date: /home/student/ros2_ws/src/install/dynamixel_sdk/share/dynamixel_sdk/cmake/dynamixel_sdkConfig.cmake
[0.560s] -- Up-to-date: /home/student/ros2_ws/src/install/dynamixel_sdk/share/dynamixel_sdk/cmake/dynamixel_sdkConfig-version.cmake
[0.560s] -- Up-to-date: /home/student/ros2_ws/src/install/dynamixel_sdk/share/dynamixel_sdk/package.xml
[0.986s] Invoked command in '/home/student/ros2_ws/src/build/dynamixel_sdk' returned '0': CMAKE_PREFIX_PATH=${CMAKE_PREFIX_PATH}:/home/student/ros2_ws/install/turtlebot3_teleop:/home/student/ros2_ws/install/turtlebot3_example:/opt/ros/humble /usr/bin/cmake --install /home/student/ros2_ws/src/build/dynamixel_sdk
