[0.035s] Invoking command in '/home/student/ros2_ws/build/map_ground_truth_publisher': CMAKE_PREFIX_PATH=${CMAKE_PREFIX_PATH}:/home/student/ros2_ws/install/turtlebot3_teleop:/home/student/ros2_ws/install/turtlebot3_example:/opt/ros/humble /usr/bin/cmake /home/student/ros2_ws/src/map_ground_truth_publisher -DCMAKE_INSTALL_PREFIX=/home/student/ros2_ws/install/map_ground_truth_publisher
[0.064s] -- Found ament_cmake: 1.3.10 (/opt/ros/humble/share/ament_cmake/cmake)
[0.265s] -- Override CMake install command with custom implementation using symlinks instead of copying resources
[0.289s] -- Found nav_msgs: 4.2.4 (/opt/ros/humble/share/nav_msgs/cmake)
[0.324s] -- Found rosidl_generator_c: 3.1.5 (/opt/ros/humble/share/rosidl_generator_c/cmake)
[0.328s] -- Found rosidl_adapter: 3.1.5 (/opt/ros/humble/share/rosidl_adapter/cmake)
[0.337s] -- Found rosidl_generator_cpp: 3.1.5 (/opt/ros/humble/share/rosidl_generator_cpp/cmake)
[0.352s] -- Using all available rosidl_typesupport_c: rosidl_typesupport_fastrtps_c;rosidl_typesupport_introspection_c
[0.369s] -- Using all available rosidl_typesupport_cpp: rosidl_typesupport_fastrtps_cpp;rosidl_typesupport_introspection_cpp
[0.479s] -- Found rclcpp: 16.0.10 (/opt/ros/humble/share/rclcpp/cmake)
[0.557s] -- Found rmw_implementation_cmake: 6.1.2 (/opt/ros/humble/share/rmw_implementation_cmake/cmake)
[0.562s] -- Found rmw_fastrtps_cpp: 6.2.7 (/opt/ros/humble/share/rmw_fastrtps_cpp/cmake)
[0.758s] -- Using RMW implementation 'rmw_fastrtps_cpp' as default
[1.074s] -- Configuring done
[1.119s] -- Generating done
[1.121s] -- Build files have been written to: /home/student/ros2_ws/build/map_ground_truth_publisher
[1.131s] Invoked command in '/home/student/ros2_ws/build/map_ground_truth_publisher' returned '0': CMAKE_PREFIX_PATH=${CMAKE_PREFIX_PATH}:/home/student/ros2_ws/install/turtlebot3_teleop:/home/student/ros2_ws/install/turtlebot3_example:/opt/ros/humble /usr/bin/cmake /home/student/ros2_ws/src/map_ground_truth_publisher -DCMAKE_INSTALL_PREFIX=/home/student/ros2_ws/install/map_ground_truth_publisher
[1.134s] Invoking command in '/home/student/ros2_ws/build/map_ground_truth_publisher': CMAKE_PREFIX_PATH=${CMAKE_PREFIX_PATH}:/home/student/ros2_ws/install/turtlebot3_teleop:/home/student/ros2_ws/install/turtlebot3_example:/opt/ros/humble /usr/bin/cmake --build /home/student/ros2_ws/build/map_ground_truth_publisher -- -j8 -l8
[1.187s] [35m[1mConsolidate compiler generated dependencies of target map_publisher_node[0m
[1.360s] [100%] Built target map_publisher_node
[1.382s] Invoked command in '/home/student/ros2_ws/build/map_ground_truth_publisher' returned '0': CMAKE_PREFIX_PATH=${CMAKE_PREFIX_PATH}:/home/student/ros2_ws/install/turtlebot3_teleop:/home/student/ros2_ws/install/turtlebot3_example:/opt/ros/humble /usr/bin/cmake --build /home/student/ros2_ws/build/map_ground_truth_publisher -- -j8 -l8
[1.443s] Invoking command in '/home/student/ros2_ws/build/map_ground_truth_publisher': CMAKE_PREFIX_PATH=${CMAKE_PREFIX_PATH}:/home/student/ros2_ws/install/turtlebot3_teleop:/home/student/ros2_ws/install/turtlebot3_example:/opt/ros/humble /usr/bin/cmake --install /home/student/ros2_ws/build/map_ground_truth_publisher
[1.461s] -- Install configuration: ""
[1.461s] -- Execute custom install script
[1.462s] -- Up-to-date symlink: /home/student/ros2_ws/install/map_ground_truth_publisher/lib/map_ground_truth_publisher/map_publisher_node
[1.462s] -- Up-to-date symlink: /home/student/ros2_ws/install/map_ground_truth_publisher/share/ament_index/resource_index/package_run_dependencies/map_ground_truth_publisher
[1.462s] -- Up-to-date symlink: /home/student/ros2_ws/install/map_ground_truth_publisher/share/ament_index/resource_index/parent_prefix_path/map_ground_truth_publisher
[1.463s] -- Up-to-date symlink: /home/student/ros2_ws/install/map_ground_truth_publisher/share/map_ground_truth_publisher/environment/ament_prefix_path.sh
[1.463s] -- Up-to-date symlink: /home/student/ros2_ws/install/map_ground_truth_publisher/share/map_ground_truth_publisher/environment/ament_prefix_path.dsv
[1.463s] -- Up-to-date symlink: /home/student/ros2_ws/install/map_ground_truth_publisher/share/map_ground_truth_publisher/environment/path.sh
[1.464s] -- Up-to-date symlink: /home/student/ros2_ws/install/map_ground_truth_publisher/share/map_ground_truth_publisher/environment/path.dsv
[1.464s] -- Up-to-date symlink: /home/student/ros2_ws/install/map_ground_truth_publisher/share/map_ground_truth_publisher/local_setup.bash
[1.465s] -- Up-to-date symlink: /home/student/ros2_ws/install/map_ground_truth_publisher/share/map_ground_truth_publisher/local_setup.sh
[1.465s] -- Up-to-date symlink: /home/student/ros2_ws/install/map_ground_truth_publisher/share/map_ground_truth_publisher/local_setup.zsh
[1.466s] -- Up-to-date symlink: /home/student/ros2_ws/install/map_ground_truth_publisher/share/map_ground_truth_publisher/local_setup.dsv
[1.466s] -- Symlinking: /home/student/ros2_ws/install/map_ground_truth_publisher/share/map_ground_truth_publisher/package.dsv
[1.480s] -- Up-to-date symlink: /home/student/ros2_ws/install/map_ground_truth_publisher/share/ament_index/resource_index/packages/map_ground_truth_publisher
[1.481s] -- Up-to-date symlink: /home/student/ros2_ws/install/map_ground_truth_publisher/share/map_ground_truth_publisher/cmake/map_ground_truth_publisherConfig.cmake
[1.481s] -- Up-to-date symlink: /home/student/ros2_ws/install/map_ground_truth_publisher/share/map_ground_truth_publisher/cmake/map_ground_truth_publisherConfig-version.cmake
[1.481s] -- Up-to-date symlink: /home/student/ros2_ws/install/map_ground_truth_publisher/share/map_ground_truth_publisher/package.xml
[1.485s] Invoked command in '/home/student/ros2_ws/build/map_ground_truth_publisher' returned '0': CMAKE_PREFIX_PATH=${CMAKE_PREFIX_PATH}:/home/student/ros2_ws/install/turtlebot3_teleop:/home/student/ros2_ws/install/turtlebot3_example:/opt/ros/humble /usr/bin/cmake --install /home/student/ros2_ws/build/map_ground_truth_publisher
