[0.970s] Invoking command in '/home/student/ros2_ws/build/turtlebot3_teleop': PYTHONPATH=/home/student/ros2_ws/build/turtlebot3_teleop/prefix_override:/usr/lib/python3/dist-packages/colcon_core/task/python/colcon_distutils_commands:/home/student/ros2_ws/install/turtlebot3_teleop/lib/python3.10/site-packages:${PYTHONPATH} /usr/bin/python3 -W ignore:setup.py install is deprecated setup.py develop --editable --build-directory /home/student/ros2_ws/build/turtlebot3_teleop/build --no-deps symlink_data --force
[1.506s] running develop
[1.508s] /usr/lib/python3/dist-packages/setuptools/command/easy_install.py:158: EasyInstallDeprecationWarning: easy_install command is deprecated. Use build and pip and other standards-based tools.
[1.508s]   warnings.warn(
[1.853s] running egg_info
[1.854s] writing turtlebot3_teleop.egg-info/PKG-INFO
[1.854s] writing dependency_links to turtlebot3_teleop.egg-info/dependency_links.txt
[1.854s] writing entry points to turtlebot3_teleop.egg-info/entry_points.txt
[1.854s] writing requirements to turtlebot3_teleop.egg-info/requires.txt
[1.854s] writing top-level names to turtlebot3_teleop.egg-info/top_level.txt
[1.857s] reading manifest file 'turtlebot3_teleop.egg-info/SOURCES.txt'
[1.858s] writing manifest file 'turtlebot3_teleop.egg-info/SOURCES.txt'
[1.859s] running build_ext
[1.859s] Creating /home/student/ros2_ws/install/turtlebot3_teleop/lib/python3.10/site-packages/turtlebot3-teleop.egg-link (link to .)
[1.860s] Installing teleop_keyboard script to /home/student/ros2_ws/install/turtlebot3_teleop/lib/turtlebot3_teleop
[1.861s] 
[1.861s] Installed /home/student/ros2_ws/build/turtlebot3_teleop
[1.861s] running symlink_data
[1.861s] symbolically linking /home/student/ros2_ws/build/turtlebot3_teleop/resource/turtlebot3_teleop -> /home/student/ros2_ws/install/turtlebot3_teleop/share/ament_index/resource_index/packages
[1.861s] symbolically linking /home/student/ros2_ws/build/turtlebot3_teleop/package.xml -> /home/student/ros2_ws/install/turtlebot3_teleop/share/turtlebot3_teleop
[1.896s] Invoked command in '/home/student/ros2_ws/build/turtlebot3_teleop' returned '0': PYTHONPATH=/home/student/ros2_ws/build/turtlebot3_teleop/prefix_override:/usr/lib/python3/dist-packages/colcon_core/task/python/colcon_distutils_commands:/home/student/ros2_ws/install/turtlebot3_teleop/lib/python3.10/site-packages:${PYTHONPATH} /usr/bin/python3 -W ignore:setup.py install is deprecated setup.py develop --editable --build-directory /home/student/ros2_ws/build/turtlebot3_teleop/build --no-deps symlink_data --force
