[0.344s] Invoking command in '/home/student/ros2_ws/build/object_excluder': CMAKE_PREFIX_PATH=${CMAKE_PREFIX_PATH}:/home/student/ros2_ws/install/turtlebot3_teleop:/home/student/ros2_ws/install/turtlebot3_example:/opt/ros/humble /usr/bin/cmake --build /home/student/ros2_ws/build/object_excluder -- -j8 -l8
[0.459s] [35m[1mConsolidate compiler generated dependencies of target object_excluder_node[0m
[0.539s] [100%] Built target object_excluder_node
[0.557s] Invoked command in '/home/student/ros2_ws/build/object_excluder' returned '0': CMAKE_PREFIX_PATH=${CMAKE_PREFIX_PATH}:/home/student/ros2_ws/install/turtlebot3_teleop:/home/student/ros2_ws/install/turtlebot3_example:/opt/ros/humble /usr/bin/cmake --build /home/student/ros2_ws/build/object_excluder -- -j8 -l8
[0.604s] Invoking command in '/home/student/ros2_ws/build/object_excluder': CMAKE_PREFIX_PATH=${CMAKE_PREFIX_PATH}:/home/student/ros2_ws/install/turtlebot3_teleop:/home/student/ros2_ws/install/turtlebot3_example:/opt/ros/humble /usr/bin/cmake --install /home/student/ros2_ws/build/object_excluder
[0.617s] -- Install configuration: ""
[0.628s] -- Up-to-date: /home/student/ros2_ws/install/object_excluder/lib/object_excluder/object_excluder_node
[0.628s] -- Up-to-date: /home/student/ros2_ws/install/object_excluder/share/ament_index/resource_index/package_run_dependencies/object_excluder
[0.629s] -- Up-to-date: /home/student/ros2_ws/install/object_excluder/share/ament_index/resource_index/parent_prefix_path/object_excluder
[0.629s] -- Up-to-date: /home/student/ros2_ws/install/object_excluder/share/object_excluder/environment/ament_prefix_path.sh
[0.629s] -- Up-to-date: /home/student/ros2_ws/install/object_excluder/share/object_excluder/environment/ament_prefix_path.dsv
[0.629s] -- Up-to-date: /home/student/ros2_ws/install/object_excluder/share/object_excluder/environment/path.sh
[0.629s] -- Up-to-date: /home/student/ros2_ws/install/object_excluder/share/object_excluder/environment/path.dsv
[0.629s] -- Up-to-date: /home/student/ros2_ws/install/object_excluder/share/object_excluder/local_setup.bash
[0.630s] -- Up-to-date: /home/student/ros2_ws/install/object_excluder/share/object_excluder/local_setup.sh
[0.630s] -- Up-to-date: /home/student/ros2_ws/install/object_excluder/share/object_excluder/local_setup.zsh
[0.630s] -- Up-to-date: /home/student/ros2_ws/install/object_excluder/share/object_excluder/local_setup.dsv
[0.630s] -- Installing: /home/student/ros2_ws/install/object_excluder/share/object_excluder/package.dsv
[0.632s] -- Up-to-date: /home/student/ros2_ws/install/object_excluder/share/ament_index/resource_index/packages/object_excluder
[0.632s] -- Up-to-date: /home/student/ros2_ws/install/object_excluder/share/object_excluder/cmake/object_excluderConfig.cmake
[0.632s] -- Up-to-date: /home/student/ros2_ws/install/object_excluder/share/object_excluder/cmake/object_excluderConfig-version.cmake
[0.632s] -- Up-to-date: /home/student/ros2_ws/install/object_excluder/share/object_excluder/package.xml
[0.635s] Invoked command in '/home/student/ros2_ws/build/object_excluder' returned '0': CMAKE_PREFIX_PATH=${CMAKE_PREFIX_PATH}:/home/student/ros2_ws/install/turtlebot3_teleop:/home/student/ros2_ws/install/turtlebot3_example:/opt/ros/humble /usr/bin/cmake --install /home/student/ros2_ws/build/object_excluder
