[0.377s] Invoking command in '/home/student/ros2_ws/src/build/apriltag_ros': CMAKE_PREFIX_PATH=${CMAKE_PREFIX_PATH}:/home/student/ros2_ws/install/turtlebot3_teleop:/home/student/ros2_ws/install/turtlebot3_example:/opt/ros/humble /usr/bin/cmake --build /home/student/ros2_ws/src/build/apriltag_ros -- -j8 -l8
[0.464s] [35m[1mConsolidate compiler generated dependencies of target apriltag_node[0m
[0.464s] [35m[1mConsolidate compiler generated dependencies of target conversion[0m
[0.464s] [35m[1mConsolidate compiler generated dependencies of target tags[0m
[0.493s] [ 20%] Built target tags
[0.495s] [ 40%] Built target conversion
[0.496s] [ 60%] Built target apriltag_node
[0.514s] [35m[1mConsolidate compiler generated dependencies of target pose_estimation[0m
[0.543s] [ 80%] Built target pose_estimation
[0.562s] [35m[1mConsolidate compiler generated dependencies of target AprilTagNode[0m
[0.607s] [100%] Built target AprilTagNode
[0.624s] Invoked command in '/home/student/ros2_ws/src/build/apriltag_ros' returned '0': CMAKE_PREFIX_PATH=${CMAKE_PREFIX_PATH}:/home/student/ros2_ws/install/turtlebot3_teleop:/home/student/ros2_ws/install/turtlebot3_example:/opt/ros/humble /usr/bin/cmake --build /home/student/ros2_ws/src/build/apriltag_ros -- -j8 -l8
[0.737s] Invoking command in '/home/student/ros2_ws/src/build/apriltag_ros': CMAKE_PREFIX_PATH=${CMAKE_PREFIX_PATH}:/home/student/ros2_ws/install/turtlebot3_teleop:/home/student/ros2_ws/install/turtlebot3_example:/opt/ros/humble /usr/bin/cmake --install /home/student/ros2_ws/src/build/apriltag_ros
[0.753s] -- Install configuration: ""
[0.754s] -- Installing: /home/student/ros2_ws/src/install/apriltag_ros/lib/apriltag_ros/apriltag_node
[0.755s] -- Set runtime path of "/home/student/ros2_ws/src/install/apriltag_ros/lib/apriltag_ros/apriltag_node" to ""
[0.756s] -- Installing: /home/student/ros2_ws/src/install/apriltag_ros/share/apriltag_ros/environment/library_path.sh
[0.756s] -- Installing: /home/student/ros2_ws/src/install/apriltag_ros/share/apriltag_ros/environment/library_path.dsv
[0.757s] -- Installing: /home/student/ros2_ws/src/install/apriltag_ros/lib/libAprilTagNode.so
[0.768s] -- Set runtime path of "/home/student/ros2_ws/src/install/apriltag_ros/lib/libAprilTagNode.so" to ""
[0.768s] -- Installing: /home/student/ros2_ws/src/install/apriltag_ros/share/apriltag_ros/cfg
[0.768s] -- Installing: /home/student/ros2_ws/src/install/apriltag_ros/share/apriltag_ros/cfg/tags_36h11.yaml
[0.769s] -- Installing: /home/student/ros2_ws/src/install/apriltag_ros/share/apriltag_ros/launch
[0.769s] -- Installing: /home/student/ros2_ws/src/install/apriltag_ros/share/apriltag_ros/launch/v4l2_36h11.launch.yml
[0.769s] -- Installing: /home/student/ros2_ws/src/install/apriltag_ros/share/ament_index/resource_index/package_run_dependencies/apriltag_ros
[0.770s] -- Installing: /home/student/ros2_ws/src/install/apriltag_ros/share/ament_index/resource_index/parent_prefix_path/apriltag_ros
[0.771s] -- Installing: /home/student/ros2_ws/src/install/apriltag_ros/share/apriltag_ros/environment/ament_prefix_path.sh
[0.771s] -- Installing: /home/student/ros2_ws/src/install/apriltag_ros/share/apriltag_ros/environment/ament_prefix_path.dsv
[0.771s] -- Installing: /home/student/ros2_ws/src/install/apriltag_ros/share/apriltag_ros/environment/path.sh
[0.771s] -- Installing: /home/student/ros2_ws/src/install/apriltag_ros/share/apriltag_ros/environment/path.dsv
[0.772s] -- Installing: /home/student/ros2_ws/src/install/apriltag_ros/share/apriltag_ros/local_setup.bash
[0.772s] -- Installing: /home/student/ros2_ws/src/install/apriltag_ros/share/apriltag_ros/local_setup.sh
[0.772s] -- Installing: /home/student/ros2_ws/src/install/apriltag_ros/share/apriltag_ros/local_setup.zsh
[0.773s] -- Installing: /home/student/ros2_ws/src/install/apriltag_ros/share/apriltag_ros/local_setup.dsv
[0.773s] -- Installing: /home/student/ros2_ws/src/install/apriltag_ros/share/apriltag_ros/package.dsv
[0.774s] -- Installing: /home/student/ros2_ws/src/install/apriltag_ros/share/ament_index/resource_index/packages/apriltag_ros
[0.774s] -- Installing: /home/student/ros2_ws/src/install/apriltag_ros/share/ament_index/resource_index/rclcpp_components/apriltag_ros
[0.775s] -- Installing: /home/student/ros2_ws/src/install/apriltag_ros/share/apriltag_ros/cmake/apriltag_rosConfig.cmake
[0.776s] -- Installing: /home/student/ros2_ws/src/install/apriltag_ros/share/apriltag_ros/cmake/apriltag_rosConfig-version.cmake
[0.776s] -- Installing: /home/student/ros2_ws/src/install/apriltag_ros/share/apriltag_ros/package.xml
[0.781s] Invoked command in '/home/student/ros2_ws/src/build/apriltag_ros' returned '0': CMAKE_PREFIX_PATH=${CMAKE_PREFIX_PATH}:/home/student/ros2_ws/install/turtlebot3_teleop:/home/student/ros2_ws/install/turtlebot3_example:/opt/ros/humble /usr/bin/cmake --install /home/student/ros2_ws/src/build/apriltag_ros
