[0.038s] Invoking command in '/home/student/ros2_ws/build/map_ground_truth_publisher': CMAKE_PREFIX_PATH=${CMAKE_PREFIX_PATH}:/home/student/ros2_ws/install/turtlebot3_teleop:/home/student/ros2_ws/install/turtlebot3_example:/opt/ros/humble /usr/bin/cmake /home/student/ros2_ws/src/map_ground_truth_publisher -DCMAKE_INSTALL_PREFIX=/home/student/ros2_ws/install/map_ground_truth_publisher
[0.373s] -- The C compiler identification is GNU 11.4.0
[0.383s] -- The CXX compiler identification is GNU 11.4.0
[0.393s] -- Detecting C compiler ABI info
[0.616s] -- Detecting C compiler ABI info - done
[0.649s] -- Check for working C compiler: /usr/bin/cc - skipped
[0.651s] -- Detecting C compile features
[0.651s] -- Detecting C compile features - done
[0.656s] -- Detecting CXX compiler ABI info
[0.911s] -- Detecting CXX compiler ABI info - done
[0.937s] -- Check for working CXX compiler: /usr/bin/c++ - skipped
[0.939s] -- Detecting CXX compile features
[0.944s] -- Detecting CXX compile features - done
[0.952s] -- Found ament_cmake: 1.3.10 (/opt/ros/humble/share/ament_cmake/cmake)
[1.586s] -- Found Python3: /usr/bin/python3 (found version "3.10.12") found components: Interpreter 
[2.035s] -- Found nav_msgs: 4.2.4 (/opt/ros/humble/share/nav_msgs/cmake)
[2.247s] -- Found rosidl_generator_c: 3.1.5 (/opt/ros/humble/share/rosidl_generator_c/cmake)
[2.276s] -- Found rosidl_adapter: 3.1.5 (/opt/ros/humble/share/rosidl_adapter/cmake)
[2.334s] -- Found rosidl_generator_cpp: 3.1.5 (/opt/ros/humble/share/rosidl_generator_cpp/cmake)
[2.413s] -- Using all available rosidl_typesupport_c: rosidl_typesupport_fastrtps_c;rosidl_typesupport_introspection_c
[2.517s] -- Using all available rosidl_typesupport_cpp: rosidl_typesupport_fastrtps_cpp;rosidl_typesupport_introspection_cpp
[2.932s] -- Found rclcpp: 16.0.10 (/opt/ros/humble/share/rclcpp/cmake)
[3.243s] -- Found rmw_implementation_cmake: 6.1.2 (/opt/ros/humble/share/rmw_implementation_cmake/cmake)
[3.248s] -- Found rmw_fastrtps_cpp: 6.2.7 (/opt/ros/humble/share/rmw_fastrtps_cpp/cmake)
[3.772s] -- Found OpenSSL: /usr/lib/x86_64-linux-gnu/libcrypto.so (found version "3.0.2")  
[3.997s] -- Found FastRTPS: /opt/ros/humble/include  
[4.309s] -- Using RMW implementation 'rmw_fastrtps_cpp' as default
[4.367s] -- Looking for pthread.h
[4.808s] -- Looking for pthread.h - found
[4.808s] -- Performing Test CMAKE_HAVE_LIBC_PTHREAD
[5.148s] -- Performing Test CMAKE_HAVE_LIBC_PTHREAD - Success
[5.148s] -- Found Threads: TRUE  
[5.438s] -- Found OpenCV: /usr (found version "4.5.4") 
[5.843s] -- Configuring done
[5.934s] -- Generating done
[5.937s] -- Build files have been written to: /home/student/ros2_ws/build/map_ground_truth_publisher
[5.999s] Invoked command in '/home/student/ros2_ws/build/map_ground_truth_publisher' returned '0': CMAKE_PREFIX_PATH=${CMAKE_PREFIX_PATH}:/home/student/ros2_ws/install/turtlebot3_teleop:/home/student/ros2_ws/install/turtlebot3_example:/opt/ros/humble /usr/bin/cmake /home/student/ros2_ws/src/map_ground_truth_publisher -DCMAKE_INSTALL_PREFIX=/home/student/ros2_ws/install/map_ground_truth_publisher
[6.000s] Invoking command in '/home/student/ros2_ws/build/map_ground_truth_publisher': CMAKE_PREFIX_PATH=${CMAKE_PREFIX_PATH}:/home/student/ros2_ws/install/turtlebot3_teleop:/home/student/ros2_ws/install/turtlebot3_example:/opt/ros/humble /usr/bin/cmake --build /home/student/ros2_ws/build/map_ground_truth_publisher -- -j8 -l8
[10.112s] [ 50%] [32mBuilding CXX object CMakeFiles/map_publisher_node.dir/src/map_publisher_node.cpp.o[0m
[23.487s] [100%] [32m[1mLinking CXX executable map_publisher_node[0m
[24.622s] [100%] Built target map_publisher_node
[24.659s] Invoked command in '/home/student/ros2_ws/build/map_ground_truth_publisher' returned '0': CMAKE_PREFIX_PATH=${CMAKE_PREFIX_PATH}:/home/student/ros2_ws/install/turtlebot3_teleop:/home/student/ros2_ws/install/turtlebot3_example:/opt/ros/humble /usr/bin/cmake --build /home/student/ros2_ws/build/map_ground_truth_publisher -- -j8 -l8
[24.778s] Invoking command in '/home/student/ros2_ws/build/map_ground_truth_publisher': CMAKE_PREFIX_PATH=${CMAKE_PREFIX_PATH}:/home/student/ros2_ws/install/turtlebot3_teleop:/home/student/ros2_ws/install/turtlebot3_example:/opt/ros/humble /usr/bin/cmake --install /home/student/ros2_ws/build/map_ground_truth_publisher
[25.425s] -- Install configuration: ""
[25.425s] -- Installing: /home/student/ros2_ws/install/map_ground_truth_publisher/lib/map_ground_truth_publisher/map_publisher_node
[25.426s] -- Set runtime path of "/home/student/ros2_ws/install/map_ground_truth_publisher/lib/map_ground_truth_publisher/map_publisher_node" to ""
[25.427s] -- Installing: /home/student/ros2_ws/install/map_ground_truth_publisher/share/ament_index/resource_index/package_run_dependencies/map_ground_truth_publisher
[25.427s] -- Installing: /home/student/ros2_ws/install/map_ground_truth_publisher/share/ament_index/resource_index/parent_prefix_path/map_ground_truth_publisher
[25.427s] -- Installing: /home/student/ros2_ws/install/map_ground_truth_publisher/share/map_ground_truth_publisher/environment/ament_prefix_path.sh
[25.427s] -- Installing: /home/student/ros2_ws/install/map_ground_truth_publisher/share/map_ground_truth_publisher/environment/ament_prefix_path.dsv
[25.432s] -- Installing: /home/student/ros2_ws/install/map_ground_truth_publisher/share/map_ground_truth_publisher/environment/path.sh
[25.434s] -- Installing: /home/student/ros2_ws/install/map_ground_truth_publisher/share/map_ground_truth_publisher/environment/path.dsv
[25.434s] -- Installing: /home/student/ros2_ws/install/map_ground_truth_publisher/share/map_ground_truth_publisher/local_setup.bash
[25.438s] -- Installing: /home/student/ros2_ws/install/map_ground_truth_publisher/share/map_ground_truth_publisher/local_setup.sh
[25.439s] -- Installing: /home/student/ros2_ws/install/map_ground_truth_publisher/share/map_ground_truth_publisher/local_setup.zsh
[25.440s] -- Installing: /home/student/ros2_ws/install/map_ground_truth_publisher/share/map_ground_truth_publisher/local_setup.dsv
[25.440s] -- Installing: /home/student/ros2_ws/install/map_ground_truth_publisher/share/map_ground_truth_publisher/package.dsv
[25.441s] -- Installing: /home/student/ros2_ws/install/map_ground_truth_publisher/share/ament_index/resource_index/packages/map_ground_truth_publisher
[25.441s] -- Installing: /home/student/ros2_ws/install/map_ground_truth_publisher/share/map_ground_truth_publisher/cmake/map_ground_truth_publisherConfig.cmake
[25.442s] -- Installing: /home/student/ros2_ws/install/map_ground_truth_publisher/share/map_ground_truth_publisher/cmake/map_ground_truth_publisherConfig-version.cmake
[25.442s] -- Installing: /home/student/ros2_ws/install/map_ground_truth_publisher/share/map_ground_truth_publisher/package.xml
[25.443s] Invoked command in '/home/student/ros2_ws/build/map_ground_truth_publisher' returned '0': CMAKE_PREFIX_PATH=${CMAKE_PREFIX_PATH}:/home/student/ros2_ws/install/turtlebot3_teleop:/home/student/ros2_ws/install/turtlebot3_example:/opt/ros/humble /usr/bin/cmake --install /home/student/ros2_ws/build/map_ground_truth_publisher
