[0.048s] Invoking command in '/home/student/ros2_ws/build/turtlebot3_gazebo': CMAKE_PREFIX_PATH=${CMAKE_PREFIX_PATH}:/home/student/ros2_ws/install/turtlebot3_teleop:/home/student/ros2_ws/install/turtlebot3_example:/opt/ros/humble /usr/bin/cmake --build /home/student/ros2_ws/build/turtlebot3_gazebo -- -j8 -l8
[0.189s] [35m[1mConsolidate compiler generated dependencies of target obstacles[0m
[0.197s] [35m[1mConsolidate compiler generated dependencies of target obstacle2[0m
[0.232s] [35m[1mConsolidate compiler generated dependencies of target turtlebot3_drive[0m
[0.232s] [35m[1mConsolidate compiler generated dependencies of target obstacle1[0m
[0.323s] [ 25%] Built target turtlebot3_drive
[0.351s] [ 50%] Built target obstacles
[0.386s] [ 75%] Built target obstacle2
[0.406s] [100%] Built target obstacle1
[0.468s] Invoked command in '/home/student/ros2_ws/build/turtlebot3_gazebo' returned '0': CMAKE_PREFIX_PATH=${CMAKE_PREFIX_PATH}:/home/student/ros2_ws/install/turtlebot3_teleop:/home/student/ros2_ws/install/turtlebot3_example:/opt/ros/humble /usr/bin/cmake --build /home/student/ros2_ws/build/turtlebot3_gazebo -- -j8 -l8
[0.957s] Invoking command in '/home/student/ros2_ws/build/turtlebot3_gazebo': CMAKE_PREFIX_PATH=${CMAKE_PREFIX_PATH}:/home/student/ros2_ws/install/turtlebot3_teleop:/home/student/ros2_ws/install/turtlebot3_example:/opt/ros/humble /usr/bin/cmake --install /home/student/ros2_ws/build/turtlebot3_gazebo
[0.969s] -- Install configuration: ""
[0.970s] -- Installing: /home/student/ros2_ws/install/turtlebot3_gazebo/lib/turtlebot3_gazebo/turtlebot3_drive
[0.981s] -- Set runtime path of "/home/student/ros2_ws/install/turtlebot3_gazebo/lib/turtlebot3_gazebo/turtlebot3_drive" to ""
[0.981s] -- Installing: /home/student/ros2_ws/install/turtlebot3_gazebo/share/turtlebot3_gazebo//launch
[0.981s] -- Installing: /home/student/ros2_ws/install/turtlebot3_gazebo/share/turtlebot3_gazebo//launch/turtlebot3_dqn_stage1.launch.py
[0.982s] -- Installing: /home/student/ros2_ws/install/turtlebot3_gazebo/share/turtlebot3_gazebo//launch/turtlebot3_house.launch.py
[0.982s] -- Installing: /home/student/ros2_ws/install/turtlebot3_gazebo/share/turtlebot3_gazebo//launch/turtlebot3_dqn_stage4.launch.py
[0.982s] -- Installing: /home/student/ros2_ws/install/turtlebot3_gazebo/share/turtlebot3_gazebo//launch/turtlebot3_dqn_stage2.launch.py
[0.983s] -- Installing: /home/student/ros2_ws/install/turtlebot3_gazebo/share/turtlebot3_gazebo//launch/robot_state_publisher.launch.py
[0.983s] -- Installing: /home/student/ros2_ws/install/turtlebot3_gazebo/share/turtlebot3_gazebo//launch/turtlebot3_dqn_stage3.launch.py
[0.983s] -- Installing: /home/student/ros2_ws/install/turtlebot3_gazebo/share/turtlebot3_gazebo//launch/spawn_turtlebot3.launch.py
[0.983s] -- Installing: /home/student/ros2_ws/install/turtlebot3_gazebo/share/turtlebot3_gazebo//launch/SmartFactory.launch.py
[0.984s] -- Installing: /home/student/ros2_ws/install/turtlebot3_gazebo/share/turtlebot3_gazebo//launch/empty_world.launch.py
[0.984s] -- Installing: /home/student/ros2_ws/install/turtlebot3_gazebo/share/turtlebot3_gazebo//launch/turtlebot3_world.launch.py
[0.984s] -- Installing: /home/student/ros2_ws/install/turtlebot3_gazebo/share/turtlebot3_gazebo//models
[0.984s] -- Installing: /home/student/ros2_ws/install/turtlebot3_gazebo/share/turtlebot3_gazebo//models/custom_cardboard_box
[0.985s] -- Installing: /home/student/ros2_ws/install/turtlebot3_gazebo/share/turtlebot3_gazebo//models/custom_cardboard_box/cardboard_box_custom_1
[0.986s] -- Installing: /home/student/ros2_ws/install/turtlebot3_gazebo/share/turtlebot3_gazebo//models/custom_cardboard_box/cardboard_box_custom_1/thumbnails
[0.987s] -- Installing: /home/student/ros2_ws/install/turtlebot3_gazebo/share/turtlebot3_gazebo//models/custom_cardboard_box/cardboard_box_custom_1/thumbnails/4.png
[0.987s] -- Installing: /home/student/ros2_ws/install/turtlebot3_gazebo/share/turtlebot3_gazebo//models/custom_cardboard_box/cardboard_box_custom_1/thumbnails/2.png
[0.987s] -- Installing: /home/student/ros2_ws/install/turtlebot3_gazebo/share/turtlebot3_gazebo//models/custom_cardboard_box/cardboard_box_custom_1/thumbnails/5.png
[0.988s] -- Installing: /home/student/ros2_ws/install/turtlebot3_gazebo/share/turtlebot3_gazebo//models/custom_cardboard_box/cardboard_box_custom_1/thumbnails/3.png
[0.990s] -- Installing: /home/student/ros2_ws/install/turtlebot3_gazebo/share/turtlebot3_gazebo//models/custom_cardboard_box/cardboard_box_custom_1/thumbnails/1.png
[0.991s] -- Installing: /home/student/ros2_ws/install/turtlebot3_gazebo/share/turtlebot3_gazebo//models/custom_cardboard_box/cardboard_box_custom_1/materials
[0.992s] -- Installing: /home/student/ros2_ws/install/turtlebot3_gazebo/share/turtlebot3_gazebo//models/custom_cardboard_box/cardboard_box_custom_1/materials/textures
[0.992s] -- Installing: /home/student/ros2_ws/install/turtlebot3_gazebo/share/turtlebot3_gazebo//models/custom_cardboard_box/cardboard_box_custom_1/materials/textures/carboard_box.png
[0.994s] -- Installing: /home/student/ros2_ws/install/turtlebot3_gazebo/share/turtlebot3_gazebo//models/custom_cardboard_box/cardboard_box_custom_1/meshes
[0.994s] -- Installing: /home/student/ros2_ws/install/turtlebot3_gazebo/share/turtlebot3_gazebo//models/custom_cardboard_box/cardboard_box_custom_1/meshes/cardboard_box.dae
[0.995s] -- Installing: /home/student/ros2_ws/install/turtlebot3_gazebo/share/turtlebot3_gazebo//models/custom_cardboard_box/cardboard_box_custom_1/model.sdf
[0.995s] -- Installing: /home/student/ros2_ws/install/turtlebot3_gazebo/share/turtlebot3_gazebo//models/custom_cardboard_box/cardboard_box_custom_1/model.config
[0.996s] -- Installing: /home/student/ros2_ws/install/turtlebot3_gazebo/share/turtlebot3_gazebo//models/custom_cardboard_box/cardboard_box_custom_3
[0.997s] -- Installing: /home/student/ros2_ws/install/turtlebot3_gazebo/share/turtlebot3_gazebo//models/custom_cardboard_box/cardboard_box_custom_3/thumbnails
[0.997s] -- Installing: /home/student/ros2_ws/install/turtlebot3_gazebo/share/turtlebot3_gazebo//models/custom_cardboard_box/cardboard_box_custom_3/thumbnails/4.png
[0.998s] -- Installing: /home/student/ros2_ws/install/turtlebot3_gazebo/share/turtlebot3_gazebo//models/custom_cardboard_box/cardboard_box_custom_3/thumbnails/2.png
[1.000s] -- Installing: /home/student/ros2_ws/install/turtlebot3_gazebo/share/turtlebot3_gazebo//models/custom_cardboard_box/cardboard_box_custom_3/thumbnails/5.png
[1.000s] -- Installing: /home/student/ros2_ws/install/turtlebot3_gazebo/share/turtlebot3_gazebo//models/custom_cardboard_box/cardboard_box_custom_3/thumbnails/3.png
[1.001s] -- Installing: /home/student/ros2_ws/install/turtlebot3_gazebo/share/turtlebot3_gazebo//models/custom_cardboard_box/cardboard_box_custom_3/thumbnails/1.png
[1.001s] -- Installing: /home/student/ros2_ws/install/turtlebot3_gazebo/share/turtlebot3_gazebo//models/custom_cardboard_box/cardboard_box_custom_3/materials
[1.001s] -- Installing: /home/student/ros2_ws/install/turtlebot3_gazebo/share/turtlebot3_gazebo//models/custom_cardboard_box/cardboard_box_custom_3/materials/textures
[1.001s] -- Installing: /home/student/ros2_ws/install/turtlebot3_gazebo/share/turtlebot3_gazebo//models/custom_cardboard_box/cardboard_box_custom_3/materials/textures/carboard_box.png
[1.007s] -- Installing: /home/student/ros2_ws/install/turtlebot3_gazebo/share/turtlebot3_gazebo//models/custom_cardboard_box/cardboard_box_custom_3/meshes
[1.007s] -- Installing: /home/student/ros2_ws/install/turtlebot3_gazebo/share/turtlebot3_gazebo//models/custom_cardboard_box/cardboard_box_custom_3/meshes/cardboard_box.dae
[1.007s] -- Installing: /home/student/ros2_ws/install/turtlebot3_gazebo/share/turtlebot3_gazebo//models/custom_cardboard_box/cardboard_box_custom_3/model.sdf
[1.007s] -- Installing: /home/student/ros2_ws/install/turtlebot3_gazebo/share/turtlebot3_gazebo//models/custom_cardboard_box/cardboard_box_custom_3/model.config
[1.014s] -- Installing: /home/student/ros2_ws/install/turtlebot3_gazebo/share/turtlebot3_gazebo//models/custom_cardboard_box/cardboard_box_custom_2
[1.014s] -- Installing: /home/student/ros2_ws/install/turtlebot3_gazebo/share/turtlebot3_gazebo//models/custom_cardboard_box/cardboard_box_custom_2/thumbnails
[1.014s] -- Installing: /home/student/ros2_ws/install/turtlebot3_gazebo/share/turtlebot3_gazebo//models/custom_cardboard_box/cardboard_box_custom_2/thumbnails/4.png
[1.014s] -- Installing: /home/student/ros2_ws/install/turtlebot3_gazebo/share/turtlebot3_gazebo//models/custom_cardboard_box/cardboard_box_custom_2/thumbnails/2.png
[1.015s] -- Installing: /home/student/ros2_ws/install/turtlebot3_gazebo/share/turtlebot3_gazebo//models/custom_cardboard_box/cardboard_box_custom_2/thumbnails/5.png
[1.015s] -- Installing: /home/student/ros2_ws/install/turtlebot3_gazebo/share/turtlebot3_gazebo//models/custom_cardboard_box/cardboard_box_custom_2/thumbnails/3.png
[1.015s] -- Installing: /home/student/ros2_ws/install/turtlebot3_gazebo/share/turtlebot3_gazebo//models/custom_cardboard_box/cardboard_box_custom_2/thumbnails/1.png
[1.015s] -- Installing: /home/student/ros2_ws/install/turtlebot3_gazebo/share/turtlebot3_gazebo//models/custom_cardboard_box/cardboard_box_custom_2/materials
[1.015s] -- Installing: /home/student/ros2_ws/install/turtlebot3_gazebo/share/turtlebot3_gazebo//models/custom_cardboard_box/cardboard_box_custom_2/materials/textures
[1.015s] -- Installing: /home/student/ros2_ws/install/turtlebot3_gazebo/share/turtlebot3_gazebo//models/custom_cardboard_box/cardboard_box_custom_2/materials/textures/carboard_box.png
[1.015s] -- Installing: /home/student/ros2_ws/install/turtlebot3_gazebo/share/turtlebot3_gazebo//models/custom_cardboard_box/cardboard_box_custom_2/meshes
[1.015s] -- Installing: /home/student/ros2_ws/install/turtlebot3_gazebo/share/turtlebot3_gazebo//models/custom_cardboard_box/cardboard_box_custom_2/meshes/cardboard_box.dae
[1.016s] -- Installing: /home/student/ros2_ws/install/turtlebot3_gazebo/share/turtlebot3_gazebo//models/custom_cardboard_box/cardboard_box_custom_2/model.sdf
[1.016s] -- Installing: /home/student/ros2_ws/install/turtlebot3_gazebo/share/turtlebot3_gazebo//models/custom_cardboard_box/cardboard_box_custom_2/model.config
[1.016s] -- Installing: /home/student/ros2_ws/install/turtlebot3_gazebo/share/turtlebot3_gazebo//models/turtlebot3_waffle_pi
[1.016s] -- Installing: /home/student/ros2_ws/install/turtlebot3_gazebo/share/turtlebot3_gazebo//models/turtlebot3_waffle_pi/model.sdf
[1.016s] -- Installing: /home/student/ros2_ws/install/turtlebot3_gazebo/share/turtlebot3_gazebo//models/turtlebot3_waffle_pi/model.config
[1.017s] -- Installing: /home/student/ros2_ws/install/turtlebot3_gazebo/share/turtlebot3_gazebo//models/turtlebot3_waffle_pi/model-1_4_.sdf
[1.017s] -- Installing: /home/student/ros2_ws/install/turtlebot3_gazebo/share/turtlebot3_gazebo//models/turtlebot3_waffle
[1.017s] -- Installing: /home/student/ros2_ws/install/turtlebot3_gazebo/share/turtlebot3_gazebo//models/turtlebot3_waffle/model-1_4.sdf
[1.017s] -- Installing: /home/student/ros2_ws/install/turtlebot3_gazebo/share/turtlebot3_gazebo//models/turtlebot3_waffle/model.sdf
[1.017s] -- Installing: /home/student/ros2_ws/install/turtlebot3_gazebo/share/turtlebot3_gazebo//models/turtlebot3_waffle/model.config
[1.017s] -- Installing: /home/student/ros2_ws/install/turtlebot3_gazebo/share/turtlebot3_gazebo//models/turtlebot3_burger
[1.017s] -- Installing: /home/student/ros2_ws/install/turtlebot3_gazebo/share/turtlebot3_gazebo//models/turtlebot3_burger/model-1_4.sdf
[1.017s] -- Installing: /home/student/ros2_ws/install/turtlebot3_gazebo/share/turtlebot3_gazebo//models/turtlebot3_burger/model.sdf
[1.017s] -- Installing: /home/student/ros2_ws/install/turtlebot3_gazebo/share/turtlebot3_gazebo//models/turtlebot3_burger/model.config
[1.018s] -- Installing: /home/student/ros2_ws/install/turtlebot3_gazebo/share/turtlebot3_gazebo//models/turtlebot3_house
[1.018s] -- Installing: /home/student/ros2_ws/install/turtlebot3_gazebo/share/turtlebot3_gazebo//models/turtlebot3_house/model.sdf
[1.018s] -- Installing: /home/student/ros2_ws/install/turtlebot3_gazebo/share/turtlebot3_gazebo//models/turtlebot3_house/model.config
[1.018s] -- Installing: /home/student/ros2_ws/install/turtlebot3_gazebo/share/turtlebot3_gazebo//models/turtlebot3_world
[1.018s] -- Installing: /home/student/ros2_ws/install/turtlebot3_gazebo/share/turtlebot3_gazebo//models/turtlebot3_world/meshes
[1.018s] -- Installing: /home/student/ros2_ws/install/turtlebot3_gazebo/share/turtlebot3_gazebo//models/turtlebot3_world/meshes/wall.dae
[1.018s] -- Installing: /home/student/ros2_ws/install/turtlebot3_gazebo/share/turtlebot3_gazebo//models/turtlebot3_world/meshes/hexagon.dae
[1.018s] -- Installing: /home/student/ros2_ws/install/turtlebot3_gazebo/share/turtlebot3_gazebo//models/turtlebot3_world/model-1_4.sdf
[1.018s] -- Installing: /home/student/ros2_ws/install/turtlebot3_gazebo/share/turtlebot3_gazebo//models/turtlebot3_world/model.sdf
[1.019s] -- Installing: /home/student/ros2_ws/install/turtlebot3_gazebo/share/turtlebot3_gazebo//models/turtlebot3_world/model.config
[1.019s] -- Installing: /home/student/ros2_ws/install/turtlebot3_gazebo/share/turtlebot3_gazebo//models/turtlebot3_common
[1.019s] -- Installing: /home/student/ros2_ws/install/turtlebot3_gazebo/share/turtlebot3_gazebo//models/turtlebot3_common/meshes
[1.019s] -- Installing: /home/student/ros2_ws/install/turtlebot3_gazebo/share/turtlebot3_gazebo//models/turtlebot3_common/meshes/tire.dae
[1.019s] -- Installing: /home/student/ros2_ws/install/turtlebot3_gazebo/share/turtlebot3_gazebo//models/turtlebot3_common/meshes/r200.dae
[1.019s] -- Installing: /home/student/ros2_ws/install/turtlebot3_gazebo/share/turtlebot3_gazebo//models/turtlebot3_common/meshes/waffle_pi_base.dae
[1.019s] -- Installing: /home/student/ros2_ws/install/turtlebot3_gazebo/share/turtlebot3_gazebo//models/turtlebot3_common/meshes/burger_base.dae
[1.019s] -- Installing: /home/student/ros2_ws/install/turtlebot3_gazebo/share/turtlebot3_gazebo//models/turtlebot3_common/meshes/lds.dae
[1.020s] -- Installing: /home/student/ros2_ws/install/turtlebot3_gazebo/share/turtlebot3_gazebo//models/turtlebot3_common/meshes/waffle_base.dae
[1.020s] -- Installing: /home/student/ros2_ws/install/turtlebot3_gazebo/share/turtlebot3_gazebo//models/turtlebot3_common/model.config
[1.020s] -- Installing: /home/student/ros2_ws/install/turtlebot3_gazebo/share/turtlebot3_gazebo//models/turtlebot3_dqn_world
[1.020s] -- Installing: /home/student/ros2_ws/install/turtlebot3_gazebo/share/turtlebot3_gazebo//models/turtlebot3_dqn_world/obstacle_plugin
[1.021s] -- Installing: /home/student/ros2_ws/install/turtlebot3_gazebo/share/turtlebot3_gazebo//models/turtlebot3_dqn_world/obstacle_plugin/obstacle2.cc
[1.021s] -- Installing: /home/student/ros2_ws/install/turtlebot3_gazebo/share/turtlebot3_gazebo//models/turtlebot3_dqn_world/obstacle_plugin/obstacle1.cc
[1.021s] -- Installing: /home/student/ros2_ws/install/turtlebot3_gazebo/share/turtlebot3_gazebo//models/turtlebot3_dqn_world/obstacle_plugin/CMakeLists.txt
[1.021s] -- Installing: /home/student/ros2_ws/install/turtlebot3_gazebo/share/turtlebot3_gazebo//models/turtlebot3_dqn_world/obstacle_plugin/obstacles.cc
[1.022s] -- Installing: /home/student/ros2_ws/install/turtlebot3_gazebo/share/turtlebot3_gazebo//models/turtlebot3_dqn_world/obstacle1
[1.022s] -- Installing: /home/student/ros2_ws/install/turtlebot3_gazebo/share/turtlebot3_gazebo//models/turtlebot3_dqn_world/obstacle1/model.sdf
[1.022s] -- Installing: /home/student/ros2_ws/install/turtlebot3_gazebo/share/turtlebot3_gazebo//models/turtlebot3_dqn_world/obstacle1/model.config
[1.023s] -- Installing: /home/student/ros2_ws/install/turtlebot3_gazebo/share/turtlebot3_gazebo//models/turtlebot3_dqn_world/inner_walls
[1.023s] -- Installing: /home/student/ros2_ws/install/turtlebot3_gazebo/share/turtlebot3_gazebo//models/turtlebot3_dqn_world/inner_walls/model.sdf
[1.023s] -- Installing: /home/student/ros2_ws/install/turtlebot3_gazebo/share/turtlebot3_gazebo//models/turtlebot3_dqn_world/inner_walls/model.config
[1.024s] -- Installing: /home/student/ros2_ws/install/turtlebot3_gazebo/share/turtlebot3_gazebo//models/turtlebot3_dqn_world/model.sdf
[1.024s] -- Installing: /home/student/ros2_ws/install/turtlebot3_gazebo/share/turtlebot3_gazebo//models/turtlebot3_dqn_world/model.config
[1.024s] -- Installing: /home/student/ros2_ws/install/turtlebot3_gazebo/share/turtlebot3_gazebo//models/turtlebot3_dqn_world/goal_box
[1.024s] -- Installing: /home/student/ros2_ws/install/turtlebot3_gazebo/share/turtlebot3_gazebo//models/turtlebot3_dqn_world/goal_box/model.sdf
[1.024s] -- Installing: /home/student/ros2_ws/install/turtlebot3_gazebo/share/turtlebot3_gazebo//models/turtlebot3_dqn_world/goal_box/model.config
[1.024s] -- Installing: /home/student/ros2_ws/install/turtlebot3_gazebo/share/turtlebot3_gazebo//models/turtlebot3_dqn_world/obstacle2
[1.024s] -- Installing: /home/student/ros2_ws/install/turtlebot3_gazebo/share/turtlebot3_gazebo//models/turtlebot3_dqn_world/obstacle2/model.sdf
[1.024s] -- Installing: /home/student/ros2_ws/install/turtlebot3_gazebo/share/turtlebot3_gazebo//models/turtlebot3_dqn_world/obstacle2/model.config
[1.025s] -- Installing: /home/student/ros2_ws/install/turtlebot3_gazebo/share/turtlebot3_gazebo//models/turtlebot3_dqn_world/obstacles
[1.025s] -- Installing: /home/student/ros2_ws/install/turtlebot3_gazebo/share/turtlebot3_gazebo//models/turtlebot3_dqn_world/obstacles/model.sdf
[1.025s] -- Installing: /home/student/ros2_ws/install/turtlebot3_gazebo/share/turtlebot3_gazebo//models/turtlebot3_dqn_world/obstacles/model.config
[1.025s] -- Installing: /home/student/ros2_ws/install/turtlebot3_gazebo/share/turtlebot3_gazebo//rviz
[1.025s] -- Installing: /home/student/ros2_ws/install/turtlebot3_gazebo/share/turtlebot3_gazebo//rviz/tb3_gazebo.rviz
[1.025s] -- Installing: /home/student/ros2_ws/install/turtlebot3_gazebo/share/turtlebot3_gazebo//urdf
[1.025s] -- Installing: /home/student/ros2_ws/install/turtlebot3_gazebo/share/turtlebot3_gazebo//urdf/turtlebot3_waffle_pi.urdf
[1.025s] -- Installing: /home/student/ros2_ws/install/turtlebot3_gazebo/share/turtlebot3_gazebo//urdf/turtlebot3_waffle.urdf
[1.025s] -- Installing: /home/student/ros2_ws/install/turtlebot3_gazebo/share/turtlebot3_gazebo//urdf/turtlebot3_burger.urdf
[1.025s] -- Installing: /home/student/ros2_ws/install/turtlebot3_gazebo/share/turtlebot3_gazebo//urdf/common_properties.urdf
[1.025s] -- Installing: /home/student/ros2_ws/install/turtlebot3_gazebo/share/turtlebot3_gazebo//worlds
[1.026s] -- Installing: /home/student/ros2_ws/install/turtlebot3_gazebo/share/turtlebot3_gazebo//worlds/turtlebot3_house.world
[1.026s] -- Installing: /home/student/ros2_ws/install/turtlebot3_gazebo/share/turtlebot3_gazebo//worlds/empty_world.world
[1.026s] -- Installing: /home/student/ros2_ws/install/turtlebot3_gazebo/share/turtlebot3_gazebo//worlds/SmartFactory.world
[1.026s] -- Installing: /home/student/ros2_ws/install/turtlebot3_gazebo/share/turtlebot3_gazebo//worlds/turtlebot3_world.world
[1.026s] -- Installing: /home/student/ros2_ws/install/turtlebot3_gazebo/share/turtlebot3_gazebo//worlds/turtlebot3_dqn_stage1.world
[1.026s] -- Installing: /home/student/ros2_ws/install/turtlebot3_gazebo/share/turtlebot3_gazebo//worlds/turtlebot3_dqn_stage3.world
[1.026s] -- Installing: /home/student/ros2_ws/install/turtlebot3_gazebo/share/turtlebot3_gazebo//worlds/turtlebot3_dqn_stage2.world
[1.026s] -- Installing: /home/student/ros2_ws/install/turtlebot3_gazebo/share/turtlebot3_gazebo//worlds/turtlebot3_dqn_stage4.world
[1.027s] -- Installing: /home/student/ros2_ws/install/turtlebot3_gazebo/include/
[1.028s] -- Installing: /home/student/ros2_ws/install/turtlebot3_gazebo/include//turtlebot3_gazebo
[1.028s] -- Installing: /home/student/ros2_ws/install/turtlebot3_gazebo/include//turtlebot3_gazebo/turtlebot3_drive.hpp
[1.028s] -- Installing: /home/student/ros2_ws/install/turtlebot3_gazebo/share/ament_index/resource_index/package_run_dependencies/turtlebot3_gazebo
[1.028s] -- Installing: /home/student/ros2_ws/install/turtlebot3_gazebo/share/ament_index/resource_index/parent_prefix_path/turtlebot3_gazebo
[1.028s] -- Installing: /home/student/ros2_ws/install/turtlebot3_gazebo/share/turtlebot3_gazebo/environment/ament_prefix_path.sh
[1.028s] -- Installing: /home/student/ros2_ws/install/turtlebot3_gazebo/share/turtlebot3_gazebo/environment/ament_prefix_path.dsv
[1.028s] -- Installing: /home/student/ros2_ws/install/turtlebot3_gazebo/share/turtlebot3_gazebo/environment/path.sh
[1.028s] -- Installing: /home/student/ros2_ws/install/turtlebot3_gazebo/share/turtlebot3_gazebo/environment/path.dsv
[1.029s] -- Installing: /home/student/ros2_ws/install/turtlebot3_gazebo/share/turtlebot3_gazebo/local_setup.bash
[1.029s] -- Installing: /home/student/ros2_ws/install/turtlebot3_gazebo/share/turtlebot3_gazebo/local_setup.sh
[1.029s] -- Installing: /home/student/ros2_ws/install/turtlebot3_gazebo/share/turtlebot3_gazebo/local_setup.zsh
[1.029s] -- Installing: /home/student/ros2_ws/install/turtlebot3_gazebo/share/turtlebot3_gazebo/local_setup.dsv
[1.029s] -- Installing: /home/student/ros2_ws/install/turtlebot3_gazebo/share/turtlebot3_gazebo/package.dsv
[1.029s] -- Installing: /home/student/ros2_ws/install/turtlebot3_gazebo/share/ament_index/resource_index/packages/turtlebot3_gazebo
[1.029s] -- Installing: /home/student/ros2_ws/install/turtlebot3_gazebo/share/turtlebot3_gazebo/cmake/ament_cmake_export_include_directories-extras.cmake
[1.030s] -- Installing: /home/student/ros2_ws/install/turtlebot3_gazebo/share/turtlebot3_gazebo/cmake/ament_cmake_export_dependencies-extras.cmake
[1.030s] -- Installing: /home/student/ros2_ws/install/turtlebot3_gazebo/share/turtlebot3_gazebo/cmake/turtlebot3_gazeboConfig.cmake
[1.030s] -- Installing: /home/student/ros2_ws/install/turtlebot3_gazebo/share/turtlebot3_gazebo/cmake/turtlebot3_gazeboConfig-version.cmake
[1.032s] -- Installing: /home/student/ros2_ws/install/turtlebot3_gazebo/share/turtlebot3_gazebo/package.xml
[1.035s] Invoked command in '/home/student/ros2_ws/build/turtlebot3_gazebo' returned '0': CMAKE_PREFIX_PATH=${CMAKE_PREFIX_PATH}:/home/student/ros2_ws/install/turtlebot3_teleop:/home/student/ros2_ws/install/turtlebot3_example:/opt/ros/humble /usr/bin/cmake --install /home/student/ros2_ws/build/turtlebot3_gazebo
