[0.023s] Invoking command in '/home/student/ros2_ws/build/apriltag_ros': CMAKE_PREFIX_PATH=${CMAKE_PREFIX_PATH}:/home/student/ros2_ws/install/turtlebot3_teleop:/home/student/ros2_ws/install/turtlebot3_example:/opt/ros/humble /usr/bin/cmake /home/student/ros2_ws/src/apriltag_ros -DAMENT_CMAKE_SYMLINK_INSTALL=1 -DCMAKE_INSTALL_PREFIX=/home/student/ros2_ws/install/apriltag_ros
[0.186s] -- The C compiler identification is GNU 11.4.0
[0.819s] -- The CXX compiler identification is GNU 11.4.0
[0.849s] -- Detecting C compiler ABI info
[1.015s] -- Detecting C compiler ABI info - done
[1.026s] -- Check for working C compiler: /usr/bin/cc - skipped
[1.031s] -- Detecting C compile features
[1.038s] -- Detecting C compile features - done
[1.050s] -- Detecting CXX compiler ABI info
[1.240s] -- Detecting CXX compiler ABI info - done
[1.250s] -- Check for working CXX compiler: /usr/bin/c++ - skipped
[1.250s] -- Detecting CXX compile features
[1.251s] -- Detecting CXX compile features - done
[1.258s] -- Found rclcpp: 16.0.10 (/opt/ros/humble/share/rclcpp/cmake)
[1.492s] -- Found Python3: /usr/bin/python3 (found version "3.10.12") found components: Interpreter 
[1.590s] -- Override CMake install command with custom implementation using symlinks instead of copying resources
[1.784s] -- Found rosidl_generator_c: 3.1.5 (/opt/ros/humble/share/rosidl_generator_c/cmake)
[1.798s] -- Found rosidl_adapter: 3.1.5 (/opt/ros/humble/share/rosidl_adapter/cmake)
[1.819s] -- Found rosidl_generator_cpp: 3.1.5 (/opt/ros/humble/share/rosidl_generator_cpp/cmake)
[1.839s] -- Using all available rosidl_typesupport_c: rosidl_typesupport_fastrtps_c;rosidl_typesupport_introspection_c
[1.871s] -- Using all available rosidl_typesupport_cpp: rosidl_typesupport_fastrtps_cpp;rosidl_typesupport_introspection_cpp
[1.962s] -- Found rmw_implementation_cmake: 6.1.2 (/opt/ros/humble/share/rmw_implementation_cmake/cmake)
[1.968s] -- Found rmw_fastrtps_cpp: 6.2.7 (/opt/ros/humble/share/rmw_fastrtps_cpp/cmake)
[2.147s] -- Found OpenSSL: /usr/lib/x86_64-linux-gnu/libcrypto.so (found version "3.0.2")  
[2.199s] -- Found FastRTPS: /opt/ros/humble/include  
[2.263s] -- Using RMW implementation 'rmw_fastrtps_cpp' as default
[2.283s] -- Looking for pthread.h
[2.468s] -- Looking for pthread.h - found
[2.469s] -- Performing Test CMAKE_HAVE_LIBC_PTHREAD
[2.589s] -- Performing Test CMAKE_HAVE_LIBC_PTHREAD - Success
[2.591s] -- Found Threads: TRUE  
[2.683s] -- Found rclcpp_components: 16.0.10 (/opt/ros/humble/share/rclcpp_components/cmake)
[2.737s] -- Found sensor_msgs: 4.2.4 (/opt/ros/humble/share/sensor_msgs/cmake)
[2.787s] -- Found apriltag_msgs: 2.0.1 (/opt/ros/humble/share/apriltag_msgs/cmake)
[2.831s] -- Found tf2_ros: 0.25.8 (/opt/ros/humble/share/tf2_ros/cmake)
[2.980s] -- Found image_transport: 3.1.9 (/opt/ros/humble/share/image_transport/cmake)
[3.043s] -- Found cv_bridge: 3.2.1 (/opt/ros/humble/share/cv_bridge/cmake)
[3.083s] -- Found OpenCV: /usr (found version "4.5.4") found components: core calib3d 
[3.109s] -- Found ament_lint_auto: 0.12.11 (/opt/ros/humble/share/ament_lint_auto/cmake)
[3.226s] -- Added test 'clang_format' to check C / C++ code style
[3.231s] -- Added test 'cppcheck' to perform static code analysis on C / C++ code
[3.232s] -- Configured cppcheck include dirs: 
[3.232s] -- Configured cppcheck exclude dirs and/or files: 
[3.234s] -- Configuring done
[3.271s] -- Generating done
[3.274s] -- Build files have been written to: /home/student/ros2_ws/build/apriltag_ros
[3.294s] Invoked command in '/home/student/ros2_ws/build/apriltag_ros' returned '0': CMAKE_PREFIX_PATH=${CMAKE_PREFIX_PATH}:/home/student/ros2_ws/install/turtlebot3_teleop:/home/student/ros2_ws/install/turtlebot3_example:/opt/ros/humble /usr/bin/cmake /home/student/ros2_ws/src/apriltag_ros -DAMENT_CMAKE_SYMLINK_INSTALL=1 -DCMAKE_INSTALL_PREFIX=/home/student/ros2_ws/install/apriltag_ros
[3.298s] Invoking command in '/home/student/ros2_ws/build/apriltag_ros': CMAKE_PREFIX_PATH=${CMAKE_PREFIX_PATH}:/home/student/ros2_ws/install/turtlebot3_teleop:/home/student/ros2_ws/install/turtlebot3_example:/opt/ros/humble /usr/bin/cmake --build /home/student/ros2_ws/build/apriltag_ros -- -j8 -l8
[3.388s] [ 10%] [32mBuilding CXX object CMakeFiles/tags.dir/src/tag_functions.cpp.o[0m
[4.292s] [ 20%] [32m[1mLinking CXX static library libtags.a[0m
[4.372s] [ 20%] Built target tags
[4.407s] [ 30%] [32mBuilding CXX object CMakeFiles/apriltag_node.dir/rclcpp_components/node_main_apriltag_node.cpp.o[0m
[9.785s] [ 40%] [32m[1mLinking CXX executable apriltag_node[0m
[10.026s] [ 40%] Built target apriltag_node
[10.060s] [ 50%] [32mBuilding CXX object CMakeFiles/conversion.dir/src/conversion.cpp.o[0m
[12.739s] [ 60%] [32m[1mLinking CXX static library libconversion.a[0m
[12.809s] [ 60%] Built target conversion
[12.846s] [ 70%] [32mBuilding CXX object CMakeFiles/pose_estimation.dir/src/pose_estimation.cpp.o[0m
[14.997s] [ 80%] [32m[1mLinking CXX static library libpose_estimation.a[0m
[15.058s] [ 80%] Built target pose_estimation
[15.090s] [ 90%] [32mBuilding CXX object CMakeFiles/AprilTagNode.dir/src/AprilTagNode.cpp.o[0m
[23.566s] [100%] [32m[1mLinking CXX shared library libAprilTagNode.so[0m
[24.325s] [100%] Built target AprilTagNode
[24.346s] Invoked command in '/home/student/ros2_ws/build/apriltag_ros' returned '0': CMAKE_PREFIX_PATH=${CMAKE_PREFIX_PATH}:/home/student/ros2_ws/install/turtlebot3_teleop:/home/student/ros2_ws/install/turtlebot3_example:/opt/ros/humble /usr/bin/cmake --build /home/student/ros2_ws/build/apriltag_ros -- -j8 -l8
[24.438s] Invoking command in '/home/student/ros2_ws/build/apriltag_ros': CMAKE_PREFIX_PATH=${CMAKE_PREFIX_PATH}:/home/student/ros2_ws/install/turtlebot3_teleop:/home/student/ros2_ws/install/turtlebot3_example:/opt/ros/humble /usr/bin/cmake --install /home/student/ros2_ws/build/apriltag_ros
[24.448s] -- Install configuration: ""
[24.449s] -- Execute custom install script
[24.450s] -- Symlinking: /home/student/ros2_ws/install/apriltag_ros/lib/apriltag_ros/apriltag_node
[24.463s] -- Symlinking: /home/student/ros2_ws/install/apriltag_ros/share/apriltag_ros/environment/library_path.sh
[24.479s] -- Symlinking: /home/student/ros2_ws/install/apriltag_ros/share/apriltag_ros/environment/library_path.dsv
[24.492s] -- Symlinking: /home/student/ros2_ws/install/apriltag_ros/lib/libAprilTagNode.so
[24.508s] -- Symlinking: /home/student/ros2_ws/install/apriltag_ros/share/apriltag_ros/cfg/tags_36h11.yaml
[24.524s] -- Symlinking: /home/student/ros2_ws/install/apriltag_ros/share/apriltag_ros/launch/v4l2_36h11.launch.yml
[24.539s] -- Symlinking: /home/student/ros2_ws/install/apriltag_ros/share/ament_index/resource_index/package_run_dependencies/apriltag_ros
[24.554s] -- Symlinking: /home/student/ros2_ws/install/apriltag_ros/share/ament_index/resource_index/parent_prefix_path/apriltag_ros
[24.567s] -- Symlinking: /home/student/ros2_ws/install/apriltag_ros/share/apriltag_ros/environment/ament_prefix_path.sh
[24.587s] -- Symlinking: /home/student/ros2_ws/install/apriltag_ros/share/apriltag_ros/environment/ament_prefix_path.dsv
[24.604s] -- Symlinking: /home/student/ros2_ws/install/apriltag_ros/share/apriltag_ros/environment/path.sh
[24.622s] -- Symlinking: /home/student/ros2_ws/install/apriltag_ros/share/apriltag_ros/environment/path.dsv
[24.639s] -- Symlinking: /home/student/ros2_ws/install/apriltag_ros/share/apriltag_ros/local_setup.bash
[24.654s] -- Symlinking: /home/student/ros2_ws/install/apriltag_ros/share/apriltag_ros/local_setup.sh
[24.676s] -- Symlinking: /home/student/ros2_ws/install/apriltag_ros/share/apriltag_ros/local_setup.zsh
[24.690s] -- Symlinking: /home/student/ros2_ws/install/apriltag_ros/share/apriltag_ros/local_setup.dsv
[24.705s] -- Symlinking: /home/student/ros2_ws/install/apriltag_ros/share/apriltag_ros/package.dsv
[24.717s] -- Symlinking: /home/student/ros2_ws/install/apriltag_ros/share/ament_index/resource_index/packages/apriltag_ros
[24.734s] -- Symlinking: /home/student/ros2_ws/install/apriltag_ros/share/ament_index/resource_index/rclcpp_components/apriltag_ros
[24.747s] -- Symlinking: /home/student/ros2_ws/install/apriltag_ros/share/apriltag_ros/cmake/apriltag_rosConfig.cmake
[24.763s] -- Symlinking: /home/student/ros2_ws/install/apriltag_ros/share/apriltag_ros/cmake/apriltag_rosConfig-version.cmake
[24.779s] -- Symlinking: /home/student/ros2_ws/install/apriltag_ros/share/apriltag_ros/package.xml
[24.818s] Invoked command in '/home/student/ros2_ws/build/apriltag_ros' returned '0': CMAKE_PREFIX_PATH=${CMAKE_PREFIX_PATH}:/home/student/ros2_ws/install/turtlebot3_teleop:/home/student/ros2_ws/install/turtlebot3_example:/opt/ros/humble /usr/bin/cmake --install /home/student/ros2_ws/build/apriltag_ros
