[35m[1mConsolidate compiler generated dependencies of target warehouse_robot_msgs__rosidl_generator_c[0m
[  6%] Built target warehouse_robot_msgs__cpp
[ 12%] Built target warehouse_robot_msgs__rosidl_generator_c
[35m[1mConsolidate compiler generated dependencies of target warehouse_robot_msgs__rosidl_typesupport_introspection_c[0m
[35m[1mConsolidate compiler generated dependencies of target warehouse_robot_msgs__rosidl_typesupport_introspection_cpp[0m
[35m[1mConsolidate compiler generated dependencies of target warehouse_robot_msgs__rosidl_typesupport_fastrtps_c[0m
[35m[1mConsolidate compiler generated dependencies of target warehouse_robot_msgs__rosidl_typesupport_c[0m
[ 22%] Built target warehouse_robot_msgs__rosidl_typesupport_introspection_c
[ 22%] Built target ament_cmake_python_copy_warehouse_robot_msgs
[ 32%] Built target warehouse_robot_msgs__rosidl_typesupport_introspection_cpp
[ 41%] Built target warehouse_robot_msgs__rosidl_typesupport_c
[ 51%] Built target warehouse_robot_msgs__rosidl_typesupport_fastrtps_c
[35m[1mConsolidate compiler generated dependencies of target warehouse_robot_msgs__rosidl_typesupport_cpp[0m
[35m[1mConsolidate compiler generated dependencies of target warehouse_robot_msgs__rosidl_typesupport_fastrtps_cpp[0m
[ 61%] Built target warehouse_robot_msgs__rosidl_typesupport_cpp
[ 70%] Built target warehouse_robot_msgs__rosidl_typesupport_fastrtps_cpp
[ 70%] Built target warehouse_robot_msgs
[ 74%] Built target warehouse_robot_msgs__py
[35m[1mConsolidate compiler generated dependencies of target warehouse_robot_msgs__rosidl_generator_py[0m
[ 80%] Built target warehouse_robot_msgs__rosidl_generator_py
[35m[1mConsolidate compiler generated dependencies of target warehouse_robot_msgs__rosidl_typesupport_introspection_c__pyext[0m
[35m[1mConsolidate compiler generated dependencies of target warehouse_robot_msgs__rosidl_typesupport_c__pyext[0m
[35m[1mConsolidate compiler generated dependencies of target warehouse_robot_msgs__rosidl_typesupport_fastrtps_c__pyext[0m
[ 87%] Built target warehouse_robot_msgs__rosidl_typesupport_c__pyext
[ 93%] Built target warehouse_robot_msgs__rosidl_typesupport_introspection_c__pyext
[100%] Built target warehouse_robot_msgs__rosidl_typesupport_fastrtps_c__pyext
running egg_info
writing warehouse_robot_msgs.egg-info/PKG-INFO
writing dependency_links to warehouse_robot_msgs.egg-info/dependency_links.txt
writing top-level names to warehouse_robot_msgs.egg-info/top_level.txt
reading manifest file 'warehouse_robot_msgs.egg-info/SOURCES.txt'
writing manifest file 'warehouse_robot_msgs.egg-info/SOURCES.txt'
[100%] Built target ament_cmake_python_build_warehouse_robot_msgs_egg
