[0.025s] Invoking command in '/home/student/ros2_ws/src/build/warehouse_robot_msgs': CMAKE_PREFIX_PATH=${CMAKE_PREFIX_PATH}:/home/student/ros2_ws/install/turtlebot3_teleop:/home/student/ros2_ws/install/turtlebot3_example:/opt/ros/humble /usr/bin/cmake --build /home/student/ros2_ws/src/build/warehouse_robot_msgs -- -j8 -l8
[0.142s] [35m[1mConsolidate compiler generated dependencies of target warehouse_robot_msgs__rosidl_generator_c[0m
[0.185s] [  6%] Built target warehouse_robot_msgs__cpp
[0.185s] [ 12%] Built target warehouse_robot_msgs__rosidl_generator_c
[0.202s] [35m[1mConsolidate compiler generated dependencies of target warehouse_robot_msgs__rosidl_typesupport_introspection_c[0m
[0.211s] [35m[1mConsolidate compiler generated dependencies of target warehouse_robot_msgs__rosidl_typesupport_introspection_cpp[0m
[0.213s] [35m[1mConsolidate compiler generated dependencies of target warehouse_robot_msgs__rosidl_typesupport_fastrtps_c[0m
[0.213s] [35m[1mConsolidate compiler generated dependencies of target warehouse_robot_msgs__rosidl_typesupport_c[0m
[0.239s] [ 22%] Built target warehouse_robot_msgs__rosidl_typesupport_introspection_c
[0.251s] [ 22%] Built target ament_cmake_python_copy_warehouse_robot_msgs
[0.253s] [ 32%] Built target warehouse_robot_msgs__rosidl_typesupport_introspection_cpp
[0.263s] [ 41%] Built target warehouse_robot_msgs__rosidl_typesupport_c
[0.264s] [ 51%] Built target warehouse_robot_msgs__rosidl_typesupport_fastrtps_c
[0.270s] [35m[1mConsolidate compiler generated dependencies of target warehouse_robot_msgs__rosidl_typesupport_cpp[0m
[0.273s] [35m[1mConsolidate compiler generated dependencies of target warehouse_robot_msgs__rosidl_typesupport_fastrtps_cpp[0m
[0.303s] [ 61%] Built target warehouse_robot_msgs__rosidl_typesupport_cpp
[0.307s] [ 70%] Built target warehouse_robot_msgs__rosidl_typesupport_fastrtps_cpp
[0.354s] [ 70%] Built target warehouse_robot_msgs
[0.409s] [ 74%] Built target warehouse_robot_msgs__py
[0.437s] [35m[1mConsolidate compiler generated dependencies of target warehouse_robot_msgs__rosidl_generator_py[0m
[0.467s] [ 80%] Built target warehouse_robot_msgs__rosidl_generator_py
[0.505s] [35m[1mConsolidate compiler generated dependencies of target warehouse_robot_msgs__rosidl_typesupport_introspection_c__pyext[0m
[0.514s] [35m[1mConsolidate compiler generated dependencies of target warehouse_robot_msgs__rosidl_typesupport_c__pyext[0m
[0.514s] [35m[1mConsolidate compiler generated dependencies of target warehouse_robot_msgs__rosidl_typesupport_fastrtps_c__pyext[0m
[0.554s] [ 87%] Built target warehouse_robot_msgs__rosidl_typesupport_c__pyext
[0.559s] [ 93%] Built target warehouse_robot_msgs__rosidl_typesupport_introspection_c__pyext
[0.563s] [100%] Built target warehouse_robot_msgs__rosidl_typesupport_fastrtps_c__pyext
[0.850s] running egg_info
[0.855s] writing warehouse_robot_msgs.egg-info/PKG-INFO
[0.855s] writing dependency_links to warehouse_robot_msgs.egg-info/dependency_links.txt
[0.856s] writing top-level names to warehouse_robot_msgs.egg-info/top_level.txt
[0.856s] reading manifest file 'warehouse_robot_msgs.egg-info/SOURCES.txt'
[0.856s] writing manifest file 'warehouse_robot_msgs.egg-info/SOURCES.txt'
[0.913s] [100%] Built target ament_cmake_python_build_warehouse_robot_msgs_egg
