[0.101s] Invoking command in '/home/student/ros2_ws/build/gazebo_map_creator': CMAKE_PREFIX_PATH=/home/student/ros2_ws/install/gazebo_map_creator_interface:/home/student/ros2_ws/install/turtlesim:/home/student/ros2_ws/install/turtlebot3:/home/student/ros2_ws/install/turtlebot3_simulations:/home/student/ros2_ws/install/turtlebot3_bringup:/home/student/ros2_ws/install/turtlebot3_node:/home/student/ros2_ws/install/turtlebot3_navigation2:/home/student/ros2_ws/install/turtlebot3_fake_node:/home/student/ros2_ws/install/turtlebot3_msgs:/home/student/ros2_ws/install/turtlebot3_gazebo:/home/student/ros2_ws/install/turtlebot3_description:/home/student/ros2_ws/install/turtlebot3_cartographer:/home/student/ros2_ws/install/rtabmap_conversions:/home/student/ros2_ws/install/rtabmap_msgs:/home/student/ros2_ws/install/rtabmap:/home/student/ros2_ws/install/object_excluder:/home/student/ros2_ws/install/my_custom_launch:/home/student/ros2_ws/install/gazebo_map_creator:/home/student/ros2_ws/install/dynamixel_sdk_examples:/home/student/ros2_ws/install/dynamixel_sdk_custom_interfaces:/home/student/ros2_ws/install/dynamixel_sdk:/opt/ros/humble:/home/student/ros2_ws/install/turtlebot3_teleop:/home/student/ros2_ws/install/turtlebot3_example:/home/student/ros2_ws/install/rtabmap_python LD_LIBRARY_PATH=/home/student/ros2_ws/install/gazebo_map_creator_interface/lib:/home/student/ros2_ws/install/turtlesim/lib:/home/student/ros2_ws/install/turtlebot3_msgs/lib:/home/student/ros2_ws/install/rtabmap_conversions/lib:/home/student/ros2_ws/install/rtabmap_msgs/lib:/home/student/ros2_ws/install/rtabmap/lib:/home/student/ros2_ws/install/gazebo_map_creator/lib:/home/student/ros2_ws/install/dynamixel_sdk_custom_interfaces/lib:/home/student/ros2_ws/install/dynamixel_sdk/lib:/usr/lib/x86_64-linux-gnu/gazebo-11/plugins:/opt/ros/humble/opt/rviz_ogre_vendor/lib:/opt/ros/humble/lib/x86_64-linux-gnu:/opt/ros/humble/lib:/usr/lib/x86_64-linux-gnu/gazebo-11/plugins:/usr/lib/x86_64-linux-gnu/gazebo-11/plugins:/usr/lib/x86_64-linux-gnu/gazebo-11/plugins /usr/bin/cmake /home/student/ros2_ws/src/gazebo_map_creator/gazebo_map_creator -DCMAKE_INSTALL_PREFIX=/home/student/ros2_ws/install/gazebo_map_creator
[0.359s] -- The C compiler identification is GNU 11.4.0
[0.587s] -- The CXX compiler identification is GNU 11.4.0
[0.619s] -- Detecting C compiler ABI info
[0.776s] -- Detecting C compiler ABI info - done
[0.791s] -- Check for working C compiler: /usr/bin/cc - skipped
[0.791s] -- Detecting C compile features
[0.804s] -- Detecting C compile features - done
[0.809s] -- Detecting CXX compiler ABI info
[1.182s] -- Detecting CXX compiler ABI info - done
[1.209s] -- Check for working CXX compiler: /usr/bin/c++ - skipped
[1.209s] -- Detecting CXX compile features
[1.210s] -- Detecting CXX compile features - done
[1.222s] -- Found ament_cmake: 1.3.10 (/opt/ros/humble/share/ament_cmake/cmake)
[1.645s] -- Found Python3: /usr/bin/python3 (found version "3.10.12") found components: Interpreter 
[1.861s] -- Found builtin_interfaces: 1.2.1 (/opt/ros/humble/share/builtin_interfaces/cmake)
[1.938s] -- Found rosidl_generator_c: 3.1.5 (/opt/ros/humble/share/rosidl_generator_c/cmake)
[1.958s] -- Found rosidl_adapter: 3.1.5 (/opt/ros/humble/share/rosidl_adapter/cmake)
[1.976s] -- Found rosidl_generator_cpp: 3.1.5 (/opt/ros/humble/share/rosidl_generator_cpp/cmake)
[2.002s] -- Using all available rosidl_typesupport_c: rosidl_typesupport_fastrtps_c;rosidl_typesupport_introspection_c
[2.052s] -- Using all available rosidl_typesupport_cpp: rosidl_typesupport_fastrtps_cpp;rosidl_typesupport_introspection_cpp
[2.100s] -- Found gazebo_dev: 3.7.0 (/opt/ros/humble/share/gazebo_dev/cmake)
[2.137s] -- Found PkgConfig: /usr/bin/pkg-config (found version "0.29.2") 
[2.139s] -- Checking for module 'bullet>=2.82'
[2.284s] --   Found bullet, version 3.05
[3.174s] -- Found fcl: /usr/include (found suitable version "0.7.0", minimum required is "0.5.0") 
[3.578s] -- Found assimp: /usr/include (found version "5.2.0") 
[3.655s] -- Found DART: /usr/include (Required is at least version "6.6") found components: dart 
[4.596s] -- Found Boost: /usr/lib/x86_64-linux-gnu/cmake/Boost-1.74.0/BoostConfig.cmake (found suitable version "1.74.0", minimum required is "1.40.0") found components: thread system filesystem program_options regex iostreams date_time 
[4.678s] -- Found Protobuf: /usr/lib/x86_64-linux-gnu/libprotobuf.so (found version "3.12.4") 
[4.688s] -- Looking for ignition-math6 -- found version 6.15.1
[4.712s] -- Searching for dependencies of ignition-math6
[4.714s] -- Looking for OGRE...
[4.715s] -- OGRE_PREFIX_WATCH changed.
[4.738s] -- Checking for module 'OGRE'
[4.819s] --   Found OGRE, version 1.9.0
[4.978s] -- Found Ogre Ghadamon (1.9.0)
[5.015s] -- Found OGRE: optimized;/usr/lib/x86_64-linux-gnu/libOgreMain.so;debug;/usr/lib/x86_64-linux-gnu/libOgreMain.so
[5.031s] -- Looking for OGRE_Paging...
[5.048s] -- Found OGRE_Paging: optimized;/usr/lib/x86_64-linux-gnu/libOgrePaging.so;debug;/usr/lib/x86_64-linux-gnu/libOgrePaging.so
[5.048s] -- Looking for OGRE_Terrain...
[5.071s] -- Found OGRE_Terrain: optimized;/usr/lib/x86_64-linux-gnu/libOgreTerrain.so;debug;/usr/lib/x86_64-linux-gnu/libOgreTerrain.so
[5.072s] -- Looking for OGRE_Property...
[5.123s] -- Found OGRE_Property: optimized;/usr/lib/x86_64-linux-gnu/libOgreProperty.so;debug;/usr/lib/x86_64-linux-gnu/libOgreProperty.so
[5.123s] -- Looking for OGRE_RTShaderSystem...
[5.160s] -- Found OGRE_RTShaderSystem: optimized;/usr/lib/x86_64-linux-gnu/libOgreRTShaderSystem.so;debug;/usr/lib/x86_64-linux-gnu/libOgreRTShaderSystem.so
[5.161s] -- Looking for OGRE_Volume...
[5.184s] -- Found OGRE_Volume: optimized;/usr/lib/x86_64-linux-gnu/libOgreVolume.so;debug;/usr/lib/x86_64-linux-gnu/libOgreVolume.so
[5.187s] -- Looking for OGRE_Overlay...
[5.234s] -- Found OGRE_Overlay: optimized;/usr/lib/x86_64-linux-gnu/libOgreOverlay.so;debug;/usr/lib/x86_64-linux-gnu/libOgreOverlay.so
[5.994s] -- Looking for ignition-math6 -- found version 6.15.1
[5.998s] -- Looking for ignition-transport8 -- found version 8.2.1
[5.999s] -- Searching for dependencies of ignition-transport8
[6.055s] -- Found Protobuf: /usr/lib/x86_64-linux-gnu/libprotobuf.so (found suitable version "3.12.4", minimum required is "3") 
[6.099s] -- Config-file not installed for ZeroMQ -- checking for pkg-config
[6.130s] -- Checking for module 'libzmq >= 4'
[6.212s] --   Found libzmq , version 4.3.4
[6.549s] -- Found ZeroMQ: TRUE (Required is at least version "4") 
[6.570s] -- Checking for module 'uuid'
[6.669s] --   Found uuid, version 2.37.2
[6.944s] -- Found UUID: TRUE  
[6.949s] -- Looking for ignition-msgs5 -- found version 5.8.1
[6.949s] -- Searching for dependencies of ignition-msgs5
[7.003s] -- Looking for ignition-math6 -- found version 6.15.1
[7.018s] -- Checking for module 'tinyxml2'
[7.135s] --   Found tinyxml2, version 9.0.0
[7.406s] -- Looking for ignition-msgs5 -- found version 5.8.1
[7.412s] -- Looking for ignition-common3 -- found version 3.14.0
[7.413s] -- Searching for dependencies of ignition-common3
[7.414s] -- Looking for dlfcn.h - found
[7.417s] -- Looking for libdl - found
[7.420s] -- Found DL: TRUE  
[7.465s] -- Found tinyobjloader: /usr/lib/x86_64-linux-gnu/cmake/tinyobjloader/tinyobjloader-config.cmake (found version "2.0.0") 
[7.466s] -- Searching for <ignition-common3> component [graphics]
[7.475s] -- Looking for ignition-common3-graphics -- found version 3.14.0
[7.477s] -- Searching for dependencies of ignition-common3-graphics
[7.478s] -- Looking for ignition-math6 -- found version 6.15.1
[7.496s] -- Looking for ignition-fuel_tools4 -- found version 4.4.0
[7.498s] -- Searching for dependencies of ignition-fuel_tools4
[8.054s] -- Found CURL: /usr/lib/x86_64-linux-gnu/libcurl.so (found version "7.81.0")  
[8.107s] -- Checking for module 'jsoncpp'
[8.233s] --   Found jsoncpp, version 1.9.5
[8.541s] -- Found JSONCPP: TRUE  
[8.560s] -- Checking for module 'libzip'
[8.662s] --   Found libzip, version 1.7.3
[8.917s] -- Found ZIP: TRUE  
[8.917s] -- Looking for ignition-common3 -- found version 3.14.0
[8.918s] -- Looking for ignition-math6 -- found version 6.15.1
[8.919s] -- Looking for ignition-msgs5 -- found version 5.8.1
[8.925s] -- Gazebo version: 11.10
[8.926s] -- Checking for module 'tbb'
[9.044s] --   Found tbb, version 2021.5.0
[9.313s] -- Found gazebo_ros: 3.7.0 (/opt/ros/humble/share/gazebo_ros/cmake)
[9.516s] -- Found rmw_implementation_cmake: 6.1.2 (/opt/ros/humble/share/rmw_implementation_cmake/cmake)
[9.523s] -- Found rmw_fastrtps_cpp: 6.2.7 (/opt/ros/humble/share/rmw_fastrtps_cpp/cmake)
[10.152s] -- Found OpenSSL: /usr/lib/x86_64-linux-gnu/libcrypto.so (found version "3.0.2")  
[10.267s] -- Found FastRTPS: /opt/ros/humble/include  
[10.483s] -- Using RMW implementation 'rmw_fastrtps_cpp' as default
[10.523s] -- Found Threads: TRUE  
[10.786s] -- Found geometry_msgs: 4.2.4 (/opt/ros/humble/share/geometry_msgs/cmake)
[10.841s] -- Found gazebo_map_creator_interface: 3.5.3 (/home/student/ros2_ws/install/gazebo_map_creator_interface/share/gazebo_map_creator_interface/cmake)
[10.909s] -- Found rclpy: 3.3.14 (/opt/ros/humble/share/rclpy/cmake)
[10.983s] -- Checking for module 'eigen3'
[11.109s] --   Found eigen3, version 3.4.0
[11.462s] -- Found Eigen: /usr/include/eigen3 (Required is at least version "3.1") 
[11.462s] -- Eigen found (include: /usr/include/eigen3, version: 3.4.0)
[11.511s] -- Found Boost: /usr/lib/x86_64-linux-gnu/cmake/Boost-1.74.0/BoostConfig.cmake (found suitable version "1.74.0", minimum required is "1.65.0") found components: system filesystem date_time iostreams serialization 
[11.575s] -- Checking for module 'flann'
[11.709s] --   Found flann, version 1.9.1
[12.117s] -- Found FLANN: /usr/lib/x86_64-linux-gnu/libflann_cpp.so  
[12.118s] -- FLANN found (include: /usr/include, lib: /usr/lib/x86_64-linux-gnu/libflann_cpp.so)
[12.291s] -- Found GLEW: /usr/lib/x86_64-linux-gnu/libGLEW.so  
[12.313s] -- Found OpenGL: /usr/lib/x86_64-linux-gnu/libOpenGL.so  found components: OpenGL GLX 
[13.317s] -- Found MPI_C: /usr/lib/x86_64-linux-gnu/libmpi.so (found version "3.1") 
[13.317s] -- Found MPI: TRUE (found version "3.1") found components: C 
[13.325s] -- Found JsonCpp: /usr/lib/x86_64-linux-gnu/libjsoncpp.so (found suitable version "1.9.5", minimum required is "0.7.0") 
[13.376s] -- Found ZLIB: /usr/lib/x86_64-linux-gnu/libz.so (found version "1.2.11") 
[13.464s] -- Found PNG: /usr/lib/x86_64-linux-gnu/libpng.so (found version "1.6.37") 
[13.497s] -- Found Eigen3: /usr/include/eigen3 (found version "3.4.0") 
[14.246s] -- Found X11: /usr/include   
[14.247s] -- Looking for XOpenDisplay in /usr/lib/x86_64-linux-gnu/libX11.so;/usr/lib/x86_64-linux-gnu/libXext.so
[14.752s] -- Looking for XOpenDisplay in /usr/lib/x86_64-linux-gnu/libX11.so;/usr/lib/x86_64-linux-gnu/libXext.so - found
[14.752s] -- Looking for gethostbyname
[15.216s] -- Looking for gethostbyname - found
[15.217s] -- Looking for connect
[15.696s] -- Looking for connect - found
[15.697s] -- Looking for remove
[16.109s] -- Looking for remove - found
[16.110s] -- Looking for shmat
[16.608s] -- Looking for shmat - found
[16.608s] -- Looking for IceConnectionNumber in ICE
[17.019s] -- Looking for IceConnectionNumber in ICE - found
[17.585s] -- Found EXPAT: /usr/lib/x86_64-linux-gnu/libexpat.so (found version "2.4.7") 
[17.589s] -- Found double-conversion: /usr/lib/x86_64-linux-gnu/libdouble-conversion.so  
[17.596s] -- Found LZ4: /usr/lib/x86_64-linux-gnu/liblz4.so (found version "1.9.3") 
[17.614s] -- Found LZMA: /usr/lib/x86_64-linux-gnu/liblzma.so (found version "5.2.5") 
[17.690s] -- Found JPEG: /usr/lib/x86_64-linux-gnu/libjpeg.so (found version "80") 
[17.742s] -- Found TIFF: /usr/lib/x86_64-linux-gnu/libtiff.so (found version "4.3.0")  
[17.760s] -- Found Freetype: /usr/lib/x86_64-linux-gnu/libfreetype.so (found version "2.11.1") 
[17.794s] -- Found utf8cpp: /usr/include/utf8cpp  
[18.503s] -- Checking for module 'libusb-1.0'
[18.637s] --   Found libusb-1.0, version 1.0.25
[18.900s] -- Found libusb: /usr/lib/x86_64-linux-gnu/libusb-1.0.so  
[18.903s] -- Found OpenNI: /usr/lib/libOpenNI.so;libusb::libusb (found version "1.5.4.0") 
[18.904s] -- OpenNI found (version: 1.5.4.0, include: /usr/include/ni, lib: /usr/lib/libOpenNI.so;libusb::libusb)
[19.405s] -- Found OpenNI2: /usr/lib/x86_64-linux-gnu/libOpenNI2.so;libusb::libusb (found version "2.2.0.33") 
[19.406s] -- OpenNI2 found (version: 2.2.0.33, include: /usr/include/openni2, lib: /usr/lib/x86_64-linux-gnu/libOpenNI2.so;libusb::libusb)
[19.406s] [0m** WARNING ** io features related to pcap will be disabled[0m
[19.821s] -- Eigen found (include: /usr/include/eigen3, version: 3.4.0)
[19.832s] -- OpenNI found (version: 1.5.4.0, include: /usr/include/ni, lib: /usr/lib/libOpenNI.so;libusb::libusb)
[19.844s] -- OpenNI2 found (version: 2.2.0.33, include: /usr/include/openni2, lib: /usr/lib/x86_64-linux-gnu/libOpenNI2.so;libusb::libusb)
[20.205s] -- Found Qhull version 8.0.2
[20.892s] -- OpenNI found (version: 1.5.4.0, include: /usr/include/ni, lib: /usr/lib/libOpenNI.so;libusb::libusb)
[21.569s] -- looking for PCL_COMMON
[21.571s] -- Found PCL_COMMON: /usr/lib/x86_64-linux-gnu/libpcl_common.so  
[21.592s] -- looking for PCL_KDTREE
[21.595s] -- Found PCL_KDTREE: /usr/lib/x86_64-linux-gnu/libpcl_kdtree.so  
[21.595s] -- looking for PCL_OCTREE
[21.608s] -- Found PCL_OCTREE: /usr/lib/x86_64-linux-gnu/libpcl_octree.so  
[21.608s] -- looking for PCL_SEARCH
[21.611s] -- Found PCL_SEARCH: /usr/lib/x86_64-linux-gnu/libpcl_search.so  
[21.611s] -- looking for PCL_SAMPLE_CONSENSUS
[21.613s] -- Found PCL_SAMPLE_CONSENSUS: /usr/lib/x86_64-linux-gnu/libpcl_sample_consensus.so  
[21.613s] -- looking for PCL_FILTERS
[21.615s] -- Found PCL_FILTERS: /usr/lib/x86_64-linux-gnu/libpcl_filters.so  
[21.615s] -- looking for PCL_2D
[21.616s] -- Found PCL_2D: /usr/include/pcl-1.12  
[21.616s] -- looking for PCL_GEOMETRY
[21.616s] -- Found PCL_GEOMETRY: /usr/include/pcl-1.12  
[21.616s] -- looking for PCL_IO
[21.618s] -- Found PCL_IO: /usr/lib/x86_64-linux-gnu/libpcl_io.so  
[21.618s] -- looking for PCL_FEATURES
[21.620s] -- Found PCL_FEATURES: /usr/lib/x86_64-linux-gnu/libpcl_features.so  
[21.620s] -- looking for PCL_ML
[21.622s] -- Found PCL_ML: /usr/lib/x86_64-linux-gnu/libpcl_ml.so  
[21.622s] -- looking for PCL_SEGMENTATION
[21.623s] -- Found PCL_SEGMENTATION: /usr/lib/x86_64-linux-gnu/libpcl_segmentation.so  
[21.624s] -- looking for PCL_VISUALIZATION
[21.646s] -- Found PCL_VISUALIZATION: /usr/lib/x86_64-linux-gnu/libpcl_visualization.so  
[21.647s] -- looking for PCL_SURFACE
[21.649s] -- Found PCL_SURFACE: /usr/lib/x86_64-linux-gnu/libpcl_surface.so  
[21.649s] -- looking for PCL_REGISTRATION
[21.651s] -- Found PCL_REGISTRATION: /usr/lib/x86_64-linux-gnu/libpcl_registration.so  
[21.651s] -- looking for PCL_KEYPOINTS
[21.653s] -- Found PCL_KEYPOINTS: /usr/lib/x86_64-linux-gnu/libpcl_keypoints.so  
[21.654s] -- looking for PCL_TRACKING
[21.655s] -- Found PCL_TRACKING: /usr/lib/x86_64-linux-gnu/libpcl_tracking.so  
[21.655s] -- looking for PCL_RECOGNITION
[21.657s] -- Found PCL_RECOGNITION: /usr/lib/x86_64-linux-gnu/libpcl_recognition.so  
[21.660s] -- looking for PCL_STEREO
[21.662s] -- Found PCL_STEREO: /usr/lib/x86_64-linux-gnu/libpcl_stereo.so  
[21.662s] -- looking for PCL_APPS
[21.676s] -- Found PCL_APPS: /usr/lib/x86_64-linux-gnu/libpcl_apps.so  
[21.677s] -- looking for PCL_IN_HAND_SCANNER
[21.678s] -- Found PCL_IN_HAND_SCANNER: /usr/include/pcl-1.12  
[21.678s] -- looking for PCL_MODELER
[21.679s] -- Found PCL_MODELER: /usr/include/pcl-1.12  
[21.679s] -- looking for PCL_POINT_CLOUD_EDITOR
[21.682s] -- Found PCL_POINT_CLOUD_EDITOR: /usr/include/pcl-1.12  
[21.682s] -- looking for PCL_OUTOFCORE
[21.684s] -- Found PCL_OUTOFCORE: /usr/lib/x86_64-linux-gnu/libpcl_outofcore.so  
[21.685s] -- looking for PCL_PEOPLE
[21.686s] -- Found PCL_PEOPLE: /usr/lib/x86_64-linux-gnu/libpcl_people.so  
[21.688s] -- Found PCL: pcl_common;pcl_kdtree;pcl_octree;pcl_search;pcl_sample_consensus;pcl_filters;pcl_io;pcl_features;pcl_ml;pcl_segmentation;pcl_visualization;pcl_surface;pcl_registration;pcl_keypoints;pcl_tracking;pcl_recognition;pcl_stereo;pcl_apps;pcl_outofcore;pcl_people;Boost::system;Boost::filesystem;Boost::date_time;Boost::iostreams;Boost::serialization;/usr/lib/libOpenNI.so;libusb::libusb;/usr/lib/x86_64-linux-gnu/libOpenNI2.so;libusb::libusb;VTK::ChartsCore;VTK::CommonColor;VTK::CommonComputationalGeometry;VTK::CommonCore;VTK::CommonDataModel;VTK::CommonExecutionModel;VTK::CommonMath;VTK::CommonMisc;VTK::CommonTransforms;VTK::FiltersCore;VTK::FiltersExtraction;VTK::FiltersGeneral;VTK::FiltersGeometry;VTK::FiltersModeling;VTK::FiltersSources;VTK::ImagingCore;VTK::ImagingSources;VTK::InteractionImage;VTK::InteractionStyle;VTK::InteractionWidgets;VTK::IOCore;VTK::IOGeometry;VTK::IOImage;VTK::IOLegacy;VTK::IOPLY;VTK::RenderingAnnotation;VTK::RenderingCore;VTK::RenderingContext2D;VTK::RenderingLOD;VTK::RenderingFreeType;VTK::ViewsCore;VTK::ViewsContext2D;VTK::RenderingOpenGL2;VTK::GUISupportQt;FLANN::FLANN;QHULL::QHULL (Required is at least version "1.2") 
[21.954s] -- Configuring done
[22.418s] -- Generating done
[22.424s] -- Build files have been written to: /home/student/ros2_ws/build/gazebo_map_creator
[22.542s] Invoked command in '/home/student/ros2_ws/build/gazebo_map_creator' returned '0': CMAKE_PREFIX_PATH=/home/student/ros2_ws/install/gazebo_map_creator_interface:/home/student/ros2_ws/install/turtlesim:/home/student/ros2_ws/install/turtlebot3:/home/student/ros2_ws/install/turtlebot3_simulations:/home/student/ros2_ws/install/turtlebot3_bringup:/home/student/ros2_ws/install/turtlebot3_node:/home/student/ros2_ws/install/turtlebot3_navigation2:/home/student/ros2_ws/install/turtlebot3_fake_node:/home/student/ros2_ws/install/turtlebot3_msgs:/home/student/ros2_ws/install/turtlebot3_gazebo:/home/student/ros2_ws/install/turtlebot3_description:/home/student/ros2_ws/install/turtlebot3_cartographer:/home/student/ros2_ws/install/rtabmap_conversions:/home/student/ros2_ws/install/rtabmap_msgs:/home/student/ros2_ws/install/rtabmap:/home/student/ros2_ws/install/object_excluder:/home/student/ros2_ws/install/my_custom_launch:/home/student/ros2_ws/install/gazebo_map_creator:/home/student/ros2_ws/install/dynamixel_sdk_examples:/home/student/ros2_ws/install/dynamixel_sdk_custom_interfaces:/home/student/ros2_ws/install/dynamixel_sdk:/opt/ros/humble:/home/student/ros2_ws/install/turtlebot3_teleop:/home/student/ros2_ws/install/turtlebot3_example:/home/student/ros2_ws/install/rtabmap_python LD_LIBRARY_PATH=/home/student/ros2_ws/install/gazebo_map_creator_interface/lib:/home/student/ros2_ws/install/turtlesim/lib:/home/student/ros2_ws/install/turtlebot3_msgs/lib:/home/student/ros2_ws/install/rtabmap_conversions/lib:/home/student/ros2_ws/install/rtabmap_msgs/lib:/home/student/ros2_ws/install/rtabmap/lib:/home/student/ros2_ws/install/gazebo_map_creator/lib:/home/student/ros2_ws/install/dynamixel_sdk_custom_interfaces/lib:/home/student/ros2_ws/install/dynamixel_sdk/lib:/usr/lib/x86_64-linux-gnu/gazebo-11/plugins:/opt/ros/humble/opt/rviz_ogre_vendor/lib:/opt/ros/humble/lib/x86_64-linux-gnu:/opt/ros/humble/lib:/usr/lib/x86_64-linux-gnu/gazebo-11/plugins:/usr/lib/x86_64-linux-gnu/gazebo-11/plugins:/usr/lib/x86_64-linux-gnu/gazebo-11/plugins /usr/bin/cmake /home/student/ros2_ws/src/gazebo_map_creator/gazebo_map_creator -DCMAKE_INSTALL_PREFIX=/home/student/ros2_ws/install/gazebo_map_creator
[22.548s] Invoking command in '/home/student/ros2_ws/build/gazebo_map_creator': CMAKE_PREFIX_PATH=/home/student/ros2_ws/install/gazebo_map_creator_interface:/home/student/ros2_ws/install/turtlesim:/home/student/ros2_ws/install/turtlebot3:/home/student/ros2_ws/install/turtlebot3_simulations:/home/student/ros2_ws/install/turtlebot3_bringup:/home/student/ros2_ws/install/turtlebot3_node:/home/student/ros2_ws/install/turtlebot3_navigation2:/home/student/ros2_ws/install/turtlebot3_fake_node:/home/student/ros2_ws/install/turtlebot3_msgs:/home/student/ros2_ws/install/turtlebot3_gazebo:/home/student/ros2_ws/install/turtlebot3_description:/home/student/ros2_ws/install/turtlebot3_cartographer:/home/student/ros2_ws/install/rtabmap_conversions:/home/student/ros2_ws/install/rtabmap_msgs:/home/student/ros2_ws/install/rtabmap:/home/student/ros2_ws/install/object_excluder:/home/student/ros2_ws/install/my_custom_launch:/home/student/ros2_ws/install/gazebo_map_creator:/home/student/ros2_ws/install/dynamixel_sdk_examples:/home/student/ros2_ws/install/dynamixel_sdk_custom_interfaces:/home/student/ros2_ws/install/dynamixel_sdk:/opt/ros/humble:/home/student/ros2_ws/install/turtlebot3_teleop:/home/student/ros2_ws/install/turtlebot3_example:/home/student/ros2_ws/install/rtabmap_python LD_LIBRARY_PATH=/home/student/ros2_ws/install/gazebo_map_creator_interface/lib:/home/student/ros2_ws/install/turtlesim/lib:/home/student/ros2_ws/install/turtlebot3_msgs/lib:/home/student/ros2_ws/install/rtabmap_conversions/lib:/home/student/ros2_ws/install/rtabmap_msgs/lib:/home/student/ros2_ws/install/rtabmap/lib:/home/student/ros2_ws/install/gazebo_map_creator/lib:/home/student/ros2_ws/install/dynamixel_sdk_custom_interfaces/lib:/home/student/ros2_ws/install/dynamixel_sdk/lib:/usr/lib/x86_64-linux-gnu/gazebo-11/plugins:/opt/ros/humble/opt/rviz_ogre_vendor/lib:/opt/ros/humble/lib/x86_64-linux-gnu:/opt/ros/humble/lib:/usr/lib/x86_64-linux-gnu/gazebo-11/plugins:/usr/lib/x86_64-linux-gnu/gazebo-11/plugins:/usr/lib/x86_64-linux-gnu/gazebo-11/plugins /usr/bin/cmake --build /home/student/ros2_ws/build/gazebo_map_creator -- -j8 -l8
[22.947s] [ 50%] [32mBuilding CXX object CMakeFiles/gazebo_map_creator.dir/src/gazbeo_map_creator.cpp.o[0m
[50.839s] [100%] [32m[1mLinking CXX shared library libgazebo_map_creator.so[0m
[52.679s] [100%] Built target gazebo_map_creator
[52.705s] Invoked command in '/home/student/ros2_ws/build/gazebo_map_creator' returned '0': CMAKE_PREFIX_PATH=/home/student/ros2_ws/install/gazebo_map_creator_interface:/home/student/ros2_ws/install/turtlesim:/home/student/ros2_ws/install/turtlebot3:/home/student/ros2_ws/install/turtlebot3_simulations:/home/student/ros2_ws/install/turtlebot3_bringup:/home/student/ros2_ws/install/turtlebot3_node:/home/student/ros2_ws/install/turtlebot3_navigation2:/home/student/ros2_ws/install/turtlebot3_fake_node:/home/student/ros2_ws/install/turtlebot3_msgs:/home/student/ros2_ws/install/turtlebot3_gazebo:/home/student/ros2_ws/install/turtlebot3_description:/home/student/ros2_ws/install/turtlebot3_cartographer:/home/student/ros2_ws/install/rtabmap_conversions:/home/student/ros2_ws/install/rtabmap_msgs:/home/student/ros2_ws/install/rtabmap:/home/student/ros2_ws/install/object_excluder:/home/student/ros2_ws/install/my_custom_launch:/home/student/ros2_ws/install/gazebo_map_creator:/home/student/ros2_ws/install/dynamixel_sdk_examples:/home/student/ros2_ws/install/dynamixel_sdk_custom_interfaces:/home/student/ros2_ws/install/dynamixel_sdk:/opt/ros/humble:/home/student/ros2_ws/install/turtlebot3_teleop:/home/student/ros2_ws/install/turtlebot3_example:/home/student/ros2_ws/install/rtabmap_python LD_LIBRARY_PATH=/home/student/ros2_ws/install/gazebo_map_creator_interface/lib:/home/student/ros2_ws/install/turtlesim/lib:/home/student/ros2_ws/install/turtlebot3_msgs/lib:/home/student/ros2_ws/install/rtabmap_conversions/lib:/home/student/ros2_ws/install/rtabmap_msgs/lib:/home/student/ros2_ws/install/rtabmap/lib:/home/student/ros2_ws/install/gazebo_map_creator/lib:/home/student/ros2_ws/install/dynamixel_sdk_custom_interfaces/lib:/home/student/ros2_ws/install/dynamixel_sdk/lib:/usr/lib/x86_64-linux-gnu/gazebo-11/plugins:/opt/ros/humble/opt/rviz_ogre_vendor/lib:/opt/ros/humble/lib/x86_64-linux-gnu:/opt/ros/humble/lib:/usr/lib/x86_64-linux-gnu/gazebo-11/plugins:/usr/lib/x86_64-linux-gnu/gazebo-11/plugins:/usr/lib/x86_64-linux-gnu/gazebo-11/plugins /usr/bin/cmake --build /home/student/ros2_ws/build/gazebo_map_creator -- -j8 -l8
[52.768s] Invoking command in '/home/student/ros2_ws/build/gazebo_map_creator': CMAKE_PREFIX_PATH=/home/student/ros2_ws/install/gazebo_map_creator_interface:/home/student/ros2_ws/install/turtlesim:/home/student/ros2_ws/install/turtlebot3:/home/student/ros2_ws/install/turtlebot3_simulations:/home/student/ros2_ws/install/turtlebot3_bringup:/home/student/ros2_ws/install/turtlebot3_node:/home/student/ros2_ws/install/turtlebot3_navigation2:/home/student/ros2_ws/install/turtlebot3_fake_node:/home/student/ros2_ws/install/turtlebot3_msgs:/home/student/ros2_ws/install/turtlebot3_gazebo:/home/student/ros2_ws/install/turtlebot3_description:/home/student/ros2_ws/install/turtlebot3_cartographer:/home/student/ros2_ws/install/rtabmap_conversions:/home/student/ros2_ws/install/rtabmap_msgs:/home/student/ros2_ws/install/rtabmap:/home/student/ros2_ws/install/object_excluder:/home/student/ros2_ws/install/my_custom_launch:/home/student/ros2_ws/install/gazebo_map_creator:/home/student/ros2_ws/install/dynamixel_sdk_examples:/home/student/ros2_ws/install/dynamixel_sdk_custom_interfaces:/home/student/ros2_ws/install/dynamixel_sdk:/opt/ros/humble:/home/student/ros2_ws/install/turtlebot3_teleop:/home/student/ros2_ws/install/turtlebot3_example:/home/student/ros2_ws/install/rtabmap_python LD_LIBRARY_PATH=/home/student/ros2_ws/install/gazebo_map_creator_interface/lib:/home/student/ros2_ws/install/turtlesim/lib:/home/student/ros2_ws/install/turtlebot3_msgs/lib:/home/student/ros2_ws/install/rtabmap_conversions/lib:/home/student/ros2_ws/install/rtabmap_msgs/lib:/home/student/ros2_ws/install/rtabmap/lib:/home/student/ros2_ws/install/gazebo_map_creator/lib:/home/student/ros2_ws/install/dynamixel_sdk_custom_interfaces/lib:/home/student/ros2_ws/install/dynamixel_sdk/lib:/usr/lib/x86_64-linux-gnu/gazebo-11/plugins:/opt/ros/humble/opt/rviz_ogre_vendor/lib:/opt/ros/humble/lib/x86_64-linux-gnu:/opt/ros/humble/lib:/usr/lib/x86_64-linux-gnu/gazebo-11/plugins:/usr/lib/x86_64-linux-gnu/gazebo-11/plugins:/usr/lib/x86_64-linux-gnu/gazebo-11/plugins /usr/bin/cmake --install /home/student/ros2_ws/build/gazebo_map_creator
[52.781s] -- Install configuration: ""
[52.781s] -- Installing: /home/student/ros2_ws/install/gazebo_map_creator/share/gazebo_map_creator/environment/library_path.sh
[52.781s] -- Installing: /home/student/ros2_ws/install/gazebo_map_creator/share/gazebo_map_creator/environment/library_path.dsv
[52.782s] -- Installing: /home/student/ros2_ws/install/gazebo_map_creator/share/gazebo_map_creator/scripts
[52.782s] -- Installing: /home/student/ros2_ws/install/gazebo_map_creator/share/gazebo_map_creator/scripts/request_map.py
[52.782s] -- Installing: /home/student/ros2_ws/install/gazebo_map_creator/lib/libgazebo_map_creator.so
[52.790s] -- Set runtime path of "/home/student/ros2_ws/install/gazebo_map_creator/lib/libgazebo_map_creator.so" to ""
[52.790s] -- Installing: /home/student/ros2_ws/install/gazebo_map_creator/lib/gazebo_map_creator/request_map.py
[52.791s] -- Installing: /home/student/ros2_ws/install/gazebo_map_creator/share/ament_index/resource_index/package_run_dependencies/gazebo_map_creator
[52.791s] -- Installing: /home/student/ros2_ws/install/gazebo_map_creator/share/ament_index/resource_index/parent_prefix_path/gazebo_map_creator
[52.792s] -- Installing: /home/student/ros2_ws/install/gazebo_map_creator/share/gazebo_map_creator/environment/ament_prefix_path.sh
[52.792s] -- Installing: /home/student/ros2_ws/install/gazebo_map_creator/share/gazebo_map_creator/environment/ament_prefix_path.dsv
[52.793s] -- Installing: /home/student/ros2_ws/install/gazebo_map_creator/share/gazebo_map_creator/environment/path.sh
[52.793s] -- Installing: /home/student/ros2_ws/install/gazebo_map_creator/share/gazebo_map_creator/environment/path.dsv
[52.793s] -- Installing: /home/student/ros2_ws/install/gazebo_map_creator/share/gazebo_map_creator/local_setup.bash
[52.793s] -- Installing: /home/student/ros2_ws/install/gazebo_map_creator/share/gazebo_map_creator/local_setup.sh
[52.794s] -- Installing: /home/student/ros2_ws/install/gazebo_map_creator/share/gazebo_map_creator/local_setup.zsh
[52.794s] -- Installing: /home/student/ros2_ws/install/gazebo_map_creator/share/gazebo_map_creator/local_setup.dsv
[52.794s] -- Installing: /home/student/ros2_ws/install/gazebo_map_creator/share/gazebo_map_creator/package.dsv
[52.795s] -- Installing: /home/student/ros2_ws/install/gazebo_map_creator/share/ament_index/resource_index/packages/gazebo_map_creator
[52.795s] -- Installing: /home/student/ros2_ws/install/gazebo_map_creator/share/gazebo_map_creator/cmake/ament_cmake_export_libraries-extras.cmake
[52.796s] -- Installing: /home/student/ros2_ws/install/gazebo_map_creator/share/gazebo_map_creator/cmake/ament_cmake_export_dependencies-extras.cmake
[52.796s] -- Installing: /home/student/ros2_ws/install/gazebo_map_creator/share/gazebo_map_creator/cmake/gazebo_map_creatorConfig.cmake
[52.796s] -- Installing: /home/student/ros2_ws/install/gazebo_map_creator/share/gazebo_map_creator/cmake/gazebo_map_creatorConfig-version.cmake
[52.796s] -- Installing: /home/student/ros2_ws/install/gazebo_map_creator/share/gazebo_map_creator/package.xml
[52.801s] Invoked command in '/home/student/ros2_ws/build/gazebo_map_creator' returned '0': CMAKE_PREFIX_PATH=/home/student/ros2_ws/install/gazebo_map_creator_interface:/home/student/ros2_ws/install/turtlesim:/home/student/ros2_ws/install/turtlebot3:/home/student/ros2_ws/install/turtlebot3_simulations:/home/student/ros2_ws/install/turtlebot3_bringup:/home/student/ros2_ws/install/turtlebot3_node:/home/student/ros2_ws/install/turtlebot3_navigation2:/home/student/ros2_ws/install/turtlebot3_fake_node:/home/student/ros2_ws/install/turtlebot3_msgs:/home/student/ros2_ws/install/turtlebot3_gazebo:/home/student/ros2_ws/install/turtlebot3_description:/home/student/ros2_ws/install/turtlebot3_cartographer:/home/student/ros2_ws/install/rtabmap_conversions:/home/student/ros2_ws/install/rtabmap_msgs:/home/student/ros2_ws/install/rtabmap:/home/student/ros2_ws/install/object_excluder:/home/student/ros2_ws/install/my_custom_launch:/home/student/ros2_ws/install/gazebo_map_creator:/home/student/ros2_ws/install/dynamixel_sdk_examples:/home/student/ros2_ws/install/dynamixel_sdk_custom_interfaces:/home/student/ros2_ws/install/dynamixel_sdk:/opt/ros/humble:/home/student/ros2_ws/install/turtlebot3_teleop:/home/student/ros2_ws/install/turtlebot3_example:/home/student/ros2_ws/install/rtabmap_python LD_LIBRARY_PATH=/home/student/ros2_ws/install/gazebo_map_creator_interface/lib:/home/student/ros2_ws/install/turtlesim/lib:/home/student/ros2_ws/install/turtlebot3_msgs/lib:/home/student/ros2_ws/install/rtabmap_conversions/lib:/home/student/ros2_ws/install/rtabmap_msgs/lib:/home/student/ros2_ws/install/rtabmap/lib:/home/student/ros2_ws/install/gazebo_map_creator/lib:/home/student/ros2_ws/install/dynamixel_sdk_custom_interfaces/lib:/home/student/ros2_ws/install/dynamixel_sdk/lib:/usr/lib/x86_64-linux-gnu/gazebo-11/plugins:/opt/ros/humble/opt/rviz_ogre_vendor/lib:/opt/ros/humble/lib/x86_64-linux-gnu:/opt/ros/humble/lib:/usr/lib/x86_64-linux-gnu/gazebo-11/plugins:/usr/lib/x86_64-linux-gnu/gazebo-11/plugins:/usr/lib/x86_64-linux-gnu/gazebo-11/plugins /usr/bin/cmake --install /home/student/ros2_ws/build/gazebo_map_creator
