[0.023s] Invoking command in '/home/student/ros2_ws/src/build/global_controller_single_robot': CMAKE_PREFIX_PATH=${CMAKE_PREFIX_PATH}:/home/student/ros2_ws/install/turtlebot3_teleop:/home/student/ros2_ws/install/turtlebot3_example:/opt/ros/humble /usr/bin/cmake /home/student/ros2_ws/src/global_controller_single_robot -DCMAKE_INSTALL_PREFIX=/home/student/ros2_ws/src/install/global_controller_single_robot
[0.044s] -- Found ament_cmake: 1.3.10 (/opt/ros/humble/share/ament_cmake/cmake)
[0.289s] -- Found rclcpp: 16.0.10 (/opt/ros/humble/share/rclcpp/cmake)
[0.341s] -- Found rosidl_generator_c: 3.1.5 (/opt/ros/humble/share/rosidl_generator_c/cmake)
[0.347s] -- Found rosidl_adapter: 3.1.5 (/opt/ros/humble/share/rosidl_adapter/cmake)
[0.356s] -- Found rosidl_generator_cpp: 3.1.5 (/opt/ros/humble/share/rosidl_generator_cpp/cmake)
[0.381s] -- Using all available rosidl_typesupport_c: rosidl_typesupport_fastrtps_c;rosidl_typesupport_introspection_c
[0.402s] -- Using all available rosidl_typesupport_cpp: rosidl_typesupport_fastrtps_cpp;rosidl_typesupport_introspection_cpp
[0.467s] -- Found rmw_implementation_cmake: 6.1.2 (/opt/ros/humble/share/rmw_implementation_cmake/cmake)
[0.471s] -- Found rmw_fastrtps_cpp: 6.2.7 (/opt/ros/humble/share/rmw_fastrtps_cpp/cmake)
[0.685s] -- Using RMW implementation 'rmw_fastrtps_cpp' as default
[0.818s] -- Found geometry_msgs: 4.2.4 (/opt/ros/humble/share/geometry_msgs/cmake)
[0.848s] -- Found nav_msgs: 4.2.4 (/opt/ros/humble/share/nav_msgs/cmake)
[0.907s] -- Found sensor_msgs: 4.2.4 (/opt/ros/humble/share/sensor_msgs/cmake)
[0.951s] -- Found tf2_geometry_msgs: 0.25.8 (/opt/ros/humble/share/tf2_geometry_msgs/cmake)
[1.017s] -- Found eigen3_cmake_module: 0.1.1 (/opt/ros/humble/share/eigen3_cmake_module/cmake)
[1.031s] -- Found Eigen3: TRUE (found version "3.4.0") 
[1.031s] -- Ensuring Eigen3 include directory is part of orocos-kdl CMake target
[1.346s] -- Found OpenCV: /usr (found version "4.5.4") 
[1.364s] -- Found nlohmann_json: /usr/lib/cmake/nlohmann_json/nlohmann_jsonConfig.cmake (found version "3.10.5") 
[1.407s] [31mCMake Error at CMakeLists.txt:14 (find_package):
[1.407s]   By not providing "Findwarehouse_robot_msgs.cmake" in CMAKE_MODULE_PATH this
[1.407s]   project has asked CMake to find a package configuration file provided by
[1.407s]   "warehouse_robot_msgs", but CMake did not find one.
[1.407s] 
[1.407s]   Could not find a package configuration file provided by
[1.407s]   "warehouse_robot_msgs" with any of the following names:
[1.408s] 
[1.408s]     warehouse_robot_msgsConfig.cmake
[1.408s]     warehouse_robot_msgs-config.cmake
[1.408s] 
[1.408s]   Add the installation prefix of "warehouse_robot_msgs" to CMAKE_PREFIX_PATH
[1.408s]   or set "warehouse_robot_msgs_DIR" to a directory containing one of the
[1.408s]   above files.  If "warehouse_robot_msgs" provides a separate development
[1.408s]   package or SDK, be sure it has been installed.
[1.409s] 
[1.409s] [0m
[1.409s] -- Configuring incomplete, errors occurred!
[1.409s] See also "/home/student/ros2_ws/src/build/global_controller_single_robot/CMakeFiles/CMakeOutput.log".
[1.460s] Invoked command in '/home/student/ros2_ws/src/build/global_controller_single_robot' returned '1': CMAKE_PREFIX_PATH=${CMAKE_PREFIX_PATH}:/home/student/ros2_ws/install/turtlebot3_teleop:/home/student/ros2_ws/install/turtlebot3_example:/opt/ros/humble /usr/bin/cmake /home/student/ros2_ws/src/global_controller_single_robot -DCMAKE_INSTALL_PREFIX=/home/student/ros2_ws/src/install/global_controller_single_robot
