[35m[1mConsolidate compiler generated dependencies of target gazebo_map_creator_interface__rosidl_generator_c[0m
[  3%] Built target gazebo_map_creator_interface__cpp
[35m[1mConsolidate compiler generated dependencies of target gazebo_map_creator_interface__rosidl_typesupport_introspection_cpp[0m
[35m[1mConsolidate compiler generated dependencies of target gazebo_map_creator_interface__rosidl_typesupport_cpp[0m
[  3%] Built target ament_cmake_python_copy_gazebo_map_creator_interface
[ 12%] Built target gazebo_map_creator_interface__rosidl_generator_c
[35m[1mConsolidate compiler generated dependencies of target gazebo_map_creator_interface__rosidl_typesupport_fastrtps_cpp[0m
[ 22%] Built target gazebo_map_creator_interface__rosidl_typesupport_introspection_cpp
[35m[1mConsolidate compiler generated dependencies of target gazebo_map_creator_interface__rosidl_typesupport_introspection_c[0m
[ 32%] Built target gazebo_map_creator_interface__rosidl_typesupport_cpp
[35m[1mConsolidate compiler generated dependencies of target gazebo_map_creator_interface__rosidl_typesupport_c[0m
[35m[1mConsolidate compiler generated dependencies of target gazebo_map_creator_interface__rosidl_typesupport_fastrtps_c[0m
[ 41%] Built target gazebo_map_creator_interface__rosidl_typesupport_c
[ 51%] Built target gazebo_map_creator_interface__rosidl_typesupport_introspection_c
[ 61%] Built target gazebo_map_creator_interface__rosidl_typesupport_fastrtps_cpp
[ 70%] Built target gazebo_map_creator_interface__rosidl_typesupport_fastrtps_c
[ 70%] Built target gazebo_map_creator_interface
[ 74%] Built target gazebo_map_creator_interface__py
[35m[1mConsolidate compiler generated dependencies of target gazebo_map_creator_interface__rosidl_generator_py[0m
[ 80%] Built target gazebo_map_creator_interface__rosidl_generator_py
[35m[1mConsolidate compiler generated dependencies of target gazebo_map_creator_interface__rosidl_typesupport_fastrtps_c__pyext[0m
[35m[1mConsolidate compiler generated dependencies of target gazebo_map_creator_interface__rosidl_typesupport_c__pyext[0m
[35m[1mConsolidate compiler generated dependencies of target gazebo_map_creator_interface__rosidl_typesupport_introspection_c__pyext[0m
[ 87%] Built target gazebo_map_creator_interface__rosidl_typesupport_introspection_c__pyext
[ 93%] Built target gazebo_map_creator_interface__rosidl_typesupport_c__pyext
[100%] Built target gazebo_map_creator_interface__rosidl_typesupport_fastrtps_c__pyext
running egg_info
writing gazebo_map_creator_interface.egg-info/PKG-INFO
writing dependency_links to gazebo_map_creator_interface.egg-info/dependency_links.txt
writing top-level names to gazebo_map_creator_interface.egg-info/top_level.txt
reading manifest file 'gazebo_map_creator_interface.egg-info/SOURCES.txt'
writing manifest file 'gazebo_map_creator_interface.egg-info/SOURCES.txt'
[100%] Built target ament_cmake_python_build_gazebo_map_creator_interface_egg
-- Install configuration: ""
-- Installing: /home/student/ros2_ws/src/install/gazebo_map_creator_interface/share/ament_index/resource_index/rosidl_interfaces/gazebo_map_creator_interface
-- Installing: /home/student/ros2_ws/src/install/gazebo_map_creator_interface/include/gazebo_map_creator_interface/gazebo_map_creator_interface
-- Installing: /home/student/ros2_ws/src/install/gazebo_map_creator_interface/include/gazebo_map_creator_interface/gazebo_map_creator_interface/msg
-- Installing: /home/student/ros2_ws/src/install/gazebo_map_creator_interface/include/gazebo_map_creator_interface/gazebo_map_creator_interface/msg/rosidl_generator_c__visibility_control.h
-- Installing: /home/student/ros2_ws/src/install/gazebo_map_creator_interface/include/gazebo_map_creator_interface/gazebo_map_creator_interface/srv
-- Installing: /home/student/ros2_ws/src/install/gazebo_map_creator_interface/include/gazebo_map_creator_interface/gazebo_map_creator_interface/srv/map_request.h
-- Installing: /home/student/ros2_ws/src/install/gazebo_map_creator_interface/include/gazebo_map_creator_interface/gazebo_map_creator_interface/srv/detail
-- Installing: /home/student/ros2_ws/src/install/gazebo_map_creator_interface/include/gazebo_map_creator_interface/gazebo_map_creator_interface/srv/detail/map_request__type_support.h
-- Installing: /home/student/ros2_ws/src/install/gazebo_map_creator_interface/include/gazebo_map_creator_interface/gazebo_map_creator_interface/srv/detail/map_request__functions.c
-- Installing: /home/student/ros2_ws/src/install/gazebo_map_creator_interface/include/gazebo_map_creator_interface/gazebo_map_creator_interface/srv/detail/map_request__struct.h
-- Installing: /home/student/ros2_ws/src/install/gazebo_map_creator_interface/include/gazebo_map_creator_interface/gazebo_map_creator_interface/srv/detail/map_request__functions.h
-- Installing: /home/student/ros2_ws/src/install/gazebo_map_creator_interface/share/gazebo_map_creator_interface/environment/library_path.sh
-- Installing: /home/student/ros2_ws/src/install/gazebo_map_creator_interface/share/gazebo_map_creator_interface/environment/library_path.dsv
-- Installing: /home/student/ros2_ws/src/install/gazebo_map_creator_interface/lib/libgazebo_map_creator_interface__rosidl_generator_c.so
-- Set runtime path of "/home/student/ros2_ws/src/install/gazebo_map_creator_interface/lib/libgazebo_map_creator_interface__rosidl_generator_c.so" to ""
-- Up-to-date: /home/student/ros2_ws/src/install/gazebo_map_creator_interface/include/gazebo_map_creator_interface/gazebo_map_creator_interface
-- Up-to-date: /home/student/ros2_ws/src/install/gazebo_map_creator_interface/include/gazebo_map_creator_interface/gazebo_map_creator_interface/msg
-- Installing: /home/student/ros2_ws/src/install/gazebo_map_creator_interface/include/gazebo_map_creator_interface/gazebo_map_creator_interface/msg/rosidl_typesupport_fastrtps_c__visibility_control.h
-- Up-to-date: /home/student/ros2_ws/src/install/gazebo_map_creator_interface/include/gazebo_map_creator_interface/gazebo_map_creator_interface/srv
-- Up-to-date: /home/student/ros2_ws/src/install/gazebo_map_creator_interface/include/gazebo_map_creator_interface/gazebo_map_creator_interface/srv/detail
-- Installing: /home/student/ros2_ws/src/install/gazebo_map_creator_interface/include/gazebo_map_creator_interface/gazebo_map_creator_interface/srv/detail/map_request__rosidl_typesupport_fastrtps_c.h
-- Installing: /home/student/ros2_ws/src/install/gazebo_map_creator_interface/lib/libgazebo_map_creator_interface__rosidl_typesupport_fastrtps_c.so
-- Set runtime path of "/home/student/ros2_ws/src/install/gazebo_map_creator_interface/lib/libgazebo_map_creator_interface__rosidl_typesupport_fastrtps_c.so" to ""
-- Up-to-date: /home/student/ros2_ws/src/install/gazebo_map_creator_interface/include/gazebo_map_creator_interface/gazebo_map_creator_interface
-- Up-to-date: /home/student/ros2_ws/src/install/gazebo_map_creator_interface/include/gazebo_map_creator_interface/gazebo_map_creator_interface/srv
-- Installing: /home/student/ros2_ws/src/install/gazebo_map_creator_interface/include/gazebo_map_creator_interface/gazebo_map_creator_interface/srv/map_request.hpp
-- Up-to-date: /home/student/ros2_ws/src/install/gazebo_map_creator_interface/include/gazebo_map_creator_interface/gazebo_map_creator_interface/srv/detail
-- Installing: /home/student/ros2_ws/src/install/gazebo_map_creator_interface/include/gazebo_map_creator_interface/gazebo_map_creator_interface/srv/detail/map_request__traits.hpp
-- Installing: /home/student/ros2_ws/src/install/gazebo_map_creator_interface/include/gazebo_map_creator_interface/gazebo_map_creator_interface/srv/detail/map_request__struct.hpp
-- Installing: /home/student/ros2_ws/src/install/gazebo_map_creator_interface/include/gazebo_map_creator_interface/gazebo_map_creator_interface/srv/detail/map_request__builder.hpp
-- Up-to-date: /home/student/ros2_ws/src/install/gazebo_map_creator_interface/include/gazebo_map_creator_interface/gazebo_map_creator_interface
-- Up-to-date: /home/student/ros2_ws/src/install/gazebo_map_creator_interface/include/gazebo_map_creator_interface/gazebo_map_creator_interface/msg
-- Installing: /home/student/ros2_ws/src/install/gazebo_map_creator_interface/include/gazebo_map_creator_interface/gazebo_map_creator_interface/msg/rosidl_typesupport_fastrtps_cpp__visibility_control.h
-- Up-to-date: /home/student/ros2_ws/src/install/gazebo_map_creator_interface/include/gazebo_map_creator_interface/gazebo_map_creator_interface/srv
-- Up-to-date: /home/student/ros2_ws/src/install/gazebo_map_creator_interface/include/gazebo_map_creator_interface/gazebo_map_creator_interface/srv/detail
-- Installing: /home/student/ros2_ws/src/install/gazebo_map_creator_interface/include/gazebo_map_creator_interface/gazebo_map_creator_interface/srv/detail/dds_fastrtps
-- Installing: /home/student/ros2_ws/src/install/gazebo_map_creator_interface/include/gazebo_map_creator_interface/gazebo_map_creator_interface/srv/detail/map_request__rosidl_typesupport_fastrtps_cpp.hpp
-- Installing: /home/student/ros2_ws/src/install/gazebo_map_creator_interface/lib/libgazebo_map_creator_interface__rosidl_typesupport_fastrtps_cpp.so
-- Set runtime path of "/home/student/ros2_ws/src/install/gazebo_map_creator_interface/lib/libgazebo_map_creator_interface__rosidl_typesupport_fastrtps_cpp.so" to ""
-- Up-to-date: /home/student/ros2_ws/src/install/gazebo_map_creator_interface/include/gazebo_map_creator_interface/gazebo_map_creator_interface
-- Up-to-date: /home/student/ros2_ws/src/install/gazebo_map_creator_interface/include/gazebo_map_creator_interface/gazebo_map_creator_interface/msg
-- Installing: /home/student/ros2_ws/src/install/gazebo_map_creator_interface/include/gazebo_map_creator_interface/gazebo_map_creator_interface/msg/rosidl_typesupport_introspection_c__visibility_control.h
-- Up-to-date: /home/student/ros2_ws/src/install/gazebo_map_creator_interface/include/gazebo_map_creator_interface/gazebo_map_creator_interface/srv
-- Up-to-date: /home/student/ros2_ws/src/install/gazebo_map_creator_interface/include/gazebo_map_creator_interface/gazebo_map_creator_interface/srv/detail
-- Installing: /home/student/ros2_ws/src/install/gazebo_map_creator_interface/include/gazebo_map_creator_interface/gazebo_map_creator_interface/srv/detail/map_request__type_support.c
-- Installing: /home/student/ros2_ws/src/install/gazebo_map_creator_interface/include/gazebo_map_creator_interface/gazebo_map_creator_interface/srv/detail/map_request__rosidl_typesupport_introspection_c.h
-- Installing: /home/student/ros2_ws/src/install/gazebo_map_creator_interface/lib/libgazebo_map_creator_interface__rosidl_typesupport_introspection_c.so
-- Set runtime path of "/home/student/ros2_ws/src/install/gazebo_map_creator_interface/lib/libgazebo_map_creator_interface__rosidl_typesupport_introspection_c.so" to ""
-- Installing: /home/student/ros2_ws/src/install/gazebo_map_creator_interface/lib/libgazebo_map_creator_interface__rosidl_typesupport_c.so
-- Set runtime path of "/home/student/ros2_ws/src/install/gazebo_map_creator_interface/lib/libgazebo_map_creator_interface__rosidl_typesupport_c.so" to ""
-- Up-to-date: /home/student/ros2_ws/src/install/gazebo_map_creator_interface/include/gazebo_map_creator_interface/gazebo_map_creator_interface
-- Up-to-date: /home/student/ros2_ws/src/install/gazebo_map_creator_interface/include/gazebo_map_creator_interface/gazebo_map_creator_interface/srv
-- Up-to-date: /home/student/ros2_ws/src/install/gazebo_map_creator_interface/include/gazebo_map_creator_interface/gazebo_map_creator_interface/srv/detail
-- Installing: /home/student/ros2_ws/src/install/gazebo_map_creator_interface/include/gazebo_map_creator_interface/gazebo_map_creator_interface/srv/detail/map_request__type_support.cpp
-- Installing: /home/student/ros2_ws/src/install/gazebo_map_creator_interface/include/gazebo_map_creator_interface/gazebo_map_creator_interface/srv/detail/map_request__rosidl_typesupport_introspection_cpp.hpp
-- Installing: /home/student/ros2_ws/src/install/gazebo_map_creator_interface/lib/libgazebo_map_creator_interface__rosidl_typesupport_introspection_cpp.so
-- Set runtime path of "/home/student/ros2_ws/src/install/gazebo_map_creator_interface/lib/libgazebo_map_creator_interface__rosidl_typesupport_introspection_cpp.so" to ""
-- Installing: /home/student/ros2_ws/src/install/gazebo_map_creator_interface/lib/libgazebo_map_creator_interface__rosidl_typesupport_cpp.so
-- Set runtime path of "/home/student/ros2_ws/src/install/gazebo_map_creator_interface/lib/libgazebo_map_creator_interface__rosidl_typesupport_cpp.so" to ""
-- Installing: /home/student/ros2_ws/src/install/gazebo_map_creator_interface/share/gazebo_map_creator_interface/environment/pythonpath.sh
-- Installing: /home/student/ros2_ws/src/install/gazebo_map_creator_interface/share/gazebo_map_creator_interface/environment/pythonpath.dsv
-- Installing: /home/student/ros2_ws/src/install/gazebo_map_creator_interface/local/lib/python3.10/dist-packages/gazebo_map_creator_interface-3.5.3-py3.10.egg-info
-- Installing: /home/student/ros2_ws/src/install/gazebo_map_creator_interface/local/lib/python3.10/dist-packages/gazebo_map_creator_interface-3.5.3-py3.10.egg-info/dependency_links.txt
-- Installing: /home/student/ros2_ws/src/install/gazebo_map_creator_interface/local/lib/python3.10/dist-packages/gazebo_map_creator_interface-3.5.3-py3.10.egg-info/PKG-INFO
-- Installing: /home/student/ros2_ws/src/install/gazebo_map_creator_interface/local/lib/python3.10/dist-packages/gazebo_map_creator_interface-3.5.3-py3.10.egg-info/top_level.txt
-- Installing: /home/student/ros2_ws/src/install/gazebo_map_creator_interface/local/lib/python3.10/dist-packages/gazebo_map_creator_interface-3.5.3-py3.10.egg-info/SOURCES.txt
-- Installing: /home/student/ros2_ws/src/install/gazebo_map_creator_interface/local/lib/python3.10/dist-packages/gazebo_map_creator_interface
-- Installing: /home/student/ros2_ws/src/install/gazebo_map_creator_interface/local/lib/python3.10/dist-packages/gazebo_map_creator_interface/gazebo_map_creator_interface_s__rosidl_typesupport_introspection_c.cpython-310-x86_64-linux-gnu.so
-- Installing: /home/student/ros2_ws/src/install/gazebo_map_creator_interface/local/lib/python3.10/dist-packages/gazebo_map_creator_interface/__init__.py
-- Installing: /home/student/ros2_ws/src/install/gazebo_map_creator_interface/local/lib/python3.10/dist-packages/gazebo_map_creator_interface/gazebo_map_creator_interface_s__rosidl_typesupport_c.cpython-310-x86_64-linux-gnu.so
-- Installing: /home/student/ros2_ws/src/install/gazebo_map_creator_interface/local/lib/python3.10/dist-packages/gazebo_map_creator_interface/srv
-- Installing: /home/student/ros2_ws/src/install/gazebo_map_creator_interface/local/lib/python3.10/dist-packages/gazebo_map_creator_interface/srv/__init__.py
-- Installing: /home/student/ros2_ws/src/install/gazebo_map_creator_interface/local/lib/python3.10/dist-packages/gazebo_map_creator_interface/srv/_map_request.py
-- Installing: /home/student/ros2_ws/src/install/gazebo_map_creator_interface/local/lib/python3.10/dist-packages/gazebo_map_creator_interface/srv/_map_request_s.c
-- Installing: /home/student/ros2_ws/src/install/gazebo_map_creator_interface/local/lib/python3.10/dist-packages/gazebo_map_creator_interface/_gazebo_map_creator_interface_s.ep.rosidl_typesupport_c.c
-- Installing: /home/student/ros2_ws/src/install/gazebo_map_creator_interface/local/lib/python3.10/dist-packages/gazebo_map_creator_interface/gazebo_map_creator_interface_s__rosidl_typesupport_fastrtps_c.cpython-310-x86_64-linux-gnu.so
-- Installing: /home/student/ros2_ws/src/install/gazebo_map_creator_interface/local/lib/python3.10/dist-packages/gazebo_map_creator_interface/_gazebo_map_creator_interface_s.ep.rosidl_typesupport_introspection_c.c
-- Installing: /home/student/ros2_ws/src/install/gazebo_map_creator_interface/local/lib/python3.10/dist-packages/gazebo_map_creator_interface/_gazebo_map_creator_interface_s.ep.rosidl_typesupport_fastrtps_c.c
-- Installing: /home/student/ros2_ws/src/install/gazebo_map_creator_interface/local/lib/python3.10/dist-packages/gazebo_map_creator_interface/libgazebo_map_creator_interface__rosidl_generator_py.so
Listing '/home/student/ros2_ws/src/install/gazebo_map_creator_interface/local/lib/python3.10/dist-packages/gazebo_map_creator_interface'...
Compiling '/home/student/ros2_ws/src/install/gazebo_map_creator_interface/local/lib/python3.10/dist-packages/gazebo_map_creator_interface/__init__.py'...
Listing '/home/student/ros2_ws/src/install/gazebo_map_creator_interface/local/lib/python3.10/dist-packages/gazebo_map_creator_interface/srv'...
Compiling '/home/student/ros2_ws/src/install/gazebo_map_creator_interface/local/lib/python3.10/dist-packages/gazebo_map_creator_interface/srv/__init__.py'...
Compiling '/home/student/ros2_ws/src/install/gazebo_map_creator_interface/local/lib/python3.10/dist-packages/gazebo_map_creator_interface/srv/_map_request.py'...
-- Installing: /home/student/ros2_ws/src/install/gazebo_map_creator_interface/local/lib/python3.10/dist-packages/gazebo_map_creator_interface/gazebo_map_creator_interface_s__rosidl_typesupport_fastrtps_c.cpython-310-x86_64-linux-gnu.so
-- Set runtime path of "/home/student/ros2_ws/src/install/gazebo_map_creator_interface/local/lib/python3.10/dist-packages/gazebo_map_creator_interface/gazebo_map_creator_interface_s__rosidl_typesupport_fastrtps_c.cpython-310-x86_64-linux-gnu.so" to ""
-- Installing: /home/student/ros2_ws/src/install/gazebo_map_creator_interface/local/lib/python3.10/dist-packages/gazebo_map_creator_interface/gazebo_map_creator_interface_s__rosidl_typesupport_introspection_c.cpython-310-x86_64-linux-gnu.so
-- Set runtime path of "/home/student/ros2_ws/src/install/gazebo_map_creator_interface/local/lib/python3.10/dist-packages/gazebo_map_creator_interface/gazebo_map_creator_interface_s__rosidl_typesupport_introspection_c.cpython-310-x86_64-linux-gnu.so" to ""
-- Installing: /home/student/ros2_ws/src/install/gazebo_map_creator_interface/local/lib/python3.10/dist-packages/gazebo_map_creator_interface/gazebo_map_creator_interface_s__rosidl_typesupport_c.cpython-310-x86_64-linux-gnu.so
-- Set runtime path of "/home/student/ros2_ws/src/install/gazebo_map_creator_interface/local/lib/python3.10/dist-packages/gazebo_map_creator_interface/gazebo_map_creator_interface_s__rosidl_typesupport_c.cpython-310-x86_64-linux-gnu.so" to ""
-- Installing: /home/student/ros2_ws/src/install/gazebo_map_creator_interface/lib/libgazebo_map_creator_interface__rosidl_generator_py.so
-- Set runtime path of "/home/student/ros2_ws/src/install/gazebo_map_creator_interface/lib/libgazebo_map_creator_interface__rosidl_generator_py.so" to ""
-- Installing: /home/student/ros2_ws/src/install/gazebo_map_creator_interface/share/gazebo_map_creator_interface/srv/MapRequest.idl
-- Installing: /home/student/ros2_ws/src/install/gazebo_map_creator_interface/share/gazebo_map_creator_interface/srv/MapRequest.srv
-- Installing: /home/student/ros2_ws/src/install/gazebo_map_creator_interface/share/gazebo_map_creator_interface/srv/MapRequest_Request.msg
-- Installing: /home/student/ros2_ws/src/install/gazebo_map_creator_interface/share/gazebo_map_creator_interface/srv/MapRequest_Response.msg
-- Installing: /home/student/ros2_ws/src/install/gazebo_map_creator_interface/share/ament_index/resource_index/package_run_dependencies/gazebo_map_creator_interface
-- Installing: /home/student/ros2_ws/src/install/gazebo_map_creator_interface/share/ament_index/resource_index/parent_prefix_path/gazebo_map_creator_interface
-- Installing: /home/student/ros2_ws/src/install/gazebo_map_creator_interface/share/gazebo_map_creator_interface/environment/ament_prefix_path.sh
-- Installing: /home/student/ros2_ws/src/install/gazebo_map_creator_interface/share/gazebo_map_creator_interface/environment/ament_prefix_path.dsv
-- Installing: /home/student/ros2_ws/src/install/gazebo_map_creator_interface/share/gazebo_map_creator_interface/environment/path.sh
-- Installing: /home/student/ros2_ws/src/install/gazebo_map_creator_interface/share/gazebo_map_creator_interface/environment/path.dsv
-- Installing: /home/student/ros2_ws/src/install/gazebo_map_creator_interface/share/gazebo_map_creator_interface/local_setup.bash
-- Installing: /home/student/ros2_ws/src/install/gazebo_map_creator_interface/share/gazebo_map_creator_interface/local_setup.sh
-- Installing: /home/student/ros2_ws/src/install/gazebo_map_creator_interface/share/gazebo_map_creator_interface/local_setup.zsh
-- Installing: /home/student/ros2_ws/src/install/gazebo_map_creator_interface/share/gazebo_map_creator_interface/local_setup.dsv
-- Installing: /home/student/ros2_ws/src/install/gazebo_map_creator_interface/share/gazebo_map_creator_interface/package.dsv
-- Installing: /home/student/ros2_ws/src/install/gazebo_map_creator_interface/share/ament_index/resource_index/packages/gazebo_map_creator_interface
-- Installing: /home/student/ros2_ws/src/install/gazebo_map_creator_interface/share/gazebo_map_creator_interface/cmake/export_gazebo_map_creator_interface__rosidl_generator_cExport.cmake
-- Installing: /home/student/ros2_ws/src/install/gazebo_map_creator_interface/share/gazebo_map_creator_interface/cmake/export_gazebo_map_creator_interface__rosidl_generator_cExport-noconfig.cmake
-- Installing: /home/student/ros2_ws/src/install/gazebo_map_creator_interface/share/gazebo_map_creator_interface/cmake/export_gazebo_map_creator_interface__rosidl_typesupport_fastrtps_cExport.cmake
-- Installing: /home/student/ros2_ws/src/install/gazebo_map_creator_interface/share/gazebo_map_creator_interface/cmake/export_gazebo_map_creator_interface__rosidl_typesupport_fastrtps_cExport-noconfig.cmake
-- Installing: /home/student/ros2_ws/src/install/gazebo_map_creator_interface/share/gazebo_map_creator_interface/cmake/export_gazebo_map_creator_interface__rosidl_generator_cppExport.cmake
-- Installing: /home/student/ros2_ws/src/install/gazebo_map_creator_interface/share/gazebo_map_creator_interface/cmake/export_gazebo_map_creator_interface__rosidl_typesupport_fastrtps_cppExport.cmake
-- Installing: /home/student/ros2_ws/src/install/gazebo_map_creator_interface/share/gazebo_map_creator_interface/cmake/export_gazebo_map_creator_interface__rosidl_typesupport_fastrtps_cppExport-noconfig.cmake
-- Installing: /home/student/ros2_ws/src/install/gazebo_map_creator_interface/share/gazebo_map_creator_interface/cmake/gazebo_map_creator_interface__rosidl_typesupport_introspection_cExport.cmake
-- Installing: /home/student/ros2_ws/src/install/gazebo_map_creator_interface/share/gazebo_map_creator_interface/cmake/gazebo_map_creator_interface__rosidl_typesupport_introspection_cExport-noconfig.cmake
-- Installing: /home/student/ros2_ws/src/install/gazebo_map_creator_interface/share/gazebo_map_creator_interface/cmake/gazebo_map_creator_interface__rosidl_typesupport_cExport.cmake
-- Installing: /home/student/ros2_ws/src/install/gazebo_map_creator_interface/share/gazebo_map_creator_interface/cmake/gazebo_map_creator_interface__rosidl_typesupport_cExport-noconfig.cmake
-- Installing: /home/student/ros2_ws/src/install/gazebo_map_creator_interface/share/gazebo_map_creator_interface/cmake/gazebo_map_creator_interface__rosidl_typesupport_introspection_cppExport.cmake
-- Installing: /home/student/ros2_ws/src/install/gazebo_map_creator_interface/share/gazebo_map_creator_interface/cmake/gazebo_map_creator_interface__rosidl_typesupport_introspection_cppExport-noconfig.cmake
-- Installing: /home/student/ros2_ws/src/install/gazebo_map_creator_interface/share/gazebo_map_creator_interface/cmake/gazebo_map_creator_interface__rosidl_typesupport_cppExport.cmake
-- Installing: /home/student/ros2_ws/src/install/gazebo_map_creator_interface/share/gazebo_map_creator_interface/cmake/gazebo_map_creator_interface__rosidl_typesupport_cppExport-noconfig.cmake
-- Installing: /home/student/ros2_ws/src/install/gazebo_map_creator_interface/share/gazebo_map_creator_interface/cmake/export_gazebo_map_creator_interface__rosidl_generator_pyExport.cmake
-- Installing: /home/student/ros2_ws/src/install/gazebo_map_creator_interface/share/gazebo_map_creator_interface/cmake/export_gazebo_map_creator_interface__rosidl_generator_pyExport-noconfig.cmake
-- Installing: /home/student/ros2_ws/src/install/gazebo_map_creator_interface/share/gazebo_map_creator_interface/cmake/rosidl_cmake-extras.cmake
-- Installing: /home/student/ros2_ws/src/install/gazebo_map_creator_interface/share/gazebo_map_creator_interface/cmake/ament_cmake_export_dependencies-extras.cmake
-- Installing: /home/student/ros2_ws/src/install/gazebo_map_creator_interface/share/gazebo_map_creator_interface/cmake/ament_cmake_export_include_directories-extras.cmake
-- Installing: /home/student/ros2_ws/src/install/gazebo_map_creator_interface/share/gazebo_map_creator_interface/cmake/ament_cmake_export_libraries-extras.cmake
-- Installing: /home/student/ros2_ws/src/install/gazebo_map_creator_interface/share/gazebo_map_creator_interface/cmake/ament_cmake_export_targets-extras.cmake
-- Installing: /home/student/ros2_ws/src/install/gazebo_map_creator_interface/share/gazebo_map_creator_interface/cmake/rosidl_cmake_export_typesupport_targets-extras.cmake
-- Installing: /home/student/ros2_ws/src/install/gazebo_map_creator_interface/share/gazebo_map_creator_interface/cmake/rosidl_cmake_export_typesupport_libraries-extras.cmake
-- Installing: /home/student/ros2_ws/src/install/gazebo_map_creator_interface/share/gazebo_map_creator_interface/cmake/gazebo_map_creator_interfaceConfig.cmake
-- Installing: /home/student/ros2_ws/src/install/gazebo_map_creator_interface/share/gazebo_map_creator_interface/cmake/gazebo_map_creator_interfaceConfig-version.cmake
-- Installing: /home/student/ros2_ws/src/install/gazebo_map_creator_interface/share/gazebo_map_creator_interface/package.xml
