[0.398s] Invoking command in '/home/student/ros2_ws/build/apriltag_ros': CMAKE_PREFIX_PATH=${CMAKE_PREFIX_PATH}:/home/student/ros2_ws/install/turtlebot3_teleop:/home/student/ros2_ws/install/turtlebot3_example:/opt/ros/humble /usr/bin/cmake --build /home/student/ros2_ws/build/apriltag_ros -- -j8 -l8
[0.501s] [ 20%] Built target conversion
[0.502s] [ 40%] Built target tags
[0.511s] [ 60%] Built target apriltag_node
[0.552s] [ 80%] Built target pose_estimation
[0.630s] [100%] Built target AprilTagNode
[0.639s] Invoked command in '/home/student/ros2_ws/build/apriltag_ros' returned '0': CMAKE_PREFIX_PATH=${CMAKE_PREFIX_PATH}:/home/student/ros2_ws/install/turtlebot3_teleop:/home/student/ros2_ws/install/turtlebot3_example:/opt/ros/humble /usr/bin/cmake --build /home/student/ros2_ws/build/apriltag_ros -- -j8 -l8
[0.758s] Invoking command in '/home/student/ros2_ws/build/apriltag_ros': CMAKE_PREFIX_PATH=${CMAKE_PREFIX_PATH}:/home/student/ros2_ws/install/turtlebot3_teleop:/home/student/ros2_ws/install/turtlebot3_example:/opt/ros/humble /usr/bin/cmake --install /home/student/ros2_ws/build/apriltag_ros
[0.761s] -- Install configuration: ""
[0.762s] -- Up-to-date: /home/student/ros2_ws/install/apriltag_ros/lib/apriltag_ros/apriltag_node
[0.762s] -- Up-to-date: /home/student/ros2_ws/install/apriltag_ros/share/apriltag_ros/environment/library_path.sh
[0.763s] -- Up-to-date: /home/student/ros2_ws/install/apriltag_ros/share/apriltag_ros/environment/library_path.dsv
[0.764s] -- Up-to-date: /home/student/ros2_ws/install/apriltag_ros/lib/libAprilTagNode.so
[0.764s] -- Up-to-date: /home/student/ros2_ws/install/apriltag_ros/share/apriltag_ros/cfg
[0.764s] -- Up-to-date: /home/student/ros2_ws/install/apriltag_ros/share/apriltag_ros/cfg/tags_36h11.yaml
[0.765s] -- Up-to-date: /home/student/ros2_ws/install/apriltag_ros/share/apriltag_ros/launch
[0.765s] -- Up-to-date: /home/student/ros2_ws/install/apriltag_ros/share/apriltag_ros/launch/v4l2_36h11.launch.yml
[0.766s] -- Up-to-date: /home/student/ros2_ws/install/apriltag_ros/share/ament_index/resource_index/package_run_dependencies/apriltag_ros
[0.766s] -- Up-to-date: /home/student/ros2_ws/install/apriltag_ros/share/ament_index/resource_index/parent_prefix_path/apriltag_ros
[0.767s] -- Up-to-date: /home/student/ros2_ws/install/apriltag_ros/share/apriltag_ros/environment/ament_prefix_path.sh
[0.767s] -- Up-to-date: /home/student/ros2_ws/install/apriltag_ros/share/apriltag_ros/environment/ament_prefix_path.dsv
[0.768s] -- Up-to-date: /home/student/ros2_ws/install/apriltag_ros/share/apriltag_ros/environment/path.sh
[0.768s] -- Up-to-date: /home/student/ros2_ws/install/apriltag_ros/share/apriltag_ros/environment/path.dsv
[0.768s] -- Up-to-date: /home/student/ros2_ws/install/apriltag_ros/share/apriltag_ros/local_setup.bash
[0.769s] -- Up-to-date: /home/student/ros2_ws/install/apriltag_ros/share/apriltag_ros/local_setup.sh
[0.769s] -- Up-to-date: /home/student/ros2_ws/install/apriltag_ros/share/apriltag_ros/local_setup.zsh
[0.769s] -- Up-to-date: /home/student/ros2_ws/install/apriltag_ros/share/apriltag_ros/local_setup.dsv
[0.770s] -- Installing: /home/student/ros2_ws/install/apriltag_ros/share/apriltag_ros/package.dsv
[0.770s] -- Up-to-date: /home/student/ros2_ws/install/apriltag_ros/share/ament_index/resource_index/packages/apriltag_ros
[0.770s] -- Up-to-date: /home/student/ros2_ws/install/apriltag_ros/share/ament_index/resource_index/rclcpp_components/apriltag_ros
[0.770s] -- Up-to-date: /home/student/ros2_ws/install/apriltag_ros/share/apriltag_ros/cmake/apriltag_rosConfig.cmake
[0.771s] -- Up-to-date: /home/student/ros2_ws/install/apriltag_ros/share/apriltag_ros/cmake/apriltag_rosConfig-version.cmake
[0.771s] -- Up-to-date: /home/student/ros2_ws/install/apriltag_ros/share/apriltag_ros/package.xml
[0.780s] Invoked command in '/home/student/ros2_ws/build/apriltag_ros' returned '0': CMAKE_PREFIX_PATH=${CMAKE_PREFIX_PATH}:/home/student/ros2_ws/install/turtlebot3_teleop:/home/student/ros2_ws/install/turtlebot3_example:/opt/ros/humble /usr/bin/cmake --install /home/student/ros2_ws/build/apriltag_ros
