[0.038s] Invoking command in '/home/student/ros2_ws/src/build/gazebo_map_creator_interface': CMAKE_PREFIX_PATH=${CMAKE_PREFIX_PATH}:/home/student/ros2_ws/install/turtlebot3_teleop:/home/student/ros2_ws/install/turtlebot3_example:/opt/ros/humble /usr/bin/cmake /home/student/ros2_ws/src/gazebo_map_creator/gazebo_map_creator_interface -DCMAKE_INSTALL_PREFIX=/home/student/ros2_ws/src/install/gazebo_map_creator_interface
[0.130s] -- The C compiler identification is GNU 11.4.0
[0.225s] -- The CXX compiler identification is GNU 11.4.0
[0.236s] -- Detecting C compiler ABI info
[0.355s] -- Detecting C compiler ABI info - done
[0.369s] -- Check for working C compiler: /usr/bin/cc - skipped
[0.369s] -- Detecting C compile features
[0.370s] -- Detecting C compile features - done
[0.374s] -- Detecting CXX compiler ABI info
[0.531s] -- Detecting CXX compiler ABI info - done
[0.546s] -- Check for working CXX compiler: /usr/bin/c++ - skipped
[0.546s] -- Detecting CXX compile features
[0.549s] -- Detecting CXX compile features - done
[0.554s] -- Found ament_cmake: 1.3.10 (/opt/ros/humble/share/ament_cmake/cmake)
[0.813s] -- Found Python3: /usr/bin/python3 (found version "3.10.12") found components: Interpreter 
[1.002s] -- Found builtin_interfaces: 1.2.1 (/opt/ros/humble/share/builtin_interfaces/cmake)
[1.080s] -- Found rosidl_generator_c: 3.1.5 (/opt/ros/humble/share/rosidl_generator_c/cmake)
[1.093s] -- Found rosidl_adapter: 3.1.5 (/opt/ros/humble/share/rosidl_adapter/cmake)
[1.120s] -- Found rosidl_generator_cpp: 3.1.5 (/opt/ros/humble/share/rosidl_generator_cpp/cmake)
[1.149s] -- Using all available rosidl_typesupport_c: rosidl_typesupport_fastrtps_c;rosidl_typesupport_introspection_c
[1.177s] -- Using all available rosidl_typesupport_cpp: rosidl_typesupport_fastrtps_cpp;rosidl_typesupport_introspection_cpp
[1.222s] -- Found geometry_msgs: 4.2.4 (/opt/ros/humble/share/geometry_msgs/cmake)
[1.271s] -- Found rosidl_default_generators: 1.2.0 (/opt/ros/humble/share/rosidl_default_generators/cmake)
[1.942s] -- Found ament_cmake_cppcheck: 0.12.11 (/opt/ros/humble/share/ament_cmake_cppcheck/cmake)
[1.960s] -- Found ament_cmake_cpplint: 0.12.11 (/opt/ros/humble/share/ament_cmake_cpplint/cmake)
[1.976s] -- Found ament_cmake_uncrustify: 0.12.11 (/opt/ros/humble/share/ament_cmake_uncrustify/cmake)
[1.987s] -- Found ament_cmake_ros: 0.10.0 (/opt/ros/humble/share/ament_cmake_ros/cmake)
[2.674s] -- Using all available rosidl_typesupport_c: rosidl_typesupport_fastrtps_c;rosidl_typesupport_introspection_c
[2.960s] -- Using all available rosidl_typesupport_cpp: rosidl_typesupport_fastrtps_cpp;rosidl_typesupport_introspection_cpp
[2.999s] -- Found PythonInterp: /usr/bin/python3 (found suitable version "3.10.12", minimum required is "3.6") 
[3.003s] -- Found python_cmake_module: 0.10.0 (/opt/ros/humble/share/python_cmake_module/cmake)
[3.061s] -- Found PythonLibs: /usr/lib/x86_64-linux-gnu/libpython3.10.so (found suitable version "3.10.12", minimum required is "3.5") 
[3.061s] -- Using PYTHON_EXECUTABLE: /usr/bin/python3
[3.062s] -- Using PYTHON_INCLUDE_DIRS: /usr/include/python3.10
[3.062s] -- Using PYTHON_LIBRARIES: /usr/lib/x86_64-linux-gnu/libpython3.10.so
[3.098s] -- Found PythonExtra: .so  
[3.260s] -- Found ament_cmake_flake8: 0.12.11 (/opt/ros/humble/share/ament_cmake_flake8/cmake)
[3.285s] -- Found ament_cmake_pep257: 0.12.11 (/opt/ros/humble/share/ament_cmake_pep257/cmake)
[3.304s] -- Configuring done
[3.380s] -- Generating done
[3.384s] -- Build files have been written to: /home/student/ros2_ws/src/build/gazebo_map_creator_interface
[3.417s] Invoked command in '/home/student/ros2_ws/src/build/gazebo_map_creator_interface' returned '0': CMAKE_PREFIX_PATH=${CMAKE_PREFIX_PATH}:/home/student/ros2_ws/install/turtlebot3_teleop:/home/student/ros2_ws/install/turtlebot3_example:/opt/ros/humble /usr/bin/cmake /home/student/ros2_ws/src/gazebo_map_creator/gazebo_map_creator_interface -DCMAKE_INSTALL_PREFIX=/home/student/ros2_ws/src/install/gazebo_map_creator_interface
[3.418s] Invoking command in '/home/student/ros2_ws/src/build/gazebo_map_creator_interface': CMAKE_PREFIX_PATH=${CMAKE_PREFIX_PATH}:/home/student/ros2_ws/install/turtlebot3_teleop:/home/student/ros2_ws/install/turtlebot3_example:/opt/ros/humble /usr/bin/cmake --build /home/student/ros2_ws/src/build/gazebo_map_creator_interface -- -j8 -l8
[3.598s] [  3%] [34m[1mGenerating C code for ROS interfaces[0m
[3.598s] [  6%] [34m[1mGenerating C++ code for ROS interfaces[0m
[3.605s] [  6%] Built target ament_cmake_python_copy_gazebo_map_creator_interface
[4.537s] running egg_info
[4.541s] creating gazebo_map_creator_interface.egg-info
[4.542s] writing gazebo_map_creator_interface.egg-info/PKG-INFO
[4.542s] writing dependency_links to gazebo_map_creator_interface.egg-info/dependency_links.txt
[4.542s] writing top-level names to gazebo_map_creator_interface.egg-info/top_level.txt
[4.542s] writing manifest file 'gazebo_map_creator_interface.egg-info/SOURCES.txt'
[4.547s] reading manifest file 'gazebo_map_creator_interface.egg-info/SOURCES.txt'
[4.553s] writing manifest file 'gazebo_map_creator_interface.egg-info/SOURCES.txt'
[4.679s] [  6%] Built target ament_cmake_python_build_gazebo_map_creator_interface_egg
[4.986s] [  6%] Built target gazebo_map_creator_interface__cpp
[5.012s] [  9%] [32mBuilding C object CMakeFiles/gazebo_map_creator_interface__rosidl_generator_c.dir/rosidl_generator_c/gazebo_map_creator_interface/srv/detail/map_request__functions.c.o[0m
[5.030s] [ 12%] [34m[1mGenerating C++ type support for eProsima Fast-RTPS[0m
[5.030s] [ 16%] [34m[1mGenerating C++ introspection for ROS interfaces[0m
[5.053s] [ 19%] [34m[1mGenerating C++ type support dispatch for ROS interfaces[0m
[5.310s] [ 22%] [32m[1mLinking C shared library libgazebo_map_creator_interface__rosidl_generator_c.so[0m
[5.471s] [ 22%] Built target gazebo_map_creator_interface__rosidl_generator_c
[5.520s] [ 25%] [34m[1mGenerating C introspection for ROS interfaces[0m
[5.531s] [ 29%] [34m[1mGenerating C type support for eProsima Fast-RTPS[0m
[5.536s] [ 32%] [34m[1mGenerating C type support dispatch for ROS interfaces[0m
[6.537s] [ 35%] [32mBuilding CXX object CMakeFiles/gazebo_map_creator_interface__rosidl_typesupport_introspection_cpp.dir/rosidl_typesupport_introspection_cpp/gazebo_map_creator_interface/srv/detail/map_request__type_support.cpp.o[0m
[6.569s] [ 38%] [32mBuilding CXX object CMakeFiles/gazebo_map_creator_interface__rosidl_typesupport_cpp.dir/rosidl_typesupport_cpp/gazebo_map_creator_interface/srv/map_request__type_support.cpp.o[0m
[6.993s] [ 41%] [32mBuilding CXX object CMakeFiles/gazebo_map_creator_interface__rosidl_typesupport_fastrtps_cpp.dir/rosidl_typesupport_fastrtps_cpp/gazebo_map_creator_interface/srv/detail/dds_fastrtps/map_request__type_support.cpp.o[0m
[6.995s] [ 45%] [32mBuilding C object CMakeFiles/gazebo_map_creator_interface__rosidl_typesupport_introspection_c.dir/rosidl_typesupport_introspection_c/gazebo_map_creator_interface/srv/detail/map_request__type_support.c.o[0m
[7.107s] [ 48%] [32mBuilding CXX object CMakeFiles/gazebo_map_creator_interface__rosidl_typesupport_fastrtps_c.dir/rosidl_typesupport_fastrtps_c/gazebo_map_creator_interface/srv/detail/map_request__type_support_c.cpp.o[0m
[7.124s] [ 51%] [32m[1mLinking C shared library libgazebo_map_creator_interface__rosidl_typesupport_introspection_c.so[0m
[7.126s] [ 54%] [32mBuilding CXX object CMakeFiles/gazebo_map_creator_interface__rosidl_typesupport_c.dir/rosidl_typesupport_c/gazebo_map_creator_interface/srv/map_request__type_support.cpp.o[0m
[7.219s] [ 58%] [32m[1mLinking CXX shared library libgazebo_map_creator_interface__rosidl_typesupport_c.so[0m
[7.231s] [ 58%] Built target gazebo_map_creator_interface__rosidl_typesupport_introspection_c
[7.241s] [ 61%] [32m[1mLinking CXX shared library libgazebo_map_creator_interface__rosidl_typesupport_cpp.so[0m
[7.374s] [ 61%] Built target gazebo_map_creator_interface__rosidl_typesupport_cpp
[7.403s] [ 61%] Built target gazebo_map_creator_interface__rosidl_typesupport_c
[7.476s] [ 64%] [32m[1mLinking CXX shared library libgazebo_map_creator_interface__rosidl_typesupport_introspection_cpp.so[0m
[7.685s] [ 64%] Built target gazebo_map_creator_interface__rosidl_typesupport_introspection_cpp
[7.763s] [ 67%] [32m[1mLinking CXX shared library libgazebo_map_creator_interface__rosidl_typesupport_fastrtps_cpp.so[0m
[7.817s] [ 70%] [32m[1mLinking CXX shared library libgazebo_map_creator_interface__rosidl_typesupport_fastrtps_c.so[0m
[7.854s] [ 70%] Built target gazebo_map_creator_interface__rosidl_typesupport_fastrtps_cpp
[7.925s] [ 70%] Built target gazebo_map_creator_interface__rosidl_typesupport_fastrtps_c
[7.967s] [ 70%] Built target gazebo_map_creator_interface
[8.008s] [ 74%] [34m[1mGenerating Python code for ROS interfaces[0m
[9.162s] [ 74%] Built target gazebo_map_creator_interface__py
[9.232s] [ 77%] [32mBuilding C object CMakeFiles/gazebo_map_creator_interface__rosidl_generator_py.dir/rosidl_generator_py/gazebo_map_creator_interface/srv/_map_request_s.c.o[0m
[9.585s] [ 80%] [32m[1mLinking C shared library rosidl_generator_py/gazebo_map_creator_interface/libgazebo_map_creator_interface__rosidl_generator_py.so[0m
[9.706s] [ 80%] Built target gazebo_map_creator_interface__rosidl_generator_py
[9.756s] [ 83%] [32mBuilding C object CMakeFiles/gazebo_map_creator_interface__rosidl_typesupport_introspection_c__pyext.dir/rosidl_generator_py/gazebo_map_creator_interface/_gazebo_map_creator_interface_s.ep.rosidl_typesupport_introspection_c.c.o[0m
[9.766s] [ 87%] [32mBuilding C object CMakeFiles/gazebo_map_creator_interface__rosidl_typesupport_c__pyext.dir/rosidl_generator_py/gazebo_map_creator_interface/_gazebo_map_creator_interface_s.ep.rosidl_typesupport_c.c.o[0m
[9.774s] [ 90%] [32mBuilding C object CMakeFiles/gazebo_map_creator_interface__rosidl_typesupport_fastrtps_c__pyext.dir/rosidl_generator_py/gazebo_map_creator_interface/_gazebo_map_creator_interface_s.ep.rosidl_typesupport_fastrtps_c.c.o[0m
[10.007s] [ 93%] [32m[1mLinking C shared library rosidl_generator_py/gazebo_map_creator_interface/gazebo_map_creator_interface_s__rosidl_typesupport_introspection_c.cpython-310-x86_64-linux-gnu.so[0m
[10.038s] [ 96%] [32m[1mLinking C shared library rosidl_generator_py/gazebo_map_creator_interface/gazebo_map_creator_interface_s__rosidl_typesupport_fastrtps_c.cpython-310-x86_64-linux-gnu.so[0m
[10.068s] [100%] [32m[1mLinking C shared library rosidl_generator_py/gazebo_map_creator_interface/gazebo_map_creator_interface_s__rosidl_typesupport_c.cpython-310-x86_64-linux-gnu.so[0m
[10.129s] [100%] Built target gazebo_map_creator_interface__rosidl_typesupport_fastrtps_c__pyext
[10.135s] [100%] Built target gazebo_map_creator_interface__rosidl_typesupport_introspection_c__pyext
[10.146s] [100%] Built target gazebo_map_creator_interface__rosidl_typesupport_c__pyext
