[0.070s] Invoking command in '/home/student/ros2_ws/build/turtlebot3_msgs': CMAKE_PREFIX_PATH=${CMAKE_PREFIX_PATH}:/home/student/ros2_ws/install/turtlebot3_teleop:/home/student/ros2_ws/install/turtlebot3_example:/opt/ros/humble /usr/bin/cmake --build /home/student/ros2_ws/build/turtlebot3_msgs -- -j8 -l8
[0.566s] [  1%] Built target turtlebot3_msgs__cpp
[0.580s] [  1%] Built target ament_cmake_python_symlink_turtlebot3_msgs
[0.816s] [ 12%] Built target turtlebot3_msgs__rosidl_generator_c
[0.834s] [ 25%] Built target turtlebot3_msgs__rosidl_typesupport_fastrtps_cpp
[0.837s] [ 35%] Built target turtlebot3_msgs__rosidl_typesupport_introspection_cpp
[0.844s] [ 46%] Built target turtlebot3_msgs__rosidl_typesupport_cpp
[0.885s] [ 57%] Built target turtlebot3_msgs__rosidl_typesupport_c
[0.913s] [ 73%] Built target turtlebot3_msgs__rosidl_typesupport_fastrtps_c
[0.913s] [ 80%] Built target turtlebot3_msgs__rosidl_typesupport_introspection_c
[0.964s] [ 80%] Built target turtlebot3_msgs
[1.008s] [ 81%] Built target turtlebot3_msgs__py
[1.068s] [ 91%] Built target turtlebot3_msgs__rosidl_generator_py
[1.101s] running egg_info
[1.101s] writing turtlebot3_msgs.egg-info/PKG-INFO
[1.101s] writing dependency_links to turtlebot3_msgs.egg-info/dependency_links.txt
[1.102s] writing top-level names to turtlebot3_msgs.egg-info/top_level.txt
[1.116s] reading manifest file 'turtlebot3_msgs.egg-info/SOURCES.txt'
[1.118s] writing manifest file 'turtlebot3_msgs.egg-info/SOURCES.txt'
[1.134s] [ 94%] Built target turtlebot3_msgs__rosidl_typesupport_introspection_c__pyext
[1.135s] [ 97%] Built target turtlebot3_msgs__rosidl_typesupport_fastrtps_c__pyext
[1.137s] [100%] Built target turtlebot3_msgs__rosidl_typesupport_c__pyext
[1.167s] [100%] Built target ament_cmake_python_build_turtlebot3_msgs_egg
[1.205s] Invoked command in '/home/student/ros2_ws/build/turtlebot3_msgs' returned '0': CMAKE_PREFIX_PATH=${CMAKE_PREFIX_PATH}:/home/student/ros2_ws/install/turtlebot3_teleop:/home/student/ros2_ws/install/turtlebot3_example:/opt/ros/humble /usr/bin/cmake --build /home/student/ros2_ws/build/turtlebot3_msgs -- -j8 -l8
[1.572s] Invoking command in '/home/student/ros2_ws/build/turtlebot3_msgs': CMAKE_PREFIX_PATH=${CMAKE_PREFIX_PATH}:/home/student/ros2_ws/install/turtlebot3_teleop:/home/student/ros2_ws/install/turtlebot3_example:/opt/ros/humble /usr/bin/cmake --install /home/student/ros2_ws/build/turtlebot3_msgs
[1.595s] -- Install configuration: ""
[1.597s] -- Execute custom install script
[1.598s] -- Up-to-date symlink: /home/student/ros2_ws/install/turtlebot3_msgs/share/ament_index/resource_index/rosidl_interfaces/turtlebot3_msgs
[1.599s] -- Up-to-date symlink: /home/student/ros2_ws/install/turtlebot3_msgs/include/turtlebot3_msgs/turtlebot3_msgs/action/detail/patrol__functions.h
[1.599s] -- Up-to-date symlink: /home/student/ros2_ws/install/turtlebot3_msgs/include/turtlebot3_msgs/turtlebot3_msgs/action/detail/patrol__struct.h
[1.599s] -- Up-to-date symlink: /home/student/ros2_ws/install/turtlebot3_msgs/include/turtlebot3_msgs/turtlebot3_msgs/action/detail/patrol__type_support.h
[1.599s] -- Up-to-date symlink: /home/student/ros2_ws/install/turtlebot3_msgs/include/turtlebot3_msgs/turtlebot3_msgs/action/patrol.h
[1.600s] -- Up-to-date symlink: /home/student/ros2_ws/install/turtlebot3_msgs/include/turtlebot3_msgs/turtlebot3_msgs/msg/detail/sensor_state__functions.h
[1.600s] -- Up-to-date symlink: /home/student/ros2_ws/install/turtlebot3_msgs/include/turtlebot3_msgs/turtlebot3_msgs/msg/detail/sensor_state__struct.h
[1.600s] -- Up-to-date symlink: /home/student/ros2_ws/install/turtlebot3_msgs/include/turtlebot3_msgs/turtlebot3_msgs/msg/detail/sensor_state__type_support.h
[1.600s] -- Up-to-date symlink: /home/student/ros2_ws/install/turtlebot3_msgs/include/turtlebot3_msgs/turtlebot3_msgs/msg/detail/sound__functions.h
[1.600s] -- Up-to-date symlink: /home/student/ros2_ws/install/turtlebot3_msgs/include/turtlebot3_msgs/turtlebot3_msgs/msg/detail/sound__struct.h
[1.601s] -- Up-to-date symlink: /home/student/ros2_ws/install/turtlebot3_msgs/include/turtlebot3_msgs/turtlebot3_msgs/msg/detail/sound__type_support.h
[1.601s] -- Up-to-date symlink: /home/student/ros2_ws/install/turtlebot3_msgs/include/turtlebot3_msgs/turtlebot3_msgs/msg/detail/version_info__functions.h
[1.602s] -- Up-to-date symlink: /home/student/ros2_ws/install/turtlebot3_msgs/include/turtlebot3_msgs/turtlebot3_msgs/msg/detail/version_info__struct.h
[1.602s] -- Up-to-date symlink: /home/student/ros2_ws/install/turtlebot3_msgs/include/turtlebot3_msgs/turtlebot3_msgs/msg/detail/version_info__type_support.h
[1.602s] -- Up-to-date symlink: /home/student/ros2_ws/install/turtlebot3_msgs/include/turtlebot3_msgs/turtlebot3_msgs/msg/rosidl_generator_c__visibility_control.h
[1.602s] -- Up-to-date symlink: /home/student/ros2_ws/install/turtlebot3_msgs/include/turtlebot3_msgs/turtlebot3_msgs/msg/sensor_state.h
[1.602s] -- Up-to-date symlink: /home/student/ros2_ws/install/turtlebot3_msgs/include/turtlebot3_msgs/turtlebot3_msgs/msg/sound.h
[1.602s] -- Up-to-date symlink: /home/student/ros2_ws/install/turtlebot3_msgs/include/turtlebot3_msgs/turtlebot3_msgs/msg/version_info.h
[1.602s] -- Up-to-date symlink: /home/student/ros2_ws/install/turtlebot3_msgs/include/turtlebot3_msgs/turtlebot3_msgs/srv/detail/dqn__functions.h
[1.602s] -- Up-to-date symlink: /home/student/ros2_ws/install/turtlebot3_msgs/include/turtlebot3_msgs/turtlebot3_msgs/srv/detail/dqn__struct.h
[1.602s] -- Up-to-date symlink: /home/student/ros2_ws/install/turtlebot3_msgs/include/turtlebot3_msgs/turtlebot3_msgs/srv/detail/dqn__type_support.h
[1.602s] -- Up-to-date symlink: /home/student/ros2_ws/install/turtlebot3_msgs/include/turtlebot3_msgs/turtlebot3_msgs/srv/detail/sound__functions.h
[1.603s] -- Up-to-date symlink: /home/student/ros2_ws/install/turtlebot3_msgs/include/turtlebot3_msgs/turtlebot3_msgs/srv/detail/sound__struct.h
[1.603s] -- Up-to-date symlink: /home/student/ros2_ws/install/turtlebot3_msgs/include/turtlebot3_msgs/turtlebot3_msgs/srv/detail/sound__type_support.h
[1.603s] -- Up-to-date symlink: /home/student/ros2_ws/install/turtlebot3_msgs/include/turtlebot3_msgs/turtlebot3_msgs/srv/dqn.h
[1.603s] -- Up-to-date symlink: /home/student/ros2_ws/install/turtlebot3_msgs/include/turtlebot3_msgs/turtlebot3_msgs/srv/sound.h
[1.604s] -- Up-to-date symlink: /home/student/ros2_ws/install/turtlebot3_msgs/share/turtlebot3_msgs/environment/library_path.sh
[1.604s] -- Up-to-date symlink: /home/student/ros2_ws/install/turtlebot3_msgs/share/turtlebot3_msgs/environment/library_path.dsv
[1.605s] -- Up-to-date symlink: /home/student/ros2_ws/install/turtlebot3_msgs/include/turtlebot3_msgs/turtlebot3_msgs/action/detail/patrol__rosidl_typesupport_fastrtps_c.h
[1.605s] -- Up-to-date symlink: /home/student/ros2_ws/install/turtlebot3_msgs/include/turtlebot3_msgs/turtlebot3_msgs/msg/detail/sensor_state__rosidl_typesupport_fastrtps_c.h
[1.605s] -- Up-to-date symlink: /home/student/ros2_ws/install/turtlebot3_msgs/include/turtlebot3_msgs/turtlebot3_msgs/msg/detail/sound__rosidl_typesupport_fastrtps_c.h
[1.606s] -- Up-to-date symlink: /home/student/ros2_ws/install/turtlebot3_msgs/include/turtlebot3_msgs/turtlebot3_msgs/msg/detail/version_info__rosidl_typesupport_fastrtps_c.h
[1.607s] -- Up-to-date symlink: /home/student/ros2_ws/install/turtlebot3_msgs/include/turtlebot3_msgs/turtlebot3_msgs/msg/rosidl_typesupport_fastrtps_c__visibility_control.h
[1.607s] -- Up-to-date symlink: /home/student/ros2_ws/install/turtlebot3_msgs/include/turtlebot3_msgs/turtlebot3_msgs/srv/detail/dqn__rosidl_typesupport_fastrtps_c.h
[1.608s] -- Up-to-date symlink: /home/student/ros2_ws/install/turtlebot3_msgs/include/turtlebot3_msgs/turtlebot3_msgs/srv/detail/sound__rosidl_typesupport_fastrtps_c.h
[1.608s] -- Up-to-date symlink: /home/student/ros2_ws/install/turtlebot3_msgs/include/turtlebot3_msgs/turtlebot3_msgs/action/detail/patrol__builder.hpp
[1.608s] -- Up-to-date symlink: /home/student/ros2_ws/install/turtlebot3_msgs/include/turtlebot3_msgs/turtlebot3_msgs/action/detail/patrol__struct.hpp
[1.609s] -- Up-to-date symlink: /home/student/ros2_ws/install/turtlebot3_msgs/include/turtlebot3_msgs/turtlebot3_msgs/action/detail/patrol__traits.hpp
[1.609s] -- Up-to-date symlink: /home/student/ros2_ws/install/turtlebot3_msgs/include/turtlebot3_msgs/turtlebot3_msgs/action/patrol.hpp
[1.609s] -- Up-to-date symlink: /home/student/ros2_ws/install/turtlebot3_msgs/include/turtlebot3_msgs/turtlebot3_msgs/msg/detail/sensor_state__builder.hpp
[1.610s] -- Up-to-date symlink: /home/student/ros2_ws/install/turtlebot3_msgs/include/turtlebot3_msgs/turtlebot3_msgs/msg/detail/sensor_state__struct.hpp
[1.610s] -- Up-to-date symlink: /home/student/ros2_ws/install/turtlebot3_msgs/include/turtlebot3_msgs/turtlebot3_msgs/msg/detail/sensor_state__traits.hpp
[1.610s] -- Up-to-date symlink: /home/student/ros2_ws/install/turtlebot3_msgs/include/turtlebot3_msgs/turtlebot3_msgs/msg/detail/sound__builder.hpp
[1.610s] -- Up-to-date symlink: /home/student/ros2_ws/install/turtlebot3_msgs/include/turtlebot3_msgs/turtlebot3_msgs/msg/detail/sound__struct.hpp
[1.611s] -- Up-to-date symlink: /home/student/ros2_ws/install/turtlebot3_msgs/include/turtlebot3_msgs/turtlebot3_msgs/msg/detail/sound__traits.hpp
[1.611s] -- Up-to-date symlink: /home/student/ros2_ws/install/turtlebot3_msgs/include/turtlebot3_msgs/turtlebot3_msgs/msg/detail/version_info__builder.hpp
[1.611s] -- Up-to-date symlink: /home/student/ros2_ws/install/turtlebot3_msgs/include/turtlebot3_msgs/turtlebot3_msgs/msg/detail/version_info__struct.hpp
[1.612s] -- Up-to-date symlink: /home/student/ros2_ws/install/turtlebot3_msgs/include/turtlebot3_msgs/turtlebot3_msgs/msg/detail/version_info__traits.hpp
[1.612s] -- Up-to-date symlink: /home/student/ros2_ws/install/turtlebot3_msgs/include/turtlebot3_msgs/turtlebot3_msgs/msg/sensor_state.hpp
[1.612s] -- Up-to-date symlink: /home/student/ros2_ws/install/turtlebot3_msgs/include/turtlebot3_msgs/turtlebot3_msgs/msg/sound.hpp
[1.612s] -- Up-to-date symlink: /home/student/ros2_ws/install/turtlebot3_msgs/include/turtlebot3_msgs/turtlebot3_msgs/msg/version_info.hpp
[1.613s] -- Up-to-date symlink: /home/student/ros2_ws/install/turtlebot3_msgs/include/turtlebot3_msgs/turtlebot3_msgs/srv/detail/dqn__builder.hpp
[1.613s] -- Up-to-date symlink: /home/student/ros2_ws/install/turtlebot3_msgs/include/turtlebot3_msgs/turtlebot3_msgs/srv/detail/dqn__struct.hpp
[1.613s] -- Up-to-date symlink: /home/student/ros2_ws/install/turtlebot3_msgs/include/turtlebot3_msgs/turtlebot3_msgs/srv/detail/dqn__traits.hpp
[1.613s] -- Up-to-date symlink: /home/student/ros2_ws/install/turtlebot3_msgs/include/turtlebot3_msgs/turtlebot3_msgs/srv/detail/sound__builder.hpp
[1.613s] -- Up-to-date symlink: /home/student/ros2_ws/install/turtlebot3_msgs/include/turtlebot3_msgs/turtlebot3_msgs/srv/detail/sound__struct.hpp
[1.614s] -- Up-to-date symlink: /home/student/ros2_ws/install/turtlebot3_msgs/include/turtlebot3_msgs/turtlebot3_msgs/srv/detail/sound__traits.hpp
[1.614s] -- Up-to-date symlink: /home/student/ros2_ws/install/turtlebot3_msgs/include/turtlebot3_msgs/turtlebot3_msgs/srv/dqn.hpp
[1.614s] -- Up-to-date symlink: /home/student/ros2_ws/install/turtlebot3_msgs/include/turtlebot3_msgs/turtlebot3_msgs/srv/sound.hpp
[1.614s] -- Up-to-date symlink: /home/student/ros2_ws/install/turtlebot3_msgs/include/turtlebot3_msgs/turtlebot3_msgs/action/detail/patrol__rosidl_typesupport_fastrtps_cpp.hpp
[1.615s] -- Up-to-date symlink: /home/student/ros2_ws/install/turtlebot3_msgs/include/turtlebot3_msgs/turtlebot3_msgs/msg/detail/sensor_state__rosidl_typesupport_fastrtps_cpp.hpp
[1.615s] -- Up-to-date symlink: /home/student/ros2_ws/install/turtlebot3_msgs/include/turtlebot3_msgs/turtlebot3_msgs/msg/detail/sound__rosidl_typesupport_fastrtps_cpp.hpp
[1.615s] -- Up-to-date symlink: /home/student/ros2_ws/install/turtlebot3_msgs/include/turtlebot3_msgs/turtlebot3_msgs/msg/detail/version_info__rosidl_typesupport_fastrtps_cpp.hpp
[1.615s] -- Up-to-date symlink: /home/student/ros2_ws/install/turtlebot3_msgs/include/turtlebot3_msgs/turtlebot3_msgs/msg/rosidl_typesupport_fastrtps_cpp__visibility_control.h
[1.615s] -- Up-to-date symlink: /home/student/ros2_ws/install/turtlebot3_msgs/include/turtlebot3_msgs/turtlebot3_msgs/srv/detail/dqn__rosidl_typesupport_fastrtps_cpp.hpp
[1.615s] -- Up-to-date symlink: /home/student/ros2_ws/install/turtlebot3_msgs/include/turtlebot3_msgs/turtlebot3_msgs/srv/detail/sound__rosidl_typesupport_fastrtps_cpp.hpp
[1.615s] -- Up-to-date symlink: /home/student/ros2_ws/install/turtlebot3_msgs/include/turtlebot3_msgs/turtlebot3_msgs/action/detail/patrol__rosidl_typesupport_introspection_c.h
[1.615s] -- Up-to-date symlink: /home/student/ros2_ws/install/turtlebot3_msgs/include/turtlebot3_msgs/turtlebot3_msgs/msg/detail/sensor_state__rosidl_typesupport_introspection_c.h
[1.616s] -- Up-to-date symlink: /home/student/ros2_ws/install/turtlebot3_msgs/include/turtlebot3_msgs/turtlebot3_msgs/msg/detail/sound__rosidl_typesupport_introspection_c.h
[1.616s] -- Up-to-date symlink: /home/student/ros2_ws/install/turtlebot3_msgs/include/turtlebot3_msgs/turtlebot3_msgs/msg/detail/version_info__rosidl_typesupport_introspection_c.h
[1.616s] -- Up-to-date symlink: /home/student/ros2_ws/install/turtlebot3_msgs/include/turtlebot3_msgs/turtlebot3_msgs/msg/rosidl_typesupport_introspection_c__visibility_control.h
[1.616s] -- Up-to-date symlink: /home/student/ros2_ws/install/turtlebot3_msgs/include/turtlebot3_msgs/turtlebot3_msgs/srv/detail/dqn__rosidl_typesupport_introspection_c.h
[1.616s] -- Up-to-date symlink: /home/student/ros2_ws/install/turtlebot3_msgs/include/turtlebot3_msgs/turtlebot3_msgs/srv/detail/sound__rosidl_typesupport_introspection_c.h
[1.617s] -- Up-to-date symlink: /home/student/ros2_ws/install/turtlebot3_msgs/include/turtlebot3_msgs/turtlebot3_msgs/action/detail/patrol__rosidl_typesupport_introspection_cpp.hpp
[1.617s] -- Up-to-date symlink: /home/student/ros2_ws/install/turtlebot3_msgs/include/turtlebot3_msgs/turtlebot3_msgs/msg/detail/sensor_state__rosidl_typesupport_introspection_cpp.hpp
[1.617s] -- Up-to-date symlink: /home/student/ros2_ws/install/turtlebot3_msgs/include/turtlebot3_msgs/turtlebot3_msgs/msg/detail/sound__rosidl_typesupport_introspection_cpp.hpp
[1.617s] -- Up-to-date symlink: /home/student/ros2_ws/install/turtlebot3_msgs/include/turtlebot3_msgs/turtlebot3_msgs/msg/detail/version_info__rosidl_typesupport_introspection_cpp.hpp
[1.617s] -- Up-to-date symlink: /home/student/ros2_ws/install/turtlebot3_msgs/include/turtlebot3_msgs/turtlebot3_msgs/srv/detail/dqn__rosidl_typesupport_introspection_cpp.hpp
[1.618s] -- Up-to-date symlink: /home/student/ros2_ws/install/turtlebot3_msgs/include/turtlebot3_msgs/turtlebot3_msgs/srv/detail/sound__rosidl_typesupport_introspection_cpp.hpp
[1.618s] -- Up-to-date symlink: /home/student/ros2_ws/install/turtlebot3_msgs/share/turtlebot3_msgs/environment/pythonpath.sh
[1.618s] -- Up-to-date symlink: /home/student/ros2_ws/install/turtlebot3_msgs/share/turtlebot3_msgs/environment/pythonpath.dsv
[1.618s] -- Up-to-date symlink: /home/student/ros2_ws/install/turtlebot3_msgs/local/lib/python3.10/dist-packages/turtlebot3_msgs-2.2.3-py3.10.egg-info/PKG-INFO
[1.618s] -- Up-to-date symlink: /home/student/ros2_ws/install/turtlebot3_msgs/local/lib/python3.10/dist-packages/turtlebot3_msgs-2.2.3-py3.10.egg-info/SOURCES.txt
[1.618s] -- Up-to-date symlink: /home/student/ros2_ws/install/turtlebot3_msgs/local/lib/python3.10/dist-packages/turtlebot3_msgs-2.2.3-py3.10.egg-info/dependency_links.txt
[1.618s] -- Up-to-date symlink: /home/student/ros2_ws/install/turtlebot3_msgs/local/lib/python3.10/dist-packages/turtlebot3_msgs-2.2.3-py3.10.egg-info/top_level.txt
[1.619s] -- Up-to-date symlink: /home/student/ros2_ws/install/turtlebot3_msgs/local/lib/python3.10/dist-packages/turtlebot3_msgs/__init__.py
[1.619s] -- Up-to-date symlink: /home/student/ros2_ws/install/turtlebot3_msgs/local/lib/python3.10/dist-packages/turtlebot3_msgs/_turtlebot3_msgs_s.ep.rosidl_typesupport_c.c
[1.619s] -- Up-to-date symlink: /home/student/ros2_ws/install/turtlebot3_msgs/local/lib/python3.10/dist-packages/turtlebot3_msgs/_turtlebot3_msgs_s.ep.rosidl_typesupport_fastrtps_c.c
[1.619s] -- Up-to-date symlink: /home/student/ros2_ws/install/turtlebot3_msgs/local/lib/python3.10/dist-packages/turtlebot3_msgs/_turtlebot3_msgs_s.ep.rosidl_typesupport_introspection_c.c
[1.620s] -- Up-to-date symlink: /home/student/ros2_ws/install/turtlebot3_msgs/local/lib/python3.10/dist-packages/turtlebot3_msgs/action/__init__.py
[1.620s] -- Up-to-date symlink: /home/student/ros2_ws/install/turtlebot3_msgs/local/lib/python3.10/dist-packages/turtlebot3_msgs/action/_patrol.py
[1.621s] -- Up-to-date symlink: /home/student/ros2_ws/install/turtlebot3_msgs/local/lib/python3.10/dist-packages/turtlebot3_msgs/action/_patrol_s.c
[1.621s] -- Up-to-date symlink: /home/student/ros2_ws/install/turtlebot3_msgs/local/lib/python3.10/dist-packages/turtlebot3_msgs/libturtlebot3_msgs__rosidl_generator_py.so
[1.621s] -- Up-to-date symlink: /home/student/ros2_ws/install/turtlebot3_msgs/local/lib/python3.10/dist-packages/turtlebot3_msgs/msg/__init__.py
[1.621s] -- Up-to-date symlink: /home/student/ros2_ws/install/turtlebot3_msgs/local/lib/python3.10/dist-packages/turtlebot3_msgs/msg/_sensor_state.py
[1.621s] -- Up-to-date symlink: /home/student/ros2_ws/install/turtlebot3_msgs/local/lib/python3.10/dist-packages/turtlebot3_msgs/msg/_sensor_state_s.c
[1.624s] -- Up-to-date symlink: /home/student/ros2_ws/install/turtlebot3_msgs/local/lib/python3.10/dist-packages/turtlebot3_msgs/msg/_sound.py
[1.624s] -- Up-to-date symlink: /home/student/ros2_ws/install/turtlebot3_msgs/local/lib/python3.10/dist-packages/turtlebot3_msgs/msg/_sound_s.c
[1.624s] -- Up-to-date symlink: /home/student/ros2_ws/install/turtlebot3_msgs/local/lib/python3.10/dist-packages/turtlebot3_msgs/msg/_version_info.py
[1.624s] -- Up-to-date symlink: /home/student/ros2_ws/install/turtlebot3_msgs/local/lib/python3.10/dist-packages/turtlebot3_msgs/msg/_version_info_s.c
[1.624s] -- Up-to-date symlink: /home/student/ros2_ws/install/turtlebot3_msgs/local/lib/python3.10/dist-packages/turtlebot3_msgs/srv/__init__.py
[1.624s] -- Up-to-date symlink: /home/student/ros2_ws/install/turtlebot3_msgs/local/lib/python3.10/dist-packages/turtlebot3_msgs/srv/_dqn.py
[1.624s] -- Up-to-date symlink: /home/student/ros2_ws/install/turtlebot3_msgs/local/lib/python3.10/dist-packages/turtlebot3_msgs/srv/_dqn_s.c
[1.624s] -- Up-to-date symlink: /home/student/ros2_ws/install/turtlebot3_msgs/local/lib/python3.10/dist-packages/turtlebot3_msgs/srv/_sound.py
[1.625s] -- Up-to-date symlink: /home/student/ros2_ws/install/turtlebot3_msgs/local/lib/python3.10/dist-packages/turtlebot3_msgs/srv/_sound_s.c
[1.625s] -- Up-to-date symlink: /home/student/ros2_ws/install/turtlebot3_msgs/local/lib/python3.10/dist-packages/turtlebot3_msgs/turtlebot3_msgs_s__rosidl_typesupport_c.cpython-310-x86_64-linux-gnu.so
[1.625s] -- Up-to-date symlink: /home/student/ros2_ws/install/turtlebot3_msgs/local/lib/python3.10/dist-packages/turtlebot3_msgs/turtlebot3_msgs_s__rosidl_typesupport_fastrtps_c.cpython-310-x86_64-linux-gnu.so
[1.625s] -- Up-to-date symlink: /home/student/ros2_ws/install/turtlebot3_msgs/local/lib/python3.10/dist-packages/turtlebot3_msgs/turtlebot3_msgs_s__rosidl_typesupport_introspection_c.cpython-310-x86_64-linux-gnu.so
[1.626s] -- Up-to-date symlink: /home/student/ros2_ws/install/turtlebot3_msgs/local/lib/python3.10/dist-packages/turtlebot3_msgs/turtlebot3_msgs_s__rosidl_typesupport_fastrtps_c.cpython-310-x86_64-linux-gnu.so
[1.630s] -- Up-to-date symlink: /home/student/ros2_ws/install/turtlebot3_msgs/local/lib/python3.10/dist-packages/turtlebot3_msgs/turtlebot3_msgs_s__rosidl_typesupport_introspection_c.cpython-310-x86_64-linux-gnu.so
[1.633s] -- Up-to-date symlink: /home/student/ros2_ws/install/turtlebot3_msgs/local/lib/python3.10/dist-packages/turtlebot3_msgs/turtlebot3_msgs_s__rosidl_typesupport_c.cpython-310-x86_64-linux-gnu.so
[1.633s] -- Up-to-date symlink: /home/student/ros2_ws/install/turtlebot3_msgs/share/turtlebot3_msgs/msg/SensorState.idl
[1.633s] -- Up-to-date symlink: /home/student/ros2_ws/install/turtlebot3_msgs/share/turtlebot3_msgs/msg/Sound.idl
[1.633s] -- Up-to-date symlink: /home/student/ros2_ws/install/turtlebot3_msgs/share/turtlebot3_msgs/msg/VersionInfo.idl
[1.634s] -- Up-to-date symlink: /home/student/ros2_ws/install/turtlebot3_msgs/share/turtlebot3_msgs/srv/Sound.idl
[1.634s] -- Up-to-date symlink: /home/student/ros2_ws/install/turtlebot3_msgs/share/turtlebot3_msgs/srv/Dqn.idl
[1.635s] -- Up-to-date symlink: /home/student/ros2_ws/install/turtlebot3_msgs/share/turtlebot3_msgs/action/Patrol.idl
[1.635s] -- Up-to-date symlink: /home/student/ros2_ws/install/turtlebot3_msgs/share/turtlebot3_msgs/msg/SensorState.msg
[1.635s] -- Up-to-date symlink: /home/student/ros2_ws/install/turtlebot3_msgs/share/turtlebot3_msgs/msg/Sound.msg
[1.635s] -- Up-to-date symlink: /home/student/ros2_ws/install/turtlebot3_msgs/share/turtlebot3_msgs/msg/VersionInfo.msg
[1.636s] -- Up-to-date symlink: /home/student/ros2_ws/install/turtlebot3_msgs/share/turtlebot3_msgs/srv/Sound.srv
[1.636s] -- Up-to-date symlink: /home/student/ros2_ws/install/turtlebot3_msgs/share/turtlebot3_msgs/srv/Sound_Request.msg
[1.636s] -- Up-to-date symlink: /home/student/ros2_ws/install/turtlebot3_msgs/share/turtlebot3_msgs/srv/Sound_Response.msg
[1.637s] -- Up-to-date symlink: /home/student/ros2_ws/install/turtlebot3_msgs/share/turtlebot3_msgs/srv/Dqn.srv
[1.637s] -- Up-to-date symlink: /home/student/ros2_ws/install/turtlebot3_msgs/share/turtlebot3_msgs/srv/Dqn_Request.msg
[1.637s] -- Up-to-date symlink: /home/student/ros2_ws/install/turtlebot3_msgs/share/turtlebot3_msgs/srv/Dqn_Response.msg
[1.638s] -- Up-to-date symlink: /home/student/ros2_ws/install/turtlebot3_msgs/share/turtlebot3_msgs/action/Patrol.action
[1.638s] -- Up-to-date symlink: /home/student/ros2_ws/install/turtlebot3_msgs/share/ament_index/resource_index/package_run_dependencies/turtlebot3_msgs
[1.638s] -- Up-to-date symlink: /home/student/ros2_ws/install/turtlebot3_msgs/share/ament_index/resource_index/parent_prefix_path/turtlebot3_msgs
[1.638s] -- Up-to-date symlink: /home/student/ros2_ws/install/turtlebot3_msgs/share/turtlebot3_msgs/environment/ament_prefix_path.sh
[1.638s] -- Up-to-date symlink: /home/student/ros2_ws/install/turtlebot3_msgs/share/turtlebot3_msgs/environment/ament_prefix_path.dsv
[1.639s] -- Up-to-date symlink: /home/student/ros2_ws/install/turtlebot3_msgs/share/turtlebot3_msgs/environment/path.sh
[1.639s] -- Up-to-date symlink: /home/student/ros2_ws/install/turtlebot3_msgs/share/turtlebot3_msgs/environment/path.dsv
[1.639s] -- Up-to-date symlink: /home/student/ros2_ws/install/turtlebot3_msgs/share/turtlebot3_msgs/local_setup.bash
[1.639s] -- Up-to-date symlink: /home/student/ros2_ws/install/turtlebot3_msgs/share/turtlebot3_msgs/local_setup.sh
[1.639s] -- Up-to-date symlink: /home/student/ros2_ws/install/turtlebot3_msgs/share/turtlebot3_msgs/local_setup.zsh
[1.640s] -- Up-to-date symlink: /home/student/ros2_ws/install/turtlebot3_msgs/share/turtlebot3_msgs/local_setup.dsv
[1.640s] -- Symlinking: /home/student/ros2_ws/install/turtlebot3_msgs/share/turtlebot3_msgs/package.dsv
[1.651s] -- Up-to-date symlink: /home/student/ros2_ws/install/turtlebot3_msgs/share/ament_index/resource_index/packages/turtlebot3_msgs
[1.651s] -- Up-to-date symlink: /home/student/ros2_ws/install/turtlebot3_msgs/share/turtlebot3_msgs/cmake/rosidl_cmake-extras.cmake
[1.651s] -- Up-to-date symlink: /home/student/ros2_ws/install/turtlebot3_msgs/share/turtlebot3_msgs/cmake/ament_cmake_export_dependencies-extras.cmake
[1.652s] -- Up-to-date symlink: /home/student/ros2_ws/install/turtlebot3_msgs/share/turtlebot3_msgs/cmake/ament_cmake_export_include_directories-extras.cmake
[1.652s] -- Up-to-date symlink: /home/student/ros2_ws/install/turtlebot3_msgs/share/turtlebot3_msgs/cmake/ament_cmake_export_libraries-extras.cmake
[1.652s] -- Up-to-date symlink: /home/student/ros2_ws/install/turtlebot3_msgs/share/turtlebot3_msgs/cmake/ament_cmake_export_targets-extras.cmake
[1.652s] -- Up-to-date symlink: /home/student/ros2_ws/install/turtlebot3_msgs/share/turtlebot3_msgs/cmake/rosidl_cmake_export_typesupport_targets-extras.cmake
[1.653s] -- Up-to-date symlink: /home/student/ros2_ws/install/turtlebot3_msgs/share/turtlebot3_msgs/cmake/rosidl_cmake_export_typesupport_libraries-extras.cmake
[1.653s] -- Up-to-date symlink: /home/student/ros2_ws/install/turtlebot3_msgs/share/turtlebot3_msgs/cmake/turtlebot3_msgsConfig.cmake
[1.654s] -- Up-to-date symlink: /home/student/ros2_ws/install/turtlebot3_msgs/share/turtlebot3_msgs/cmake/turtlebot3_msgsConfig-version.cmake
[1.654s] -- Up-to-date symlink: /home/student/ros2_ws/install/turtlebot3_msgs/share/turtlebot3_msgs/package.xml
[1.660s] -- Up-to-date: /home/student/ros2_ws/install/turtlebot3_msgs/lib/libturtlebot3_msgs__rosidl_generator_c.so
[1.667s] -- Up-to-date: /home/student/ros2_ws/install/turtlebot3_msgs/lib/libturtlebot3_msgs__rosidl_typesupport_fastrtps_c.so
[1.677s] -- Up-to-date: /home/student/ros2_ws/install/turtlebot3_msgs/lib/libturtlebot3_msgs__rosidl_typesupport_fastrtps_cpp.so
[1.682s] -- Up-to-date: /home/student/ros2_ws/install/turtlebot3_msgs/lib/libturtlebot3_msgs__rosidl_typesupport_introspection_c.so
[1.686s] -- Up-to-date: /home/student/ros2_ws/install/turtlebot3_msgs/lib/libturtlebot3_msgs__rosidl_typesupport_c.so
[1.692s] -- Up-to-date: /home/student/ros2_ws/install/turtlebot3_msgs/lib/libturtlebot3_msgs__rosidl_typesupport_introspection_cpp.so
[1.698s] -- Up-to-date: /home/student/ros2_ws/install/turtlebot3_msgs/lib/libturtlebot3_msgs__rosidl_typesupport_cpp.so
[1.753s] Listing '/home/student/ros2_ws/install/turtlebot3_msgs/local/lib/python3.10/dist-packages/turtlebot3_msgs'...
[1.754s] Listing '/home/student/ros2_ws/install/turtlebot3_msgs/local/lib/python3.10/dist-packages/turtlebot3_msgs/action'...
[1.754s] Listing '/home/student/ros2_ws/install/turtlebot3_msgs/local/lib/python3.10/dist-packages/turtlebot3_msgs/msg'...
[1.754s] Listing '/home/student/ros2_ws/install/turtlebot3_msgs/local/lib/python3.10/dist-packages/turtlebot3_msgs/srv'...
[1.764s] -- Up-to-date: /home/student/ros2_ws/install/turtlebot3_msgs/lib/libturtlebot3_msgs__rosidl_generator_py.so
[1.768s] -- Up-to-date: /home/student/ros2_ws/install/turtlebot3_msgs/share/turtlebot3_msgs/cmake/export_turtlebot3_msgs__rosidl_generator_cExport.cmake
[1.768s] -- Up-to-date: /home/student/ros2_ws/install/turtlebot3_msgs/share/turtlebot3_msgs/cmake/export_turtlebot3_msgs__rosidl_generator_cExport-noconfig.cmake
[1.769s] -- Up-to-date: /home/student/ros2_ws/install/turtlebot3_msgs/share/turtlebot3_msgs/cmake/export_turtlebot3_msgs__rosidl_typesupport_fastrtps_cExport.cmake
[1.769s] -- Up-to-date: /home/student/ros2_ws/install/turtlebot3_msgs/share/turtlebot3_msgs/cmake/export_turtlebot3_msgs__rosidl_typesupport_fastrtps_cExport-noconfig.cmake
[1.769s] -- Up-to-date: /home/student/ros2_ws/install/turtlebot3_msgs/share/turtlebot3_msgs/cmake/export_turtlebot3_msgs__rosidl_generator_cppExport.cmake
[1.772s] -- Up-to-date: /home/student/ros2_ws/install/turtlebot3_msgs/share/turtlebot3_msgs/cmake/export_turtlebot3_msgs__rosidl_typesupport_fastrtps_cppExport.cmake
[1.772s] -- Up-to-date: /home/student/ros2_ws/install/turtlebot3_msgs/share/turtlebot3_msgs/cmake/export_turtlebot3_msgs__rosidl_typesupport_fastrtps_cppExport-noconfig.cmake
[1.785s] -- Up-to-date: /home/student/ros2_ws/install/turtlebot3_msgs/share/turtlebot3_msgs/cmake/turtlebot3_msgs__rosidl_typesupport_introspection_cExport.cmake
[1.785s] -- Up-to-date: /home/student/ros2_ws/install/turtlebot3_msgs/share/turtlebot3_msgs/cmake/turtlebot3_msgs__rosidl_typesupport_introspection_cExport-noconfig.cmake
[1.786s] -- Up-to-date: /home/student/ros2_ws/install/turtlebot3_msgs/share/turtlebot3_msgs/cmake/turtlebot3_msgs__rosidl_typesupport_cExport.cmake
[1.787s] -- Up-to-date: /home/student/ros2_ws/install/turtlebot3_msgs/share/turtlebot3_msgs/cmake/turtlebot3_msgs__rosidl_typesupport_cExport-noconfig.cmake
[1.791s] -- Up-to-date: /home/student/ros2_ws/install/turtlebot3_msgs/share/turtlebot3_msgs/cmake/turtlebot3_msgs__rosidl_typesupport_introspection_cppExport.cmake
[1.791s] -- Up-to-date: /home/student/ros2_ws/install/turtlebot3_msgs/share/turtlebot3_msgs/cmake/turtlebot3_msgs__rosidl_typesupport_introspection_cppExport-noconfig.cmake
[1.791s] -- Up-to-date: /home/student/ros2_ws/install/turtlebot3_msgs/share/turtlebot3_msgs/cmake/turtlebot3_msgs__rosidl_typesupport_cppExport.cmake
[1.792s] -- Up-to-date: /home/student/ros2_ws/install/turtlebot3_msgs/share/turtlebot3_msgs/cmake/turtlebot3_msgs__rosidl_typesupport_cppExport-noconfig.cmake
[1.792s] -- Up-to-date: /home/student/ros2_ws/install/turtlebot3_msgs/share/turtlebot3_msgs/cmake/export_turtlebot3_msgs__rosidl_generator_pyExport.cmake
[1.792s] -- Up-to-date: /home/student/ros2_ws/install/turtlebot3_msgs/share/turtlebot3_msgs/cmake/export_turtlebot3_msgs__rosidl_generator_pyExport-noconfig.cmake
[1.801s] Invoked command in '/home/student/ros2_ws/build/turtlebot3_msgs' returned '0': CMAKE_PREFIX_PATH=${CMAKE_PREFIX_PATH}:/home/student/ros2_ws/install/turtlebot3_teleop:/home/student/ros2_ws/install/turtlebot3_example:/opt/ros/humble /usr/bin/cmake --install /home/student/ros2_ws/build/turtlebot3_msgs
