[0.597s] Invoking command in '/home/student/ros2_ws/build/apriltag_ros': CMAKE_PREFIX_PATH=${CMAKE_PREFIX_PATH}:/home/student/ros2_ws/install/turtlebot3_teleop:/home/student/ros2_ws/install/turtlebot3_example:/opt/ros/humble /usr/bin/cmake /home/student/ros2_ws/src/apriltag_ros -DCMAKE_INSTALL_PREFIX=/home/student/ros2_ws/install/apriltag_ros
[0.719s] -- Found rclcpp: 16.0.10 (/opt/ros/humble/share/rclcpp/cmake)
[0.950s] -- Override CMake install command with custom implementation using symlinks instead of copying resources
[1.080s] -- Found rosidl_generator_c: 3.1.5 (/opt/ros/humble/share/rosidl_generator_c/cmake)
[1.085s] -- Found rosidl_adapter: 3.1.5 (/opt/ros/humble/share/rosidl_adapter/cmake)
[1.100s] -- Found rosidl_generator_cpp: 3.1.5 (/opt/ros/humble/share/rosidl_generator_cpp/cmake)
[1.113s] -- Using all available rosidl_typesupport_c: rosidl_typesupport_fastrtps_c;rosidl_typesupport_introspection_c
[1.145s] -- Using all available rosidl_typesupport_cpp: rosidl_typesupport_fastrtps_cpp;rosidl_typesupport_introspection_cpp
[1.217s] -- Found rmw_implementation_cmake: 6.1.2 (/opt/ros/humble/share/rmw_implementation_cmake/cmake)
[1.221s] -- Found rmw_fastrtps_cpp: 6.2.7 (/opt/ros/humble/share/rmw_fastrtps_cpp/cmake)
[1.456s] -- Using RMW implementation 'rmw_fastrtps_cpp' as default
[1.556s] -- Found rclcpp_components: 16.0.10 (/opt/ros/humble/share/rclcpp_components/cmake)
[1.587s] -- Found sensor_msgs: 4.2.4 (/opt/ros/humble/share/sensor_msgs/cmake)
[1.674s] -- Found apriltag_msgs: 2.0.1 (/opt/ros/humble/share/apriltag_msgs/cmake)
[1.706s] -- Found tf2_ros: 0.25.8 (/opt/ros/humble/share/tf2_ros/cmake)
[1.885s] -- Found image_transport: 3.1.9 (/opt/ros/humble/share/image_transport/cmake)
[1.919s] -- Found cv_bridge: 3.2.1 (/opt/ros/humble/share/cv_bridge/cmake)
[1.962s] -- Found ament_lint_auto: 0.12.11 (/opt/ros/humble/share/ament_lint_auto/cmake)
[2.086s] -- Added test 'clang_format' to check C / C++ code style
[2.098s] -- Added test 'cppcheck' to perform static code analysis on C / C++ code
[2.099s] -- Configured cppcheck include dirs: 
[2.100s] -- Configured cppcheck exclude dirs and/or files: 
[2.100s] -- Configuring done
[2.143s] -- Generating done
[2.147s] -- Build files have been written to: /home/student/ros2_ws/build/apriltag_ros
[2.582s] Invoked command in '/home/student/ros2_ws/build/apriltag_ros' returned '0': CMAKE_PREFIX_PATH=${CMAKE_PREFIX_PATH}:/home/student/ros2_ws/install/turtlebot3_teleop:/home/student/ros2_ws/install/turtlebot3_example:/opt/ros/humble /usr/bin/cmake /home/student/ros2_ws/src/apriltag_ros -DCMAKE_INSTALL_PREFIX=/home/student/ros2_ws/install/apriltag_ros
[2.591s] Invoking command in '/home/student/ros2_ws/build/apriltag_ros': CMAKE_PREFIX_PATH=${CMAKE_PREFIX_PATH}:/home/student/ros2_ws/install/turtlebot3_teleop:/home/student/ros2_ws/install/turtlebot3_example:/opt/ros/humble /usr/bin/cmake --build /home/student/ros2_ws/build/apriltag_ros -- -j8 -l8
[2.688s] [35m[1mConsolidate compiler generated dependencies of target conversion[0m
[2.698s] [35m[1mConsolidate compiler generated dependencies of target tags[0m
[2.709s] [35m[1mConsolidate compiler generated dependencies of target apriltag_node[0m
[2.736s] [ 20%] Built target conversion
[2.743s] [ 40%] Built target tags
[2.758s] [ 60%] Built target apriltag_node
[2.759s] [35m[1mConsolidate compiler generated dependencies of target pose_estimation[0m
[2.797s] [ 80%] Built target pose_estimation
[2.823s] [35m[1mConsolidate compiler generated dependencies of target AprilTagNode[0m
[2.869s] [100%] Built target AprilTagNode
[2.902s] Invoked command in '/home/student/ros2_ws/build/apriltag_ros' returned '0': CMAKE_PREFIX_PATH=${CMAKE_PREFIX_PATH}:/home/student/ros2_ws/install/turtlebot3_teleop:/home/student/ros2_ws/install/turtlebot3_example:/opt/ros/humble /usr/bin/cmake --build /home/student/ros2_ws/build/apriltag_ros -- -j8 -l8
[3.009s] Invoking command in '/home/student/ros2_ws/build/apriltag_ros': CMAKE_PREFIX_PATH=${CMAKE_PREFIX_PATH}:/home/student/ros2_ws/install/turtlebot3_teleop:/home/student/ros2_ws/install/turtlebot3_example:/opt/ros/humble /usr/bin/cmake --install /home/student/ros2_ws/build/apriltag_ros
[3.035s] -- Install configuration: ""
[3.036s] -- Execute custom install script
[3.039s] -- Up-to-date symlink: /home/student/ros2_ws/install/apriltag_ros/lib/apriltag_ros/apriltag_node
[3.040s] -- Up-to-date symlink: /home/student/ros2_ws/install/apriltag_ros/share/apriltag_ros/environment/library_path.sh
[3.042s] -- Up-to-date symlink: /home/student/ros2_ws/install/apriltag_ros/share/apriltag_ros/environment/library_path.dsv
[3.042s] -- Up-to-date symlink: /home/student/ros2_ws/install/apriltag_ros/lib/libAprilTagNode.so
[3.042s] -- Up-to-date symlink: /home/student/ros2_ws/install/apriltag_ros/share/apriltag_ros/cfg/tags_36h11.yaml
[3.042s] -- Up-to-date symlink: /home/student/ros2_ws/install/apriltag_ros/share/apriltag_ros/launch/v4l2_36h11.launch.yml
[3.044s] -- Up-to-date symlink: /home/student/ros2_ws/install/apriltag_ros/share/ament_index/resource_index/package_run_dependencies/apriltag_ros
[3.045s] -- Up-to-date symlink: /home/student/ros2_ws/install/apriltag_ros/share/ament_index/resource_index/parent_prefix_path/apriltag_ros
[3.045s] -- Up-to-date symlink: /home/student/ros2_ws/install/apriltag_ros/share/apriltag_ros/environment/ament_prefix_path.sh
[3.045s] -- Up-to-date symlink: /home/student/ros2_ws/install/apriltag_ros/share/apriltag_ros/environment/ament_prefix_path.dsv
[3.045s] -- Up-to-date symlink: /home/student/ros2_ws/install/apriltag_ros/share/apriltag_ros/environment/path.sh
[3.045s] -- Up-to-date symlink: /home/student/ros2_ws/install/apriltag_ros/share/apriltag_ros/environment/path.dsv
[3.045s] -- Up-to-date symlink: /home/student/ros2_ws/install/apriltag_ros/share/apriltag_ros/local_setup.bash
[3.045s] -- Up-to-date symlink: /home/student/ros2_ws/install/apriltag_ros/share/apriltag_ros/local_setup.sh
[3.045s] -- Up-to-date symlink: /home/student/ros2_ws/install/apriltag_ros/share/apriltag_ros/local_setup.zsh
[3.046s] -- Up-to-date symlink: /home/student/ros2_ws/install/apriltag_ros/share/apriltag_ros/local_setup.dsv
[3.046s] -- Symlinking: /home/student/ros2_ws/install/apriltag_ros/share/apriltag_ros/package.dsv
[3.061s] -- Up-to-date symlink: /home/student/ros2_ws/install/apriltag_ros/share/ament_index/resource_index/packages/apriltag_ros
[3.061s] -- Up-to-date symlink: /home/student/ros2_ws/install/apriltag_ros/share/ament_index/resource_index/rclcpp_components/apriltag_ros
[3.061s] -- Up-to-date symlink: /home/student/ros2_ws/install/apriltag_ros/share/apriltag_ros/cmake/apriltag_rosConfig.cmake
[3.062s] -- Up-to-date symlink: /home/student/ros2_ws/install/apriltag_ros/share/apriltag_ros/cmake/apriltag_rosConfig-version.cmake
[3.062s] -- Up-to-date symlink: /home/student/ros2_ws/install/apriltag_ros/share/apriltag_ros/package.xml
[3.067s] Invoked command in '/home/student/ros2_ws/build/apriltag_ros' returned '0': CMAKE_PREFIX_PATH=${CMAKE_PREFIX_PATH}:/home/student/ros2_ws/install/turtlebot3_teleop:/home/student/ros2_ws/install/turtlebot3_example:/opt/ros/humble /usr/bin/cmake --install /home/student/ros2_ws/build/apriltag_ros
