[0.045s] Invoking command in '/home/student/ros2_ws/src/build/turtlebot3_navigation2': CMAKE_PREFIX_PATH=${CMAKE_PREFIX_PATH}:/home/student/ros2_ws/install/turtlebot3_teleop:/home/student/ros2_ws/install/turtlebot3_example:/opt/ros/humble /usr/bin/cmake /home/student/ros2_ws/src/turtlebot3/turtlebot3_navigation2 -DCMAKE_INSTALL_PREFIX=/home/student/ros2_ws/src/install/turtlebot3_navigation2
[1.125s] -- The C compiler identification is GNU 11.4.0
[1.130s] -- The CXX compiler identification is GNU 11.4.0
[1.130s] -- Detecting C compiler ABI info
[1.130s] -- Detecting C compiler ABI info - done
[1.130s] -- Check for working C compiler: /usr/bin/cc - skipped
[1.130s] -- Detecting C compile features
[1.131s] -- Detecting C compile features - done
[1.131s] -- Detecting CXX compiler ABI info
[1.131s] -- Detecting CXX compiler ABI info - done
[1.131s] -- Check for working CXX compiler: /usr/bin/c++ - skipped
[1.131s] -- Detecting CXX compile features
[1.131s] -- Detecting CXX compile features - done
[1.131s] -- Found ament_cmake: 1.3.10 (/opt/ros/humble/share/ament_cmake/cmake)
[1.132s] -- Found Python3: /usr/bin/python3 (found version "3.10.12") found components: Interpreter 
[1.132s] -- Configuring done
[1.132s] -- Generating done
[1.132s] -- Build files have been written to: /home/student/ros2_ws/src/build/turtlebot3_navigation2
[1.133s] Invoked command in '/home/student/ros2_ws/src/build/turtlebot3_navigation2' returned '0': CMAKE_PREFIX_PATH=${CMAKE_PREFIX_PATH}:/home/student/ros2_ws/install/turtlebot3_teleop:/home/student/ros2_ws/install/turtlebot3_example:/opt/ros/humble /usr/bin/cmake /home/student/ros2_ws/src/turtlebot3/turtlebot3_navigation2 -DCMAKE_INSTALL_PREFIX=/home/student/ros2_ws/src/install/turtlebot3_navigation2
[1.134s] Invoking command in '/home/student/ros2_ws/src/build/turtlebot3_navigation2': CMAKE_PREFIX_PATH=${CMAKE_PREFIX_PATH}:/home/student/ros2_ws/install/turtlebot3_teleop:/home/student/ros2_ws/install/turtlebot3_example:/opt/ros/humble /usr/bin/cmake --build /home/student/ros2_ws/src/build/turtlebot3_navigation2 -- -j8 -l8
[1.604s] Invoked command in '/home/student/ros2_ws/src/build/turtlebot3_navigation2' returned '0': CMAKE_PREFIX_PATH=${CMAKE_PREFIX_PATH}:/home/student/ros2_ws/install/turtlebot3_teleop:/home/student/ros2_ws/install/turtlebot3_example:/opt/ros/humble /usr/bin/cmake --build /home/student/ros2_ws/src/build/turtlebot3_navigation2 -- -j8 -l8
[1.734s] Invoking command in '/home/student/ros2_ws/src/build/turtlebot3_navigation2': CMAKE_PREFIX_PATH=${CMAKE_PREFIX_PATH}:/home/student/ros2_ws/install/turtlebot3_teleop:/home/student/ros2_ws/install/turtlebot3_example:/opt/ros/humble /usr/bin/cmake --install /home/student/ros2_ws/src/build/turtlebot3_navigation2
[2.220s] -- Install configuration: ""
[2.221s] -- Installing: /home/student/ros2_ws/src/install/turtlebot3_navigation2/share/turtlebot3_navigation2/launch
[2.221s] -- Installing: /home/student/ros2_ws/src/install/turtlebot3_navigation2/share/turtlebot3_navigation2/launch/navigation2.launch.py
[2.221s] -- Installing: /home/student/ros2_ws/src/install/turtlebot3_navigation2/share/turtlebot3_navigation2/map
[2.221s] -- Installing: /home/student/ros2_ws/src/install/turtlebot3_navigation2/share/turtlebot3_navigation2/map/map.yaml
[2.224s] -- Installing: /home/student/ros2_ws/src/install/turtlebot3_navigation2/share/turtlebot3_navigation2/map/map.pgm
[2.224s] -- Installing: /home/student/ros2_ws/src/install/turtlebot3_navigation2/share/turtlebot3_navigation2/param
[2.224s] -- Installing: /home/student/ros2_ws/src/install/turtlebot3_navigation2/share/turtlebot3_navigation2/param/waffle.yaml
[2.224s] -- Installing: /home/student/ros2_ws/src/install/turtlebot3_navigation2/share/turtlebot3_navigation2/param/burger.yaml
[2.225s] -- Installing: /home/student/ros2_ws/src/install/turtlebot3_navigation2/share/turtlebot3_navigation2/param/waffle_pi.yaml
[2.226s] -- Installing: /home/student/ros2_ws/src/install/turtlebot3_navigation2/share/turtlebot3_navigation2/rviz
[2.226s] -- Installing: /home/student/ros2_ws/src/install/turtlebot3_navigation2/share/turtlebot3_navigation2/rviz/tb3_navigation2.rviz
[2.227s] -- Installing: /home/student/ros2_ws/src/install/turtlebot3_navigation2/share/ament_index/resource_index/package_run_dependencies/turtlebot3_navigation2
[2.227s] -- Installing: /home/student/ros2_ws/src/install/turtlebot3_navigation2/share/ament_index/resource_index/parent_prefix_path/turtlebot3_navigation2
[2.227s] -- Installing: /home/student/ros2_ws/src/install/turtlebot3_navigation2/share/turtlebot3_navigation2/environment/ament_prefix_path.sh
[2.227s] -- Installing: /home/student/ros2_ws/src/install/turtlebot3_navigation2/share/turtlebot3_navigation2/environment/ament_prefix_path.dsv
[2.228s] -- Installing: /home/student/ros2_ws/src/install/turtlebot3_navigation2/share/turtlebot3_navigation2/environment/path.sh
[2.228s] -- Installing: /home/student/ros2_ws/src/install/turtlebot3_navigation2/share/turtlebot3_navigation2/environment/path.dsv
[2.228s] -- Installing: /home/student/ros2_ws/src/install/turtlebot3_navigation2/share/turtlebot3_navigation2/local_setup.bash
[2.228s] -- Installing: /home/student/ros2_ws/src/install/turtlebot3_navigation2/share/turtlebot3_navigation2/local_setup.sh
[2.228s] -- Installing: /home/student/ros2_ws/src/install/turtlebot3_navigation2/share/turtlebot3_navigation2/local_setup.zsh
[2.228s] -- Installing: /home/student/ros2_ws/src/install/turtlebot3_navigation2/share/turtlebot3_navigation2/local_setup.dsv
[2.229s] -- Installing: /home/student/ros2_ws/src/install/turtlebot3_navigation2/share/turtlebot3_navigation2/package.dsv
[2.229s] -- Installing: /home/student/ros2_ws/src/install/turtlebot3_navigation2/share/ament_index/resource_index/packages/turtlebot3_navigation2
[2.229s] -- Installing: /home/student/ros2_ws/src/install/turtlebot3_navigation2/share/turtlebot3_navigation2/cmake/turtlebot3_navigation2Config.cmake
[2.229s] -- Installing: /home/student/ros2_ws/src/install/turtlebot3_navigation2/share/turtlebot3_navigation2/cmake/turtlebot3_navigation2Config-version.cmake
[2.230s] -- Installing: /home/student/ros2_ws/src/install/turtlebot3_navigation2/share/turtlebot3_navigation2/package.xml
[2.233s] Invoked command in '/home/student/ros2_ws/src/build/turtlebot3_navigation2' returned '0': CMAKE_PREFIX_PATH=${CMAKE_PREFIX_PATH}:/home/student/ros2_ws/install/turtlebot3_teleop:/home/student/ros2_ws/install/turtlebot3_example:/opt/ros/humble /usr/bin/cmake --install /home/student/ros2_ws/src/build/turtlebot3_navigation2
