[0.051s] Invoking command in '/home/student/ros2_ws/src/build/gazebo_map_creator_interface': CMAKE_PREFIX_PATH=${CMAKE_PREFIX_PATH}:/home/student/ros2_ws/install/turtlebot3_teleop:/home/student/ros2_ws/install/turtlebot3_example:/opt/ros/humble /usr/bin/cmake --build /home/student/ros2_ws/src/build/gazebo_map_creator_interface -- -j8 -l8
[0.171s] [  9%] Built target gazebo_map_creator_interface__rosidl_generator_c
[0.221s] [ 12%] Built target gazebo_map_creator_interface__cpp
[0.251s] [ 12%] Built target ament_cmake_python_copy_gazebo_map_creator_interface
[0.300s] [ 22%] Built target gazebo_map_creator_interface__rosidl_typesupport_introspection_c
[0.316s] [ 32%] Built target gazebo_map_creator_interface__rosidl_typesupport_c
[0.331s] [ 41%] Built target gazebo_map_creator_interface__rosidl_typesupport_fastrtps_cpp
[0.355s] [ 51%] Built target gazebo_map_creator_interface__rosidl_typesupport_fastrtps_c
[0.364s] [ 61%] Built target gazebo_map_creator_interface__rosidl_typesupport_cpp
[0.364s] [ 70%] Built target gazebo_map_creator_interface__rosidl_typesupport_introspection_cpp
[0.415s] [ 70%] Built target gazebo_map_creator_interface
[0.478s] [ 74%] Built target gazebo_map_creator_interface__py
[0.528s] [ 80%] Built target gazebo_map_creator_interface__rosidl_generator_py
[0.600s] [ 87%] Built target gazebo_map_creator_interface__rosidl_typesupport_c__pyext
[0.607s] [ 93%] Built target gazebo_map_creator_interface__rosidl_typesupport_fastrtps_c__pyext
[0.613s] [100%] Built target gazebo_map_creator_interface__rosidl_typesupport_introspection_c__pyext
[0.758s] running egg_info
[0.759s] writing gazebo_map_creator_interface.egg-info/PKG-INFO
[0.759s] writing dependency_links to gazebo_map_creator_interface.egg-info/dependency_links.txt
[0.759s] writing top-level names to gazebo_map_creator_interface.egg-info/top_level.txt
[0.762s] reading manifest file 'gazebo_map_creator_interface.egg-info/SOURCES.txt'
[0.763s] writing manifest file 'gazebo_map_creator_interface.egg-info/SOURCES.txt'
[0.795s] [100%] Built target ament_cmake_python_build_gazebo_map_creator_interface_egg
[0.915s] Invoked command in '/home/student/ros2_ws/src/build/gazebo_map_creator_interface' returned '0': CMAKE_PREFIX_PATH=${CMAKE_PREFIX_PATH}:/home/student/ros2_ws/install/turtlebot3_teleop:/home/student/ros2_ws/install/turtlebot3_example:/opt/ros/humble /usr/bin/cmake --build /home/student/ros2_ws/src/build/gazebo_map_creator_interface -- -j8 -l8
[1.109s] Invoking command in '/home/student/ros2_ws/src/build/gazebo_map_creator_interface': CMAKE_PREFIX_PATH=${CMAKE_PREFIX_PATH}:/home/student/ros2_ws/install/turtlebot3_teleop:/home/student/ros2_ws/install/turtlebot3_example:/opt/ros/humble /usr/bin/cmake --install /home/student/ros2_ws/src/build/gazebo_map_creator_interface
[1.125s] -- Install configuration: ""
[1.125s] -- Up-to-date: /home/student/ros2_ws/src/install/gazebo_map_creator_interface/share/ament_index/resource_index/rosidl_interfaces/gazebo_map_creator_interface
[1.125s] -- Up-to-date: /home/student/ros2_ws/src/install/gazebo_map_creator_interface/include/gazebo_map_creator_interface/gazebo_map_creator_interface
[1.125s] -- Up-to-date: /home/student/ros2_ws/src/install/gazebo_map_creator_interface/include/gazebo_map_creator_interface/gazebo_map_creator_interface/msg
[1.125s] -- Up-to-date: /home/student/ros2_ws/src/install/gazebo_map_creator_interface/include/gazebo_map_creator_interface/gazebo_map_creator_interface/msg/rosidl_generator_c__visibility_control.h
[1.126s] -- Up-to-date: /home/student/ros2_ws/src/install/gazebo_map_creator_interface/include/gazebo_map_creator_interface/gazebo_map_creator_interface/srv
[1.126s] -- Up-to-date: /home/student/ros2_ws/src/install/gazebo_map_creator_interface/include/gazebo_map_creator_interface/gazebo_map_creator_interface/srv/map_request.h
[1.126s] -- Up-to-date: /home/student/ros2_ws/src/install/gazebo_map_creator_interface/include/gazebo_map_creator_interface/gazebo_map_creator_interface/srv/detail
[1.126s] -- Up-to-date: /home/student/ros2_ws/src/install/gazebo_map_creator_interface/include/gazebo_map_creator_interface/gazebo_map_creator_interface/srv/detail/map_request__type_support.h
[1.126s] -- Up-to-date: /home/student/ros2_ws/src/install/gazebo_map_creator_interface/include/gazebo_map_creator_interface/gazebo_map_creator_interface/srv/detail/map_request__functions.c
[1.126s] -- Up-to-date: /home/student/ros2_ws/src/install/gazebo_map_creator_interface/include/gazebo_map_creator_interface/gazebo_map_creator_interface/srv/detail/map_request__struct.h
[1.126s] -- Up-to-date: /home/student/ros2_ws/src/install/gazebo_map_creator_interface/include/gazebo_map_creator_interface/gazebo_map_creator_interface/srv/detail/map_request__functions.h
[1.126s] -- Up-to-date: /home/student/ros2_ws/src/install/gazebo_map_creator_interface/share/gazebo_map_creator_interface/environment/library_path.sh
[1.126s] -- Up-to-date: /home/student/ros2_ws/src/install/gazebo_map_creator_interface/share/gazebo_map_creator_interface/environment/library_path.dsv
[1.126s] -- Up-to-date: /home/student/ros2_ws/src/install/gazebo_map_creator_interface/lib/libgazebo_map_creator_interface__rosidl_generator_c.so
[1.127s] -- Up-to-date: /home/student/ros2_ws/src/install/gazebo_map_creator_interface/include/gazebo_map_creator_interface/gazebo_map_creator_interface
[1.127s] -- Up-to-date: /home/student/ros2_ws/src/install/gazebo_map_creator_interface/include/gazebo_map_creator_interface/gazebo_map_creator_interface/msg
[1.127s] -- Up-to-date: /home/student/ros2_ws/src/install/gazebo_map_creator_interface/include/gazebo_map_creator_interface/gazebo_map_creator_interface/msg/rosidl_typesupport_fastrtps_c__visibility_control.h
[1.127s] -- Up-to-date: /home/student/ros2_ws/src/install/gazebo_map_creator_interface/include/gazebo_map_creator_interface/gazebo_map_creator_interface/srv
[1.127s] -- Up-to-date: /home/student/ros2_ws/src/install/gazebo_map_creator_interface/include/gazebo_map_creator_interface/gazebo_map_creator_interface/srv/detail
[1.129s] -- Up-to-date: /home/student/ros2_ws/src/install/gazebo_map_creator_interface/include/gazebo_map_creator_interface/gazebo_map_creator_interface/srv/detail/map_request__rosidl_typesupport_fastrtps_c.h
[1.129s] -- Up-to-date: /home/student/ros2_ws/src/install/gazebo_map_creator_interface/lib/libgazebo_map_creator_interface__rosidl_typesupport_fastrtps_c.so
[1.130s] -- Up-to-date: /home/student/ros2_ws/src/install/gazebo_map_creator_interface/include/gazebo_map_creator_interface/gazebo_map_creator_interface
[1.131s] -- Up-to-date: /home/student/ros2_ws/src/install/gazebo_map_creator_interface/include/gazebo_map_creator_interface/gazebo_map_creator_interface/srv
[1.131s] -- Up-to-date: /home/student/ros2_ws/src/install/gazebo_map_creator_interface/include/gazebo_map_creator_interface/gazebo_map_creator_interface/srv/map_request.hpp
[1.131s] -- Up-to-date: /home/student/ros2_ws/src/install/gazebo_map_creator_interface/include/gazebo_map_creator_interface/gazebo_map_creator_interface/srv/detail
[1.131s] -- Up-to-date: /home/student/ros2_ws/src/install/gazebo_map_creator_interface/include/gazebo_map_creator_interface/gazebo_map_creator_interface/srv/detail/map_request__traits.hpp
[1.131s] -- Up-to-date: /home/student/ros2_ws/src/install/gazebo_map_creator_interface/include/gazebo_map_creator_interface/gazebo_map_creator_interface/srv/detail/map_request__struct.hpp
[1.132s] -- Up-to-date: /home/student/ros2_ws/src/install/gazebo_map_creator_interface/include/gazebo_map_creator_interface/gazebo_map_creator_interface/srv/detail/map_request__builder.hpp
[1.132s] -- Up-to-date: /home/student/ros2_ws/src/install/gazebo_map_creator_interface/include/gazebo_map_creator_interface/gazebo_map_creator_interface
[1.132s] -- Up-to-date: /home/student/ros2_ws/src/install/gazebo_map_creator_interface/include/gazebo_map_creator_interface/gazebo_map_creator_interface/msg
[1.132s] -- Up-to-date: /home/student/ros2_ws/src/install/gazebo_map_creator_interface/include/gazebo_map_creator_interface/gazebo_map_creator_interface/msg/rosidl_typesupport_fastrtps_cpp__visibility_control.h
[1.132s] -- Up-to-date: /home/student/ros2_ws/src/install/gazebo_map_creator_interface/include/gazebo_map_creator_interface/gazebo_map_creator_interface/srv
[1.133s] -- Up-to-date: /home/student/ros2_ws/src/install/gazebo_map_creator_interface/include/gazebo_map_creator_interface/gazebo_map_creator_interface/srv/detail
[1.133s] -- Up-to-date: /home/student/ros2_ws/src/install/gazebo_map_creator_interface/include/gazebo_map_creator_interface/gazebo_map_creator_interface/srv/detail/dds_fastrtps
[1.133s] -- Up-to-date: /home/student/ros2_ws/src/install/gazebo_map_creator_interface/include/gazebo_map_creator_interface/gazebo_map_creator_interface/srv/detail/map_request__rosidl_typesupport_fastrtps_cpp.hpp
[1.133s] -- Up-to-date: /home/student/ros2_ws/src/install/gazebo_map_creator_interface/lib/libgazebo_map_creator_interface__rosidl_typesupport_fastrtps_cpp.so
[1.133s] -- Up-to-date: /home/student/ros2_ws/src/install/gazebo_map_creator_interface/include/gazebo_map_creator_interface/gazebo_map_creator_interface
[1.134s] -- Up-to-date: /home/student/ros2_ws/src/install/gazebo_map_creator_interface/include/gazebo_map_creator_interface/gazebo_map_creator_interface/msg
[1.134s] -- Up-to-date: /home/student/ros2_ws/src/install/gazebo_map_creator_interface/include/gazebo_map_creator_interface/gazebo_map_creator_interface/msg/rosidl_typesupport_introspection_c__visibility_control.h
[1.134s] -- Up-to-date: /home/student/ros2_ws/src/install/gazebo_map_creator_interface/include/gazebo_map_creator_interface/gazebo_map_creator_interface/srv
[1.134s] -- Up-to-date: /home/student/ros2_ws/src/install/gazebo_map_creator_interface/include/gazebo_map_creator_interface/gazebo_map_creator_interface/srv/detail
[1.134s] -- Up-to-date: /home/student/ros2_ws/src/install/gazebo_map_creator_interface/include/gazebo_map_creator_interface/gazebo_map_creator_interface/srv/detail/map_request__type_support.c
[1.134s] -- Up-to-date: /home/student/ros2_ws/src/install/gazebo_map_creator_interface/include/gazebo_map_creator_interface/gazebo_map_creator_interface/srv/detail/map_request__rosidl_typesupport_introspection_c.h
[1.135s] -- Up-to-date: /home/student/ros2_ws/src/install/gazebo_map_creator_interface/lib/libgazebo_map_creator_interface__rosidl_typesupport_introspection_c.so
[1.135s] -- Up-to-date: /home/student/ros2_ws/src/install/gazebo_map_creator_interface/lib/libgazebo_map_creator_interface__rosidl_typesupport_c.so
[1.135s] -- Up-to-date: /home/student/ros2_ws/src/install/gazebo_map_creator_interface/include/gazebo_map_creator_interface/gazebo_map_creator_interface
[1.135s] -- Up-to-date: /home/student/ros2_ws/src/install/gazebo_map_creator_interface/include/gazebo_map_creator_interface/gazebo_map_creator_interface/srv
[1.135s] -- Up-to-date: /home/student/ros2_ws/src/install/gazebo_map_creator_interface/include/gazebo_map_creator_interface/gazebo_map_creator_interface/srv/detail
[1.135s] -- Up-to-date: /home/student/ros2_ws/src/install/gazebo_map_creator_interface/include/gazebo_map_creator_interface/gazebo_map_creator_interface/srv/detail/map_request__type_support.cpp
[1.135s] -- Up-to-date: /home/student/ros2_ws/src/install/gazebo_map_creator_interface/include/gazebo_map_creator_interface/gazebo_map_creator_interface/srv/detail/map_request__rosidl_typesupport_introspection_cpp.hpp
[1.135s] -- Up-to-date: /home/student/ros2_ws/src/install/gazebo_map_creator_interface/lib/libgazebo_map_creator_interface__rosidl_typesupport_introspection_cpp.so
[1.136s] -- Up-to-date: /home/student/ros2_ws/src/install/gazebo_map_creator_interface/lib/libgazebo_map_creator_interface__rosidl_typesupport_cpp.so
[1.136s] -- Up-to-date: /home/student/ros2_ws/src/install/gazebo_map_creator_interface/share/gazebo_map_creator_interface/environment/pythonpath.sh
[1.138s] -- Up-to-date: /home/student/ros2_ws/src/install/gazebo_map_creator_interface/share/gazebo_map_creator_interface/environment/pythonpath.dsv
[1.138s] -- Up-to-date: /home/student/ros2_ws/src/install/gazebo_map_creator_interface/local/lib/python3.10/dist-packages/gazebo_map_creator_interface-3.5.3-py3.10.egg-info
[1.138s] -- Installing: /home/student/ros2_ws/src/install/gazebo_map_creator_interface/local/lib/python3.10/dist-packages/gazebo_map_creator_interface-3.5.3-py3.10.egg-info/dependency_links.txt
[1.139s] -- Installing: /home/student/ros2_ws/src/install/gazebo_map_creator_interface/local/lib/python3.10/dist-packages/gazebo_map_creator_interface-3.5.3-py3.10.egg-info/PKG-INFO
[1.139s] -- Installing: /home/student/ros2_ws/src/install/gazebo_map_creator_interface/local/lib/python3.10/dist-packages/gazebo_map_creator_interface-3.5.3-py3.10.egg-info/top_level.txt
[1.139s] -- Installing: /home/student/ros2_ws/src/install/gazebo_map_creator_interface/local/lib/python3.10/dist-packages/gazebo_map_creator_interface-3.5.3-py3.10.egg-info/SOURCES.txt
[1.139s] -- Up-to-date: /home/student/ros2_ws/src/install/gazebo_map_creator_interface/local/lib/python3.10/dist-packages/gazebo_map_creator_interface
[1.139s] -- Up-to-date: /home/student/ros2_ws/src/install/gazebo_map_creator_interface/local/lib/python3.10/dist-packages/gazebo_map_creator_interface/gazebo_map_creator_interface_s__rosidl_typesupport_introspection_c.cpython-310-x86_64-linux-gnu.so
[1.139s] -- Up-to-date: /home/student/ros2_ws/src/install/gazebo_map_creator_interface/local/lib/python3.10/dist-packages/gazebo_map_creator_interface/__init__.py
[1.139s] -- Up-to-date: /home/student/ros2_ws/src/install/gazebo_map_creator_interface/local/lib/python3.10/dist-packages/gazebo_map_creator_interface/gazebo_map_creator_interface_s__rosidl_typesupport_c.cpython-310-x86_64-linux-gnu.so
[1.139s] -- Up-to-date: /home/student/ros2_ws/src/install/gazebo_map_creator_interface/local/lib/python3.10/dist-packages/gazebo_map_creator_interface/srv
[1.139s] -- Up-to-date: /home/student/ros2_ws/src/install/gazebo_map_creator_interface/local/lib/python3.10/dist-packages/gazebo_map_creator_interface/srv/__init__.py
[1.140s] -- Up-to-date: /home/student/ros2_ws/src/install/gazebo_map_creator_interface/local/lib/python3.10/dist-packages/gazebo_map_creator_interface/srv/_map_request.py
[1.140s] -- Up-to-date: /home/student/ros2_ws/src/install/gazebo_map_creator_interface/local/lib/python3.10/dist-packages/gazebo_map_creator_interface/srv/_map_request_s.c
[1.140s] -- Up-to-date: /home/student/ros2_ws/src/install/gazebo_map_creator_interface/local/lib/python3.10/dist-packages/gazebo_map_creator_interface/_gazebo_map_creator_interface_s.ep.rosidl_typesupport_c.c
[1.140s] -- Up-to-date: /home/student/ros2_ws/src/install/gazebo_map_creator_interface/local/lib/python3.10/dist-packages/gazebo_map_creator_interface/gazebo_map_creator_interface_s__rosidl_typesupport_fastrtps_c.cpython-310-x86_64-linux-gnu.so
[1.140s] -- Up-to-date: /home/student/ros2_ws/src/install/gazebo_map_creator_interface/local/lib/python3.10/dist-packages/gazebo_map_creator_interface/_gazebo_map_creator_interface_s.ep.rosidl_typesupport_introspection_c.c
[1.140s] -- Up-to-date: /home/student/ros2_ws/src/install/gazebo_map_creator_interface/local/lib/python3.10/dist-packages/gazebo_map_creator_interface/_gazebo_map_creator_interface_s.ep.rosidl_typesupport_fastrtps_c.c
[1.140s] -- Up-to-date: /home/student/ros2_ws/src/install/gazebo_map_creator_interface/local/lib/python3.10/dist-packages/gazebo_map_creator_interface/libgazebo_map_creator_interface__rosidl_generator_py.so
[1.186s] Listing '/home/student/ros2_ws/src/install/gazebo_map_creator_interface/local/lib/python3.10/dist-packages/gazebo_map_creator_interface'...
[1.186s] Listing '/home/student/ros2_ws/src/install/gazebo_map_creator_interface/local/lib/python3.10/dist-packages/gazebo_map_creator_interface/srv'...
[1.191s] -- Up-to-date: /home/student/ros2_ws/src/install/gazebo_map_creator_interface/local/lib/python3.10/dist-packages/gazebo_map_creator_interface/gazebo_map_creator_interface_s__rosidl_typesupport_fastrtps_c.cpython-310-x86_64-linux-gnu.so
[1.191s] -- Up-to-date: /home/student/ros2_ws/src/install/gazebo_map_creator_interface/local/lib/python3.10/dist-packages/gazebo_map_creator_interface/gazebo_map_creator_interface_s__rosidl_typesupport_introspection_c.cpython-310-x86_64-linux-gnu.so
[1.192s] -- Up-to-date: /home/student/ros2_ws/src/install/gazebo_map_creator_interface/local/lib/python3.10/dist-packages/gazebo_map_creator_interface/gazebo_map_creator_interface_s__rosidl_typesupport_c.cpython-310-x86_64-linux-gnu.so
[1.192s] -- Up-to-date: /home/student/ros2_ws/src/install/gazebo_map_creator_interface/lib/libgazebo_map_creator_interface__rosidl_generator_py.so
[1.193s] -- Up-to-date: /home/student/ros2_ws/src/install/gazebo_map_creator_interface/share/gazebo_map_creator_interface/srv/MapRequest.idl
[1.193s] -- Up-to-date: /home/student/ros2_ws/src/install/gazebo_map_creator_interface/share/gazebo_map_creator_interface/srv/MapRequest.srv
[1.193s] -- Up-to-date: /home/student/ros2_ws/src/install/gazebo_map_creator_interface/share/gazebo_map_creator_interface/srv/MapRequest_Request.msg
[1.194s] -- Up-to-date: /home/student/ros2_ws/src/install/gazebo_map_creator_interface/share/gazebo_map_creator_interface/srv/MapRequest_Response.msg
[1.195s] -- Up-to-date: /home/student/ros2_ws/src/install/gazebo_map_creator_interface/share/ament_index/resource_index/package_run_dependencies/gazebo_map_creator_interface
[1.196s] -- Up-to-date: /home/student/ros2_ws/src/install/gazebo_map_creator_interface/share/ament_index/resource_index/parent_prefix_path/gazebo_map_creator_interface
[1.196s] -- Up-to-date: /home/student/ros2_ws/src/install/gazebo_map_creator_interface/share/gazebo_map_creator_interface/environment/ament_prefix_path.sh
[1.197s] -- Up-to-date: /home/student/ros2_ws/src/install/gazebo_map_creator_interface/share/gazebo_map_creator_interface/environment/ament_prefix_path.dsv
[1.197s] -- Up-to-date: /home/student/ros2_ws/src/install/gazebo_map_creator_interface/share/gazebo_map_creator_interface/environment/path.sh
[1.197s] -- Up-to-date: /home/student/ros2_ws/src/install/gazebo_map_creator_interface/share/gazebo_map_creator_interface/environment/path.dsv
[1.197s] -- Up-to-date: /home/student/ros2_ws/src/install/gazebo_map_creator_interface/share/gazebo_map_creator_interface/local_setup.bash
[1.197s] -- Up-to-date: /home/student/ros2_ws/src/install/gazebo_map_creator_interface/share/gazebo_map_creator_interface/local_setup.sh
[1.198s] -- Up-to-date: /home/student/ros2_ws/src/install/gazebo_map_creator_interface/share/gazebo_map_creator_interface/local_setup.zsh
[1.198s] -- Up-to-date: /home/student/ros2_ws/src/install/gazebo_map_creator_interface/share/gazebo_map_creator_interface/local_setup.dsv
[1.198s] -- Installing: /home/student/ros2_ws/src/install/gazebo_map_creator_interface/share/gazebo_map_creator_interface/package.dsv
[1.198s] -- Up-to-date: /home/student/ros2_ws/src/install/gazebo_map_creator_interface/share/ament_index/resource_index/packages/gazebo_map_creator_interface
[1.198s] -- Up-to-date: /home/student/ros2_ws/src/install/gazebo_map_creator_interface/share/gazebo_map_creator_interface/cmake/export_gazebo_map_creator_interface__rosidl_generator_cExport.cmake
[1.198s] -- Up-to-date: /home/student/ros2_ws/src/install/gazebo_map_creator_interface/share/gazebo_map_creator_interface/cmake/export_gazebo_map_creator_interface__rosidl_generator_cExport-noconfig.cmake
[1.199s] -- Up-to-date: /home/student/ros2_ws/src/install/gazebo_map_creator_interface/share/gazebo_map_creator_interface/cmake/export_gazebo_map_creator_interface__rosidl_typesupport_fastrtps_cExport.cmake
[1.199s] -- Up-to-date: /home/student/ros2_ws/src/install/gazebo_map_creator_interface/share/gazebo_map_creator_interface/cmake/export_gazebo_map_creator_interface__rosidl_typesupport_fastrtps_cExport-noconfig.cmake
[1.199s] -- Up-to-date: /home/student/ros2_ws/src/install/gazebo_map_creator_interface/share/gazebo_map_creator_interface/cmake/export_gazebo_map_creator_interface__rosidl_generator_cppExport.cmake
[1.200s] -- Up-to-date: /home/student/ros2_ws/src/install/gazebo_map_creator_interface/share/gazebo_map_creator_interface/cmake/export_gazebo_map_creator_interface__rosidl_typesupport_fastrtps_cppExport.cmake
[1.202s] -- Up-to-date: /home/student/ros2_ws/src/install/gazebo_map_creator_interface/share/gazebo_map_creator_interface/cmake/export_gazebo_map_creator_interface__rosidl_typesupport_fastrtps_cppExport-noconfig.cmake
[1.202s] -- Up-to-date: /home/student/ros2_ws/src/install/gazebo_map_creator_interface/share/gazebo_map_creator_interface/cmake/gazebo_map_creator_interface__rosidl_typesupport_introspection_cExport.cmake
[1.202s] -- Up-to-date: /home/student/ros2_ws/src/install/gazebo_map_creator_interface/share/gazebo_map_creator_interface/cmake/gazebo_map_creator_interface__rosidl_typesupport_introspection_cExport-noconfig.cmake
[1.202s] -- Up-to-date: /home/student/ros2_ws/src/install/gazebo_map_creator_interface/share/gazebo_map_creator_interface/cmake/gazebo_map_creator_interface__rosidl_typesupport_cExport.cmake
[1.202s] -- Up-to-date: /home/student/ros2_ws/src/install/gazebo_map_creator_interface/share/gazebo_map_creator_interface/cmake/gazebo_map_creator_interface__rosidl_typesupport_cExport-noconfig.cmake
[1.202s] -- Up-to-date: /home/student/ros2_ws/src/install/gazebo_map_creator_interface/share/gazebo_map_creator_interface/cmake/gazebo_map_creator_interface__rosidl_typesupport_introspection_cppExport.cmake
[1.202s] -- Up-to-date: /home/student/ros2_ws/src/install/gazebo_map_creator_interface/share/gazebo_map_creator_interface/cmake/gazebo_map_creator_interface__rosidl_typesupport_introspection_cppExport-noconfig.cmake
[1.202s] -- Up-to-date: /home/student/ros2_ws/src/install/gazebo_map_creator_interface/share/gazebo_map_creator_interface/cmake/gazebo_map_creator_interface__rosidl_typesupport_cppExport.cmake
[1.203s] -- Up-to-date: /home/student/ros2_ws/src/install/gazebo_map_creator_interface/share/gazebo_map_creator_interface/cmake/gazebo_map_creator_interface__rosidl_typesupport_cppExport-noconfig.cmake
[1.203s] -- Up-to-date: /home/student/ros2_ws/src/install/gazebo_map_creator_interface/share/gazebo_map_creator_interface/cmake/export_gazebo_map_creator_interface__rosidl_generator_pyExport.cmake
[1.203s] -- Up-to-date: /home/student/ros2_ws/src/install/gazebo_map_creator_interface/share/gazebo_map_creator_interface/cmake/export_gazebo_map_creator_interface__rosidl_generator_pyExport-noconfig.cmake
[1.203s] -- Up-to-date: /home/student/ros2_ws/src/install/gazebo_map_creator_interface/share/gazebo_map_creator_interface/cmake/rosidl_cmake-extras.cmake
[1.203s] -- Up-to-date: /home/student/ros2_ws/src/install/gazebo_map_creator_interface/share/gazebo_map_creator_interface/cmake/ament_cmake_export_dependencies-extras.cmake
[1.203s] -- Up-to-date: /home/student/ros2_ws/src/install/gazebo_map_creator_interface/share/gazebo_map_creator_interface/cmake/ament_cmake_export_include_directories-extras.cmake
[1.203s] -- Up-to-date: /home/student/ros2_ws/src/install/gazebo_map_creator_interface/share/gazebo_map_creator_interface/cmake/ament_cmake_export_libraries-extras.cmake
[1.204s] -- Up-to-date: /home/student/ros2_ws/src/install/gazebo_map_creator_interface/share/gazebo_map_creator_interface/cmake/ament_cmake_export_targets-extras.cmake
[1.204s] -- Up-to-date: /home/student/ros2_ws/src/install/gazebo_map_creator_interface/share/gazebo_map_creator_interface/cmake/rosidl_cmake_export_typesupport_targets-extras.cmake
[1.204s] -- Up-to-date: /home/student/ros2_ws/src/install/gazebo_map_creator_interface/share/gazebo_map_creator_interface/cmake/rosidl_cmake_export_typesupport_libraries-extras.cmake
[1.204s] -- Up-to-date: /home/student/ros2_ws/src/install/gazebo_map_creator_interface/share/gazebo_map_creator_interface/cmake/gazebo_map_creator_interfaceConfig.cmake
[1.204s] -- Up-to-date: /home/student/ros2_ws/src/install/gazebo_map_creator_interface/share/gazebo_map_creator_interface/cmake/gazebo_map_creator_interfaceConfig-version.cmake
[1.204s] -- Up-to-date: /home/student/ros2_ws/src/install/gazebo_map_creator_interface/share/gazebo_map_creator_interface/package.xml
[1.209s] Invoked command in '/home/student/ros2_ws/src/build/gazebo_map_creator_interface' returned '0': CMAKE_PREFIX_PATH=${CMAKE_PREFIX_PATH}:/home/student/ros2_ws/install/turtlebot3_teleop:/home/student/ros2_ws/install/turtlebot3_example:/opt/ros/humble /usr/bin/cmake --install /home/student/ros2_ws/src/build/gazebo_map_creator_interface
