[0.042s] Invoking command in '/home/student/ros2_ws/src/build/turtlebot3_gazebo': CMAKE_PREFIX_PATH=${CMAKE_PREFIX_PATH}:/home/student/ros2_ws/install/turtlebot3_teleop:/home/student/ros2_ws/install/turtlebot3_example:/opt/ros/humble /usr/bin/cmake --build /home/student/ros2_ws/src/build/turtlebot3_gazebo -- -j8 -l8
[0.145s] [35m[1mConsolidate compiler generated dependencies of target obstacle1[0m
[0.164s] [35m[1mConsolidate compiler generated dependencies of target turtlebot3_drive[0m
[0.184s] [35m[1mConsolidate compiler generated dependencies of target obstacles[0m
[0.185s] [35m[1mConsolidate compiler generated dependencies of target obstacle2[0m
[0.299s] [ 25%] Built target turtlebot3_drive
[0.319s] [ 50%] Built target obstacle1
[0.377s] [ 75%] Built target obstacle2
[0.395s] [100%] Built target obstacles
[0.434s] Invoked command in '/home/student/ros2_ws/src/build/turtlebot3_gazebo' returned '0': CMAKE_PREFIX_PATH=${CMAKE_PREFIX_PATH}:/home/student/ros2_ws/install/turtlebot3_teleop:/home/student/ros2_ws/install/turtlebot3_example:/opt/ros/humble /usr/bin/cmake --build /home/student/ros2_ws/src/build/turtlebot3_gazebo -- -j8 -l8
[0.890s] Invoking command in '/home/student/ros2_ws/src/build/turtlebot3_gazebo': CMAKE_PREFIX_PATH=${CMAKE_PREFIX_PATH}:/home/student/ros2_ws/install/turtlebot3_teleop:/home/student/ros2_ws/install/turtlebot3_example:/opt/ros/humble /usr/bin/cmake --install /home/student/ros2_ws/src/build/turtlebot3_gazebo
[0.903s] -- Install configuration: ""
[0.903s] -- Installing: /home/student/ros2_ws/src/install/turtlebot3_gazebo/lib/turtlebot3_gazebo/turtlebot3_drive
[0.913s] -- Set runtime path of "/home/student/ros2_ws/src/install/turtlebot3_gazebo/lib/turtlebot3_gazebo/turtlebot3_drive" to ""
[0.914s] -- Installing: /home/student/ros2_ws/src/install/turtlebot3_gazebo/share/turtlebot3_gazebo//launch
[0.915s] -- Installing: /home/student/ros2_ws/src/install/turtlebot3_gazebo/share/turtlebot3_gazebo//launch/turtlebot3_dqn_stage1.launch.py
[0.917s] -- Installing: /home/student/ros2_ws/src/install/turtlebot3_gazebo/share/turtlebot3_gazebo//launch/turtlebot3_house.launch.py
[0.917s] -- Installing: /home/student/ros2_ws/src/install/turtlebot3_gazebo/share/turtlebot3_gazebo//launch/turtlebot3_dqn_stage4.launch.py
[0.918s] -- Installing: /home/student/ros2_ws/src/install/turtlebot3_gazebo/share/turtlebot3_gazebo//launch/turtlebot3_dqn_stage2.launch.py
[0.918s] -- Installing: /home/student/ros2_ws/src/install/turtlebot3_gazebo/share/turtlebot3_gazebo//launch/robot_state_publisher.launch.py
[0.919s] -- Installing: /home/student/ros2_ws/src/install/turtlebot3_gazebo/share/turtlebot3_gazebo//launch/turtlebot3_dqn_stage3.launch.py
[0.926s] -- Installing: /home/student/ros2_ws/src/install/turtlebot3_gazebo/share/turtlebot3_gazebo//launch/spawn_turtlebot3.launch.py
[0.927s] -- Installing: /home/student/ros2_ws/src/install/turtlebot3_gazebo/share/turtlebot3_gazebo//launch/SmartFactory.launch.py
[0.927s] -- Installing: /home/student/ros2_ws/src/install/turtlebot3_gazebo/share/turtlebot3_gazebo//launch/empty_world.launch.py
[0.927s] -- Installing: /home/student/ros2_ws/src/install/turtlebot3_gazebo/share/turtlebot3_gazebo//launch/turtlebot3_world.launch.py
[0.927s] -- Installing: /home/student/ros2_ws/src/install/turtlebot3_gazebo/share/turtlebot3_gazebo//models
[0.928s] -- Installing: /home/student/ros2_ws/src/install/turtlebot3_gazebo/share/turtlebot3_gazebo//models/custom_cardboard_box
[0.930s] -- Installing: /home/student/ros2_ws/src/install/turtlebot3_gazebo/share/turtlebot3_gazebo//models/custom_cardboard_box/cardboard_box_custom_1
[0.931s] -- Installing: /home/student/ros2_ws/src/install/turtlebot3_gazebo/share/turtlebot3_gazebo//models/custom_cardboard_box/cardboard_box_custom_1/thumbnails
[0.931s] -- Installing: /home/student/ros2_ws/src/install/turtlebot3_gazebo/share/turtlebot3_gazebo//models/custom_cardboard_box/cardboard_box_custom_1/thumbnails/4.png
[0.931s] -- Installing: /home/student/ros2_ws/src/install/turtlebot3_gazebo/share/turtlebot3_gazebo//models/custom_cardboard_box/cardboard_box_custom_1/thumbnails/2.png
[0.931s] -- Installing: /home/student/ros2_ws/src/install/turtlebot3_gazebo/share/turtlebot3_gazebo//models/custom_cardboard_box/cardboard_box_custom_1/thumbnails/5.png
[0.931s] -- Installing: /home/student/ros2_ws/src/install/turtlebot3_gazebo/share/turtlebot3_gazebo//models/custom_cardboard_box/cardboard_box_custom_1/thumbnails/3.png
[0.932s] -- Installing: /home/student/ros2_ws/src/install/turtlebot3_gazebo/share/turtlebot3_gazebo//models/custom_cardboard_box/cardboard_box_custom_1/thumbnails/1.png
[0.932s] -- Installing: /home/student/ros2_ws/src/install/turtlebot3_gazebo/share/turtlebot3_gazebo//models/custom_cardboard_box/cardboard_box_custom_1/materials
[0.932s] -- Installing: /home/student/ros2_ws/src/install/turtlebot3_gazebo/share/turtlebot3_gazebo//models/custom_cardboard_box/cardboard_box_custom_1/materials/textures
[0.933s] -- Installing: /home/student/ros2_ws/src/install/turtlebot3_gazebo/share/turtlebot3_gazebo//models/custom_cardboard_box/cardboard_box_custom_1/materials/textures/carboard_box.png
[0.935s] -- Installing: /home/student/ros2_ws/src/install/turtlebot3_gazebo/share/turtlebot3_gazebo//models/custom_cardboard_box/cardboard_box_custom_1/meshes
[0.935s] -- Installing: /home/student/ros2_ws/src/install/turtlebot3_gazebo/share/turtlebot3_gazebo//models/custom_cardboard_box/cardboard_box_custom_1/meshes/cardboard_box.dae
[0.935s] -- Installing: /home/student/ros2_ws/src/install/turtlebot3_gazebo/share/turtlebot3_gazebo//models/custom_cardboard_box/cardboard_box_custom_1/model.sdf
[0.935s] -- Installing: /home/student/ros2_ws/src/install/turtlebot3_gazebo/share/turtlebot3_gazebo//models/custom_cardboard_box/cardboard_box_custom_1/model.config
[0.936s] -- Installing: /home/student/ros2_ws/src/install/turtlebot3_gazebo/share/turtlebot3_gazebo//models/custom_cardboard_box/cardboard_box_custom_3
[0.937s] -- Installing: /home/student/ros2_ws/src/install/turtlebot3_gazebo/share/turtlebot3_gazebo//models/custom_cardboard_box/cardboard_box_custom_3/thumbnails
[0.937s] -- Installing: /home/student/ros2_ws/src/install/turtlebot3_gazebo/share/turtlebot3_gazebo//models/custom_cardboard_box/cardboard_box_custom_3/thumbnails/4.png
[0.941s] -- Installing: /home/student/ros2_ws/src/install/turtlebot3_gazebo/share/turtlebot3_gazebo//models/custom_cardboard_box/cardboard_box_custom_3/thumbnails/2.png
[0.941s] -- Installing: /home/student/ros2_ws/src/install/turtlebot3_gazebo/share/turtlebot3_gazebo//models/custom_cardboard_box/cardboard_box_custom_3/thumbnails/5.png
[0.941s] -- Installing: /home/student/ros2_ws/src/install/turtlebot3_gazebo/share/turtlebot3_gazebo//models/custom_cardboard_box/cardboard_box_custom_3/thumbnails/3.png
[0.941s] -- Installing: /home/student/ros2_ws/src/install/turtlebot3_gazebo/share/turtlebot3_gazebo//models/custom_cardboard_box/cardboard_box_custom_3/thumbnails/1.png
[0.942s] -- Installing: /home/student/ros2_ws/src/install/turtlebot3_gazebo/share/turtlebot3_gazebo//models/custom_cardboard_box/cardboard_box_custom_3/materials
[0.942s] -- Installing: /home/student/ros2_ws/src/install/turtlebot3_gazebo/share/turtlebot3_gazebo//models/custom_cardboard_box/cardboard_box_custom_3/materials/textures
[0.942s] -- Installing: /home/student/ros2_ws/src/install/turtlebot3_gazebo/share/turtlebot3_gazebo//models/custom_cardboard_box/cardboard_box_custom_3/materials/textures/carboard_box.png
[0.942s] -- Installing: /home/student/ros2_ws/src/install/turtlebot3_gazebo/share/turtlebot3_gazebo//models/custom_cardboard_box/cardboard_box_custom_3/meshes
[0.942s] -- Installing: /home/student/ros2_ws/src/install/turtlebot3_gazebo/share/turtlebot3_gazebo//models/custom_cardboard_box/cardboard_box_custom_3/meshes/cardboard_box.dae
[0.942s] -- Installing: /home/student/ros2_ws/src/install/turtlebot3_gazebo/share/turtlebot3_gazebo//models/custom_cardboard_box/cardboard_box_custom_3/model.sdf
[0.942s] -- Installing: /home/student/ros2_ws/src/install/turtlebot3_gazebo/share/turtlebot3_gazebo//models/custom_cardboard_box/cardboard_box_custom_3/model.config
[0.942s] -- Installing: /home/student/ros2_ws/src/install/turtlebot3_gazebo/share/turtlebot3_gazebo//models/custom_cardboard_box/cardboard_box_custom_2
[0.942s] -- Installing: /home/student/ros2_ws/src/install/turtlebot3_gazebo/share/turtlebot3_gazebo//models/custom_cardboard_box/cardboard_box_custom_2/thumbnails
[0.943s] -- Installing: /home/student/ros2_ws/src/install/turtlebot3_gazebo/share/turtlebot3_gazebo//models/custom_cardboard_box/cardboard_box_custom_2/thumbnails/4.png
[0.943s] -- Installing: /home/student/ros2_ws/src/install/turtlebot3_gazebo/share/turtlebot3_gazebo//models/custom_cardboard_box/cardboard_box_custom_2/thumbnails/2.png
[0.943s] -- Installing: /home/student/ros2_ws/src/install/turtlebot3_gazebo/share/turtlebot3_gazebo//models/custom_cardboard_box/cardboard_box_custom_2/thumbnails/5.png
[0.943s] -- Installing: /home/student/ros2_ws/src/install/turtlebot3_gazebo/share/turtlebot3_gazebo//models/custom_cardboard_box/cardboard_box_custom_2/thumbnails/3.png
[0.943s] -- Installing: /home/student/ros2_ws/src/install/turtlebot3_gazebo/share/turtlebot3_gazebo//models/custom_cardboard_box/cardboard_box_custom_2/thumbnails/1.png
[0.943s] -- Installing: /home/student/ros2_ws/src/install/turtlebot3_gazebo/share/turtlebot3_gazebo//models/custom_cardboard_box/cardboard_box_custom_2/materials
[0.943s] -- Installing: /home/student/ros2_ws/src/install/turtlebot3_gazebo/share/turtlebot3_gazebo//models/custom_cardboard_box/cardboard_box_custom_2/materials/textures
[0.943s] -- Installing: /home/student/ros2_ws/src/install/turtlebot3_gazebo/share/turtlebot3_gazebo//models/custom_cardboard_box/cardboard_box_custom_2/materials/textures/carboard_box.png
[0.943s] -- Installing: /home/student/ros2_ws/src/install/turtlebot3_gazebo/share/turtlebot3_gazebo//models/custom_cardboard_box/cardboard_box_custom_2/meshes
[0.944s] -- Installing: /home/student/ros2_ws/src/install/turtlebot3_gazebo/share/turtlebot3_gazebo//models/custom_cardboard_box/cardboard_box_custom_2/meshes/cardboard_box.dae
[0.944s] -- Installing: /home/student/ros2_ws/src/install/turtlebot3_gazebo/share/turtlebot3_gazebo//models/custom_cardboard_box/cardboard_box_custom_2/model.sdf
[0.944s] -- Installing: /home/student/ros2_ws/src/install/turtlebot3_gazebo/share/turtlebot3_gazebo//models/custom_cardboard_box/cardboard_box_custom_2/model.config
[0.944s] -- Installing: /home/student/ros2_ws/src/install/turtlebot3_gazebo/share/turtlebot3_gazebo//models/turtlebot3_waffle_pi
[0.944s] -- Installing: /home/student/ros2_ws/src/install/turtlebot3_gazebo/share/turtlebot3_gazebo//models/turtlebot3_waffle_pi/model.sdf
[0.944s] -- Installing: /home/student/ros2_ws/src/install/turtlebot3_gazebo/share/turtlebot3_gazebo//models/turtlebot3_waffle_pi/model.config
[0.944s] -- Installing: /home/student/ros2_ws/src/install/turtlebot3_gazebo/share/turtlebot3_gazebo//models/turtlebot3_waffle_pi/model-1_4_.sdf
[0.944s] -- Installing: /home/student/ros2_ws/src/install/turtlebot3_gazebo/share/turtlebot3_gazebo//models/turtlebot3_waffle
[0.944s] -- Installing: /home/student/ros2_ws/src/install/turtlebot3_gazebo/share/turtlebot3_gazebo//models/turtlebot3_waffle/model-1_4.sdf
[0.944s] -- Installing: /home/student/ros2_ws/src/install/turtlebot3_gazebo/share/turtlebot3_gazebo//models/turtlebot3_waffle/model.sdf
[0.945s] -- Installing: /home/student/ros2_ws/src/install/turtlebot3_gazebo/share/turtlebot3_gazebo//models/turtlebot3_waffle/model.config
[0.947s] -- Installing: /home/student/ros2_ws/src/install/turtlebot3_gazebo/share/turtlebot3_gazebo//models/turtlebot3_burger
[0.947s] -- Installing: /home/student/ros2_ws/src/install/turtlebot3_gazebo/share/turtlebot3_gazebo//models/turtlebot3_burger/model-1_4.sdf
[0.947s] -- Installing: /home/student/ros2_ws/src/install/turtlebot3_gazebo/share/turtlebot3_gazebo//models/turtlebot3_burger/model.sdf
[0.947s] -- Installing: /home/student/ros2_ws/src/install/turtlebot3_gazebo/share/turtlebot3_gazebo//models/turtlebot3_burger/model.config
[0.947s] -- Installing: /home/student/ros2_ws/src/install/turtlebot3_gazebo/share/turtlebot3_gazebo//models/turtlebot3_house
[0.947s] -- Installing: /home/student/ros2_ws/src/install/turtlebot3_gazebo/share/turtlebot3_gazebo//models/turtlebot3_house/model.sdf
[0.948s] -- Installing: /home/student/ros2_ws/src/install/turtlebot3_gazebo/share/turtlebot3_gazebo//models/turtlebot3_house/model.config
[0.948s] -- Installing: /home/student/ros2_ws/src/install/turtlebot3_gazebo/share/turtlebot3_gazebo//models/turtlebot3_world
[0.948s] -- Installing: /home/student/ros2_ws/src/install/turtlebot3_gazebo/share/turtlebot3_gazebo//models/turtlebot3_world/meshes
[0.951s] -- Installing: /home/student/ros2_ws/src/install/turtlebot3_gazebo/share/turtlebot3_gazebo//models/turtlebot3_world/meshes/wall.dae
[0.951s] -- Installing: /home/student/ros2_ws/src/install/turtlebot3_gazebo/share/turtlebot3_gazebo//models/turtlebot3_world/meshes/hexagon.dae
[0.951s] -- Installing: /home/student/ros2_ws/src/install/turtlebot3_gazebo/share/turtlebot3_gazebo//models/turtlebot3_world/model-1_4.sdf
[0.951s] -- Installing: /home/student/ros2_ws/src/install/turtlebot3_gazebo/share/turtlebot3_gazebo//models/turtlebot3_world/model.sdf
[0.951s] -- Installing: /home/student/ros2_ws/src/install/turtlebot3_gazebo/share/turtlebot3_gazebo//models/turtlebot3_world/model.config
[0.951s] -- Installing: /home/student/ros2_ws/src/install/turtlebot3_gazebo/share/turtlebot3_gazebo//models/turtlebot3_common
[0.951s] -- Installing: /home/student/ros2_ws/src/install/turtlebot3_gazebo/share/turtlebot3_gazebo//models/turtlebot3_common/meshes
[0.952s] -- Installing: /home/student/ros2_ws/src/install/turtlebot3_gazebo/share/turtlebot3_gazebo//models/turtlebot3_common/meshes/tire.dae
[0.952s] -- Installing: /home/student/ros2_ws/src/install/turtlebot3_gazebo/share/turtlebot3_gazebo//models/turtlebot3_common/meshes/r200.dae
[0.952s] -- Installing: /home/student/ros2_ws/src/install/turtlebot3_gazebo/share/turtlebot3_gazebo//models/turtlebot3_common/meshes/waffle_pi_base.dae
[0.953s] -- Installing: /home/student/ros2_ws/src/install/turtlebot3_gazebo/share/turtlebot3_gazebo//models/turtlebot3_common/meshes/burger_base.dae
[0.957s] -- Installing: /home/student/ros2_ws/src/install/turtlebot3_gazebo/share/turtlebot3_gazebo//models/turtlebot3_common/meshes/lds.dae
[0.957s] -- Installing: /home/student/ros2_ws/src/install/turtlebot3_gazebo/share/turtlebot3_gazebo//models/turtlebot3_common/meshes/waffle_base.dae
[0.958s] -- Installing: /home/student/ros2_ws/src/install/turtlebot3_gazebo/share/turtlebot3_gazebo//models/turtlebot3_common/model.config
[0.958s] -- Installing: /home/student/ros2_ws/src/install/turtlebot3_gazebo/share/turtlebot3_gazebo//models/turtlebot3_dqn_world
[0.958s] -- Installing: /home/student/ros2_ws/src/install/turtlebot3_gazebo/share/turtlebot3_gazebo//models/turtlebot3_dqn_world/obstacle_plugin
[0.958s] -- Installing: /home/student/ros2_ws/src/install/turtlebot3_gazebo/share/turtlebot3_gazebo//models/turtlebot3_dqn_world/obstacle_plugin/obstacle2.cc
[0.958s] -- Installing: /home/student/ros2_ws/src/install/turtlebot3_gazebo/share/turtlebot3_gazebo//models/turtlebot3_dqn_world/obstacle_plugin/obstacle1.cc
[0.958s] -- Installing: /home/student/ros2_ws/src/install/turtlebot3_gazebo/share/turtlebot3_gazebo//models/turtlebot3_dqn_world/obstacle_plugin/CMakeLists.txt
[0.958s] -- Installing: /home/student/ros2_ws/src/install/turtlebot3_gazebo/share/turtlebot3_gazebo//models/turtlebot3_dqn_world/obstacle_plugin/obstacles.cc
[0.958s] -- Installing: /home/student/ros2_ws/src/install/turtlebot3_gazebo/share/turtlebot3_gazebo//models/turtlebot3_dqn_world/obstacle1
[0.959s] -- Installing: /home/student/ros2_ws/src/install/turtlebot3_gazebo/share/turtlebot3_gazebo//models/turtlebot3_dqn_world/obstacle1/model.sdf
[0.959s] -- Installing: /home/student/ros2_ws/src/install/turtlebot3_gazebo/share/turtlebot3_gazebo//models/turtlebot3_dqn_world/obstacle1/model.config
[0.959s] -- Installing: /home/student/ros2_ws/src/install/turtlebot3_gazebo/share/turtlebot3_gazebo//models/turtlebot3_dqn_world/inner_walls
[0.959s] -- Installing: /home/student/ros2_ws/src/install/turtlebot3_gazebo/share/turtlebot3_gazebo//models/turtlebot3_dqn_world/inner_walls/model.sdf
[0.961s] -- Installing: /home/student/ros2_ws/src/install/turtlebot3_gazebo/share/turtlebot3_gazebo//models/turtlebot3_dqn_world/inner_walls/model.config
[0.962s] -- Installing: /home/student/ros2_ws/src/install/turtlebot3_gazebo/share/turtlebot3_gazebo//models/turtlebot3_dqn_world/model.sdf
[0.962s] -- Installing: /home/student/ros2_ws/src/install/turtlebot3_gazebo/share/turtlebot3_gazebo//models/turtlebot3_dqn_world/model.config
[0.962s] -- Installing: /home/student/ros2_ws/src/install/turtlebot3_gazebo/share/turtlebot3_gazebo//models/turtlebot3_dqn_world/goal_box
[0.965s] -- Installing: /home/student/ros2_ws/src/install/turtlebot3_gazebo/share/turtlebot3_gazebo//models/turtlebot3_dqn_world/goal_box/model.sdf
[0.965s] -- Installing: /home/student/ros2_ws/src/install/turtlebot3_gazebo/share/turtlebot3_gazebo//models/turtlebot3_dqn_world/goal_box/model.config
[0.966s] -- Installing: /home/student/ros2_ws/src/install/turtlebot3_gazebo/share/turtlebot3_gazebo//models/turtlebot3_dqn_world/obstacle2
[0.966s] -- Installing: /home/student/ros2_ws/src/install/turtlebot3_gazebo/share/turtlebot3_gazebo//models/turtlebot3_dqn_world/obstacle2/model.sdf
[0.966s] -- Installing: /home/student/ros2_ws/src/install/turtlebot3_gazebo/share/turtlebot3_gazebo//models/turtlebot3_dqn_world/obstacle2/model.config
[0.966s] -- Installing: /home/student/ros2_ws/src/install/turtlebot3_gazebo/share/turtlebot3_gazebo//models/turtlebot3_dqn_world/obstacles
[0.966s] -- Installing: /home/student/ros2_ws/src/install/turtlebot3_gazebo/share/turtlebot3_gazebo//models/turtlebot3_dqn_world/obstacles/model.sdf
[0.966s] -- Installing: /home/student/ros2_ws/src/install/turtlebot3_gazebo/share/turtlebot3_gazebo//models/turtlebot3_dqn_world/obstacles/model.config
[0.966s] -- Installing: /home/student/ros2_ws/src/install/turtlebot3_gazebo/share/turtlebot3_gazebo//rviz
[0.966s] -- Installing: /home/student/ros2_ws/src/install/turtlebot3_gazebo/share/turtlebot3_gazebo//rviz/tb3_gazebo.rviz
[0.967s] -- Installing: /home/student/ros2_ws/src/install/turtlebot3_gazebo/share/turtlebot3_gazebo//urdf
[0.967s] -- Installing: /home/student/ros2_ws/src/install/turtlebot3_gazebo/share/turtlebot3_gazebo//urdf/turtlebot3_waffle_pi.urdf
[0.967s] -- Installing: /home/student/ros2_ws/src/install/turtlebot3_gazebo/share/turtlebot3_gazebo//urdf/turtlebot3_waffle.urdf
[0.967s] -- Installing: /home/student/ros2_ws/src/install/turtlebot3_gazebo/share/turtlebot3_gazebo//urdf/turtlebot3_burger.urdf
[0.967s] -- Installing: /home/student/ros2_ws/src/install/turtlebot3_gazebo/share/turtlebot3_gazebo//urdf/common_properties.urdf
[0.967s] -- Installing: /home/student/ros2_ws/src/install/turtlebot3_gazebo/share/turtlebot3_gazebo//worlds
[0.967s] -- Installing: /home/student/ros2_ws/src/install/turtlebot3_gazebo/share/turtlebot3_gazebo//worlds/turtlebot3_house.world
[0.967s] -- Installing: /home/student/ros2_ws/src/install/turtlebot3_gazebo/share/turtlebot3_gazebo//worlds/empty_world.world
[0.968s] -- Installing: /home/student/ros2_ws/src/install/turtlebot3_gazebo/share/turtlebot3_gazebo//worlds/SmartFactory.world
[0.968s] -- Installing: /home/student/ros2_ws/src/install/turtlebot3_gazebo/share/turtlebot3_gazebo//worlds/turtlebot3_world.world
[0.968s] -- Installing: /home/student/ros2_ws/src/install/turtlebot3_gazebo/share/turtlebot3_gazebo//worlds/turtlebot3_dqn_stage1.world
[0.968s] -- Installing: /home/student/ros2_ws/src/install/turtlebot3_gazebo/share/turtlebot3_gazebo//worlds/turtlebot3_dqn_stage3.world
[0.968s] -- Installing: /home/student/ros2_ws/src/install/turtlebot3_gazebo/share/turtlebot3_gazebo//worlds/turtlebot3_dqn_stage2.world
[0.968s] -- Installing: /home/student/ros2_ws/src/install/turtlebot3_gazebo/share/turtlebot3_gazebo//worlds/turtlebot3_dqn_stage4.world
[0.968s] -- Installing: /home/student/ros2_ws/src/install/turtlebot3_gazebo/include/
[0.968s] -- Installing: /home/student/ros2_ws/src/install/turtlebot3_gazebo/include//turtlebot3_gazebo
[0.969s] -- Installing: /home/student/ros2_ws/src/install/turtlebot3_gazebo/include//turtlebot3_gazebo/turtlebot3_drive.hpp
[0.973s] -- Installing: /home/student/ros2_ws/src/install/turtlebot3_gazebo/share/ament_index/resource_index/package_run_dependencies/turtlebot3_gazebo
[0.973s] -- Installing: /home/student/ros2_ws/src/install/turtlebot3_gazebo/share/ament_index/resource_index/parent_prefix_path/turtlebot3_gazebo
[0.973s] -- Installing: /home/student/ros2_ws/src/install/turtlebot3_gazebo/share/turtlebot3_gazebo/environment/ament_prefix_path.sh
[0.973s] -- Installing: /home/student/ros2_ws/src/install/turtlebot3_gazebo/share/turtlebot3_gazebo/environment/ament_prefix_path.dsv
[0.973s] -- Installing: /home/student/ros2_ws/src/install/turtlebot3_gazebo/share/turtlebot3_gazebo/environment/path.sh
[0.974s] -- Installing: /home/student/ros2_ws/src/install/turtlebot3_gazebo/share/turtlebot3_gazebo/environment/path.dsv
[0.974s] -- Installing: /home/student/ros2_ws/src/install/turtlebot3_gazebo/share/turtlebot3_gazebo/local_setup.bash
[0.974s] -- Installing: /home/student/ros2_ws/src/install/turtlebot3_gazebo/share/turtlebot3_gazebo/local_setup.sh
[0.974s] -- Installing: /home/student/ros2_ws/src/install/turtlebot3_gazebo/share/turtlebot3_gazebo/local_setup.zsh
[0.974s] -- Installing: /home/student/ros2_ws/src/install/turtlebot3_gazebo/share/turtlebot3_gazebo/local_setup.dsv
[0.974s] -- Installing: /home/student/ros2_ws/src/install/turtlebot3_gazebo/share/turtlebot3_gazebo/package.dsv
[0.974s] -- Installing: /home/student/ros2_ws/src/install/turtlebot3_gazebo/share/ament_index/resource_index/packages/turtlebot3_gazebo
[0.979s] -- Installing: /home/student/ros2_ws/src/install/turtlebot3_gazebo/share/turtlebot3_gazebo/cmake/ament_cmake_export_include_directories-extras.cmake
[0.980s] -- Installing: /home/student/ros2_ws/src/install/turtlebot3_gazebo/share/turtlebot3_gazebo/cmake/ament_cmake_export_dependencies-extras.cmake
[0.980s] -- Installing: /home/student/ros2_ws/src/install/turtlebot3_gazebo/share/turtlebot3_gazebo/cmake/turtlebot3_gazeboConfig.cmake
[0.980s] -- Installing: /home/student/ros2_ws/src/install/turtlebot3_gazebo/share/turtlebot3_gazebo/cmake/turtlebot3_gazeboConfig-version.cmake
[0.980s] -- Installing: /home/student/ros2_ws/src/install/turtlebot3_gazebo/share/turtlebot3_gazebo/package.xml
[0.980s] Invoked command in '/home/student/ros2_ws/src/build/turtlebot3_gazebo' returned '0': CMAKE_PREFIX_PATH=${CMAKE_PREFIX_PATH}:/home/student/ros2_ws/install/turtlebot3_teleop:/home/student/ros2_ws/install/turtlebot3_example:/opt/ros/humble /usr/bin/cmake --install /home/student/ros2_ws/src/build/turtlebot3_gazebo
