[0.353s] Invoking command in '/home/student/ros2_ws/build/turtlesim': CMAKE_PREFIX_PATH=${CMAKE_PREFIX_PATH}:/home/student/ros2_ws/install/turtlebot3_teleop:/home/student/ros2_ws/install/turtlebot3_example:/opt/ros/humble /usr/bin/cmake --build /home/student/ros2_ws/build/turtlesim -- -j8 -l8
[0.474s] [  1%] Built target turtlesim__cpp
[0.525s] [  1%] Built target ament_cmake_python_copy_turtlesim
[0.572s] [ 11%] Built target turtlesim__rosidl_typesupport_introspection_cpp
[0.959s] running egg_info
[0.960s] writing turtlesim.egg-info/PKG-INFO
[0.960s] writing dependency_links to turtlesim.egg-info/dependency_links.txt
[0.961s] writing top-level names to turtlesim.egg-info/top_level.txt
[0.965s] reading manifest file 'turtlesim.egg-info/SOURCES.txt'
[0.966s] writing manifest file 'turtlesim.egg-info/SOURCES.txt'
[1.010s] [ 11%] Built target ament_cmake_python_build_turtlesim_egg
[1.056s] [ 21%] Built target turtlesim__rosidl_typesupport_fastrtps_cpp
[1.096s] [ 31%] Built target turtlesim__rosidl_typesupport_cpp
[1.134s] [ 41%] Built target turtlesim__rosidl_generator_c
[1.176s] [ 43%] Built target mimic
[1.218s] [ 53%] Built target turtlesim__rosidl_typesupport_c
[1.259s] [ 63%] Built target turtlesim__rosidl_typesupport_introspection_c
[1.293s] [ 73%] Built target turtlesim__rosidl_typesupport_fastrtps_c
[1.334s] [ 75%] Built target draw_square
[1.370s] [ 75%] Built target turtlesim
[1.410s] [ 77%] Built target turtle_teleop_key
[1.444s] [ 78%] Built target turtlesim__py
[1.494s] [ 84%] Built target turtlesim_node
[1.529s] [ 93%] Built target turtlesim__rosidl_generator_py
[1.560s] [ 95%] Built target turtlesim__rosidl_typesupport_fastrtps_c__pyext
[1.593s] [ 97%] Built target turtlesim__rosidl_typesupport_c__pyext
[1.626s] [100%] Built target turtlesim__rosidl_typesupport_introspection_c__pyext
[1.896s] Invoked command in '/home/student/ros2_ws/build/turtlesim' returned '0': CMAKE_PREFIX_PATH=${CMAKE_PREFIX_PATH}:/home/student/ros2_ws/install/turtlebot3_teleop:/home/student/ros2_ws/install/turtlebot3_example:/opt/ros/humble /usr/bin/cmake --build /home/student/ros2_ws/build/turtlesim -- -j8 -l8
[2.259s] Invoking command in '/home/student/ros2_ws/build/turtlesim': CMAKE_PREFIX_PATH=${CMAKE_PREFIX_PATH}:/home/student/ros2_ws/install/turtlebot3_teleop:/home/student/ros2_ws/install/turtlebot3_example:/opt/ros/humble /usr/bin/cmake --install /home/student/ros2_ws/build/turtlesim
[2.271s] -- Install configuration: ""
[2.272s] -- Up-to-date: /home/student/ros2_ws/install/turtlesim/share/ament_index/resource_index/rosidl_interfaces/turtlesim
[2.273s] -- Up-to-date: /home/student/ros2_ws/install/turtlesim/include/turtlesim/turtlesim
[2.274s] -- Up-to-date: /home/student/ros2_ws/install/turtlesim/include/turtlesim/turtlesim/msg
[2.274s] -- Up-to-date: /home/student/ros2_ws/install/turtlesim/include/turtlesim/turtlesim/msg/rosidl_generator_c__visibility_control.h
[2.274s] -- Up-to-date: /home/student/ros2_ws/install/turtlesim/include/turtlesim/turtlesim/msg/color.h
[2.274s] -- Up-to-date: /home/student/ros2_ws/install/turtlesim/include/turtlesim/turtlesim/msg/pose.h
[2.274s] -- Up-to-date: /home/student/ros2_ws/install/turtlesim/include/turtlesim/turtlesim/msg/detail
[2.274s] -- Up-to-date: /home/student/ros2_ws/install/turtlesim/include/turtlesim/turtlesim/msg/detail/color__functions.c
[2.275s] -- Up-to-date: /home/student/ros2_ws/install/turtlesim/include/turtlesim/turtlesim/msg/detail/pose__struct.h
[2.275s] -- Up-to-date: /home/student/ros2_ws/install/turtlesim/include/turtlesim/turtlesim/msg/detail/color__functions.h
[2.275s] -- Up-to-date: /home/student/ros2_ws/install/turtlesim/include/turtlesim/turtlesim/msg/detail/pose__functions.h
[2.276s] -- Up-to-date: /home/student/ros2_ws/install/turtlesim/include/turtlesim/turtlesim/msg/detail/pose__type_support.h
[2.276s] -- Up-to-date: /home/student/ros2_ws/install/turtlesim/include/turtlesim/turtlesim/msg/detail/color__type_support.h
[2.277s] -- Up-to-date: /home/student/ros2_ws/install/turtlesim/include/turtlesim/turtlesim/msg/detail/pose__functions.c
[2.277s] -- Up-to-date: /home/student/ros2_ws/install/turtlesim/include/turtlesim/turtlesim/msg/detail/color__struct.h
[2.277s] -- Up-to-date: /home/student/ros2_ws/install/turtlesim/include/turtlesim/turtlesim/action
[2.277s] -- Up-to-date: /home/student/ros2_ws/install/turtlesim/include/turtlesim/turtlesim/action/rotate_absolute.h
[2.278s] -- Up-to-date: /home/student/ros2_ws/install/turtlesim/include/turtlesim/turtlesim/action/detail
[2.278s] -- Up-to-date: /home/student/ros2_ws/install/turtlesim/include/turtlesim/turtlesim/action/detail/rotate_absolute__functions.c
[2.280s] -- Up-to-date: /home/student/ros2_ws/install/turtlesim/include/turtlesim/turtlesim/action/detail/rotate_absolute__struct.h
[2.280s] -- Up-to-date: /home/student/ros2_ws/install/turtlesim/include/turtlesim/turtlesim/action/detail/rotate_absolute__functions.h
[2.280s] -- Up-to-date: /home/student/ros2_ws/install/turtlesim/include/turtlesim/turtlesim/action/detail/rotate_absolute__type_support.h
[2.281s] -- Up-to-date: /home/student/ros2_ws/install/turtlesim/include/turtlesim/turtlesim/srv
[2.281s] -- Up-to-date: /home/student/ros2_ws/install/turtlesim/include/turtlesim/turtlesim/srv/spawn.h
[2.282s] -- Up-to-date: /home/student/ros2_ws/install/turtlesim/include/turtlesim/turtlesim/srv/teleport_absolute.h
[2.282s] -- Up-to-date: /home/student/ros2_ws/install/turtlesim/include/turtlesim/turtlesim/srv/teleport_relative.h
[2.283s] -- Up-to-date: /home/student/ros2_ws/install/turtlesim/include/turtlesim/turtlesim/srv/set_pen.h
[2.283s] -- Up-to-date: /home/student/ros2_ws/install/turtlesim/include/turtlesim/turtlesim/srv/kill.h
[2.283s] -- Up-to-date: /home/student/ros2_ws/install/turtlesim/include/turtlesim/turtlesim/srv/detail
[2.283s] -- Up-to-date: /home/student/ros2_ws/install/turtlesim/include/turtlesim/turtlesim/srv/detail/kill__functions.c
[2.283s] -- Up-to-date: /home/student/ros2_ws/install/turtlesim/include/turtlesim/turtlesim/srv/detail/teleport_absolute__type_support.h
[2.283s] -- Up-to-date: /home/student/ros2_ws/install/turtlesim/include/turtlesim/turtlesim/srv/detail/set_pen__functions.h
[2.283s] -- Up-to-date: /home/student/ros2_ws/install/turtlesim/include/turtlesim/turtlesim/srv/detail/kill__type_support.h
[2.283s] -- Up-to-date: /home/student/ros2_ws/install/turtlesim/include/turtlesim/turtlesim/srv/detail/teleport_relative__functions.c
[2.284s] -- Up-to-date: /home/student/ros2_ws/install/turtlesim/include/turtlesim/turtlesim/srv/detail/teleport_relative__struct.h
[2.284s] -- Up-to-date: /home/student/ros2_ws/install/turtlesim/include/turtlesim/turtlesim/srv/detail/teleport_relative__type_support.h
[2.284s] -- Up-to-date: /home/student/ros2_ws/install/turtlesim/include/turtlesim/turtlesim/srv/detail/teleport_relative__functions.h
[2.285s] -- Up-to-date: /home/student/ros2_ws/install/turtlesim/include/turtlesim/turtlesim/srv/detail/set_pen__type_support.h
[2.286s] -- Up-to-date: /home/student/ros2_ws/install/turtlesim/include/turtlesim/turtlesim/srv/detail/kill__functions.h
[2.287s] -- Up-to-date: /home/student/ros2_ws/install/turtlesim/include/turtlesim/turtlesim/srv/detail/spawn__functions.h
[2.287s] -- Up-to-date: /home/student/ros2_ws/install/turtlesim/include/turtlesim/turtlesim/srv/detail/teleport_absolute__struct.h
[2.288s] -- Up-to-date: /home/student/ros2_ws/install/turtlesim/include/turtlesim/turtlesim/srv/detail/spawn__type_support.h
[2.288s] -- Up-to-date: /home/student/ros2_ws/install/turtlesim/include/turtlesim/turtlesim/srv/detail/kill__struct.h
[2.288s] -- Up-to-date: /home/student/ros2_ws/install/turtlesim/include/turtlesim/turtlesim/srv/detail/teleport_absolute__functions.h
[2.289s] -- Up-to-date: /home/student/ros2_ws/install/turtlesim/include/turtlesim/turtlesim/srv/detail/spawn__struct.h
[2.289s] -- Up-to-date: /home/student/ros2_ws/install/turtlesim/include/turtlesim/turtlesim/srv/detail/set_pen__functions.c
[2.289s] -- Up-to-date: /home/student/ros2_ws/install/turtlesim/include/turtlesim/turtlesim/srv/detail/set_pen__struct.h
[2.290s] -- Up-to-date: /home/student/ros2_ws/install/turtlesim/include/turtlesim/turtlesim/srv/detail/teleport_absolute__functions.c
[2.290s] -- Up-to-date: /home/student/ros2_ws/install/turtlesim/include/turtlesim/turtlesim/srv/detail/spawn__functions.c
[2.291s] -- Up-to-date: /home/student/ros2_ws/install/turtlesim/share/turtlesim/environment/library_path.sh
[2.291s] -- Up-to-date: /home/student/ros2_ws/install/turtlesim/share/turtlesim/environment/library_path.dsv
[2.291s] -- Up-to-date: /home/student/ros2_ws/install/turtlesim/lib/libturtlesim__rosidl_generator_c.so
[2.292s] -- Up-to-date: /home/student/ros2_ws/install/turtlesim/include/turtlesim/turtlesim
[2.293s] -- Up-to-date: /home/student/ros2_ws/install/turtlesim/include/turtlesim/turtlesim/msg
[2.293s] -- Up-to-date: /home/student/ros2_ws/install/turtlesim/include/turtlesim/turtlesim/msg/rosidl_typesupport_fastrtps_c__visibility_control.h
[2.293s] -- Up-to-date: /home/student/ros2_ws/install/turtlesim/include/turtlesim/turtlesim/msg/detail
[2.294s] -- Up-to-date: /home/student/ros2_ws/install/turtlesim/include/turtlesim/turtlesim/msg/detail/pose__rosidl_typesupport_fastrtps_c.h
[2.294s] -- Up-to-date: /home/student/ros2_ws/install/turtlesim/include/turtlesim/turtlesim/msg/detail/color__rosidl_typesupport_fastrtps_c.h
[2.294s] -- Up-to-date: /home/student/ros2_ws/install/turtlesim/include/turtlesim/turtlesim/action
[2.295s] -- Up-to-date: /home/student/ros2_ws/install/turtlesim/include/turtlesim/turtlesim/action/detail
[2.295s] -- Up-to-date: /home/student/ros2_ws/install/turtlesim/include/turtlesim/turtlesim/action/detail/rotate_absolute__rosidl_typesupport_fastrtps_c.h
[2.295s] -- Up-to-date: /home/student/ros2_ws/install/turtlesim/include/turtlesim/turtlesim/srv
[2.295s] -- Up-to-date: /home/student/ros2_ws/install/turtlesim/include/turtlesim/turtlesim/srv/detail
[2.295s] -- Up-to-date: /home/student/ros2_ws/install/turtlesim/include/turtlesim/turtlesim/srv/detail/spawn__rosidl_typesupport_fastrtps_c.h
[2.296s] -- Up-to-date: /home/student/ros2_ws/install/turtlesim/include/turtlesim/turtlesim/srv/detail/kill__rosidl_typesupport_fastrtps_c.h
[2.296s] -- Up-to-date: /home/student/ros2_ws/install/turtlesim/include/turtlesim/turtlesim/srv/detail/set_pen__rosidl_typesupport_fastrtps_c.h
[2.297s] -- Up-to-date: /home/student/ros2_ws/install/turtlesim/include/turtlesim/turtlesim/srv/detail/teleport_absolute__rosidl_typesupport_fastrtps_c.h
[2.297s] -- Up-to-date: /home/student/ros2_ws/install/turtlesim/include/turtlesim/turtlesim/srv/detail/teleport_relative__rosidl_typesupport_fastrtps_c.h
[2.297s] -- Up-to-date: /home/student/ros2_ws/install/turtlesim/lib/libturtlesim__rosidl_typesupport_fastrtps_c.so
[2.298s] -- Up-to-date: /home/student/ros2_ws/install/turtlesim/include/turtlesim/turtlesim
[2.298s] -- Up-to-date: /home/student/ros2_ws/install/turtlesim/include/turtlesim/turtlesim/msg
[2.298s] -- Up-to-date: /home/student/ros2_ws/install/turtlesim/include/turtlesim/turtlesim/msg/pose.hpp
[2.299s] -- Up-to-date: /home/student/ros2_ws/install/turtlesim/include/turtlesim/turtlesim/msg/color.hpp
[2.299s] -- Up-to-date: /home/student/ros2_ws/install/turtlesim/include/turtlesim/turtlesim/msg/detail
[2.299s] -- Up-to-date: /home/student/ros2_ws/install/turtlesim/include/turtlesim/turtlesim/msg/detail/pose__builder.hpp
[2.300s] -- Up-to-date: /home/student/ros2_ws/install/turtlesim/include/turtlesim/turtlesim/msg/detail/color__struct.hpp
[2.301s] -- Up-to-date: /home/student/ros2_ws/install/turtlesim/include/turtlesim/turtlesim/msg/detail/pose__traits.hpp
[2.301s] -- Up-to-date: /home/student/ros2_ws/install/turtlesim/include/turtlesim/turtlesim/msg/detail/pose__struct.hpp
[2.302s] -- Up-to-date: /home/student/ros2_ws/install/turtlesim/include/turtlesim/turtlesim/msg/detail/color__builder.hpp
[2.302s] -- Up-to-date: /home/student/ros2_ws/install/turtlesim/include/turtlesim/turtlesim/msg/detail/color__traits.hpp
[2.302s] -- Up-to-date: /home/student/ros2_ws/install/turtlesim/include/turtlesim/turtlesim/action
[2.303s] -- Up-to-date: /home/student/ros2_ws/install/turtlesim/include/turtlesim/turtlesim/action/rotate_absolute.hpp
[2.303s] -- Up-to-date: /home/student/ros2_ws/install/turtlesim/include/turtlesim/turtlesim/action/detail
[2.304s] -- Up-to-date: /home/student/ros2_ws/install/turtlesim/include/turtlesim/turtlesim/action/detail/rotate_absolute__traits.hpp
[2.304s] -- Up-to-date: /home/student/ros2_ws/install/turtlesim/include/turtlesim/turtlesim/action/detail/rotate_absolute__struct.hpp
[2.305s] -- Up-to-date: /home/student/ros2_ws/install/turtlesim/include/turtlesim/turtlesim/action/detail/rotate_absolute__builder.hpp
[2.305s] -- Up-to-date: /home/student/ros2_ws/install/turtlesim/include/turtlesim/turtlesim/srv
[2.305s] -- Up-to-date: /home/student/ros2_ws/install/turtlesim/include/turtlesim/turtlesim/srv/spawn.hpp
[2.305s] -- Up-to-date: /home/student/ros2_ws/install/turtlesim/include/turtlesim/turtlesim/srv/kill.hpp
[2.306s] -- Up-to-date: /home/student/ros2_ws/install/turtlesim/include/turtlesim/turtlesim/srv/teleport_relative.hpp
[2.306s] -- Up-to-date: /home/student/ros2_ws/install/turtlesim/include/turtlesim/turtlesim/srv/set_pen.hpp
[2.306s] -- Up-to-date: /home/student/ros2_ws/install/turtlesim/include/turtlesim/turtlesim/srv/teleport_absolute.hpp
[2.306s] -- Up-to-date: /home/student/ros2_ws/install/turtlesim/include/turtlesim/turtlesim/srv/detail
[2.306s] -- Up-to-date: /home/student/ros2_ws/install/turtlesim/include/turtlesim/turtlesim/srv/detail/kill__builder.hpp
[2.306s] -- Up-to-date: /home/student/ros2_ws/install/turtlesim/include/turtlesim/turtlesim/srv/detail/teleport_relative__traits.hpp
[2.306s] -- Up-to-date: /home/student/ros2_ws/install/turtlesim/include/turtlesim/turtlesim/srv/detail/teleport_relative__struct.hpp
[2.307s] -- Up-to-date: /home/student/ros2_ws/install/turtlesim/include/turtlesim/turtlesim/srv/detail/teleport_absolute__builder.hpp
[2.307s] -- Up-to-date: /home/student/ros2_ws/install/turtlesim/include/turtlesim/turtlesim/srv/detail/spawn__struct.hpp
[2.307s] -- Up-to-date: /home/student/ros2_ws/install/turtlesim/include/turtlesim/turtlesim/srv/detail/spawn__builder.hpp
[2.307s] -- Up-to-date: /home/student/ros2_ws/install/turtlesim/include/turtlesim/turtlesim/srv/detail/spawn__traits.hpp
[2.307s] -- Up-to-date: /home/student/ros2_ws/install/turtlesim/include/turtlesim/turtlesim/srv/detail/teleport_absolute__struct.hpp
[2.307s] -- Up-to-date: /home/student/ros2_ws/install/turtlesim/include/turtlesim/turtlesim/srv/detail/set_pen__struct.hpp
[2.307s] -- Up-to-date: /home/student/ros2_ws/install/turtlesim/include/turtlesim/turtlesim/srv/detail/teleport_relative__builder.hpp
[2.307s] -- Up-to-date: /home/student/ros2_ws/install/turtlesim/include/turtlesim/turtlesim/srv/detail/teleport_absolute__traits.hpp
[2.308s] -- Up-to-date: /home/student/ros2_ws/install/turtlesim/include/turtlesim/turtlesim/srv/detail/kill__traits.hpp
[2.308s] -- Up-to-date: /home/student/ros2_ws/install/turtlesim/include/turtlesim/turtlesim/srv/detail/set_pen__traits.hpp
[2.308s] -- Up-to-date: /home/student/ros2_ws/install/turtlesim/include/turtlesim/turtlesim/srv/detail/kill__struct.hpp
[2.308s] -- Up-to-date: /home/student/ros2_ws/install/turtlesim/include/turtlesim/turtlesim/srv/detail/set_pen__builder.hpp
[2.308s] -- Up-to-date: /home/student/ros2_ws/install/turtlesim/include/turtlesim/turtlesim
[2.308s] -- Up-to-date: /home/student/ros2_ws/install/turtlesim/include/turtlesim/turtlesim/msg
[2.308s] -- Up-to-date: /home/student/ros2_ws/install/turtlesim/include/turtlesim/turtlesim/msg/rosidl_typesupport_fastrtps_cpp__visibility_control.h
[2.309s] -- Up-to-date: /home/student/ros2_ws/install/turtlesim/include/turtlesim/turtlesim/msg/detail
[2.309s] -- Up-to-date: /home/student/ros2_ws/install/turtlesim/include/turtlesim/turtlesim/msg/detail/dds_fastrtps
[2.309s] -- Up-to-date: /home/student/ros2_ws/install/turtlesim/include/turtlesim/turtlesim/msg/detail/color__rosidl_typesupport_fastrtps_cpp.hpp
[2.309s] -- Up-to-date: /home/student/ros2_ws/install/turtlesim/include/turtlesim/turtlesim/msg/detail/pose__rosidl_typesupport_fastrtps_cpp.hpp
[2.309s] -- Up-to-date: /home/student/ros2_ws/install/turtlesim/include/turtlesim/turtlesim/action
[2.309s] -- Up-to-date: /home/student/ros2_ws/install/turtlesim/include/turtlesim/turtlesim/action/detail
[2.309s] -- Up-to-date: /home/student/ros2_ws/install/turtlesim/include/turtlesim/turtlesim/action/detail/dds_fastrtps
[2.309s] -- Up-to-date: /home/student/ros2_ws/install/turtlesim/include/turtlesim/turtlesim/action/detail/rotate_absolute__rosidl_typesupport_fastrtps_cpp.hpp
[2.310s] -- Up-to-date: /home/student/ros2_ws/install/turtlesim/include/turtlesim/turtlesim/srv
[2.310s] -- Up-to-date: /home/student/ros2_ws/install/turtlesim/include/turtlesim/turtlesim/srv/detail
[2.310s] -- Up-to-date: /home/student/ros2_ws/install/turtlesim/include/turtlesim/turtlesim/srv/detail/spawn__rosidl_typesupport_fastrtps_cpp.hpp
[2.310s] -- Up-to-date: /home/student/ros2_ws/install/turtlesim/include/turtlesim/turtlesim/srv/detail/dds_fastrtps
[2.310s] -- Up-to-date: /home/student/ros2_ws/install/turtlesim/include/turtlesim/turtlesim/srv/detail/set_pen__rosidl_typesupport_fastrtps_cpp.hpp
[2.310s] -- Up-to-date: /home/student/ros2_ws/install/turtlesim/include/turtlesim/turtlesim/srv/detail/teleport_absolute__rosidl_typesupport_fastrtps_cpp.hpp
[2.310s] -- Up-to-date: /home/student/ros2_ws/install/turtlesim/include/turtlesim/turtlesim/srv/detail/teleport_relative__rosidl_typesupport_fastrtps_cpp.hpp
[2.310s] -- Up-to-date: /home/student/ros2_ws/install/turtlesim/include/turtlesim/turtlesim/srv/detail/kill__rosidl_typesupport_fastrtps_cpp.hpp
[2.311s] -- Up-to-date: /home/student/ros2_ws/install/turtlesim/lib/libturtlesim__rosidl_typesupport_fastrtps_cpp.so
[2.311s] -- Up-to-date: /home/student/ros2_ws/install/turtlesim/include/turtlesim/turtlesim
[2.311s] -- Up-to-date: /home/student/ros2_ws/install/turtlesim/include/turtlesim/turtlesim/msg
[2.311s] -- Up-to-date: /home/student/ros2_ws/install/turtlesim/include/turtlesim/turtlesim/msg/rosidl_typesupport_introspection_c__visibility_control.h
[2.311s] -- Up-to-date: /home/student/ros2_ws/install/turtlesim/include/turtlesim/turtlesim/msg/detail
[2.311s] -- Up-to-date: /home/student/ros2_ws/install/turtlesim/include/turtlesim/turtlesim/msg/detail/color__rosidl_typesupport_introspection_c.h
[2.311s] -- Up-to-date: /home/student/ros2_ws/install/turtlesim/include/turtlesim/turtlesim/msg/detail/pose__type_support.c
[2.311s] -- Up-to-date: /home/student/ros2_ws/install/turtlesim/include/turtlesim/turtlesim/msg/detail/color__type_support.c
[2.312s] -- Up-to-date: /home/student/ros2_ws/install/turtlesim/include/turtlesim/turtlesim/msg/detail/pose__rosidl_typesupport_introspection_c.h
[2.312s] -- Up-to-date: /home/student/ros2_ws/install/turtlesim/include/turtlesim/turtlesim/action
[2.312s] -- Up-to-date: /home/student/ros2_ws/install/turtlesim/include/turtlesim/turtlesim/action/detail
[2.312s] -- Up-to-date: /home/student/ros2_ws/install/turtlesim/include/turtlesim/turtlesim/action/detail/rotate_absolute__rosidl_typesupport_introspection_c.h
[2.312s] -- Up-to-date: /home/student/ros2_ws/install/turtlesim/include/turtlesim/turtlesim/action/detail/rotate_absolute__type_support.c
[2.312s] -- Up-to-date: /home/student/ros2_ws/install/turtlesim/include/turtlesim/turtlesim/srv
[2.312s] -- Up-to-date: /home/student/ros2_ws/install/turtlesim/include/turtlesim/turtlesim/srv/detail
[2.312s] -- Up-to-date: /home/student/ros2_ws/install/turtlesim/include/turtlesim/turtlesim/srv/detail/teleport_relative__type_support.c
[2.313s] -- Up-to-date: /home/student/ros2_ws/install/turtlesim/include/turtlesim/turtlesim/srv/detail/teleport_absolute__rosidl_typesupport_introspection_c.h
[2.313s] -- Up-to-date: /home/student/ros2_ws/install/turtlesim/include/turtlesim/turtlesim/srv/detail/spawn__type_support.c
[2.313s] -- Up-to-date: /home/student/ros2_ws/install/turtlesim/include/turtlesim/turtlesim/srv/detail/teleport_relative__rosidl_typesupport_introspection_c.h
[2.313s] -- Up-to-date: /home/student/ros2_ws/install/turtlesim/include/turtlesim/turtlesim/srv/detail/kill__rosidl_typesupport_introspection_c.h
[2.313s] -- Up-to-date: /home/student/ros2_ws/install/turtlesim/include/turtlesim/turtlesim/srv/detail/spawn__rosidl_typesupport_introspection_c.h
[2.313s] -- Up-to-date: /home/student/ros2_ws/install/turtlesim/include/turtlesim/turtlesim/srv/detail/set_pen__type_support.c
[2.313s] -- Up-to-date: /home/student/ros2_ws/install/turtlesim/include/turtlesim/turtlesim/srv/detail/teleport_absolute__type_support.c
[2.313s] -- Up-to-date: /home/student/ros2_ws/install/turtlesim/include/turtlesim/turtlesim/srv/detail/set_pen__rosidl_typesupport_introspection_c.h
[2.313s] -- Up-to-date: /home/student/ros2_ws/install/turtlesim/include/turtlesim/turtlesim/srv/detail/kill__type_support.c
[2.314s] -- Up-to-date: /home/student/ros2_ws/install/turtlesim/lib/libturtlesim__rosidl_typesupport_introspection_c.so
[2.314s] -- Up-to-date: /home/student/ros2_ws/install/turtlesim/lib/libturtlesim__rosidl_typesupport_c.so
[2.314s] -- Up-to-date: /home/student/ros2_ws/install/turtlesim/include/turtlesim/turtlesim
[2.314s] -- Up-to-date: /home/student/ros2_ws/install/turtlesim/include/turtlesim/turtlesim/msg
[2.314s] -- Up-to-date: /home/student/ros2_ws/install/turtlesim/include/turtlesim/turtlesim/msg/detail
[2.314s] -- Up-to-date: /home/student/ros2_ws/install/turtlesim/include/turtlesim/turtlesim/msg/detail/color__rosidl_typesupport_introspection_cpp.hpp
[2.314s] -- Up-to-date: /home/student/ros2_ws/install/turtlesim/include/turtlesim/turtlesim/msg/detail/pose__type_support.cpp
[2.314s] -- Up-to-date: /home/student/ros2_ws/install/turtlesim/include/turtlesim/turtlesim/msg/detail/color__type_support.cpp
[2.314s] -- Up-to-date: /home/student/ros2_ws/install/turtlesim/include/turtlesim/turtlesim/msg/detail/pose__rosidl_typesupport_introspection_cpp.hpp
[2.315s] -- Up-to-date: /home/student/ros2_ws/install/turtlesim/include/turtlesim/turtlesim/action
[2.315s] -- Up-to-date: /home/student/ros2_ws/install/turtlesim/include/turtlesim/turtlesim/action/detail
[2.315s] -- Up-to-date: /home/student/ros2_ws/install/turtlesim/include/turtlesim/turtlesim/action/detail/rotate_absolute__type_support.cpp
[2.315s] -- Up-to-date: /home/student/ros2_ws/install/turtlesim/include/turtlesim/turtlesim/action/detail/rotate_absolute__rosidl_typesupport_introspection_cpp.hpp
[2.315s] -- Up-to-date: /home/student/ros2_ws/install/turtlesim/include/turtlesim/turtlesim/srv
[2.315s] -- Up-to-date: /home/student/ros2_ws/install/turtlesim/include/turtlesim/turtlesim/srv/detail
[2.315s] -- Up-to-date: /home/student/ros2_ws/install/turtlesim/include/turtlesim/turtlesim/srv/detail/kill__type_support.cpp
[2.315s] -- Up-to-date: /home/student/ros2_ws/install/turtlesim/include/turtlesim/turtlesim/srv/detail/set_pen__rosidl_typesupport_introspection_cpp.hpp
[2.315s] -- Up-to-date: /home/student/ros2_ws/install/turtlesim/include/turtlesim/turtlesim/srv/detail/spawn__type_support.cpp
[2.316s] -- Up-to-date: /home/student/ros2_ws/install/turtlesim/include/turtlesim/turtlesim/srv/detail/kill__rosidl_typesupport_introspection_cpp.hpp
[2.316s] -- Up-to-date: /home/student/ros2_ws/install/turtlesim/include/turtlesim/turtlesim/srv/detail/spawn__rosidl_typesupport_introspection_cpp.hpp
[2.316s] -- Up-to-date: /home/student/ros2_ws/install/turtlesim/include/turtlesim/turtlesim/srv/detail/teleport_absolute__rosidl_typesupport_introspection_cpp.hpp
[2.316s] -- Up-to-date: /home/student/ros2_ws/install/turtlesim/include/turtlesim/turtlesim/srv/detail/teleport_relative__rosidl_typesupport_introspection_cpp.hpp
[2.316s] -- Up-to-date: /home/student/ros2_ws/install/turtlesim/include/turtlesim/turtlesim/srv/detail/teleport_relative__type_support.cpp
[2.316s] -- Up-to-date: /home/student/ros2_ws/install/turtlesim/include/turtlesim/turtlesim/srv/detail/set_pen__type_support.cpp
[2.316s] -- Up-to-date: /home/student/ros2_ws/install/turtlesim/include/turtlesim/turtlesim/srv/detail/teleport_absolute__type_support.cpp
[2.316s] -- Up-to-date: /home/student/ros2_ws/install/turtlesim/lib/libturtlesim__rosidl_typesupport_introspection_cpp.so
[2.317s] -- Up-to-date: /home/student/ros2_ws/install/turtlesim/lib/libturtlesim__rosidl_typesupport_cpp.so
[2.317s] -- Up-to-date: /home/student/ros2_ws/install/turtlesim/share/turtlesim/environment/pythonpath.sh
[2.317s] -- Up-to-date: /home/student/ros2_ws/install/turtlesim/share/turtlesim/environment/pythonpath.dsv
[2.317s] -- Up-to-date: /home/student/ros2_ws/install/turtlesim/local/lib/python3.10/dist-packages/turtlesim-1.4.2-py3.10.egg-info
[2.317s] -- Installing: /home/student/ros2_ws/install/turtlesim/local/lib/python3.10/dist-packages/turtlesim-1.4.2-py3.10.egg-info/dependency_links.txt
[2.317s] -- Installing: /home/student/ros2_ws/install/turtlesim/local/lib/python3.10/dist-packages/turtlesim-1.4.2-py3.10.egg-info/PKG-INFO
[2.317s] -- Installing: /home/student/ros2_ws/install/turtlesim/local/lib/python3.10/dist-packages/turtlesim-1.4.2-py3.10.egg-info/top_level.txt
[2.317s] -- Installing: /home/student/ros2_ws/install/turtlesim/local/lib/python3.10/dist-packages/turtlesim-1.4.2-py3.10.egg-info/SOURCES.txt
[2.318s] -- Up-to-date: /home/student/ros2_ws/install/turtlesim/local/lib/python3.10/dist-packages/turtlesim
[2.318s] -- Up-to-date: /home/student/ros2_ws/install/turtlesim/local/lib/python3.10/dist-packages/turtlesim/libturtlesim__rosidl_generator_py.so
[2.318s] -- Up-to-date: /home/student/ros2_ws/install/turtlesim/local/lib/python3.10/dist-packages/turtlesim/turtlesim_s__rosidl_typesupport_c.cpython-310-x86_64-linux-gnu.so
[2.318s] -- Up-to-date: /home/student/ros2_ws/install/turtlesim/local/lib/python3.10/dist-packages/turtlesim/msg
[2.318s] -- Up-to-date: /home/student/ros2_ws/install/turtlesim/local/lib/python3.10/dist-packages/turtlesim/msg/__init__.py
[2.318s] -- Up-to-date: /home/student/ros2_ws/install/turtlesim/local/lib/python3.10/dist-packages/turtlesim/msg/_pose.py
[2.318s] -- Up-to-date: /home/student/ros2_ws/install/turtlesim/local/lib/python3.10/dist-packages/turtlesim/msg/_color.py
[2.318s] -- Up-to-date: /home/student/ros2_ws/install/turtlesim/local/lib/python3.10/dist-packages/turtlesim/msg/_color_s.c
[2.318s] -- Up-to-date: /home/student/ros2_ws/install/turtlesim/local/lib/python3.10/dist-packages/turtlesim/msg/_pose_s.c
[2.319s] -- Up-to-date: /home/student/ros2_ws/install/turtlesim/local/lib/python3.10/dist-packages/turtlesim/__init__.py
[2.319s] -- Up-to-date: /home/student/ros2_ws/install/turtlesim/local/lib/python3.10/dist-packages/turtlesim/_turtlesim_s.ep.rosidl_typesupport_introspection_c.c
[2.319s] -- Up-to-date: /home/student/ros2_ws/install/turtlesim/local/lib/python3.10/dist-packages/turtlesim/action
[2.319s] -- Up-to-date: /home/student/ros2_ws/install/turtlesim/local/lib/python3.10/dist-packages/turtlesim/action/__init__.py
[2.319s] -- Up-to-date: /home/student/ros2_ws/install/turtlesim/local/lib/python3.10/dist-packages/turtlesim/action/_rotate_absolute.py
[2.319s] -- Up-to-date: /home/student/ros2_ws/install/turtlesim/local/lib/python3.10/dist-packages/turtlesim/action/_rotate_absolute_s.c
[2.319s] -- Up-to-date: /home/student/ros2_ws/install/turtlesim/local/lib/python3.10/dist-packages/turtlesim/srv
[2.319s] -- Up-to-date: /home/student/ros2_ws/install/turtlesim/local/lib/python3.10/dist-packages/turtlesim/srv/_teleport_relative_s.c
[2.319s] -- Up-to-date: /home/student/ros2_ws/install/turtlesim/local/lib/python3.10/dist-packages/turtlesim/srv/__init__.py
[2.320s] -- Up-to-date: /home/student/ros2_ws/install/turtlesim/local/lib/python3.10/dist-packages/turtlesim/srv/_set_pen.py
[2.320s] -- Up-to-date: /home/student/ros2_ws/install/turtlesim/local/lib/python3.10/dist-packages/turtlesim/srv/_set_pen_s.c
[2.320s] -- Up-to-date: /home/student/ros2_ws/install/turtlesim/local/lib/python3.10/dist-packages/turtlesim/srv/_spawn_s.c
[2.320s] -- Up-to-date: /home/student/ros2_ws/install/turtlesim/local/lib/python3.10/dist-packages/turtlesim/srv/_kill_s.c
[2.320s] -- Up-to-date: /home/student/ros2_ws/install/turtlesim/local/lib/python3.10/dist-packages/turtlesim/srv/_kill.py
[2.320s] -- Up-to-date: /home/student/ros2_ws/install/turtlesim/local/lib/python3.10/dist-packages/turtlesim/srv/_spawn.py
[2.320s] -- Up-to-date: /home/student/ros2_ws/install/turtlesim/local/lib/python3.10/dist-packages/turtlesim/srv/_teleport_relative.py
[2.320s] -- Up-to-date: /home/student/ros2_ws/install/turtlesim/local/lib/python3.10/dist-packages/turtlesim/srv/_teleport_absolute_s.c
[2.320s] -- Up-to-date: /home/student/ros2_ws/install/turtlesim/local/lib/python3.10/dist-packages/turtlesim/srv/_teleport_absolute.py
[2.321s] -- Up-to-date: /home/student/ros2_ws/install/turtlesim/local/lib/python3.10/dist-packages/turtlesim/_turtlesim_s.ep.rosidl_typesupport_c.c
[2.321s] -- Up-to-date: /home/student/ros2_ws/install/turtlesim/local/lib/python3.10/dist-packages/turtlesim/turtlesim_s__rosidl_typesupport_introspection_c.cpython-310-x86_64-linux-gnu.so
[2.321s] -- Up-to-date: /home/student/ros2_ws/install/turtlesim/local/lib/python3.10/dist-packages/turtlesim/_turtlesim_s.ep.rosidl_typesupport_fastrtps_c.c
[2.321s] -- Up-to-date: /home/student/ros2_ws/install/turtlesim/local/lib/python3.10/dist-packages/turtlesim/turtlesim_s__rosidl_typesupport_fastrtps_c.cpython-310-x86_64-linux-gnu.so
[2.322s] Listing '/home/student/ros2_ws/install/turtlesim/local/lib/python3.10/dist-packages/turtlesim'...
[2.322s] Listing '/home/student/ros2_ws/install/turtlesim/local/lib/python3.10/dist-packages/turtlesim/action'...
[2.322s] Listing '/home/student/ros2_ws/install/turtlesim/local/lib/python3.10/dist-packages/turtlesim/msg'...
[2.322s] Listing '/home/student/ros2_ws/install/turtlesim/local/lib/python3.10/dist-packages/turtlesim/srv'...
[2.326s] -- Up-to-date: /home/student/ros2_ws/install/turtlesim/local/lib/python3.10/dist-packages/turtlesim/turtlesim_s__rosidl_typesupport_fastrtps_c.cpython-310-x86_64-linux-gnu.so
[2.326s] -- Up-to-date: /home/student/ros2_ws/install/turtlesim/local/lib/python3.10/dist-packages/turtlesim/turtlesim_s__rosidl_typesupport_introspection_c.cpython-310-x86_64-linux-gnu.so
[2.326s] -- Up-to-date: /home/student/ros2_ws/install/turtlesim/local/lib/python3.10/dist-packages/turtlesim/turtlesim_s__rosidl_typesupport_c.cpython-310-x86_64-linux-gnu.so
[2.327s] -- Up-to-date: /home/student/ros2_ws/install/turtlesim/lib/libturtlesim__rosidl_generator_py.so
[2.327s] -- Up-to-date: /home/student/ros2_ws/install/turtlesim/share/turtlesim/action/RotateAbsolute.idl
[2.327s] -- Up-to-date: /home/student/ros2_ws/install/turtlesim/share/turtlesim/msg/Color.idl
[2.327s] -- Up-to-date: /home/student/ros2_ws/install/turtlesim/share/turtlesim/msg/Pose.idl
[2.328s] -- Up-to-date: /home/student/ros2_ws/install/turtlesim/share/turtlesim/srv/Kill.idl
[2.328s] -- Up-to-date: /home/student/ros2_ws/install/turtlesim/share/turtlesim/srv/SetPen.idl
[2.328s] -- Up-to-date: /home/student/ros2_ws/install/turtlesim/share/turtlesim/srv/Spawn.idl
[2.328s] -- Up-to-date: /home/student/ros2_ws/install/turtlesim/share/turtlesim/srv/TeleportAbsolute.idl
[2.329s] -- Up-to-date: /home/student/ros2_ws/install/turtlesim/share/turtlesim/srv/TeleportRelative.idl
[2.329s] -- Up-to-date: /home/student/ros2_ws/install/turtlesim/share/turtlesim/action/RotateAbsolute.action
[2.329s] -- Up-to-date: /home/student/ros2_ws/install/turtlesim/share/turtlesim/msg/Color.msg
[2.329s] -- Up-to-date: /home/student/ros2_ws/install/turtlesim/share/turtlesim/msg/Pose.msg
[2.329s] -- Up-to-date: /home/student/ros2_ws/install/turtlesim/share/turtlesim/srv/Kill.srv
[2.329s] -- Up-to-date: /home/student/ros2_ws/install/turtlesim/share/turtlesim/srv/Kill_Request.msg
[2.329s] -- Up-to-date: /home/student/ros2_ws/install/turtlesim/share/turtlesim/srv/Kill_Response.msg
[2.329s] -- Up-to-date: /home/student/ros2_ws/install/turtlesim/share/turtlesim/srv/SetPen.srv
[2.330s] -- Up-to-date: /home/student/ros2_ws/install/turtlesim/share/turtlesim/srv/SetPen_Request.msg
[2.330s] -- Up-to-date: /home/student/ros2_ws/install/turtlesim/share/turtlesim/srv/SetPen_Response.msg
[2.330s] -- Up-to-date: /home/student/ros2_ws/install/turtlesim/share/turtlesim/srv/Spawn.srv
[2.330s] -- Up-to-date: /home/student/ros2_ws/install/turtlesim/share/turtlesim/srv/Spawn_Request.msg
[2.330s] -- Up-to-date: /home/student/ros2_ws/install/turtlesim/share/turtlesim/srv/Spawn_Response.msg
[2.331s] -- Up-to-date: /home/student/ros2_ws/install/turtlesim/share/turtlesim/srv/TeleportAbsolute.srv
[2.331s] -- Up-to-date: /home/student/ros2_ws/install/turtlesim/share/turtlesim/srv/TeleportAbsolute_Request.msg
[2.331s] -- Up-to-date: /home/student/ros2_ws/install/turtlesim/share/turtlesim/srv/TeleportAbsolute_Response.msg
[2.331s] -- Up-to-date: /home/student/ros2_ws/install/turtlesim/share/turtlesim/srv/TeleportRelative.srv
[2.331s] -- Up-to-date: /home/student/ros2_ws/install/turtlesim/share/turtlesim/srv/TeleportRelative_Request.msg
[2.331s] -- Up-to-date: /home/student/ros2_ws/install/turtlesim/share/turtlesim/srv/TeleportRelative_Response.msg
[2.332s] -- Up-to-date: /home/student/ros2_ws/install/turtlesim/lib/turtlesim/turtlesim_node
[2.332s] -- Up-to-date: /home/student/ros2_ws/install/turtlesim/lib/turtlesim/turtle_teleop_key
[2.332s] -- Up-to-date: /home/student/ros2_ws/install/turtlesim/lib/turtlesim/draw_square
[2.332s] -- Up-to-date: /home/student/ros2_ws/install/turtlesim/lib/turtlesim/mimic
[2.333s] -- Up-to-date: /home/student/ros2_ws/install/turtlesim/share/turtlesim/images
[2.333s] -- Up-to-date: /home/student/ros2_ws/install/turtlesim/share/turtlesim/images/eloquent.png
[2.333s] -- Up-to-date: /home/student/ros2_ws/install/turtlesim/share/turtlesim/images/galactic.png
[2.333s] -- Up-to-date: /home/student/ros2_ws/install/turtlesim/share/turtlesim/images/foxy.png
[2.333s] -- Up-to-date: /home/student/ros2_ws/install/turtlesim/share/turtlesim/images/ardent.png
[2.334s] -- Up-to-date: /home/student/ros2_ws/install/turtlesim/share/turtlesim/images/bouncy.png
[2.334s] -- Up-to-date: /home/student/ros2_ws/install/turtlesim/share/turtlesim/images/humble.png
[2.334s] -- Up-to-date: /home/student/ros2_ws/install/turtlesim/share/turtlesim/images/rolling.png
[2.334s] -- Up-to-date: /home/student/ros2_ws/install/turtlesim/share/turtlesim/images/dashing.png
[2.334s] -- Up-to-date: /home/student/ros2_ws/install/turtlesim/share/turtlesim/images/crystal.png
[2.334s] -- Up-to-date: /home/student/ros2_ws/install/turtlesim/share/turtlesim/launch
[2.334s] -- Up-to-date: /home/student/ros2_ws/install/turtlesim/share/turtlesim/launch/multisim.launch.py
[2.334s] -- Up-to-date: /home/student/ros2_ws/install/turtlesim/share/ament_index/resource_index/package_run_dependencies/turtlesim
[2.335s] -- Up-to-date: /home/student/ros2_ws/install/turtlesim/share/ament_index/resource_index/parent_prefix_path/turtlesim
[2.335s] -- Up-to-date: /home/student/ros2_ws/install/turtlesim/share/turtlesim/environment/ament_prefix_path.sh
[2.335s] -- Up-to-date: /home/student/ros2_ws/install/turtlesim/share/turtlesim/environment/ament_prefix_path.dsv
[2.335s] -- Up-to-date: /home/student/ros2_ws/install/turtlesim/share/turtlesim/environment/path.sh
[2.335s] -- Up-to-date: /home/student/ros2_ws/install/turtlesim/share/turtlesim/environment/path.dsv
[2.335s] -- Up-to-date: /home/student/ros2_ws/install/turtlesim/share/turtlesim/local_setup.bash
[2.336s] -- Up-to-date: /home/student/ros2_ws/install/turtlesim/share/turtlesim/local_setup.sh
[2.336s] -- Up-to-date: /home/student/ros2_ws/install/turtlesim/share/turtlesim/local_setup.zsh
[2.336s] -- Up-to-date: /home/student/ros2_ws/install/turtlesim/share/turtlesim/local_setup.dsv
[2.337s] -- Installing: /home/student/ros2_ws/install/turtlesim/share/turtlesim/package.dsv
[2.338s] -- Up-to-date: /home/student/ros2_ws/install/turtlesim/share/ament_index/resource_index/packages/turtlesim
[2.338s] -- Up-to-date: /home/student/ros2_ws/install/turtlesim/share/turtlesim/cmake/export_turtlesim__rosidl_generator_cExport.cmake
[2.338s] -- Up-to-date: /home/student/ros2_ws/install/turtlesim/share/turtlesim/cmake/export_turtlesim__rosidl_generator_cExport-noconfig.cmake
[2.338s] -- Up-to-date: /home/student/ros2_ws/install/turtlesim/share/turtlesim/cmake/export_turtlesim__rosidl_typesupport_fastrtps_cExport.cmake
[2.339s] -- Up-to-date: /home/student/ros2_ws/install/turtlesim/share/turtlesim/cmake/export_turtlesim__rosidl_typesupport_fastrtps_cExport-noconfig.cmake
[2.339s] -- Up-to-date: /home/student/ros2_ws/install/turtlesim/share/turtlesim/cmake/export_turtlesim__rosidl_generator_cppExport.cmake
[2.339s] -- Up-to-date: /home/student/ros2_ws/install/turtlesim/share/turtlesim/cmake/export_turtlesim__rosidl_typesupport_fastrtps_cppExport.cmake
[2.340s] -- Up-to-date: /home/student/ros2_ws/install/turtlesim/share/turtlesim/cmake/export_turtlesim__rosidl_typesupport_fastrtps_cppExport-noconfig.cmake
[2.340s] -- Up-to-date: /home/student/ros2_ws/install/turtlesim/share/turtlesim/cmake/turtlesim__rosidl_typesupport_introspection_cExport.cmake
[2.340s] -- Up-to-date: /home/student/ros2_ws/install/turtlesim/share/turtlesim/cmake/turtlesim__rosidl_typesupport_introspection_cExport-noconfig.cmake
[2.340s] -- Up-to-date: /home/student/ros2_ws/install/turtlesim/share/turtlesim/cmake/turtlesim__rosidl_typesupport_cExport.cmake
[2.340s] -- Up-to-date: /home/student/ros2_ws/install/turtlesim/share/turtlesim/cmake/turtlesim__rosidl_typesupport_cExport-noconfig.cmake
[2.341s] -- Up-to-date: /home/student/ros2_ws/install/turtlesim/share/turtlesim/cmake/turtlesim__rosidl_typesupport_introspection_cppExport.cmake
[2.341s] -- Up-to-date: /home/student/ros2_ws/install/turtlesim/share/turtlesim/cmake/turtlesim__rosidl_typesupport_introspection_cppExport-noconfig.cmake
[2.341s] -- Up-to-date: /home/student/ros2_ws/install/turtlesim/share/turtlesim/cmake/turtlesim__rosidl_typesupport_cppExport.cmake
[2.341s] -- Up-to-date: /home/student/ros2_ws/install/turtlesim/share/turtlesim/cmake/turtlesim__rosidl_typesupport_cppExport-noconfig.cmake
[2.342s] -- Up-to-date: /home/student/ros2_ws/install/turtlesim/share/turtlesim/cmake/export_turtlesim__rosidl_generator_pyExport.cmake
[2.342s] -- Up-to-date: /home/student/ros2_ws/install/turtlesim/share/turtlesim/cmake/export_turtlesim__rosidl_generator_pyExport-noconfig.cmake
[2.342s] -- Up-to-date: /home/student/ros2_ws/install/turtlesim/share/turtlesim/cmake/rosidl_cmake-extras.cmake
[2.342s] -- Up-to-date: /home/student/ros2_ws/install/turtlesim/share/turtlesim/cmake/ament_cmake_export_dependencies-extras.cmake
[2.342s] -- Up-to-date: /home/student/ros2_ws/install/turtlesim/share/turtlesim/cmake/ament_cmake_export_include_directories-extras.cmake
[2.343s] -- Up-to-date: /home/student/ros2_ws/install/turtlesim/share/turtlesim/cmake/ament_cmake_export_libraries-extras.cmake
[2.343s] -- Up-to-date: /home/student/ros2_ws/install/turtlesim/share/turtlesim/cmake/ament_cmake_export_targets-extras.cmake
[2.343s] -- Up-to-date: /home/student/ros2_ws/install/turtlesim/share/turtlesim/cmake/rosidl_cmake_export_typesupport_targets-extras.cmake
[2.343s] -- Up-to-date: /home/student/ros2_ws/install/turtlesim/share/turtlesim/cmake/rosidl_cmake_export_typesupport_libraries-extras.cmake
[2.343s] -- Up-to-date: /home/student/ros2_ws/install/turtlesim/share/turtlesim/cmake/turtlesimConfig.cmake
[2.344s] -- Up-to-date: /home/student/ros2_ws/install/turtlesim/share/turtlesim/cmake/turtlesimConfig-version.cmake
[2.344s] -- Up-to-date: /home/student/ros2_ws/install/turtlesim/share/turtlesim/package.xml
[2.344s] Invoked command in '/home/student/ros2_ws/build/turtlesim' returned '0': CMAKE_PREFIX_PATH=${CMAKE_PREFIX_PATH}:/home/student/ros2_ws/install/turtlebot3_teleop:/home/student/ros2_ws/install/turtlebot3_example:/opt/ros/humble /usr/bin/cmake --install /home/student/ros2_ws/build/turtlesim
