[0.358s] Invoking command in '/home/student/ros2_ws/build/map_ground_truth_publisher': CMAKE_PREFIX_PATH=${CMAKE_PREFIX_PATH}:/home/student/ros2_ws/install/turtlebot3_teleop:/home/student/ros2_ws/install/turtlebot3_example:/opt/ros/humble /usr/bin/cmake --build /home/student/ros2_ws/build/map_ground_truth_publisher -- -j8 -l8
[0.455s] [100%] Built target map_publisher_node
[0.481s] Invoked command in '/home/student/ros2_ws/build/map_ground_truth_publisher' returned '0': CMAKE_PREFIX_PATH=${CMAKE_PREFIX_PATH}:/home/student/ros2_ws/install/turtlebot3_teleop:/home/student/ros2_ws/install/turtlebot3_example:/opt/ros/humble /usr/bin/cmake --build /home/student/ros2_ws/build/map_ground_truth_publisher -- -j8 -l8
[0.527s] Invoking command in '/home/student/ros2_ws/build/map_ground_truth_publisher': CMAKE_PREFIX_PATH=${CMAKE_PREFIX_PATH}:/home/student/ros2_ws/install/turtlebot3_teleop:/home/student/ros2_ws/install/turtlebot3_example:/opt/ros/humble /usr/bin/cmake --install /home/student/ros2_ws/build/map_ground_truth_publisher
[0.540s] -- Install configuration: ""
[0.541s] -- Execute custom install script
[0.541s] -- Up-to-date symlink: /home/student/ros2_ws/install/map_ground_truth_publisher/lib/map_ground_truth_publisher/map_publisher_node
[0.542s] -- Up-to-date symlink: /home/student/ros2_ws/install/map_ground_truth_publisher/share/ament_index/resource_index/package_run_dependencies/map_ground_truth_publisher
[0.542s] -- Up-to-date symlink: /home/student/ros2_ws/install/map_ground_truth_publisher/share/ament_index/resource_index/parent_prefix_path/map_ground_truth_publisher
[0.542s] -- Up-to-date symlink: /home/student/ros2_ws/install/map_ground_truth_publisher/share/map_ground_truth_publisher/environment/ament_prefix_path.sh
[0.544s] -- Up-to-date symlink: /home/student/ros2_ws/install/map_ground_truth_publisher/share/map_ground_truth_publisher/environment/ament_prefix_path.dsv
[0.545s] -- Up-to-date symlink: /home/student/ros2_ws/install/map_ground_truth_publisher/share/map_ground_truth_publisher/environment/path.sh
[0.545s] -- Up-to-date symlink: /home/student/ros2_ws/install/map_ground_truth_publisher/share/map_ground_truth_publisher/environment/path.dsv
[0.545s] -- Up-to-date symlink: /home/student/ros2_ws/install/map_ground_truth_publisher/share/map_ground_truth_publisher/local_setup.bash
[0.545s] -- Up-to-date symlink: /home/student/ros2_ws/install/map_ground_truth_publisher/share/map_ground_truth_publisher/local_setup.sh
[0.545s] -- Up-to-date symlink: /home/student/ros2_ws/install/map_ground_truth_publisher/share/map_ground_truth_publisher/local_setup.zsh
[0.546s] -- Up-to-date symlink: /home/student/ros2_ws/install/map_ground_truth_publisher/share/map_ground_truth_publisher/local_setup.dsv
[0.546s] -- Symlinking: /home/student/ros2_ws/install/map_ground_truth_publisher/share/map_ground_truth_publisher/package.dsv
[0.562s] -- Up-to-date symlink: /home/student/ros2_ws/install/map_ground_truth_publisher/share/ament_index/resource_index/packages/map_ground_truth_publisher
[0.562s] -- Up-to-date symlink: /home/student/ros2_ws/install/map_ground_truth_publisher/share/map_ground_truth_publisher/cmake/map_ground_truth_publisherConfig.cmake
[0.562s] -- Up-to-date symlink: /home/student/ros2_ws/install/map_ground_truth_publisher/share/map_ground_truth_publisher/cmake/map_ground_truth_publisherConfig-version.cmake
[0.562s] -- Up-to-date symlink: /home/student/ros2_ws/install/map_ground_truth_publisher/share/map_ground_truth_publisher/package.xml
[0.565s] Invoked command in '/home/student/ros2_ws/build/map_ground_truth_publisher' returned '0': CMAKE_PREFIX_PATH=${CMAKE_PREFIX_PATH}:/home/student/ros2_ws/install/turtlebot3_teleop:/home/student/ros2_ws/install/turtlebot3_example:/opt/ros/humble /usr/bin/cmake --install /home/student/ros2_ws/build/map_ground_truth_publisher
