-- Found ament_cmake: 1.3.10 (/opt/ros/humble/share/ament_cmake/cmake)
-- Found rclcpp: 16.0.10 (/opt/ros/humble/share/rclcpp/cmake)
-- Found rosidl_generator_c: 3.1.5 (/opt/ros/humble/share/rosidl_generator_c/cmake)
-- Found rosidl_adapter: 3.1.5 (/opt/ros/humble/share/rosidl_adapter/cmake)
-- Found rosidl_generator_cpp: 3.1.5 (/opt/ros/humble/share/rosidl_generator_cpp/cmake)
-- Using all available rosidl_typesupport_c: rosidl_typesupport_fastrtps_c;rosidl_typesupport_introspection_c
-- Using all available rosidl_typesupport_cpp: rosidl_typesupport_fastrtps_cpp;rosidl_typesupport_introspection_cpp
-- Found rmw_implementation_cmake: 6.1.2 (/opt/ros/humble/share/rmw_implementation_cmake/cmake)
-- Found rmw_fastrtps_cpp: 6.2.7 (/opt/ros/humble/share/rmw_fastrtps_cpp/cmake)
-- Using RMW implementation 'rmw_fastrtps_cpp' as default
-- Found nav_msgs: 4.2.4 (/opt/ros/humble/share/nav_msgs/cmake)
-- Found rosidl_default_generators: 1.2.0 (/opt/ros/humble/share/rosidl_default_generators/cmake)
-- Found ament_cmake_ros: 0.10.0 (/opt/ros/humble/share/ament_cmake_ros/cmake)
-- Using all available rosidl_typesupport_c: rosidl_typesupport_fastrtps_c;rosidl_typesupport_introspection_c
-- Using all available rosidl_typesupport_cpp: rosidl_typesupport_fastrtps_cpp;rosidl_typesupport_introspection_cpp
-- Found PythonInterp: /usr/bin/python3 (found suitable version "3.10.12", minimum required is "3.6") 
-- Found python_cmake_module: 0.10.0 (/opt/ros/humble/share/python_cmake_module/cmake)
-- Found PythonLibs: /usr/lib/x86_64-linux-gnu/libpython3.10.so (found suitable version "3.10.12", minimum required is "3.5") 
-- Using PYTHON_EXECUTABLE: /usr/bin/python3
-- Using PYTHON_INCLUDE_DIRS: /usr/include/python3.10
-- Using PYTHON_LIBRARIES: /usr/lib/x86_64-linux-gnu/libpython3.10.so
-- Found PythonExtra: .so  
-- Configuring done
-- Generating done
-- Build files have been written to: /home/liam/ros2_ws/src/warehouse_robot_msgs/build/warehouse_robot_msgs
[  3%] [34m[1mGenerating C code for ROS interfaces[0m
[  6%] [34m[1mGenerating C++ code for ROS interfaces[0m
[  6%] Built target ament_cmake_python_copy_warehouse_robot_msgs
[  6%] Built target warehouse_robot_msgs__cpp
running egg_info
creating warehouse_robot_msgs.egg-info
writing warehouse_robot_msgs.egg-info/PKG-INFO
writing dependency_links to warehouse_robot_msgs.egg-info/dependency_links.txt
writing top-level names to warehouse_robot_msgs.egg-info/top_level.txt
writing manifest file 'warehouse_robot_msgs.egg-info/SOURCES.txt'
[  9%] [34m[1mGenerating C++ type support for eProsima Fast-RTPS[0m
[ 12%] [34m[1mGenerating C++ introspection for ROS interfaces[0m
[ 16%] [34m[1mGenerating C++ type support dispatch for ROS interfaces[0m
reading manifest file 'warehouse_robot_msgs.egg-info/SOURCES.txt'
writing manifest file 'warehouse_robot_msgs.egg-info/SOURCES.txt'
[ 19%] [32mBuilding C object CMakeFiles/warehouse_robot_msgs__rosidl_generator_c.dir/rosidl_generator_c/warehouse_robot_msgs/msg/detail/robot_data__functions.c.o[0m
[ 19%] Built target ament_cmake_python_build_warehouse_robot_msgs_egg
[ 22%] [32m[1mLinking C shared library libwarehouse_robot_msgs__rosidl_generator_c.so[0m
[ 22%] Built target warehouse_robot_msgs__rosidl_generator_c
[ 25%] [34m[1mGenerating C type support dispatch for ROS interfaces[0m
[ 29%] [34m[1mGenerating C type support for eProsima Fast-RTPS[0m
[ 32%] [34m[1mGenerating C introspection for ROS interfaces[0m
[ 35%] [32mBuilding CXX object CMakeFiles/warehouse_robot_msgs__rosidl_typesupport_cpp.dir/rosidl_typesupport_cpp/warehouse_robot_msgs/msg/robot_data__type_support.cpp.o[0m
[ 38%] [32mBuilding CXX object CMakeFiles/warehouse_robot_msgs__rosidl_typesupport_introspection_cpp.dir/rosidl_typesupport_introspection_cpp/warehouse_robot_msgs/msg/detail/robot_data__type_support.cpp.o[0m
[ 41%] [32mBuilding CXX object CMakeFiles/warehouse_robot_msgs__rosidl_typesupport_fastrtps_c.dir/rosidl_typesupport_fastrtps_c/warehouse_robot_msgs/msg/detail/robot_data__type_support_c.cpp.o[0m
[ 45%] [32mBuilding CXX object CMakeFiles/warehouse_robot_msgs__rosidl_typesupport_fastrtps_cpp.dir/rosidl_typesupport_fastrtps_cpp/warehouse_robot_msgs/msg/detail/dds_fastrtps/robot_data__type_support.cpp.o[0m
[ 48%] [32mBuilding C object CMakeFiles/warehouse_robot_msgs__rosidl_typesupport_introspection_c.dir/rosidl_typesupport_introspection_c/warehouse_robot_msgs/msg/detail/robot_data__type_support.c.o[0m
[ 51%] [32mBuilding CXX object CMakeFiles/warehouse_robot_msgs__rosidl_typesupport_c.dir/rosidl_typesupport_c/warehouse_robot_msgs/msg/robot_data__type_support.cpp.o[0m
[ 54%] [32m[1mLinking C shared library libwarehouse_robot_msgs__rosidl_typesupport_introspection_c.so[0m
[ 58%] [32m[1mLinking CXX shared library libwarehouse_robot_msgs__rosidl_typesupport_c.so[0m
[ 58%] Built target warehouse_robot_msgs__rosidl_typesupport_introspection_c
[ 58%] Built target warehouse_robot_msgs__rosidl_typesupport_c
[ 61%] [32m[1mLinking CXX shared library libwarehouse_robot_msgs__rosidl_typesupport_cpp.so[0m
[ 61%] Built target warehouse_robot_msgs__rosidl_typesupport_cpp
[ 64%] [32m[1mLinking CXX shared library libwarehouse_robot_msgs__rosidl_typesupport_fastrtps_c.so[0m
[ 67%] [32m[1mLinking CXX shared library libwarehouse_robot_msgs__rosidl_typesupport_introspection_cpp.so[0m
[ 67%] Built target warehouse_robot_msgs__rosidl_typesupport_introspection_cpp
[ 67%] Built target warehouse_robot_msgs__rosidl_typesupport_fastrtps_c
[ 70%] [32m[1mLinking CXX shared library libwarehouse_robot_msgs__rosidl_typesupport_fastrtps_cpp.so[0m
[ 70%] Built target warehouse_robot_msgs__rosidl_typesupport_fastrtps_cpp
[ 70%] Built target warehouse_robot_msgs
[ 74%] [34m[1mGenerating Python code for ROS interfaces[0m
[ 74%] Built target warehouse_robot_msgs__py
[ 77%] [32mBuilding C object CMakeFiles/warehouse_robot_msgs__rosidl_generator_py.dir/rosidl_generator_py/warehouse_robot_msgs/msg/_robot_data_s.c.o[0m
[ 80%] [32m[1mLinking C shared library rosidl_generator_py/warehouse_robot_msgs/libwarehouse_robot_msgs__rosidl_generator_py.so[0m
[ 80%] Built target warehouse_robot_msgs__rosidl_generator_py
[ 90%] [32mBuilding C object CMakeFiles/warehouse_robot_msgs__rosidl_typesupport_fastrtps_c__pyext.dir/rosidl_generator_py/warehouse_robot_msgs/_warehouse_robot_msgs_s.ep.rosidl_typesupport_fastrtps_c.c.o[0m
[ 90%] [32mBuilding C object CMakeFiles/warehouse_robot_msgs__rosidl_typesupport_c__pyext.dir/rosidl_generator_py/warehouse_robot_msgs/_warehouse_robot_msgs_s.ep.rosidl_typesupport_c.c.o[0m
[ 90%] [32mBuilding C object CMakeFiles/warehouse_robot_msgs__rosidl_typesupport_introspection_c__pyext.dir/rosidl_generator_py/warehouse_robot_msgs/_warehouse_robot_msgs_s.ep.rosidl_typesupport_introspection_c.c.o[0m
[ 96%] [32m[1mLinking C shared library rosidl_generator_py/warehouse_robot_msgs/warehouse_robot_msgs_s__rosidl_typesupport_c.cpython-310-x86_64-linux-gnu.so[0m
[ 96%] [32m[1mLinking C shared library rosidl_generator_py/warehouse_robot_msgs/warehouse_robot_msgs_s__rosidl_typesupport_introspection_c.cpython-310-x86_64-linux-gnu.so[0m
[100%] [32m[1mLinking C shared library rosidl_generator_py/warehouse_robot_msgs/warehouse_robot_msgs_s__rosidl_typesupport_fastrtps_c.cpython-310-x86_64-linux-gnu.so[0m
[100%] Built target warehouse_robot_msgs__rosidl_typesupport_c__pyext
[100%] Built target warehouse_robot_msgs__rosidl_typesupport_introspection_c__pyext
[100%] Built target warehouse_robot_msgs__rosidl_typesupport_fastrtps_c__pyext
-- Install configuration: ""
-- Installing: /home/liam/ros2_ws/src/warehouse_robot_msgs/install/warehouse_robot_msgs/share/ament_index/resource_index/rosidl_interfaces/warehouse_robot_msgs
-- Installing: /home/liam/ros2_ws/src/warehouse_robot_msgs/install/warehouse_robot_msgs/include/warehouse_robot_msgs/warehouse_robot_msgs
-- Installing: /home/liam/ros2_ws/src/warehouse_robot_msgs/install/warehouse_robot_msgs/include/warehouse_robot_msgs/warehouse_robot_msgs/msg
-- Installing: /home/liam/ros2_ws/src/warehouse_robot_msgs/install/warehouse_robot_msgs/include/warehouse_robot_msgs/warehouse_robot_msgs/msg/rosidl_generator_c__visibility_control.h
-- Installing: /home/liam/ros2_ws/src/warehouse_robot_msgs/install/warehouse_robot_msgs/include/warehouse_robot_msgs/warehouse_robot_msgs/msg/detail
-- Installing: /home/liam/ros2_ws/src/warehouse_robot_msgs/install/warehouse_robot_msgs/include/warehouse_robot_msgs/warehouse_robot_msgs/msg/detail/robot_data__type_support.h
-- Installing: /home/liam/ros2_ws/src/warehouse_robot_msgs/install/warehouse_robot_msgs/include/warehouse_robot_msgs/warehouse_robot_msgs/msg/detail/robot_data__struct.h
-- Installing: /home/liam/ros2_ws/src/warehouse_robot_msgs/install/warehouse_robot_msgs/include/warehouse_robot_msgs/warehouse_robot_msgs/msg/detail/robot_data__functions.h
-- Installing: /home/liam/ros2_ws/src/warehouse_robot_msgs/install/warehouse_robot_msgs/include/warehouse_robot_msgs/warehouse_robot_msgs/msg/detail/robot_data__functions.c
-- Installing: /home/liam/ros2_ws/src/warehouse_robot_msgs/install/warehouse_robot_msgs/include/warehouse_robot_msgs/warehouse_robot_msgs/msg/robot_data.h
-- Installing: /home/liam/ros2_ws/src/warehouse_robot_msgs/install/warehouse_robot_msgs/share/warehouse_robot_msgs/environment/library_path.sh
-- Installing: /home/liam/ros2_ws/src/warehouse_robot_msgs/install/warehouse_robot_msgs/share/warehouse_robot_msgs/environment/library_path.dsv
-- Installing: /home/liam/ros2_ws/src/warehouse_robot_msgs/install/warehouse_robot_msgs/lib/libwarehouse_robot_msgs__rosidl_generator_c.so
-- Set runtime path of "/home/liam/ros2_ws/src/warehouse_robot_msgs/install/warehouse_robot_msgs/lib/libwarehouse_robot_msgs__rosidl_generator_c.so" to ""
-- Up-to-date: /home/liam/ros2_ws/src/warehouse_robot_msgs/install/warehouse_robot_msgs/include/warehouse_robot_msgs/warehouse_robot_msgs
-- Up-to-date: /home/liam/ros2_ws/src/warehouse_robot_msgs/install/warehouse_robot_msgs/include/warehouse_robot_msgs/warehouse_robot_msgs/msg
-- Installing: /home/liam/ros2_ws/src/warehouse_robot_msgs/install/warehouse_robot_msgs/include/warehouse_robot_msgs/warehouse_robot_msgs/msg/rosidl_typesupport_fastrtps_c__visibility_control.h
-- Up-to-date: /home/liam/ros2_ws/src/warehouse_robot_msgs/install/warehouse_robot_msgs/include/warehouse_robot_msgs/warehouse_robot_msgs/msg/detail
-- Installing: /home/liam/ros2_ws/src/warehouse_robot_msgs/install/warehouse_robot_msgs/include/warehouse_robot_msgs/warehouse_robot_msgs/msg/detail/robot_data__rosidl_typesupport_fastrtps_c.h
-- Installing: /home/liam/ros2_ws/src/warehouse_robot_msgs/install/warehouse_robot_msgs/lib/libwarehouse_robot_msgs__rosidl_typesupport_fastrtps_c.so
-- Set runtime path of "/home/liam/ros2_ws/src/warehouse_robot_msgs/install/warehouse_robot_msgs/lib/libwarehouse_robot_msgs__rosidl_typesupport_fastrtps_c.so" to ""
-- Up-to-date: /home/liam/ros2_ws/src/warehouse_robot_msgs/install/warehouse_robot_msgs/include/warehouse_robot_msgs/warehouse_robot_msgs
-- Up-to-date: /home/liam/ros2_ws/src/warehouse_robot_msgs/install/warehouse_robot_msgs/include/warehouse_robot_msgs/warehouse_robot_msgs/msg
-- Up-to-date: /home/liam/ros2_ws/src/warehouse_robot_msgs/install/warehouse_robot_msgs/include/warehouse_robot_msgs/warehouse_robot_msgs/msg/detail
-- Installing: /home/liam/ros2_ws/src/warehouse_robot_msgs/install/warehouse_robot_msgs/include/warehouse_robot_msgs/warehouse_robot_msgs/msg/detail/robot_data__struct.hpp
-- Installing: /home/liam/ros2_ws/src/warehouse_robot_msgs/install/warehouse_robot_msgs/include/warehouse_robot_msgs/warehouse_robot_msgs/msg/detail/robot_data__builder.hpp
-- Installing: /home/liam/ros2_ws/src/warehouse_robot_msgs/install/warehouse_robot_msgs/include/warehouse_robot_msgs/warehouse_robot_msgs/msg/detail/robot_data__traits.hpp
-- Installing: /home/liam/ros2_ws/src/warehouse_robot_msgs/install/warehouse_robot_msgs/include/warehouse_robot_msgs/warehouse_robot_msgs/msg/robot_data.hpp
-- Up-to-date: /home/liam/ros2_ws/src/warehouse_robot_msgs/install/warehouse_robot_msgs/include/warehouse_robot_msgs/warehouse_robot_msgs
-- Up-to-date: /home/liam/ros2_ws/src/warehouse_robot_msgs/install/warehouse_robot_msgs/include/warehouse_robot_msgs/warehouse_robot_msgs/msg
-- Installing: /home/liam/ros2_ws/src/warehouse_robot_msgs/install/warehouse_robot_msgs/include/warehouse_robot_msgs/warehouse_robot_msgs/msg/rosidl_typesupport_fastrtps_cpp__visibility_control.h
-- Up-to-date: /home/liam/ros2_ws/src/warehouse_robot_msgs/install/warehouse_robot_msgs/include/warehouse_robot_msgs/warehouse_robot_msgs/msg/detail
-- Installing: /home/liam/ros2_ws/src/warehouse_robot_msgs/install/warehouse_robot_msgs/include/warehouse_robot_msgs/warehouse_robot_msgs/msg/detail/robot_data__rosidl_typesupport_fastrtps_cpp.hpp
-- Installing: /home/liam/ros2_ws/src/warehouse_robot_msgs/install/warehouse_robot_msgs/include/warehouse_robot_msgs/warehouse_robot_msgs/msg/detail/dds_fastrtps
-- Installing: /home/liam/ros2_ws/src/warehouse_robot_msgs/install/warehouse_robot_msgs/lib/libwarehouse_robot_msgs__rosidl_typesupport_fastrtps_cpp.so
-- Set runtime path of "/home/liam/ros2_ws/src/warehouse_robot_msgs/install/warehouse_robot_msgs/lib/libwarehouse_robot_msgs__rosidl_typesupport_fastrtps_cpp.so" to ""
-- Up-to-date: /home/liam/ros2_ws/src/warehouse_robot_msgs/install/warehouse_robot_msgs/include/warehouse_robot_msgs/warehouse_robot_msgs
-- Up-to-date: /home/liam/ros2_ws/src/warehouse_robot_msgs/install/warehouse_robot_msgs/include/warehouse_robot_msgs/warehouse_robot_msgs/msg
-- Installing: /home/liam/ros2_ws/src/warehouse_robot_msgs/install/warehouse_robot_msgs/include/warehouse_robot_msgs/warehouse_robot_msgs/msg/rosidl_typesupport_introspection_c__visibility_control.h
-- Up-to-date: /home/liam/ros2_ws/src/warehouse_robot_msgs/install/warehouse_robot_msgs/include/warehouse_robot_msgs/warehouse_robot_msgs/msg/detail
-- Installing: /home/liam/ros2_ws/src/warehouse_robot_msgs/install/warehouse_robot_msgs/include/warehouse_robot_msgs/warehouse_robot_msgs/msg/detail/robot_data__type_support.c
-- Installing: /home/liam/ros2_ws/src/warehouse_robot_msgs/install/warehouse_robot_msgs/include/warehouse_robot_msgs/warehouse_robot_msgs/msg/detail/robot_data__rosidl_typesupport_introspection_c.h
-- Installing: /home/liam/ros2_ws/src/warehouse_robot_msgs/install/warehouse_robot_msgs/lib/libwarehouse_robot_msgs__rosidl_typesupport_introspection_c.so
-- Set runtime path of "/home/liam/ros2_ws/src/warehouse_robot_msgs/install/warehouse_robot_msgs/lib/libwarehouse_robot_msgs__rosidl_typesupport_introspection_c.so" to ""
-- Installing: /home/liam/ros2_ws/src/warehouse_robot_msgs/install/warehouse_robot_msgs/lib/libwarehouse_robot_msgs__rosidl_typesupport_c.so
-- Set runtime path of "/home/liam/ros2_ws/src/warehouse_robot_msgs/install/warehouse_robot_msgs/lib/libwarehouse_robot_msgs__rosidl_typesupport_c.so" to ""
-- Up-to-date: /home/liam/ros2_ws/src/warehouse_robot_msgs/install/warehouse_robot_msgs/include/warehouse_robot_msgs/warehouse_robot_msgs
-- Up-to-date: /home/liam/ros2_ws/src/warehouse_robot_msgs/install/warehouse_robot_msgs/include/warehouse_robot_msgs/warehouse_robot_msgs/msg
-- Up-to-date: /home/liam/ros2_ws/src/warehouse_robot_msgs/install/warehouse_robot_msgs/include/warehouse_robot_msgs/warehouse_robot_msgs/msg/detail
-- Installing: /home/liam/ros2_ws/src/warehouse_robot_msgs/install/warehouse_robot_msgs/include/warehouse_robot_msgs/warehouse_robot_msgs/msg/detail/robot_data__type_support.cpp
-- Installing: /home/liam/ros2_ws/src/warehouse_robot_msgs/install/warehouse_robot_msgs/include/warehouse_robot_msgs/warehouse_robot_msgs/msg/detail/robot_data__rosidl_typesupport_introspection_cpp.hpp
-- Installing: /home/liam/ros2_ws/src/warehouse_robot_msgs/install/warehouse_robot_msgs/lib/libwarehouse_robot_msgs__rosidl_typesupport_introspection_cpp.so
-- Set runtime path of "/home/liam/ros2_ws/src/warehouse_robot_msgs/install/warehouse_robot_msgs/lib/libwarehouse_robot_msgs__rosidl_typesupport_introspection_cpp.so" to ""
-- Installing: /home/liam/ros2_ws/src/warehouse_robot_msgs/install/warehouse_robot_msgs/lib/libwarehouse_robot_msgs__rosidl_typesupport_cpp.so
-- Set runtime path of "/home/liam/ros2_ws/src/warehouse_robot_msgs/install/warehouse_robot_msgs/lib/libwarehouse_robot_msgs__rosidl_typesupport_cpp.so" to ""
-- Installing: /home/liam/ros2_ws/src/warehouse_robot_msgs/install/warehouse_robot_msgs/share/warehouse_robot_msgs/environment/pythonpath.sh
-- Installing: /home/liam/ros2_ws/src/warehouse_robot_msgs/install/warehouse_robot_msgs/share/warehouse_robot_msgs/environment/pythonpath.dsv
-- Installing: /home/liam/ros2_ws/src/warehouse_robot_msgs/install/warehouse_robot_msgs/local/lib/python3.10/dist-packages/warehouse_robot_msgs-0.0.0-py3.10.egg-info
-- Installing: /home/liam/ros2_ws/src/warehouse_robot_msgs/install/warehouse_robot_msgs/local/lib/python3.10/dist-packages/warehouse_robot_msgs-0.0.0-py3.10.egg-info/SOURCES.txt
-- Installing: /home/liam/ros2_ws/src/warehouse_robot_msgs/install/warehouse_robot_msgs/local/lib/python3.10/dist-packages/warehouse_robot_msgs-0.0.0-py3.10.egg-info/dependency_links.txt
-- Installing: /home/liam/ros2_ws/src/warehouse_robot_msgs/install/warehouse_robot_msgs/local/lib/python3.10/dist-packages/warehouse_robot_msgs-0.0.0-py3.10.egg-info/PKG-INFO
-- Installing: /home/liam/ros2_ws/src/warehouse_robot_msgs/install/warehouse_robot_msgs/local/lib/python3.10/dist-packages/warehouse_robot_msgs-0.0.0-py3.10.egg-info/top_level.txt
-- Installing: /home/liam/ros2_ws/src/warehouse_robot_msgs/install/warehouse_robot_msgs/local/lib/python3.10/dist-packages/warehouse_robot_msgs
-- Installing: /home/liam/ros2_ws/src/warehouse_robot_msgs/install/warehouse_robot_msgs/local/lib/python3.10/dist-packages/warehouse_robot_msgs/warehouse_robot_msgs_s__rosidl_typesupport_c.cpython-310-x86_64-linux-gnu.so
-- Installing: /home/liam/ros2_ws/src/warehouse_robot_msgs/install/warehouse_robot_msgs/local/lib/python3.10/dist-packages/warehouse_robot_msgs/__init__.py
-- Installing: /home/liam/ros2_ws/src/warehouse_robot_msgs/install/warehouse_robot_msgs/local/lib/python3.10/dist-packages/warehouse_robot_msgs/_warehouse_robot_msgs_s.ep.rosidl_typesupport_fastrtps_c.c
-- Installing: /home/liam/ros2_ws/src/warehouse_robot_msgs/install/warehouse_robot_msgs/local/lib/python3.10/dist-packages/warehouse_robot_msgs/_warehouse_robot_msgs_s.ep.rosidl_typesupport_introspection_c.c
-- Installing: /home/liam/ros2_ws/src/warehouse_robot_msgs/install/warehouse_robot_msgs/local/lib/python3.10/dist-packages/warehouse_robot_msgs/warehouse_robot_msgs_s__rosidl_typesupport_fastrtps_c.cpython-310-x86_64-linux-gnu.so
-- Installing: /home/liam/ros2_ws/src/warehouse_robot_msgs/install/warehouse_robot_msgs/local/lib/python3.10/dist-packages/warehouse_robot_msgs/warehouse_robot_msgs_s__rosidl_typesupport_introspection_c.cpython-310-x86_64-linux-gnu.so
-- Installing: /home/liam/ros2_ws/src/warehouse_robot_msgs/install/warehouse_robot_msgs/local/lib/python3.10/dist-packages/warehouse_robot_msgs/libwarehouse_robot_msgs__rosidl_generator_py.so
-- Installing: /home/liam/ros2_ws/src/warehouse_robot_msgs/install/warehouse_robot_msgs/local/lib/python3.10/dist-packages/warehouse_robot_msgs/_warehouse_robot_msgs_s.ep.rosidl_typesupport_c.c
-- Installing: /home/liam/ros2_ws/src/warehouse_robot_msgs/install/warehouse_robot_msgs/local/lib/python3.10/dist-packages/warehouse_robot_msgs/msg
-- Installing: /home/liam/ros2_ws/src/warehouse_robot_msgs/install/warehouse_robot_msgs/local/lib/python3.10/dist-packages/warehouse_robot_msgs/msg/_robot_data.py
-- Installing: /home/liam/ros2_ws/src/warehouse_robot_msgs/install/warehouse_robot_msgs/local/lib/python3.10/dist-packages/warehouse_robot_msgs/msg/__init__.py
-- Installing: /home/liam/ros2_ws/src/warehouse_robot_msgs/install/warehouse_robot_msgs/local/lib/python3.10/dist-packages/warehouse_robot_msgs/msg/_robot_data_s.c
Listing '/home/liam/ros2_ws/src/warehouse_robot_msgs/install/warehouse_robot_msgs/local/lib/python3.10/dist-packages/warehouse_robot_msgs'...
Compiling '/home/liam/ros2_ws/src/warehouse_robot_msgs/install/warehouse_robot_msgs/local/lib/python3.10/dist-packages/warehouse_robot_msgs/__init__.py'...
Listing '/home/liam/ros2_ws/src/warehouse_robot_msgs/install/warehouse_robot_msgs/local/lib/python3.10/dist-packages/warehouse_robot_msgs/msg'...
Compiling '/home/liam/ros2_ws/src/warehouse_robot_msgs/install/warehouse_robot_msgs/local/lib/python3.10/dist-packages/warehouse_robot_msgs/msg/__init__.py'...
Compiling '/home/liam/ros2_ws/src/warehouse_robot_msgs/install/warehouse_robot_msgs/local/lib/python3.10/dist-packages/warehouse_robot_msgs/msg/_robot_data.py'...
-- Installing: /home/liam/ros2_ws/src/warehouse_robot_msgs/install/warehouse_robot_msgs/local/lib/python3.10/dist-packages/warehouse_robot_msgs/warehouse_robot_msgs_s__rosidl_typesupport_fastrtps_c.cpython-310-x86_64-linux-gnu.so
-- Set runtime path of "/home/liam/ros2_ws/src/warehouse_robot_msgs/install/warehouse_robot_msgs/local/lib/python3.10/dist-packages/warehouse_robot_msgs/warehouse_robot_msgs_s__rosidl_typesupport_fastrtps_c.cpython-310-x86_64-linux-gnu.so" to ""
-- Installing: /home/liam/ros2_ws/src/warehouse_robot_msgs/install/warehouse_robot_msgs/local/lib/python3.10/dist-packages/warehouse_robot_msgs/warehouse_robot_msgs_s__rosidl_typesupport_introspection_c.cpython-310-x86_64-linux-gnu.so
-- Set runtime path of "/home/liam/ros2_ws/src/warehouse_robot_msgs/install/warehouse_robot_msgs/local/lib/python3.10/dist-packages/warehouse_robot_msgs/warehouse_robot_msgs_s__rosidl_typesupport_introspection_c.cpython-310-x86_64-linux-gnu.so" to ""
-- Installing: /home/liam/ros2_ws/src/warehouse_robot_msgs/install/warehouse_robot_msgs/local/lib/python3.10/dist-packages/warehouse_robot_msgs/warehouse_robot_msgs_s__rosidl_typesupport_c.cpython-310-x86_64-linux-gnu.so
-- Set runtime path of "/home/liam/ros2_ws/src/warehouse_robot_msgs/install/warehouse_robot_msgs/local/lib/python3.10/dist-packages/warehouse_robot_msgs/warehouse_robot_msgs_s__rosidl_typesupport_c.cpython-310-x86_64-linux-gnu.so" to ""
-- Installing: /home/liam/ros2_ws/src/warehouse_robot_msgs/install/warehouse_robot_msgs/lib/libwarehouse_robot_msgs__rosidl_generator_py.so
-- Set runtime path of "/home/liam/ros2_ws/src/warehouse_robot_msgs/install/warehouse_robot_msgs/lib/libwarehouse_robot_msgs__rosidl_generator_py.so" to ""
-- Installing: /home/liam/ros2_ws/src/warehouse_robot_msgs/install/warehouse_robot_msgs/share/warehouse_robot_msgs/msg/RobotData.idl
-- Installing: /home/liam/ros2_ws/src/warehouse_robot_msgs/install/warehouse_robot_msgs/share/warehouse_robot_msgs/msg/RobotData.msg
-- Installing: /home/liam/ros2_ws/src/warehouse_robot_msgs/install/warehouse_robot_msgs/share/ament_index/resource_index/package_run_dependencies/warehouse_robot_msgs
-- Installing: /home/liam/ros2_ws/src/warehouse_robot_msgs/install/warehouse_robot_msgs/share/ament_index/resource_index/parent_prefix_path/warehouse_robot_msgs
-- Installing: /home/liam/ros2_ws/src/warehouse_robot_msgs/install/warehouse_robot_msgs/share/warehouse_robot_msgs/environment/ament_prefix_path.sh
-- Installing: /home/liam/ros2_ws/src/warehouse_robot_msgs/install/warehouse_robot_msgs/share/warehouse_robot_msgs/environment/ament_prefix_path.dsv
-- Installing: /home/liam/ros2_ws/src/warehouse_robot_msgs/install/warehouse_robot_msgs/share/warehouse_robot_msgs/environment/path.sh
-- Installing: /home/liam/ros2_ws/src/warehouse_robot_msgs/install/warehouse_robot_msgs/share/warehouse_robot_msgs/environment/path.dsv
-- Installing: /home/liam/ros2_ws/src/warehouse_robot_msgs/install/warehouse_robot_msgs/share/warehouse_robot_msgs/local_setup.bash
-- Installing: /home/liam/ros2_ws/src/warehouse_robot_msgs/install/warehouse_robot_msgs/share/warehouse_robot_msgs/local_setup.sh
-- Installing: /home/liam/ros2_ws/src/warehouse_robot_msgs/install/warehouse_robot_msgs/share/warehouse_robot_msgs/local_setup.zsh
-- Installing: /home/liam/ros2_ws/src/warehouse_robot_msgs/install/warehouse_robot_msgs/share/warehouse_robot_msgs/local_setup.dsv
-- Installing: /home/liam/ros2_ws/src/warehouse_robot_msgs/install/warehouse_robot_msgs/share/warehouse_robot_msgs/package.dsv
-- Installing: /home/liam/ros2_ws/src/warehouse_robot_msgs/install/warehouse_robot_msgs/share/ament_index/resource_index/packages/warehouse_robot_msgs
-- Installing: /home/liam/ros2_ws/src/warehouse_robot_msgs/install/warehouse_robot_msgs/share/warehouse_robot_msgs/cmake/export_warehouse_robot_msgs__rosidl_generator_cExport.cmake
-- Installing: /home/liam/ros2_ws/src/warehouse_robot_msgs/install/warehouse_robot_msgs/share/warehouse_robot_msgs/cmake/export_warehouse_robot_msgs__rosidl_generator_cExport-noconfig.cmake
-- Installing: /home/liam/ros2_ws/src/warehouse_robot_msgs/install/warehouse_robot_msgs/share/warehouse_robot_msgs/cmake/export_warehouse_robot_msgs__rosidl_typesupport_fastrtps_cExport.cmake
-- Installing: /home/liam/ros2_ws/src/warehouse_robot_msgs/install/warehouse_robot_msgs/share/warehouse_robot_msgs/cmake/export_warehouse_robot_msgs__rosidl_typesupport_fastrtps_cExport-noconfig.cmake
-- Installing: /home/liam/ros2_ws/src/warehouse_robot_msgs/install/warehouse_robot_msgs/share/warehouse_robot_msgs/cmake/export_warehouse_robot_msgs__rosidl_generator_cppExport.cmake
-- Installing: /home/liam/ros2_ws/src/warehouse_robot_msgs/install/warehouse_robot_msgs/share/warehouse_robot_msgs/cmake/export_warehouse_robot_msgs__rosidl_typesupport_fastrtps_cppExport.cmake
-- Installing: /home/liam/ros2_ws/src/warehouse_robot_msgs/install/warehouse_robot_msgs/share/warehouse_robot_msgs/cmake/export_warehouse_robot_msgs__rosidl_typesupport_fastrtps_cppExport-noconfig.cmake
-- Installing: /home/liam/ros2_ws/src/warehouse_robot_msgs/install/warehouse_robot_msgs/share/warehouse_robot_msgs/cmake/warehouse_robot_msgs__rosidl_typesupport_introspection_cExport.cmake
-- Installing: /home/liam/ros2_ws/src/warehouse_robot_msgs/install/warehouse_robot_msgs/share/warehouse_robot_msgs/cmake/warehouse_robot_msgs__rosidl_typesupport_introspection_cExport-noconfig.cmake
-- Installing: /home/liam/ros2_ws/src/warehouse_robot_msgs/install/warehouse_robot_msgs/share/warehouse_robot_msgs/cmake/warehouse_robot_msgs__rosidl_typesupport_cExport.cmake
-- Installing: /home/liam/ros2_ws/src/warehouse_robot_msgs/install/warehouse_robot_msgs/share/warehouse_robot_msgs/cmake/warehouse_robot_msgs__rosidl_typesupport_cExport-noconfig.cmake
-- Installing: /home/liam/ros2_ws/src/warehouse_robot_msgs/install/warehouse_robot_msgs/share/warehouse_robot_msgs/cmake/warehouse_robot_msgs__rosidl_typesupport_introspection_cppExport.cmake
-- Installing: /home/liam/ros2_ws/src/warehouse_robot_msgs/install/warehouse_robot_msgs/share/warehouse_robot_msgs/cmake/warehouse_robot_msgs__rosidl_typesupport_introspection_cppExport-noconfig.cmake
-- Installing: /home/liam/ros2_ws/src/warehouse_robot_msgs/install/warehouse_robot_msgs/share/warehouse_robot_msgs/cmake/warehouse_robot_msgs__rosidl_typesupport_cppExport.cmake
-- Installing: /home/liam/ros2_ws/src/warehouse_robot_msgs/install/warehouse_robot_msgs/share/warehouse_robot_msgs/cmake/warehouse_robot_msgs__rosidl_typesupport_cppExport-noconfig.cmake
-- Installing: /home/liam/ros2_ws/src/warehouse_robot_msgs/install/warehouse_robot_msgs/share/warehouse_robot_msgs/cmake/export_warehouse_robot_msgs__rosidl_generator_pyExport.cmake
-- Installing: /home/liam/ros2_ws/src/warehouse_robot_msgs/install/warehouse_robot_msgs/share/warehouse_robot_msgs/cmake/export_warehouse_robot_msgs__rosidl_generator_pyExport-noconfig.cmake
-- Installing: /home/liam/ros2_ws/src/warehouse_robot_msgs/install/warehouse_robot_msgs/share/warehouse_robot_msgs/cmake/rosidl_cmake-extras.cmake
-- Installing: /home/liam/ros2_ws/src/warehouse_robot_msgs/install/warehouse_robot_msgs/share/warehouse_robot_msgs/cmake/ament_cmake_export_dependencies-extras.cmake
-- Installing: /home/liam/ros2_ws/src/warehouse_robot_msgs/install/warehouse_robot_msgs/share/warehouse_robot_msgs/cmake/ament_cmake_export_include_directories-extras.cmake
-- Installing: /home/liam/ros2_ws/src/warehouse_robot_msgs/install/warehouse_robot_msgs/share/warehouse_robot_msgs/cmake/ament_cmake_export_libraries-extras.cmake
-- Installing: /home/liam/ros2_ws/src/warehouse_robot_msgs/install/warehouse_robot_msgs/share/warehouse_robot_msgs/cmake/ament_cmake_export_targets-extras.cmake
-- Installing: /home/liam/ros2_ws/src/warehouse_robot_msgs/install/warehouse_robot_msgs/share/warehouse_robot_msgs/cmake/rosidl_cmake_export_typesupport_targets-extras.cmake
-- Installing: /home/liam/ros2_ws/src/warehouse_robot_msgs/install/warehouse_robot_msgs/share/warehouse_robot_msgs/cmake/rosidl_cmake_export_typesupport_libraries-extras.cmake
-- Installing: /home/liam/ros2_ws/src/warehouse_robot_msgs/install/warehouse_robot_msgs/share/warehouse_robot_msgs/cmake/warehouse_robot_msgsConfig.cmake
-- Installing: /home/liam/ros2_ws/src/warehouse_robot_msgs/install/warehouse_robot_msgs/share/warehouse_robot_msgs/cmake/warehouse_robot_msgsConfig-version.cmake
-- Installing: /home/liam/ros2_ws/src/warehouse_robot_msgs/install/warehouse_robot_msgs/share/warehouse_robot_msgs/package.xml
