[0.019s] Invoking command in '/home/liam/ros2_ws/src/warehouse_robot_msgs/build/warehouse_robot_msgs': CMAKE_PREFIX_PATH=/home/liam/ros2_ws/install/warehouse_robot_msgs:/home/liam/ros2_ws/install/ur_simulation_gazebo:/home/liam/ros2_ws/install/ur5_ros2_moveit2:/home/liam/ros2_ws/install/ur5_ros2_gazebo:/home/liam/ros2_ws/install/ur3_ros2_moveit2:/home/liam/ros2_ws/install/ur3_ros2_gazebo:/home/liam/ros2_ws/install/ur10_ros2_moveit2:/home/liam/ros2_ws/install/ur10_ros2_gazebo:/home/liam/ros2_ws/install/turtlesim:/home/liam/ros2_ws/install/turtlebot_controller:/home/liam/ros2_ws/install/turtlebot3:/home/liam/ros2_ws/install/turtlebot3_simulations:/home/liam/ros2_ws/install/turtlebot3_bringup:/home/liam/ros2_ws/install/turtlebot3_node:/home/liam/ros2_ws/install/turtlebot3_navigation2:/home/liam/ros2_ws/install/turtlebot3_fake_node:/home/liam/ros2_ws/install/turtlebot3_msgs:/home/liam/ros2_ws/install/turtlebot3_gazebo:/home/liam/ros2_ws/install/turtlebot3_description:/home/liam/ros2_ws/install/turtlebot3_cartographer:/home/liam/ros2_ws/install/sprint_2:/home/liam/ros2_ws/install/sprint_1:/home/liam/ros2_ws/install/sprint3:/home/liam/ros2_ws/install/moveit_task_constructor_visualization:/home/liam/ros2_ws/install/moveit_task_constructor_demo:/home/liam/ros2_ws/install/moveit_task_constructor_capabilities:/home/liam/ros2_ws/install/moveit2_tutorials:/home/liam/ros2_ws/install/moveit_task_constructor_core:/home/liam/ros2_ws/install/rviz_marker_tools:/home/liam/ros2_ws/install/turtlebot3_teleop:/home/liam/ros2_ws/install/turtlebot3_example:/opt/ros/humble:/home/liam/ros2_ws/install/ros2_ur3_husky:/home/liam/ros2_ws/install/ros2_grasping:/home/liam/ros2_ws/install/ros2_execution:/home/liam/ros2_ws/install/panda_ros2_moveit2:/home/liam/ros2_ws/install/irb6640_ros2_moveit2:/home/liam/ros2_ws/install/irb120_ros2_moveit2:/home/liam/ros2_ws/install/irb1200_ros2_moveit2:/home/liam/ros2_ws/install/iiwa_ros2_moveit2:/home/liam/ros2_ws/install/cr35ia_ros2_moveit2:/home/liam/ros2_ws/install/ros2_data:/home/liam/ros2_ws/install/robot_localization:/home/liam/ros2_ws/install/pybind11_vendor:/home/liam/ros2_ws/install/path_planner_setup:/home/liam/ros2_ws/install/panda_ros2_gazebo:/home/liam/ros2_ws/install/moveit_task_constructor_msgs:/home/liam/ros2_ws/install/mapoverlay:/home/liam/ros2_ws/install/map_processor_node:/home/liam/ros2_ws/install/irb6640_ros2_gazebo:/home/liam/ros2_ws/install/irb120_ros2_gazebo:/home/liam/ros2_ws/install/irb1200_ros2_gazebo:/home/liam/ros2_ws/install/iiwa_ros2_gazebo:/home/liam/ros2_ws/install/husky_simulations:/home/liam/ros2_ws/install/husky_gazebo:/home/liam/ros2_ws/install/global_controller_single_robot:/home/liam/ros2_ws/install/global_controller:/home/liam/ros2_ws/install/gazebo_map_creator:/home/liam/ros2_ws/install/gazebo_map_creator_interface:/home/liam/ros2_ws/install/dynamixel_sdk_examples:/home/liam/ros2_ws/install/dynamixel_sdk_custom_interfaces:/home/liam/ros2_ws/install/dynamixel_sdk:/home/liam/ros2_ws/install/cr35ia_ros2_gazebo:/home/liam/ros2_ws/install/common_pkg:/home/liam/ros2_ws/install /usr/bin/cmake /home/liam/ros2_ws/src/warehouse_robot_msgs -DCMAKE_INSTALL_PREFIX=/home/liam/ros2_ws/src/warehouse_robot_msgs/install/warehouse_robot_msgs
[0.034s] -- Found ament_cmake: 1.3.10 (/opt/ros/humble/share/ament_cmake/cmake)
[0.181s] -- Found rclcpp: 16.0.10 (/opt/ros/humble/share/rclcpp/cmake)
[0.211s] -- Found rosidl_generator_c: 3.1.5 (/opt/ros/humble/share/rosidl_generator_c/cmake)
[0.214s] -- Found rosidl_adapter: 3.1.5 (/opt/ros/humble/share/rosidl_adapter/cmake)
[0.219s] -- Found rosidl_generator_cpp: 3.1.5 (/opt/ros/humble/share/rosidl_generator_cpp/cmake)
[0.234s] -- Using all available rosidl_typesupport_c: rosidl_typesupport_fastrtps_c;rosidl_typesupport_introspection_c
[0.248s] -- Using all available rosidl_typesupport_cpp: rosidl_typesupport_fastrtps_cpp;rosidl_typesupport_introspection_cpp
[0.286s] -- Found rmw_implementation_cmake: 6.1.2 (/opt/ros/humble/share/rmw_implementation_cmake/cmake)
[0.291s] -- Found rmw_fastrtps_cpp: 6.2.7 (/opt/ros/humble/share/rmw_fastrtps_cpp/cmake)
[0.413s] -- Using RMW implementation 'rmw_fastrtps_cpp' as default
[0.459s] -- Found nav_msgs: 4.2.4 (/opt/ros/humble/share/nav_msgs/cmake)
[0.484s] -- Found rosidl_default_generators: 1.2.0 (/opt/ros/humble/share/rosidl_default_generators/cmake)
[0.796s] -- Found ament_cmake_ros: 0.10.0 (/opt/ros/humble/share/ament_cmake_ros/cmake)
[1.219s] -- Using all available rosidl_typesupport_c: rosidl_typesupport_fastrtps_c;rosidl_typesupport_introspection_c
[1.397s] -- Using all available rosidl_typesupport_cpp: rosidl_typesupport_fastrtps_cpp;rosidl_typesupport_introspection_cpp
[1.422s] -- Found PythonInterp: /usr/bin/python3 (found suitable version "3.10.12", minimum required is "3.6") 
[1.426s] -- Found python_cmake_module: 0.10.0 (/opt/ros/humble/share/python_cmake_module/cmake)
[1.456s] -- Found PythonLibs: /usr/lib/x86_64-linux-gnu/libpython3.10.so (found suitable version "3.10.12", minimum required is "3.5") 
[1.456s] -- Using PYTHON_EXECUTABLE: /usr/bin/python3
[1.456s] -- Using PYTHON_INCLUDE_DIRS: /usr/include/python3.10
[1.456s] -- Using PYTHON_LIBRARIES: /usr/lib/x86_64-linux-gnu/libpython3.10.so
[1.479s] -- Found PythonExtra: .so  
[1.582s] -- Configuring done
[1.614s] -- Generating done
[1.617s] -- Build files have been written to: /home/liam/ros2_ws/src/warehouse_robot_msgs/build/warehouse_robot_msgs
[1.626s] Invoked command in '/home/liam/ros2_ws/src/warehouse_robot_msgs/build/warehouse_robot_msgs' returned '0': CMAKE_PREFIX_PATH=/home/liam/ros2_ws/install/warehouse_robot_msgs:/home/liam/ros2_ws/install/ur_simulation_gazebo:/home/liam/ros2_ws/install/ur5_ros2_moveit2:/home/liam/ros2_ws/install/ur5_ros2_gazebo:/home/liam/ros2_ws/install/ur3_ros2_moveit2:/home/liam/ros2_ws/install/ur3_ros2_gazebo:/home/liam/ros2_ws/install/ur10_ros2_moveit2:/home/liam/ros2_ws/install/ur10_ros2_gazebo:/home/liam/ros2_ws/install/turtlesim:/home/liam/ros2_ws/install/turtlebot_controller:/home/liam/ros2_ws/install/turtlebot3:/home/liam/ros2_ws/install/turtlebot3_simulations:/home/liam/ros2_ws/install/turtlebot3_bringup:/home/liam/ros2_ws/install/turtlebot3_node:/home/liam/ros2_ws/install/turtlebot3_navigation2:/home/liam/ros2_ws/install/turtlebot3_fake_node:/home/liam/ros2_ws/install/turtlebot3_msgs:/home/liam/ros2_ws/install/turtlebot3_gazebo:/home/liam/ros2_ws/install/turtlebot3_description:/home/liam/ros2_ws/install/turtlebot3_cartographer:/home/liam/ros2_ws/install/sprint_2:/home/liam/ros2_ws/install/sprint_1:/home/liam/ros2_ws/install/sprint3:/home/liam/ros2_ws/install/moveit_task_constructor_visualization:/home/liam/ros2_ws/install/moveit_task_constructor_demo:/home/liam/ros2_ws/install/moveit_task_constructor_capabilities:/home/liam/ros2_ws/install/moveit2_tutorials:/home/liam/ros2_ws/install/moveit_task_constructor_core:/home/liam/ros2_ws/install/rviz_marker_tools:/home/liam/ros2_ws/install/turtlebot3_teleop:/home/liam/ros2_ws/install/turtlebot3_example:/opt/ros/humble:/home/liam/ros2_ws/install/ros2_ur3_husky:/home/liam/ros2_ws/install/ros2_grasping:/home/liam/ros2_ws/install/ros2_execution:/home/liam/ros2_ws/install/panda_ros2_moveit2:/home/liam/ros2_ws/install/irb6640_ros2_moveit2:/home/liam/ros2_ws/install/irb120_ros2_moveit2:/home/liam/ros2_ws/install/irb1200_ros2_moveit2:/home/liam/ros2_ws/install/iiwa_ros2_moveit2:/home/liam/ros2_ws/install/cr35ia_ros2_moveit2:/home/liam/ros2_ws/install/ros2_data:/home/liam/ros2_ws/install/robot_localization:/home/liam/ros2_ws/install/pybind11_vendor:/home/liam/ros2_ws/install/path_planner_setup:/home/liam/ros2_ws/install/panda_ros2_gazebo:/home/liam/ros2_ws/install/moveit_task_constructor_msgs:/home/liam/ros2_ws/install/mapoverlay:/home/liam/ros2_ws/install/map_processor_node:/home/liam/ros2_ws/install/irb6640_ros2_gazebo:/home/liam/ros2_ws/install/irb120_ros2_gazebo:/home/liam/ros2_ws/install/irb1200_ros2_gazebo:/home/liam/ros2_ws/install/iiwa_ros2_gazebo:/home/liam/ros2_ws/install/husky_simulations:/home/liam/ros2_ws/install/husky_gazebo:/home/liam/ros2_ws/install/global_controller_single_robot:/home/liam/ros2_ws/install/global_controller:/home/liam/ros2_ws/install/gazebo_map_creator:/home/liam/ros2_ws/install/gazebo_map_creator_interface:/home/liam/ros2_ws/install/dynamixel_sdk_examples:/home/liam/ros2_ws/install/dynamixel_sdk_custom_interfaces:/home/liam/ros2_ws/install/dynamixel_sdk:/home/liam/ros2_ws/install/cr35ia_ros2_gazebo:/home/liam/ros2_ws/install/common_pkg:/home/liam/ros2_ws/install /usr/bin/cmake /home/liam/ros2_ws/src/warehouse_robot_msgs -DCMAKE_INSTALL_PREFIX=/home/liam/ros2_ws/src/warehouse_robot_msgs/install/warehouse_robot_msgs
[1.628s] Invoking command in '/home/liam/ros2_ws/src/warehouse_robot_msgs/build/warehouse_robot_msgs': CMAKE_PREFIX_PATH=/home/liam/ros2_ws/install/warehouse_robot_msgs:/home/liam/ros2_ws/install/ur_simulation_gazebo:/home/liam/ros2_ws/install/ur5_ros2_moveit2:/home/liam/ros2_ws/install/ur5_ros2_gazebo:/home/liam/ros2_ws/install/ur3_ros2_moveit2:/home/liam/ros2_ws/install/ur3_ros2_gazebo:/home/liam/ros2_ws/install/ur10_ros2_moveit2:/home/liam/ros2_ws/install/ur10_ros2_gazebo:/home/liam/ros2_ws/install/turtlesim:/home/liam/ros2_ws/install/turtlebot_controller:/home/liam/ros2_ws/install/turtlebot3:/home/liam/ros2_ws/install/turtlebot3_simulations:/home/liam/ros2_ws/install/turtlebot3_bringup:/home/liam/ros2_ws/install/turtlebot3_node:/home/liam/ros2_ws/install/turtlebot3_navigation2:/home/liam/ros2_ws/install/turtlebot3_fake_node:/home/liam/ros2_ws/install/turtlebot3_msgs:/home/liam/ros2_ws/install/turtlebot3_gazebo:/home/liam/ros2_ws/install/turtlebot3_description:/home/liam/ros2_ws/install/turtlebot3_cartographer:/home/liam/ros2_ws/install/sprint_2:/home/liam/ros2_ws/install/sprint_1:/home/liam/ros2_ws/install/sprint3:/home/liam/ros2_ws/install/moveit_task_constructor_visualization:/home/liam/ros2_ws/install/moveit_task_constructor_demo:/home/liam/ros2_ws/install/moveit_task_constructor_capabilities:/home/liam/ros2_ws/install/moveit2_tutorials:/home/liam/ros2_ws/install/moveit_task_constructor_core:/home/liam/ros2_ws/install/rviz_marker_tools:/home/liam/ros2_ws/install/turtlebot3_teleop:/home/liam/ros2_ws/install/turtlebot3_example:/opt/ros/humble:/home/liam/ros2_ws/install/ros2_ur3_husky:/home/liam/ros2_ws/install/ros2_grasping:/home/liam/ros2_ws/install/ros2_execution:/home/liam/ros2_ws/install/panda_ros2_moveit2:/home/liam/ros2_ws/install/irb6640_ros2_moveit2:/home/liam/ros2_ws/install/irb120_ros2_moveit2:/home/liam/ros2_ws/install/irb1200_ros2_moveit2:/home/liam/ros2_ws/install/iiwa_ros2_moveit2:/home/liam/ros2_ws/install/cr35ia_ros2_moveit2:/home/liam/ros2_ws/install/ros2_data:/home/liam/ros2_ws/install/robot_localization:/home/liam/ros2_ws/install/pybind11_vendor:/home/liam/ros2_ws/install/path_planner_setup:/home/liam/ros2_ws/install/panda_ros2_gazebo:/home/liam/ros2_ws/install/moveit_task_constructor_msgs:/home/liam/ros2_ws/install/mapoverlay:/home/liam/ros2_ws/install/map_processor_node:/home/liam/ros2_ws/install/irb6640_ros2_gazebo:/home/liam/ros2_ws/install/irb120_ros2_gazebo:/home/liam/ros2_ws/install/irb1200_ros2_gazebo:/home/liam/ros2_ws/install/iiwa_ros2_gazebo:/home/liam/ros2_ws/install/husky_simulations:/home/liam/ros2_ws/install/husky_gazebo:/home/liam/ros2_ws/install/global_controller_single_robot:/home/liam/ros2_ws/install/global_controller:/home/liam/ros2_ws/install/gazebo_map_creator:/home/liam/ros2_ws/install/gazebo_map_creator_interface:/home/liam/ros2_ws/install/dynamixel_sdk_examples:/home/liam/ros2_ws/install/dynamixel_sdk_custom_interfaces:/home/liam/ros2_ws/install/dynamixel_sdk:/home/liam/ros2_ws/install/cr35ia_ros2_gazebo:/home/liam/ros2_ws/install/common_pkg:/home/liam/ros2_ws/install /usr/bin/cmake --build /home/liam/ros2_ws/src/warehouse_robot_msgs/build/warehouse_robot_msgs -- -j8 -l8
[1.676s] [  3%] [34m[1mGenerating C code for ROS interfaces[0m
[1.689s] [  6%] [34m[1mGenerating C++ code for ROS interfaces[0m
[1.699s] [  6%] Built target ament_cmake_python_copy_warehouse_robot_msgs
[2.002s] [  6%] Built target warehouse_robot_msgs__cpp
[2.014s] running egg_info
[2.015s] creating warehouse_robot_msgs.egg-info
[2.015s] writing warehouse_robot_msgs.egg-info/PKG-INFO
[2.016s] writing dependency_links to warehouse_robot_msgs.egg-info/dependency_links.txt
[2.017s] writing top-level names to warehouse_robot_msgs.egg-info/top_level.txt
[2.017s] writing manifest file 'warehouse_robot_msgs.egg-info/SOURCES.txt'
[2.017s] [  9%] [34m[1mGenerating C++ type support for eProsima Fast-RTPS[0m
[2.017s] [ 12%] [34m[1mGenerating C++ introspection for ROS interfaces[0m
[2.020s] [ 16%] [34m[1mGenerating C++ type support dispatch for ROS interfaces[0m
[2.020s] reading manifest file 'warehouse_robot_msgs.egg-info/SOURCES.txt'
[2.021s] writing manifest file 'warehouse_robot_msgs.egg-info/SOURCES.txt'
[2.028s] [ 19%] [32mBuilding C object CMakeFiles/warehouse_robot_msgs__rosidl_generator_c.dir/rosidl_generator_c/warehouse_robot_msgs/msg/detail/robot_data__functions.c.o[0m
[2.055s] [ 19%] Built target ament_cmake_python_build_warehouse_robot_msgs_egg
[2.091s] [ 22%] [32m[1mLinking C shared library libwarehouse_robot_msgs__rosidl_generator_c.so[0m
[2.134s] [ 22%] Built target warehouse_robot_msgs__rosidl_generator_c
[2.149s] [ 25%] [34m[1mGenerating C type support dispatch for ROS interfaces[0m
[2.154s] [ 29%] [34m[1mGenerating C type support for eProsima Fast-RTPS[0m
[2.154s] [ 32%] [34m[1mGenerating C introspection for ROS interfaces[0m
[2.341s] [ 35%] [32mBuilding CXX object CMakeFiles/warehouse_robot_msgs__rosidl_typesupport_cpp.dir/rosidl_typesupport_cpp/warehouse_robot_msgs/msg/robot_data__type_support.cpp.o[0m
[2.423s] [ 38%] [32mBuilding CXX object CMakeFiles/warehouse_robot_msgs__rosidl_typesupport_introspection_cpp.dir/rosidl_typesupport_introspection_cpp/warehouse_robot_msgs/msg/detail/robot_data__type_support.cpp.o[0m
[2.482s] [ 41%] [32mBuilding CXX object CMakeFiles/warehouse_robot_msgs__rosidl_typesupport_fastrtps_c.dir/rosidl_typesupport_fastrtps_c/warehouse_robot_msgs/msg/detail/robot_data__type_support_c.cpp.o[0m
[2.522s] [ 45%] [32mBuilding CXX object CMakeFiles/warehouse_robot_msgs__rosidl_typesupport_fastrtps_cpp.dir/rosidl_typesupport_fastrtps_cpp/warehouse_robot_msgs/msg/detail/dds_fastrtps/robot_data__type_support.cpp.o[0m
[2.636s] [ 48%] [32mBuilding C object CMakeFiles/warehouse_robot_msgs__rosidl_typesupport_introspection_c.dir/rosidl_typesupport_introspection_c/warehouse_robot_msgs/msg/detail/robot_data__type_support.c.o[0m
[2.652s] [ 51%] [32mBuilding CXX object CMakeFiles/warehouse_robot_msgs__rosidl_typesupport_c.dir/rosidl_typesupport_c/warehouse_robot_msgs/msg/robot_data__type_support.cpp.o[0m
[2.700s] [ 54%] [32m[1mLinking C shared library libwarehouse_robot_msgs__rosidl_typesupport_introspection_c.so[0m
[2.701s] [ 58%] [32m[1mLinking CXX shared library libwarehouse_robot_msgs__rosidl_typesupport_c.so[0m
[2.754s] [ 58%] Built target warehouse_robot_msgs__rosidl_typesupport_introspection_c
[2.768s] [ 58%] Built target warehouse_robot_msgs__rosidl_typesupport_c
[2.788s] [ 61%] [32m[1mLinking CXX shared library libwarehouse_robot_msgs__rosidl_typesupport_cpp.so[0m
[2.841s] [ 61%] Built target warehouse_robot_msgs__rosidl_typesupport_cpp
[2.883s] [ 64%] [32m[1mLinking CXX shared library libwarehouse_robot_msgs__rosidl_typesupport_fastrtps_c.so[0m
[2.884s] [ 67%] [32m[1mLinking CXX shared library libwarehouse_robot_msgs__rosidl_typesupport_introspection_cpp.so[0m
[2.966s] [ 67%] Built target warehouse_robot_msgs__rosidl_typesupport_introspection_cpp
[2.969s] [ 67%] Built target warehouse_robot_msgs__rosidl_typesupport_fastrtps_c
[3.038s] [ 70%] [32m[1mLinking CXX shared library libwarehouse_robot_msgs__rosidl_typesupport_fastrtps_cpp.so[0m
[3.113s] [ 70%] Built target warehouse_robot_msgs__rosidl_typesupport_fastrtps_cpp
[3.138s] [ 70%] Built target warehouse_robot_msgs
[3.167s] [ 74%] [34m[1mGenerating Python code for ROS interfaces[0m
[3.519s] [ 74%] Built target warehouse_robot_msgs__py
[3.545s] [ 77%] [32mBuilding C object CMakeFiles/warehouse_robot_msgs__rosidl_generator_py.dir/rosidl_generator_py/warehouse_robot_msgs/msg/_robot_data_s.c.o[0m
[3.638s] [ 80%] [32m[1mLinking C shared library rosidl_generator_py/warehouse_robot_msgs/libwarehouse_robot_msgs__rosidl_generator_py.so[0m
[3.684s] [ 80%] Built target warehouse_robot_msgs__rosidl_generator_py
[3.710s] [ 90%] [32mBuilding C object CMakeFiles/warehouse_robot_msgs__rosidl_typesupport_fastrtps_c__pyext.dir/rosidl_generator_py/warehouse_robot_msgs/_warehouse_robot_msgs_s.ep.rosidl_typesupport_fastrtps_c.c.o[0m
[3.710s] [ 90%] [32mBuilding C object CMakeFiles/warehouse_robot_msgs__rosidl_typesupport_c__pyext.dir/rosidl_generator_py/warehouse_robot_msgs/_warehouse_robot_msgs_s.ep.rosidl_typesupport_c.c.o[0m
[3.710s] [ 90%] [32mBuilding C object CMakeFiles/warehouse_robot_msgs__rosidl_typesupport_introspection_c__pyext.dir/rosidl_generator_py/warehouse_robot_msgs/_warehouse_robot_msgs_s.ep.rosidl_typesupport_introspection_c.c.o[0m
[3.808s] [ 96%] [32m[1mLinking C shared library rosidl_generator_py/warehouse_robot_msgs/warehouse_robot_msgs_s__rosidl_typesupport_c.cpython-310-x86_64-linux-gnu.so[0m
[3.808s] [ 96%] [32m[1mLinking C shared library rosidl_generator_py/warehouse_robot_msgs/warehouse_robot_msgs_s__rosidl_typesupport_introspection_c.cpython-310-x86_64-linux-gnu.so[0m
[3.810s] [100%] [32m[1mLinking C shared library rosidl_generator_py/warehouse_robot_msgs/warehouse_robot_msgs_s__rosidl_typesupport_fastrtps_c.cpython-310-x86_64-linux-gnu.so[0m
[3.856s] [100%] Built target warehouse_robot_msgs__rosidl_typesupport_c__pyext
[3.858s] [100%] Built target warehouse_robot_msgs__rosidl_typesupport_introspection_c__pyext
[3.859s] [100%] Built target warehouse_robot_msgs__rosidl_typesupport_fastrtps_c__pyext
[3.870s] Invoked command in '/home/liam/ros2_ws/src/warehouse_robot_msgs/build/warehouse_robot_msgs' returned '0': CMAKE_PREFIX_PATH=/home/liam/ros2_ws/install/warehouse_robot_msgs:/home/liam/ros2_ws/install/ur_simulation_gazebo:/home/liam/ros2_ws/install/ur5_ros2_moveit2:/home/liam/ros2_ws/install/ur5_ros2_gazebo:/home/liam/ros2_ws/install/ur3_ros2_moveit2:/home/liam/ros2_ws/install/ur3_ros2_gazebo:/home/liam/ros2_ws/install/ur10_ros2_moveit2:/home/liam/ros2_ws/install/ur10_ros2_gazebo:/home/liam/ros2_ws/install/turtlesim:/home/liam/ros2_ws/install/turtlebot_controller:/home/liam/ros2_ws/install/turtlebot3:/home/liam/ros2_ws/install/turtlebot3_simulations:/home/liam/ros2_ws/install/turtlebot3_bringup:/home/liam/ros2_ws/install/turtlebot3_node:/home/liam/ros2_ws/install/turtlebot3_navigation2:/home/liam/ros2_ws/install/turtlebot3_fake_node:/home/liam/ros2_ws/install/turtlebot3_msgs:/home/liam/ros2_ws/install/turtlebot3_gazebo:/home/liam/ros2_ws/install/turtlebot3_description:/home/liam/ros2_ws/install/turtlebot3_cartographer:/home/liam/ros2_ws/install/sprint_2:/home/liam/ros2_ws/install/sprint_1:/home/liam/ros2_ws/install/sprint3:/home/liam/ros2_ws/install/moveit_task_constructor_visualization:/home/liam/ros2_ws/install/moveit_task_constructor_demo:/home/liam/ros2_ws/install/moveit_task_constructor_capabilities:/home/liam/ros2_ws/install/moveit2_tutorials:/home/liam/ros2_ws/install/moveit_task_constructor_core:/home/liam/ros2_ws/install/rviz_marker_tools:/home/liam/ros2_ws/install/turtlebot3_teleop:/home/liam/ros2_ws/install/turtlebot3_example:/opt/ros/humble:/home/liam/ros2_ws/install/ros2_ur3_husky:/home/liam/ros2_ws/install/ros2_grasping:/home/liam/ros2_ws/install/ros2_execution:/home/liam/ros2_ws/install/panda_ros2_moveit2:/home/liam/ros2_ws/install/irb6640_ros2_moveit2:/home/liam/ros2_ws/install/irb120_ros2_moveit2:/home/liam/ros2_ws/install/irb1200_ros2_moveit2:/home/liam/ros2_ws/install/iiwa_ros2_moveit2:/home/liam/ros2_ws/install/cr35ia_ros2_moveit2:/home/liam/ros2_ws/install/ros2_data:/home/liam/ros2_ws/install/robot_localization:/home/liam/ros2_ws/install/pybind11_vendor:/home/liam/ros2_ws/install/path_planner_setup:/home/liam/ros2_ws/install/panda_ros2_gazebo:/home/liam/ros2_ws/install/moveit_task_constructor_msgs:/home/liam/ros2_ws/install/mapoverlay:/home/liam/ros2_ws/install/map_processor_node:/home/liam/ros2_ws/install/irb6640_ros2_gazebo:/home/liam/ros2_ws/install/irb120_ros2_gazebo:/home/liam/ros2_ws/install/irb1200_ros2_gazebo:/home/liam/ros2_ws/install/iiwa_ros2_gazebo:/home/liam/ros2_ws/install/husky_simulations:/home/liam/ros2_ws/install/husky_gazebo:/home/liam/ros2_ws/install/global_controller_single_robot:/home/liam/ros2_ws/install/global_controller:/home/liam/ros2_ws/install/gazebo_map_creator:/home/liam/ros2_ws/install/gazebo_map_creator_interface:/home/liam/ros2_ws/install/dynamixel_sdk_examples:/home/liam/ros2_ws/install/dynamixel_sdk_custom_interfaces:/home/liam/ros2_ws/install/dynamixel_sdk:/home/liam/ros2_ws/install/cr35ia_ros2_gazebo:/home/liam/ros2_ws/install/common_pkg:/home/liam/ros2_ws/install /usr/bin/cmake --build /home/liam/ros2_ws/src/warehouse_robot_msgs/build/warehouse_robot_msgs -- -j8 -l8
[3.989s] Invoking command in '/home/liam/ros2_ws/src/warehouse_robot_msgs/build/warehouse_robot_msgs': CMAKE_PREFIX_PATH=/home/liam/ros2_ws/install/warehouse_robot_msgs:/home/liam/ros2_ws/install/ur_simulation_gazebo:/home/liam/ros2_ws/install/ur5_ros2_moveit2:/home/liam/ros2_ws/install/ur5_ros2_gazebo:/home/liam/ros2_ws/install/ur3_ros2_moveit2:/home/liam/ros2_ws/install/ur3_ros2_gazebo:/home/liam/ros2_ws/install/ur10_ros2_moveit2:/home/liam/ros2_ws/install/ur10_ros2_gazebo:/home/liam/ros2_ws/install/turtlesim:/home/liam/ros2_ws/install/turtlebot_controller:/home/liam/ros2_ws/install/turtlebot3:/home/liam/ros2_ws/install/turtlebot3_simulations:/home/liam/ros2_ws/install/turtlebot3_bringup:/home/liam/ros2_ws/install/turtlebot3_node:/home/liam/ros2_ws/install/turtlebot3_navigation2:/home/liam/ros2_ws/install/turtlebot3_fake_node:/home/liam/ros2_ws/install/turtlebot3_msgs:/home/liam/ros2_ws/install/turtlebot3_gazebo:/home/liam/ros2_ws/install/turtlebot3_description:/home/liam/ros2_ws/install/turtlebot3_cartographer:/home/liam/ros2_ws/install/sprint_2:/home/liam/ros2_ws/install/sprint_1:/home/liam/ros2_ws/install/sprint3:/home/liam/ros2_ws/install/moveit_task_constructor_visualization:/home/liam/ros2_ws/install/moveit_task_constructor_demo:/home/liam/ros2_ws/install/moveit_task_constructor_capabilities:/home/liam/ros2_ws/install/moveit2_tutorials:/home/liam/ros2_ws/install/moveit_task_constructor_core:/home/liam/ros2_ws/install/rviz_marker_tools:/home/liam/ros2_ws/install/turtlebot3_teleop:/home/liam/ros2_ws/install/turtlebot3_example:/opt/ros/humble:/home/liam/ros2_ws/install/ros2_ur3_husky:/home/liam/ros2_ws/install/ros2_grasping:/home/liam/ros2_ws/install/ros2_execution:/home/liam/ros2_ws/install/panda_ros2_moveit2:/home/liam/ros2_ws/install/irb6640_ros2_moveit2:/home/liam/ros2_ws/install/irb120_ros2_moveit2:/home/liam/ros2_ws/install/irb1200_ros2_moveit2:/home/liam/ros2_ws/install/iiwa_ros2_moveit2:/home/liam/ros2_ws/install/cr35ia_ros2_moveit2:/home/liam/ros2_ws/install/ros2_data:/home/liam/ros2_ws/install/robot_localization:/home/liam/ros2_ws/install/pybind11_vendor:/home/liam/ros2_ws/install/path_planner_setup:/home/liam/ros2_ws/install/panda_ros2_gazebo:/home/liam/ros2_ws/install/moveit_task_constructor_msgs:/home/liam/ros2_ws/install/mapoverlay:/home/liam/ros2_ws/install/map_processor_node:/home/liam/ros2_ws/install/irb6640_ros2_gazebo:/home/liam/ros2_ws/install/irb120_ros2_gazebo:/home/liam/ros2_ws/install/irb1200_ros2_gazebo:/home/liam/ros2_ws/install/iiwa_ros2_gazebo:/home/liam/ros2_ws/install/husky_simulations:/home/liam/ros2_ws/install/husky_gazebo:/home/liam/ros2_ws/install/global_controller_single_robot:/home/liam/ros2_ws/install/global_controller:/home/liam/ros2_ws/install/gazebo_map_creator:/home/liam/ros2_ws/install/gazebo_map_creator_interface:/home/liam/ros2_ws/install/dynamixel_sdk_examples:/home/liam/ros2_ws/install/dynamixel_sdk_custom_interfaces:/home/liam/ros2_ws/install/dynamixel_sdk:/home/liam/ros2_ws/install/cr35ia_ros2_gazebo:/home/liam/ros2_ws/install/common_pkg:/home/liam/ros2_ws/install /usr/bin/cmake --install /home/liam/ros2_ws/src/warehouse_robot_msgs/build/warehouse_robot_msgs
[4.000s] -- Install configuration: ""
[4.000s] -- Installing: /home/liam/ros2_ws/src/warehouse_robot_msgs/install/warehouse_robot_msgs/share/ament_index/resource_index/rosidl_interfaces/warehouse_robot_msgs
[4.000s] -- Installing: /home/liam/ros2_ws/src/warehouse_robot_msgs/install/warehouse_robot_msgs/include/warehouse_robot_msgs/warehouse_robot_msgs
[4.000s] -- Installing: /home/liam/ros2_ws/src/warehouse_robot_msgs/install/warehouse_robot_msgs/include/warehouse_robot_msgs/warehouse_robot_msgs/msg
[4.000s] -- Installing: /home/liam/ros2_ws/src/warehouse_robot_msgs/install/warehouse_robot_msgs/include/warehouse_robot_msgs/warehouse_robot_msgs/msg/rosidl_generator_c__visibility_control.h
[4.000s] -- Installing: /home/liam/ros2_ws/src/warehouse_robot_msgs/install/warehouse_robot_msgs/include/warehouse_robot_msgs/warehouse_robot_msgs/msg/detail
[4.000s] -- Installing: /home/liam/ros2_ws/src/warehouse_robot_msgs/install/warehouse_robot_msgs/include/warehouse_robot_msgs/warehouse_robot_msgs/msg/detail/robot_data__type_support.h
[4.001s] -- Installing: /home/liam/ros2_ws/src/warehouse_robot_msgs/install/warehouse_robot_msgs/include/warehouse_robot_msgs/warehouse_robot_msgs/msg/detail/robot_data__struct.h
[4.001s] -- Installing: /home/liam/ros2_ws/src/warehouse_robot_msgs/install/warehouse_robot_msgs/include/warehouse_robot_msgs/warehouse_robot_msgs/msg/detail/robot_data__functions.h
[4.001s] -- Installing: /home/liam/ros2_ws/src/warehouse_robot_msgs/install/warehouse_robot_msgs/include/warehouse_robot_msgs/warehouse_robot_msgs/msg/detail/robot_data__functions.c
[4.001s] -- Installing: /home/liam/ros2_ws/src/warehouse_robot_msgs/install/warehouse_robot_msgs/include/warehouse_robot_msgs/warehouse_robot_msgs/msg/robot_data.h
[4.001s] -- Installing: /home/liam/ros2_ws/src/warehouse_robot_msgs/install/warehouse_robot_msgs/share/warehouse_robot_msgs/environment/library_path.sh
[4.001s] -- Installing: /home/liam/ros2_ws/src/warehouse_robot_msgs/install/warehouse_robot_msgs/share/warehouse_robot_msgs/environment/library_path.dsv
[4.001s] -- Installing: /home/liam/ros2_ws/src/warehouse_robot_msgs/install/warehouse_robot_msgs/lib/libwarehouse_robot_msgs__rosidl_generator_c.so
[4.001s] -- Set runtime path of "/home/liam/ros2_ws/src/warehouse_robot_msgs/install/warehouse_robot_msgs/lib/libwarehouse_robot_msgs__rosidl_generator_c.so" to ""
[4.001s] -- Up-to-date: /home/liam/ros2_ws/src/warehouse_robot_msgs/install/warehouse_robot_msgs/include/warehouse_robot_msgs/warehouse_robot_msgs
[4.002s] -- Up-to-date: /home/liam/ros2_ws/src/warehouse_robot_msgs/install/warehouse_robot_msgs/include/warehouse_robot_msgs/warehouse_robot_msgs/msg
[4.002s] -- Installing: /home/liam/ros2_ws/src/warehouse_robot_msgs/install/warehouse_robot_msgs/include/warehouse_robot_msgs/warehouse_robot_msgs/msg/rosidl_typesupport_fastrtps_c__visibility_control.h
[4.002s] -- Up-to-date: /home/liam/ros2_ws/src/warehouse_robot_msgs/install/warehouse_robot_msgs/include/warehouse_robot_msgs/warehouse_robot_msgs/msg/detail
[4.002s] -- Installing: /home/liam/ros2_ws/src/warehouse_robot_msgs/install/warehouse_robot_msgs/include/warehouse_robot_msgs/warehouse_robot_msgs/msg/detail/robot_data__rosidl_typesupport_fastrtps_c.h
[4.002s] -- Installing: /home/liam/ros2_ws/src/warehouse_robot_msgs/install/warehouse_robot_msgs/lib/libwarehouse_robot_msgs__rosidl_typesupport_fastrtps_c.so
[4.002s] -- Set runtime path of "/home/liam/ros2_ws/src/warehouse_robot_msgs/install/warehouse_robot_msgs/lib/libwarehouse_robot_msgs__rosidl_typesupport_fastrtps_c.so" to ""
[4.002s] -- Up-to-date: /home/liam/ros2_ws/src/warehouse_robot_msgs/install/warehouse_robot_msgs/include/warehouse_robot_msgs/warehouse_robot_msgs
[4.002s] -- Up-to-date: /home/liam/ros2_ws/src/warehouse_robot_msgs/install/warehouse_robot_msgs/include/warehouse_robot_msgs/warehouse_robot_msgs/msg
[4.002s] -- Up-to-date: /home/liam/ros2_ws/src/warehouse_robot_msgs/install/warehouse_robot_msgs/include/warehouse_robot_msgs/warehouse_robot_msgs/msg/detail
[4.003s] -- Installing: /home/liam/ros2_ws/src/warehouse_robot_msgs/install/warehouse_robot_msgs/include/warehouse_robot_msgs/warehouse_robot_msgs/msg/detail/robot_data__struct.hpp
[4.003s] -- Installing: /home/liam/ros2_ws/src/warehouse_robot_msgs/install/warehouse_robot_msgs/include/warehouse_robot_msgs/warehouse_robot_msgs/msg/detail/robot_data__builder.hpp
[4.003s] -- Installing: /home/liam/ros2_ws/src/warehouse_robot_msgs/install/warehouse_robot_msgs/include/warehouse_robot_msgs/warehouse_robot_msgs/msg/detail/robot_data__traits.hpp
[4.003s] -- Installing: /home/liam/ros2_ws/src/warehouse_robot_msgs/install/warehouse_robot_msgs/include/warehouse_robot_msgs/warehouse_robot_msgs/msg/robot_data.hpp
[4.003s] -- Up-to-date: /home/liam/ros2_ws/src/warehouse_robot_msgs/install/warehouse_robot_msgs/include/warehouse_robot_msgs/warehouse_robot_msgs
[4.003s] -- Up-to-date: /home/liam/ros2_ws/src/warehouse_robot_msgs/install/warehouse_robot_msgs/include/warehouse_robot_msgs/warehouse_robot_msgs/msg
[4.003s] -- Installing: /home/liam/ros2_ws/src/warehouse_robot_msgs/install/warehouse_robot_msgs/include/warehouse_robot_msgs/warehouse_robot_msgs/msg/rosidl_typesupport_fastrtps_cpp__visibility_control.h
[4.003s] -- Up-to-date: /home/liam/ros2_ws/src/warehouse_robot_msgs/install/warehouse_robot_msgs/include/warehouse_robot_msgs/warehouse_robot_msgs/msg/detail
[4.003s] -- Installing: /home/liam/ros2_ws/src/warehouse_robot_msgs/install/warehouse_robot_msgs/include/warehouse_robot_msgs/warehouse_robot_msgs/msg/detail/robot_data__rosidl_typesupport_fastrtps_cpp.hpp
[4.003s] -- Installing: /home/liam/ros2_ws/src/warehouse_robot_msgs/install/warehouse_robot_msgs/include/warehouse_robot_msgs/warehouse_robot_msgs/msg/detail/dds_fastrtps
[4.004s] -- Installing: /home/liam/ros2_ws/src/warehouse_robot_msgs/install/warehouse_robot_msgs/lib/libwarehouse_robot_msgs__rosidl_typesupport_fastrtps_cpp.so
[4.004s] -- Set runtime path of "/home/liam/ros2_ws/src/warehouse_robot_msgs/install/warehouse_robot_msgs/lib/libwarehouse_robot_msgs__rosidl_typesupport_fastrtps_cpp.so" to ""
[4.004s] -- Up-to-date: /home/liam/ros2_ws/src/warehouse_robot_msgs/install/warehouse_robot_msgs/include/warehouse_robot_msgs/warehouse_robot_msgs
[4.004s] -- Up-to-date: /home/liam/ros2_ws/src/warehouse_robot_msgs/install/warehouse_robot_msgs/include/warehouse_robot_msgs/warehouse_robot_msgs/msg
[4.004s] -- Installing: /home/liam/ros2_ws/src/warehouse_robot_msgs/install/warehouse_robot_msgs/include/warehouse_robot_msgs/warehouse_robot_msgs/msg/rosidl_typesupport_introspection_c__visibility_control.h
[4.004s] -- Up-to-date: /home/liam/ros2_ws/src/warehouse_robot_msgs/install/warehouse_robot_msgs/include/warehouse_robot_msgs/warehouse_robot_msgs/msg/detail
[4.004s] -- Installing: /home/liam/ros2_ws/src/warehouse_robot_msgs/install/warehouse_robot_msgs/include/warehouse_robot_msgs/warehouse_robot_msgs/msg/detail/robot_data__type_support.c
[4.004s] -- Installing: /home/liam/ros2_ws/src/warehouse_robot_msgs/install/warehouse_robot_msgs/include/warehouse_robot_msgs/warehouse_robot_msgs/msg/detail/robot_data__rosidl_typesupport_introspection_c.h
[4.005s] -- Installing: /home/liam/ros2_ws/src/warehouse_robot_msgs/install/warehouse_robot_msgs/lib/libwarehouse_robot_msgs__rosidl_typesupport_introspection_c.so
[4.005s] -- Set runtime path of "/home/liam/ros2_ws/src/warehouse_robot_msgs/install/warehouse_robot_msgs/lib/libwarehouse_robot_msgs__rosidl_typesupport_introspection_c.so" to ""
[4.005s] -- Installing: /home/liam/ros2_ws/src/warehouse_robot_msgs/install/warehouse_robot_msgs/lib/libwarehouse_robot_msgs__rosidl_typesupport_c.so
[4.006s] -- Set runtime path of "/home/liam/ros2_ws/src/warehouse_robot_msgs/install/warehouse_robot_msgs/lib/libwarehouse_robot_msgs__rosidl_typesupport_c.so" to ""
[4.006s] -- Up-to-date: /home/liam/ros2_ws/src/warehouse_robot_msgs/install/warehouse_robot_msgs/include/warehouse_robot_msgs/warehouse_robot_msgs
[4.006s] -- Up-to-date: /home/liam/ros2_ws/src/warehouse_robot_msgs/install/warehouse_robot_msgs/include/warehouse_robot_msgs/warehouse_robot_msgs/msg
[4.006s] -- Up-to-date: /home/liam/ros2_ws/src/warehouse_robot_msgs/install/warehouse_robot_msgs/include/warehouse_robot_msgs/warehouse_robot_msgs/msg/detail
[4.006s] -- Installing: /home/liam/ros2_ws/src/warehouse_robot_msgs/install/warehouse_robot_msgs/include/warehouse_robot_msgs/warehouse_robot_msgs/msg/detail/robot_data__type_support.cpp
[4.006s] -- Installing: /home/liam/ros2_ws/src/warehouse_robot_msgs/install/warehouse_robot_msgs/include/warehouse_robot_msgs/warehouse_robot_msgs/msg/detail/robot_data__rosidl_typesupport_introspection_cpp.hpp
[4.006s] -- Installing: /home/liam/ros2_ws/src/warehouse_robot_msgs/install/warehouse_robot_msgs/lib/libwarehouse_robot_msgs__rosidl_typesupport_introspection_cpp.so
[4.006s] -- Set runtime path of "/home/liam/ros2_ws/src/warehouse_robot_msgs/install/warehouse_robot_msgs/lib/libwarehouse_robot_msgs__rosidl_typesupport_introspection_cpp.so" to ""
[4.007s] -- Installing: /home/liam/ros2_ws/src/warehouse_robot_msgs/install/warehouse_robot_msgs/lib/libwarehouse_robot_msgs__rosidl_typesupport_cpp.so
[4.007s] -- Set runtime path of "/home/liam/ros2_ws/src/warehouse_robot_msgs/install/warehouse_robot_msgs/lib/libwarehouse_robot_msgs__rosidl_typesupport_cpp.so" to ""
[4.007s] -- Installing: /home/liam/ros2_ws/src/warehouse_robot_msgs/install/warehouse_robot_msgs/share/warehouse_robot_msgs/environment/pythonpath.sh
[4.007s] -- Installing: /home/liam/ros2_ws/src/warehouse_robot_msgs/install/warehouse_robot_msgs/share/warehouse_robot_msgs/environment/pythonpath.dsv
[4.007s] -- Installing: /home/liam/ros2_ws/src/warehouse_robot_msgs/install/warehouse_robot_msgs/local/lib/python3.10/dist-packages/warehouse_robot_msgs-0.0.0-py3.10.egg-info
[4.008s] -- Installing: /home/liam/ros2_ws/src/warehouse_robot_msgs/install/warehouse_robot_msgs/local/lib/python3.10/dist-packages/warehouse_robot_msgs-0.0.0-py3.10.egg-info/SOURCES.txt
[4.008s] -- Installing: /home/liam/ros2_ws/src/warehouse_robot_msgs/install/warehouse_robot_msgs/local/lib/python3.10/dist-packages/warehouse_robot_msgs-0.0.0-py3.10.egg-info/dependency_links.txt
[4.008s] -- Installing: /home/liam/ros2_ws/src/warehouse_robot_msgs/install/warehouse_robot_msgs/local/lib/python3.10/dist-packages/warehouse_robot_msgs-0.0.0-py3.10.egg-info/PKG-INFO
[4.008s] -- Installing: /home/liam/ros2_ws/src/warehouse_robot_msgs/install/warehouse_robot_msgs/local/lib/python3.10/dist-packages/warehouse_robot_msgs-0.0.0-py3.10.egg-info/top_level.txt
[4.008s] -- Installing: /home/liam/ros2_ws/src/warehouse_robot_msgs/install/warehouse_robot_msgs/local/lib/python3.10/dist-packages/warehouse_robot_msgs
[4.009s] -- Installing: /home/liam/ros2_ws/src/warehouse_robot_msgs/install/warehouse_robot_msgs/local/lib/python3.10/dist-packages/warehouse_robot_msgs/warehouse_robot_msgs_s__rosidl_typesupport_c.cpython-310-x86_64-linux-gnu.so
[4.009s] -- Installing: /home/liam/ros2_ws/src/warehouse_robot_msgs/install/warehouse_robot_msgs/local/lib/python3.10/dist-packages/warehouse_robot_msgs/__init__.py
[4.009s] -- Installing: /home/liam/ros2_ws/src/warehouse_robot_msgs/install/warehouse_robot_msgs/local/lib/python3.10/dist-packages/warehouse_robot_msgs/_warehouse_robot_msgs_s.ep.rosidl_typesupport_fastrtps_c.c
[4.009s] -- Installing: /home/liam/ros2_ws/src/warehouse_robot_msgs/install/warehouse_robot_msgs/local/lib/python3.10/dist-packages/warehouse_robot_msgs/_warehouse_robot_msgs_s.ep.rosidl_typesupport_introspection_c.c
[4.009s] -- Installing: /home/liam/ros2_ws/src/warehouse_robot_msgs/install/warehouse_robot_msgs/local/lib/python3.10/dist-packages/warehouse_robot_msgs/warehouse_robot_msgs_s__rosidl_typesupport_fastrtps_c.cpython-310-x86_64-linux-gnu.so
[4.009s] -- Installing: /home/liam/ros2_ws/src/warehouse_robot_msgs/install/warehouse_robot_msgs/local/lib/python3.10/dist-packages/warehouse_robot_msgs/warehouse_robot_msgs_s__rosidl_typesupport_introspection_c.cpython-310-x86_64-linux-gnu.so
[4.010s] -- Installing: /home/liam/ros2_ws/src/warehouse_robot_msgs/install/warehouse_robot_msgs/local/lib/python3.10/dist-packages/warehouse_robot_msgs/libwarehouse_robot_msgs__rosidl_generator_py.so
[4.011s] -- Installing: /home/liam/ros2_ws/src/warehouse_robot_msgs/install/warehouse_robot_msgs/local/lib/python3.10/dist-packages/warehouse_robot_msgs/_warehouse_robot_msgs_s.ep.rosidl_typesupport_c.c
[4.011s] -- Installing: /home/liam/ros2_ws/src/warehouse_robot_msgs/install/warehouse_robot_msgs/local/lib/python3.10/dist-packages/warehouse_robot_msgs/msg
[4.011s] -- Installing: /home/liam/ros2_ws/src/warehouse_robot_msgs/install/warehouse_robot_msgs/local/lib/python3.10/dist-packages/warehouse_robot_msgs/msg/_robot_data.py
[4.011s] -- Installing: /home/liam/ros2_ws/src/warehouse_robot_msgs/install/warehouse_robot_msgs/local/lib/python3.10/dist-packages/warehouse_robot_msgs/msg/__init__.py
[4.011s] -- Installing: /home/liam/ros2_ws/src/warehouse_robot_msgs/install/warehouse_robot_msgs/local/lib/python3.10/dist-packages/warehouse_robot_msgs/msg/_robot_data_s.c
[4.052s] Listing '/home/liam/ros2_ws/src/warehouse_robot_msgs/install/warehouse_robot_msgs/local/lib/python3.10/dist-packages/warehouse_robot_msgs'...
[4.052s] Compiling '/home/liam/ros2_ws/src/warehouse_robot_msgs/install/warehouse_robot_msgs/local/lib/python3.10/dist-packages/warehouse_robot_msgs/__init__.py'...
[4.052s] Listing '/home/liam/ros2_ws/src/warehouse_robot_msgs/install/warehouse_robot_msgs/local/lib/python3.10/dist-packages/warehouse_robot_msgs/msg'...
[4.052s] Compiling '/home/liam/ros2_ws/src/warehouse_robot_msgs/install/warehouse_robot_msgs/local/lib/python3.10/dist-packages/warehouse_robot_msgs/msg/__init__.py'...
[4.052s] Compiling '/home/liam/ros2_ws/src/warehouse_robot_msgs/install/warehouse_robot_msgs/local/lib/python3.10/dist-packages/warehouse_robot_msgs/msg/_robot_data.py'...
[4.056s] -- Installing: /home/liam/ros2_ws/src/warehouse_robot_msgs/install/warehouse_robot_msgs/local/lib/python3.10/dist-packages/warehouse_robot_msgs/warehouse_robot_msgs_s__rosidl_typesupport_fastrtps_c.cpython-310-x86_64-linux-gnu.so
[4.056s] -- Set runtime path of "/home/liam/ros2_ws/src/warehouse_robot_msgs/install/warehouse_robot_msgs/local/lib/python3.10/dist-packages/warehouse_robot_msgs/warehouse_robot_msgs_s__rosidl_typesupport_fastrtps_c.cpython-310-x86_64-linux-gnu.so" to ""
[4.057s] -- Installing: /home/liam/ros2_ws/src/warehouse_robot_msgs/install/warehouse_robot_msgs/local/lib/python3.10/dist-packages/warehouse_robot_msgs/warehouse_robot_msgs_s__rosidl_typesupport_introspection_c.cpython-310-x86_64-linux-gnu.so
[4.057s] -- Set runtime path of "/home/liam/ros2_ws/src/warehouse_robot_msgs/install/warehouse_robot_msgs/local/lib/python3.10/dist-packages/warehouse_robot_msgs/warehouse_robot_msgs_s__rosidl_typesupport_introspection_c.cpython-310-x86_64-linux-gnu.so" to ""
[4.057s] -- Installing: /home/liam/ros2_ws/src/warehouse_robot_msgs/install/warehouse_robot_msgs/local/lib/python3.10/dist-packages/warehouse_robot_msgs/warehouse_robot_msgs_s__rosidl_typesupport_c.cpython-310-x86_64-linux-gnu.so
[4.057s] -- Set runtime path of "/home/liam/ros2_ws/src/warehouse_robot_msgs/install/warehouse_robot_msgs/local/lib/python3.10/dist-packages/warehouse_robot_msgs/warehouse_robot_msgs_s__rosidl_typesupport_c.cpython-310-x86_64-linux-gnu.so" to ""
[4.057s] -- Installing: /home/liam/ros2_ws/src/warehouse_robot_msgs/install/warehouse_robot_msgs/lib/libwarehouse_robot_msgs__rosidl_generator_py.so
[4.058s] -- Set runtime path of "/home/liam/ros2_ws/src/warehouse_robot_msgs/install/warehouse_robot_msgs/lib/libwarehouse_robot_msgs__rosidl_generator_py.so" to ""
[4.058s] -- Installing: /home/liam/ros2_ws/src/warehouse_robot_msgs/install/warehouse_robot_msgs/share/warehouse_robot_msgs/msg/RobotData.idl
[4.058s] -- Installing: /home/liam/ros2_ws/src/warehouse_robot_msgs/install/warehouse_robot_msgs/share/warehouse_robot_msgs/msg/RobotData.msg
[4.058s] -- Installing: /home/liam/ros2_ws/src/warehouse_robot_msgs/install/warehouse_robot_msgs/share/ament_index/resource_index/package_run_dependencies/warehouse_robot_msgs
[4.058s] -- Installing: /home/liam/ros2_ws/src/warehouse_robot_msgs/install/warehouse_robot_msgs/share/ament_index/resource_index/parent_prefix_path/warehouse_robot_msgs
[4.058s] -- Installing: /home/liam/ros2_ws/src/warehouse_robot_msgs/install/warehouse_robot_msgs/share/warehouse_robot_msgs/environment/ament_prefix_path.sh
[4.058s] -- Installing: /home/liam/ros2_ws/src/warehouse_robot_msgs/install/warehouse_robot_msgs/share/warehouse_robot_msgs/environment/ament_prefix_path.dsv
[4.059s] -- Installing: /home/liam/ros2_ws/src/warehouse_robot_msgs/install/warehouse_robot_msgs/share/warehouse_robot_msgs/environment/path.sh
[4.059s] -- Installing: /home/liam/ros2_ws/src/warehouse_robot_msgs/install/warehouse_robot_msgs/share/warehouse_robot_msgs/environment/path.dsv
[4.059s] -- Installing: /home/liam/ros2_ws/src/warehouse_robot_msgs/install/warehouse_robot_msgs/share/warehouse_robot_msgs/local_setup.bash
[4.059s] -- Installing: /home/liam/ros2_ws/src/warehouse_robot_msgs/install/warehouse_robot_msgs/share/warehouse_robot_msgs/local_setup.sh
[4.059s] -- Installing: /home/liam/ros2_ws/src/warehouse_robot_msgs/install/warehouse_robot_msgs/share/warehouse_robot_msgs/local_setup.zsh
[4.059s] -- Installing: /home/liam/ros2_ws/src/warehouse_robot_msgs/install/warehouse_robot_msgs/share/warehouse_robot_msgs/local_setup.dsv
[4.059s] -- Installing: /home/liam/ros2_ws/src/warehouse_robot_msgs/install/warehouse_robot_msgs/share/warehouse_robot_msgs/package.dsv
[4.060s] -- Installing: /home/liam/ros2_ws/src/warehouse_robot_msgs/install/warehouse_robot_msgs/share/ament_index/resource_index/packages/warehouse_robot_msgs
[4.060s] -- Installing: /home/liam/ros2_ws/src/warehouse_robot_msgs/install/warehouse_robot_msgs/share/warehouse_robot_msgs/cmake/export_warehouse_robot_msgs__rosidl_generator_cExport.cmake
[4.060s] -- Installing: /home/liam/ros2_ws/src/warehouse_robot_msgs/install/warehouse_robot_msgs/share/warehouse_robot_msgs/cmake/export_warehouse_robot_msgs__rosidl_generator_cExport-noconfig.cmake
[4.060s] -- Installing: /home/liam/ros2_ws/src/warehouse_robot_msgs/install/warehouse_robot_msgs/share/warehouse_robot_msgs/cmake/export_warehouse_robot_msgs__rosidl_typesupport_fastrtps_cExport.cmake
[4.060s] -- Installing: /home/liam/ros2_ws/src/warehouse_robot_msgs/install/warehouse_robot_msgs/share/warehouse_robot_msgs/cmake/export_warehouse_robot_msgs__rosidl_typesupport_fastrtps_cExport-noconfig.cmake
[4.060s] -- Installing: /home/liam/ros2_ws/src/warehouse_robot_msgs/install/warehouse_robot_msgs/share/warehouse_robot_msgs/cmake/export_warehouse_robot_msgs__rosidl_generator_cppExport.cmake
[4.061s] -- Installing: /home/liam/ros2_ws/src/warehouse_robot_msgs/install/warehouse_robot_msgs/share/warehouse_robot_msgs/cmake/export_warehouse_robot_msgs__rosidl_typesupport_fastrtps_cppExport.cmake
[4.061s] -- Installing: /home/liam/ros2_ws/src/warehouse_robot_msgs/install/warehouse_robot_msgs/share/warehouse_robot_msgs/cmake/export_warehouse_robot_msgs__rosidl_typesupport_fastrtps_cppExport-noconfig.cmake
[4.061s] -- Installing: /home/liam/ros2_ws/src/warehouse_robot_msgs/install/warehouse_robot_msgs/share/warehouse_robot_msgs/cmake/warehouse_robot_msgs__rosidl_typesupport_introspection_cExport.cmake
[4.061s] -- Installing: /home/liam/ros2_ws/src/warehouse_robot_msgs/install/warehouse_robot_msgs/share/warehouse_robot_msgs/cmake/warehouse_robot_msgs__rosidl_typesupport_introspection_cExport-noconfig.cmake
[4.061s] -- Installing: /home/liam/ros2_ws/src/warehouse_robot_msgs/install/warehouse_robot_msgs/share/warehouse_robot_msgs/cmake/warehouse_robot_msgs__rosidl_typesupport_cExport.cmake
[4.061s] -- Installing: /home/liam/ros2_ws/src/warehouse_robot_msgs/install/warehouse_robot_msgs/share/warehouse_robot_msgs/cmake/warehouse_robot_msgs__rosidl_typesupport_cExport-noconfig.cmake
[4.061s] -- Installing: /home/liam/ros2_ws/src/warehouse_robot_msgs/install/warehouse_robot_msgs/share/warehouse_robot_msgs/cmake/warehouse_robot_msgs__rosidl_typesupport_introspection_cppExport.cmake
[4.061s] -- Installing: /home/liam/ros2_ws/src/warehouse_robot_msgs/install/warehouse_robot_msgs/share/warehouse_robot_msgs/cmake/warehouse_robot_msgs__rosidl_typesupport_introspection_cppExport-noconfig.cmake
[4.062s] -- Installing: /home/liam/ros2_ws/src/warehouse_robot_msgs/install/warehouse_robot_msgs/share/warehouse_robot_msgs/cmake/warehouse_robot_msgs__rosidl_typesupport_cppExport.cmake
[4.062s] -- Installing: /home/liam/ros2_ws/src/warehouse_robot_msgs/install/warehouse_robot_msgs/share/warehouse_robot_msgs/cmake/warehouse_robot_msgs__rosidl_typesupport_cppExport-noconfig.cmake
[4.062s] -- Installing: /home/liam/ros2_ws/src/warehouse_robot_msgs/install/warehouse_robot_msgs/share/warehouse_robot_msgs/cmake/export_warehouse_robot_msgs__rosidl_generator_pyExport.cmake
[4.062s] -- Installing: /home/liam/ros2_ws/src/warehouse_robot_msgs/install/warehouse_robot_msgs/share/warehouse_robot_msgs/cmake/export_warehouse_robot_msgs__rosidl_generator_pyExport-noconfig.cmake
[4.062s] -- Installing: /home/liam/ros2_ws/src/warehouse_robot_msgs/install/warehouse_robot_msgs/share/warehouse_robot_msgs/cmake/rosidl_cmake-extras.cmake
[4.062s] -- Installing: /home/liam/ros2_ws/src/warehouse_robot_msgs/install/warehouse_robot_msgs/share/warehouse_robot_msgs/cmake/ament_cmake_export_dependencies-extras.cmake
[4.062s] -- Installing: /home/liam/ros2_ws/src/warehouse_robot_msgs/install/warehouse_robot_msgs/share/warehouse_robot_msgs/cmake/ament_cmake_export_include_directories-extras.cmake
[4.062s] -- Installing: /home/liam/ros2_ws/src/warehouse_robot_msgs/install/warehouse_robot_msgs/share/warehouse_robot_msgs/cmake/ament_cmake_export_libraries-extras.cmake
[4.062s] -- Installing: /home/liam/ros2_ws/src/warehouse_robot_msgs/install/warehouse_robot_msgs/share/warehouse_robot_msgs/cmake/ament_cmake_export_targets-extras.cmake
[4.063s] -- Installing: /home/liam/ros2_ws/src/warehouse_robot_msgs/install/warehouse_robot_msgs/share/warehouse_robot_msgs/cmake/rosidl_cmake_export_typesupport_targets-extras.cmake
[4.063s] -- Installing: /home/liam/ros2_ws/src/warehouse_robot_msgs/install/warehouse_robot_msgs/share/warehouse_robot_msgs/cmake/rosidl_cmake_export_typesupport_libraries-extras.cmake
[4.063s] -- Installing: /home/liam/ros2_ws/src/warehouse_robot_msgs/install/warehouse_robot_msgs/share/warehouse_robot_msgs/cmake/warehouse_robot_msgsConfig.cmake
[4.063s] -- Installing: /home/liam/ros2_ws/src/warehouse_robot_msgs/install/warehouse_robot_msgs/share/warehouse_robot_msgs/cmake/warehouse_robot_msgsConfig-version.cmake
[4.063s] -- Installing: /home/liam/ros2_ws/src/warehouse_robot_msgs/install/warehouse_robot_msgs/share/warehouse_robot_msgs/package.xml
[4.066s] Invoked command in '/home/liam/ros2_ws/src/warehouse_robot_msgs/build/warehouse_robot_msgs' returned '0': CMAKE_PREFIX_PATH=/home/liam/ros2_ws/install/warehouse_robot_msgs:/home/liam/ros2_ws/install/ur_simulation_gazebo:/home/liam/ros2_ws/install/ur5_ros2_moveit2:/home/liam/ros2_ws/install/ur5_ros2_gazebo:/home/liam/ros2_ws/install/ur3_ros2_moveit2:/home/liam/ros2_ws/install/ur3_ros2_gazebo:/home/liam/ros2_ws/install/ur10_ros2_moveit2:/home/liam/ros2_ws/install/ur10_ros2_gazebo:/home/liam/ros2_ws/install/turtlesim:/home/liam/ros2_ws/install/turtlebot_controller:/home/liam/ros2_ws/install/turtlebot3:/home/liam/ros2_ws/install/turtlebot3_simulations:/home/liam/ros2_ws/install/turtlebot3_bringup:/home/liam/ros2_ws/install/turtlebot3_node:/home/liam/ros2_ws/install/turtlebot3_navigation2:/home/liam/ros2_ws/install/turtlebot3_fake_node:/home/liam/ros2_ws/install/turtlebot3_msgs:/home/liam/ros2_ws/install/turtlebot3_gazebo:/home/liam/ros2_ws/install/turtlebot3_description:/home/liam/ros2_ws/install/turtlebot3_cartographer:/home/liam/ros2_ws/install/sprint_2:/home/liam/ros2_ws/install/sprint_1:/home/liam/ros2_ws/install/sprint3:/home/liam/ros2_ws/install/moveit_task_constructor_visualization:/home/liam/ros2_ws/install/moveit_task_constructor_demo:/home/liam/ros2_ws/install/moveit_task_constructor_capabilities:/home/liam/ros2_ws/install/moveit2_tutorials:/home/liam/ros2_ws/install/moveit_task_constructor_core:/home/liam/ros2_ws/install/rviz_marker_tools:/home/liam/ros2_ws/install/turtlebot3_teleop:/home/liam/ros2_ws/install/turtlebot3_example:/opt/ros/humble:/home/liam/ros2_ws/install/ros2_ur3_husky:/home/liam/ros2_ws/install/ros2_grasping:/home/liam/ros2_ws/install/ros2_execution:/home/liam/ros2_ws/install/panda_ros2_moveit2:/home/liam/ros2_ws/install/irb6640_ros2_moveit2:/home/liam/ros2_ws/install/irb120_ros2_moveit2:/home/liam/ros2_ws/install/irb1200_ros2_moveit2:/home/liam/ros2_ws/install/iiwa_ros2_moveit2:/home/liam/ros2_ws/install/cr35ia_ros2_moveit2:/home/liam/ros2_ws/install/ros2_data:/home/liam/ros2_ws/install/robot_localization:/home/liam/ros2_ws/install/pybind11_vendor:/home/liam/ros2_ws/install/path_planner_setup:/home/liam/ros2_ws/install/panda_ros2_gazebo:/home/liam/ros2_ws/install/moveit_task_constructor_msgs:/home/liam/ros2_ws/install/mapoverlay:/home/liam/ros2_ws/install/map_processor_node:/home/liam/ros2_ws/install/irb6640_ros2_gazebo:/home/liam/ros2_ws/install/irb120_ros2_gazebo:/home/liam/ros2_ws/install/irb1200_ros2_gazebo:/home/liam/ros2_ws/install/iiwa_ros2_gazebo:/home/liam/ros2_ws/install/husky_simulations:/home/liam/ros2_ws/install/husky_gazebo:/home/liam/ros2_ws/install/global_controller_single_robot:/home/liam/ros2_ws/install/global_controller:/home/liam/ros2_ws/install/gazebo_map_creator:/home/liam/ros2_ws/install/gazebo_map_creator_interface:/home/liam/ros2_ws/install/dynamixel_sdk_examples:/home/liam/ros2_ws/install/dynamixel_sdk_custom_interfaces:/home/liam/ros2_ws/install/dynamixel_sdk:/home/liam/ros2_ws/install/cr35ia_ros2_gazebo:/home/liam/ros2_ws/install/common_pkg:/home/liam/ros2_ws/install /usr/bin/cmake --install /home/liam/ros2_ws/src/warehouse_robot_msgs/build/warehouse_robot_msgs
