[0.023s] Invoking command in '/home/liam/ros2_ws/src/warehouse_robot_msgs/build/warehouse_robot_msgs': CMAKE_PREFIX_PATH=/home/liam/ros2_ws/install/warehouse_robot_msgs:/home/liam/ros2_ws/install/ur_simulation_gazebo:/home/liam/ros2_ws/install/ur5_ros2_moveit2:/home/liam/ros2_ws/install/ur5_ros2_gazebo:/home/liam/ros2_ws/install/ur3_ros2_moveit2:/home/liam/ros2_ws/install/ur3_ros2_gazebo:/home/liam/ros2_ws/install/ur10_ros2_moveit2:/home/liam/ros2_ws/install/ur10_ros2_gazebo:/home/liam/ros2_ws/install/turtlesim:/home/liam/ros2_ws/install/turtlebot_controller:/home/liam/ros2_ws/install/turtlebot3:/home/liam/ros2_ws/install/turtlebot3_simulations:/home/liam/ros2_ws/install/turtlebot3_bringup:/home/liam/ros2_ws/install/turtlebot3_node:/home/liam/ros2_ws/install/turtlebot3_navigation2:/home/liam/ros2_ws/install/turtlebot3_fake_node:/home/liam/ros2_ws/install/turtlebot3_msgs:/home/liam/ros2_ws/install/turtlebot3_gazebo:/home/liam/ros2_ws/install/turtlebot3_description:/home/liam/ros2_ws/install/turtlebot3_cartographer:/home/liam/ros2_ws/install/sprint_2:/home/liam/ros2_ws/install/sprint_1:/home/liam/ros2_ws/install/sprint3:/home/liam/ros2_ws/install/moveit_task_constructor_visualization:/home/liam/ros2_ws/install/moveit_task_constructor_demo:/home/liam/ros2_ws/install/moveit_task_constructor_capabilities:/home/liam/ros2_ws/install/moveit2_tutorials:/home/liam/ros2_ws/install/moveit_task_constructor_core:/home/liam/ros2_ws/install/rviz_marker_tools:/home/liam/ros2_ws/install/turtlebot3_teleop:/home/liam/ros2_ws/install/turtlebot3_example:/opt/ros/humble:/home/liam/ros2_ws/install/ros2_ur3_husky:/home/liam/ros2_ws/install/ros2_grasping:/home/liam/ros2_ws/install/ros2_execution:/home/liam/ros2_ws/install/panda_ros2_moveit2:/home/liam/ros2_ws/install/irb6640_ros2_moveit2:/home/liam/ros2_ws/install/irb120_ros2_moveit2:/home/liam/ros2_ws/install/irb1200_ros2_moveit2:/home/liam/ros2_ws/install/iiwa_ros2_moveit2:/home/liam/ros2_ws/install/cr35ia_ros2_moveit2:/home/liam/ros2_ws/install/ros2_data:/home/liam/ros2_ws/install/robot_localization:/home/liam/ros2_ws/install/pybind11_vendor:/home/liam/ros2_ws/install/path_planner_setup:/home/liam/ros2_ws/install/panda_ros2_gazebo:/home/liam/ros2_ws/install/moveit_task_constructor_msgs:/home/liam/ros2_ws/install/mapoverlay:/home/liam/ros2_ws/install/map_processor_node:/home/liam/ros2_ws/install/irb6640_ros2_gazebo:/home/liam/ros2_ws/install/irb120_ros2_gazebo:/home/liam/ros2_ws/install/irb1200_ros2_gazebo:/home/liam/ros2_ws/install/iiwa_ros2_gazebo:/home/liam/ros2_ws/install/husky_simulations:/home/liam/ros2_ws/install/husky_gazebo:/home/liam/ros2_ws/install/global_controller_single_robot:/home/liam/ros2_ws/install/global_controller:/home/liam/ros2_ws/install/gazebo_map_creator:/home/liam/ros2_ws/install/gazebo_map_creator_interface:/home/liam/ros2_ws/install/dynamixel_sdk_examples:/home/liam/ros2_ws/install/dynamixel_sdk_custom_interfaces:/home/liam/ros2_ws/install/dynamixel_sdk:/home/liam/ros2_ws/install/cr35ia_ros2_gazebo:/home/liam/ros2_ws/install/common_pkg:/home/liam/ros2_ws/install /usr/bin/cmake /home/liam/ros2_ws/src/warehouse_robot_msgs -DCMAKE_INSTALL_PREFIX=/home/liam/ros2_ws/src/warehouse_robot_msgs/install/warehouse_robot_msgs
[0.112s] -- The C compiler identification is GNU 11.4.0
[0.198s] -- The CXX compiler identification is GNU 11.4.0
[0.209s] -- Detecting C compiler ABI info
[0.306s] -- Detecting C compiler ABI info - done
[0.318s] -- Check for working C compiler: /usr/bin/cc - skipped
[0.319s] -- Detecting C compile features
[0.319s] -- Detecting C compile features - done
[0.322s] -- Detecting CXX compiler ABI info
[0.429s] -- Detecting CXX compiler ABI info - done
[0.444s] -- Check for working CXX compiler: /usr/bin/c++ - skipped
[0.444s] -- Detecting CXX compile features
[0.445s] -- Detecting CXX compile features - done
[0.455s] -- Found ament_cmake: 1.3.10 (/opt/ros/humble/share/ament_cmake/cmake)
[0.696s] -- Found Python3: /usr/bin/python3 (found version "3.10.12") found components: Interpreter 
[0.861s] -- Found rclcpp: 16.0.10 (/opt/ros/humble/share/rclcpp/cmake)
[0.944s] -- Found rosidl_generator_c: 3.1.5 (/opt/ros/humble/share/rosidl_generator_c/cmake)
[0.956s] -- Found rosidl_adapter: 3.1.5 (/opt/ros/humble/share/rosidl_adapter/cmake)
[0.971s] -- Found rosidl_generator_cpp: 3.1.5 (/opt/ros/humble/share/rosidl_generator_cpp/cmake)
[0.994s] -- Using all available rosidl_typesupport_c: rosidl_typesupport_fastrtps_c;rosidl_typesupport_introspection_c
[1.026s] -- Using all available rosidl_typesupport_cpp: rosidl_typesupport_fastrtps_cpp;rosidl_typesupport_introspection_cpp
[1.103s] -- Found rmw_implementation_cmake: 6.1.2 (/opt/ros/humble/share/rmw_implementation_cmake/cmake)
[1.110s] -- Found rmw_fastrtps_cpp: 6.2.7 (/opt/ros/humble/share/rmw_fastrtps_cpp/cmake)
[1.257s] -- Found OpenSSL: /usr/lib/x86_64-linux-gnu/libcrypto.so (found version "3.0.2")  
[1.302s] -- Found FastRTPS: /opt/ros/humble/include  
[1.373s] -- Using RMW implementation 'rmw_fastrtps_cpp' as default
[1.395s] -- Looking for pthread.h
[1.500s] -- Looking for pthread.h - found
[1.500s] -- Performing Test CMAKE_HAVE_LIBC_PTHREAD
[1.603s] -- Performing Test CMAKE_HAVE_LIBC_PTHREAD - Success
[1.605s] -- Found Threads: TRUE  
[1.714s] -- Found nav_msgs: 4.2.4 (/opt/ros/humble/share/nav_msgs/cmake)
[1.759s] -- Found rosidl_default_generators: 1.2.0 (/opt/ros/humble/share/rosidl_default_generators/cmake)
[2.002s] [31mCMake Error at /opt/ros/humble/share/rosidl_adapter/cmake/rosidl_adapt_interfaces.cmake:59 (message):
[2.002s]   execute_process(/usr/bin/python3 -m rosidl_adapter --package-name
[2.002s]   warehouse_robot_msgs --arguments-file
[2.002s]   /home/liam/ros2_ws/src/warehouse_robot_msgs/build/warehouse_robot_msgs/rosidl_adapter__arguments__warehouse_robot_msgs.json
[2.003s]   --output-dir
[2.003s]   /home/liam/ros2_ws/src/warehouse_robot_msgs/build/warehouse_robot_msgs/rosidl_adapter/warehouse_robot_msgs
[2.003s]   --output-file
[2.003s]   /home/liam/ros2_ws/src/warehouse_robot_msgs/build/warehouse_robot_msgs/rosidl_adapter/warehouse_robot_msgs.idls)
[2.003s]   returned error code 1:
[2.003s] 
[2.003s]   Error processing 'int status' of 'warehouse_robot_msgs/RobotData': ''int'
[2.003s]   is an invalid message name.  It should have the pattern
[2.003s]   '^[A-Z][A-Za-z0-9]*$''
[2.003s] 
[2.003s]   Traceback (most recent call last):
[2.003s] 
[2.004s]     File "/usr/lib/python3.10/runpy.py", line 196, in _run_module_as_main
[2.004s]       return _run_code(code, main_globals, None,
[2.004s]     File "/usr/lib/python3.10/runpy.py", line 86, in _run_code
[2.004s]       exec(code, run_globals)
[2.004s]     File "/opt/ros/humble/local/lib/python3.10/dist-packages/rosidl_adapter/__main__.py", line 19, in <module>
[2.004s]       sys.exit(main())
[2.004s]     File "/opt/ros/humble/local/lib/python3.10/dist-packages/rosidl_adapter/main.py", line 53, in main
[2.004s]       abs_idl_file = convert_to_idl(
[2.004s]     File "/opt/ros/humble/local/lib/python3.10/dist-packages/rosidl_adapter/__init__.py", line 19, in convert_to_idl
[2.004s]       return convert_msg_to_idl(
[2.004s]     File "/opt/ros/humble/local/lib/python3.10/dist-packages/rosidl_adapter/msg/__init__.py", line 28, in convert_msg_to_idl
[2.004s]       msg = parse_message_string(package_name, input_file.stem, content)
[2.005s]     File "/opt/ros/humble/local/lib/python3.10/dist-packages/rosidl_adapter/parser.py", line 520, in parse_message_string
[2.005s]       Type(type_string, context_package_name=pkg_name),
[2.005s]     File "/opt/ros/humble/local/lib/python3.10/dist-packages/rosidl_adapter/parser.py", line 277, in __init__
[2.005s]       super(Type, self).__init__(
[2.005s]     File "/opt/ros/humble/local/lib/python3.10/dist-packages/rosidl_adapter/parser.py", line 205, in __init__
[2.005s]       raise InvalidResourceName(
[2.005s] 
[2.005s]   rosidl_adapter.parser.InvalidResourceName: 'int' is an invalid message
[2.005s]   name.  It should have the pattern '^[A-Z][A-Za-z0-9]*$'
[2.005s] 
[2.006s] Call Stack (most recent call first):
[2.006s]   /opt/ros/humble/share/rosidl_cmake/cmake/rosidl_generate_interfaces.cmake:130 (rosidl_adapt_interfaces)
[2.006s]   CMakeLists.txt:17 (rosidl_generate_interfaces)
[2.006s] 
[2.007s] [0m
[2.007s] -- Configuring incomplete, errors occurred!
[2.007s] See also "/home/liam/ros2_ws/src/warehouse_robot_msgs/build/warehouse_robot_msgs/CMakeFiles/CMakeOutput.log".
[2.019s] Invoked command in '/home/liam/ros2_ws/src/warehouse_robot_msgs/build/warehouse_robot_msgs' returned '1': CMAKE_PREFIX_PATH=/home/liam/ros2_ws/install/warehouse_robot_msgs:/home/liam/ros2_ws/install/ur_simulation_gazebo:/home/liam/ros2_ws/install/ur5_ros2_moveit2:/home/liam/ros2_ws/install/ur5_ros2_gazebo:/home/liam/ros2_ws/install/ur3_ros2_moveit2:/home/liam/ros2_ws/install/ur3_ros2_gazebo:/home/liam/ros2_ws/install/ur10_ros2_moveit2:/home/liam/ros2_ws/install/ur10_ros2_gazebo:/home/liam/ros2_ws/install/turtlesim:/home/liam/ros2_ws/install/turtlebot_controller:/home/liam/ros2_ws/install/turtlebot3:/home/liam/ros2_ws/install/turtlebot3_simulations:/home/liam/ros2_ws/install/turtlebot3_bringup:/home/liam/ros2_ws/install/turtlebot3_node:/home/liam/ros2_ws/install/turtlebot3_navigation2:/home/liam/ros2_ws/install/turtlebot3_fake_node:/home/liam/ros2_ws/install/turtlebot3_msgs:/home/liam/ros2_ws/install/turtlebot3_gazebo:/home/liam/ros2_ws/install/turtlebot3_description:/home/liam/ros2_ws/install/turtlebot3_cartographer:/home/liam/ros2_ws/install/sprint_2:/home/liam/ros2_ws/install/sprint_1:/home/liam/ros2_ws/install/sprint3:/home/liam/ros2_ws/install/moveit_task_constructor_visualization:/home/liam/ros2_ws/install/moveit_task_constructor_demo:/home/liam/ros2_ws/install/moveit_task_constructor_capabilities:/home/liam/ros2_ws/install/moveit2_tutorials:/home/liam/ros2_ws/install/moveit_task_constructor_core:/home/liam/ros2_ws/install/rviz_marker_tools:/home/liam/ros2_ws/install/turtlebot3_teleop:/home/liam/ros2_ws/install/turtlebot3_example:/opt/ros/humble:/home/liam/ros2_ws/install/ros2_ur3_husky:/home/liam/ros2_ws/install/ros2_grasping:/home/liam/ros2_ws/install/ros2_execution:/home/liam/ros2_ws/install/panda_ros2_moveit2:/home/liam/ros2_ws/install/irb6640_ros2_moveit2:/home/liam/ros2_ws/install/irb120_ros2_moveit2:/home/liam/ros2_ws/install/irb1200_ros2_moveit2:/home/liam/ros2_ws/install/iiwa_ros2_moveit2:/home/liam/ros2_ws/install/cr35ia_ros2_moveit2:/home/liam/ros2_ws/install/ros2_data:/home/liam/ros2_ws/install/robot_localization:/home/liam/ros2_ws/install/pybind11_vendor:/home/liam/ros2_ws/install/path_planner_setup:/home/liam/ros2_ws/install/panda_ros2_gazebo:/home/liam/ros2_ws/install/moveit_task_constructor_msgs:/home/liam/ros2_ws/install/mapoverlay:/home/liam/ros2_ws/install/map_processor_node:/home/liam/ros2_ws/install/irb6640_ros2_gazebo:/home/liam/ros2_ws/install/irb120_ros2_gazebo:/home/liam/ros2_ws/install/irb1200_ros2_gazebo:/home/liam/ros2_ws/install/iiwa_ros2_gazebo:/home/liam/ros2_ws/install/husky_simulations:/home/liam/ros2_ws/install/husky_gazebo:/home/liam/ros2_ws/install/global_controller_single_robot:/home/liam/ros2_ws/install/global_controller:/home/liam/ros2_ws/install/gazebo_map_creator:/home/liam/ros2_ws/install/gazebo_map_creator_interface:/home/liam/ros2_ws/install/dynamixel_sdk_examples:/home/liam/ros2_ws/install/dynamixel_sdk_custom_interfaces:/home/liam/ros2_ws/install/dynamixel_sdk:/home/liam/ros2_ws/install/cr35ia_ros2_gazebo:/home/liam/ros2_ws/install/common_pkg:/home/liam/ros2_ws/install /usr/bin/cmake /home/liam/ros2_ws/src/warehouse_robot_msgs -DCMAKE_INSTALL_PREFIX=/home/liam/ros2_ws/src/warehouse_robot_msgs/install/warehouse_robot_msgs
