[0.012s] Invoking command in '/home/student/ros2_ws/build/warehouse_robot_msgs': CMAKE_PREFIX_PATH=${CMAKE_PREFIX_PATH}:/home/student/ros2_ws/install/turtlebot3_teleop:/home/student/ros2_ws/install/turtlebot3_example:/opt/ros/humble /usr/bin/cmake /home/student/ros2_ws/src/warehouse_robot_msgs -DCMAKE_INSTALL_PREFIX=/home/student/ros2_ws/install/warehouse_robot_msgs
[0.074s] -- The C compiler identification is GNU 11.4.0
[0.139s] -- The CXX compiler identification is GNU 11.4.0
[0.147s] -- Detecting C compiler ABI info
[0.229s] -- Detecting C compiler ABI info - done
[0.237s] -- Check for working C compiler: /usr/bin/cc - skipped
[0.237s] -- Detecting C compile features
[0.237s] -- Detecting C compile features - done
[0.240s] -- Detecting CXX compiler ABI info
[0.333s] -- Detecting CXX compiler ABI info - done
[0.341s] -- Check for working CXX compiler: /usr/bin/c++ - skipped
[0.341s] -- Detecting CXX compile features
[0.342s] -- Detecting CXX compile features - done
[0.344s] -- Found ament_cmake: 1.3.10 (/opt/ros/humble/share/ament_cmake/cmake)
[0.509s] -- Found Python3: /usr/bin/python3 (found version "3.10.12") found components: Interpreter 
[0.607s] -- Found rclcpp: 16.0.10 (/opt/ros/humble/share/rclcpp/cmake)
[0.653s] -- Found rosidl_generator_c: 3.1.5 (/opt/ros/humble/share/rosidl_generator_c/cmake)
[0.658s] -- Found rosidl_adapter: 3.1.5 (/opt/ros/humble/share/rosidl_adapter/cmake)
[0.666s] -- Found rosidl_generator_cpp: 3.1.5 (/opt/ros/humble/share/rosidl_generator_cpp/cmake)
[0.679s] -- Using all available rosidl_typesupport_c: rosidl_typesupport_fastrtps_c;rosidl_typesupport_introspection_c
[0.698s] -- Using all available rosidl_typesupport_cpp: rosidl_typesupport_fastrtps_cpp;rosidl_typesupport_introspection_cpp
[0.745s] -- Found rmw_implementation_cmake: 6.1.2 (/opt/ros/humble/share/rmw_implementation_cmake/cmake)
[0.748s] -- Found rmw_fastrtps_cpp: 6.2.7 (/opt/ros/humble/share/rmw_fastrtps_cpp/cmake)
[0.847s] -- Found OpenSSL: /usr/lib/x86_64-linux-gnu/libcrypto.so (found version "3.0.2")  
[0.876s] -- Found FastRTPS: /opt/ros/humble/include  
[0.922s] -- Using RMW implementation 'rmw_fastrtps_cpp' as default
[0.932s] -- Looking for pthread.h
[1.016s] -- Looking for pthread.h - found
[1.016s] -- Performing Test CMAKE_HAVE_LIBC_PTHREAD
[1.106s] -- Performing Test CMAKE_HAVE_LIBC_PTHREAD - Success
[1.108s] -- Found Threads: TRUE  
[1.165s] -- Found nav_msgs: 4.2.4 (/opt/ros/humble/share/nav_msgs/cmake)
[1.198s] -- Found rosidl_default_generators: 1.2.0 (/opt/ros/humble/share/rosidl_default_generators/cmake)
[1.527s] -- Found ament_cmake_ros: 0.10.0 (/opt/ros/humble/share/ament_cmake_ros/cmake)
[2.003s] -- Using all available rosidl_typesupport_c: rosidl_typesupport_fastrtps_c;rosidl_typesupport_introspection_c
[2.187s] -- Using all available rosidl_typesupport_cpp: rosidl_typesupport_fastrtps_cpp;rosidl_typesupport_introspection_cpp
[2.212s] -- Found PythonInterp: /usr/bin/python3 (found suitable version "3.10.12", minimum required is "3.6") 
[2.214s] -- Found python_cmake_module: 0.10.0 (/opt/ros/humble/share/python_cmake_module/cmake)
[2.244s] -- Found PythonLibs: /usr/lib/x86_64-linux-gnu/libpython3.10.so (found suitable version "3.10.12", minimum required is "3.5") 
[2.244s] -- Using PYTHON_EXECUTABLE: /usr/bin/python3
[2.244s] -- Using PYTHON_INCLUDE_DIRS: /usr/include/python3.10
[2.245s] -- Using PYTHON_LIBRARIES: /usr/lib/x86_64-linux-gnu/libpython3.10.so
[2.267s] -- Found PythonExtra: .so  
[2.354s] -- Configuring done
[2.392s] -- Generating done
[2.395s] -- Build files have been written to: /home/student/ros2_ws/build/warehouse_robot_msgs
[2.411s] Invoked command in '/home/student/ros2_ws/build/warehouse_robot_msgs' returned '0': CMAKE_PREFIX_PATH=${CMAKE_PREFIX_PATH}:/home/student/ros2_ws/install/turtlebot3_teleop:/home/student/ros2_ws/install/turtlebot3_example:/opt/ros/humble /usr/bin/cmake /home/student/ros2_ws/src/warehouse_robot_msgs -DCMAKE_INSTALL_PREFIX=/home/student/ros2_ws/install/warehouse_robot_msgs
[2.414s] Invoking command in '/home/student/ros2_ws/build/warehouse_robot_msgs': CMAKE_PREFIX_PATH=${CMAKE_PREFIX_PATH}:/home/student/ros2_ws/install/turtlebot3_teleop:/home/student/ros2_ws/install/turtlebot3_example:/opt/ros/humble /usr/bin/cmake --build /home/student/ros2_ws/build/warehouse_robot_msgs -- -j8 -l8
[2.465s] [  3%] [34m[1mGenerating C code for ROS interfaces[0m
[2.478s] [  6%] [34m[1mGenerating C++ code for ROS interfaces[0m
[2.487s] [  6%] Built target ament_cmake_python_copy_warehouse_robot_msgs
[2.762s] running egg_info
[2.762s] creating warehouse_robot_msgs.egg-info
[2.763s] writing warehouse_robot_msgs.egg-info/PKG-INFO
[2.763s] writing dependency_links to warehouse_robot_msgs.egg-info/dependency_links.txt
[2.763s] writing top-level names to warehouse_robot_msgs.egg-info/top_level.txt
[2.763s] writing manifest file 'warehouse_robot_msgs.egg-info/SOURCES.txt'
[2.765s] reading manifest file 'warehouse_robot_msgs.egg-info/SOURCES.txt'
[2.766s] writing manifest file 'warehouse_robot_msgs.egg-info/SOURCES.txt'
[2.773s] [  9%] [32mBuilding C object CMakeFiles/warehouse_robot_msgs__rosidl_generator_c.dir/rosidl_generator_c/warehouse_robot_msgs/msg/detail/robot_data__functions.c.o[0m
[2.774s] [  9%] Built target warehouse_robot_msgs__cpp
[2.787s] [ 12%] [34m[1mGenerating C++ type support for eProsima Fast-RTPS[0m
[2.788s] [ 16%] [34m[1mGenerating C++ introspection for ROS interfaces[0m
[2.791s] [ 19%] [34m[1mGenerating C++ type support dispatch for ROS interfaces[0m
[2.803s] [ 19%] Built target ament_cmake_python_build_warehouse_robot_msgs_egg
[2.835s] [ 22%] [32m[1mLinking C shared library libwarehouse_robot_msgs__rosidl_generator_c.so[0m
[2.879s] [ 22%] Built target warehouse_robot_msgs__rosidl_generator_c
[2.893s] [ 25%] [34m[1mGenerating C type support for eProsima Fast-RTPS[0m
[2.897s] [ 29%] [34m[1mGenerating C introspection for ROS interfaces[0m
[2.897s] [ 32%] [34m[1mGenerating C type support dispatch for ROS interfaces[0m
[3.100s] [ 35%] [32mBuilding CXX object CMakeFiles/warehouse_robot_msgs__rosidl_typesupport_introspection_cpp.dir/rosidl_typesupport_introspection_cpp/warehouse_robot_msgs/msg/detail/robot_data__type_support.cpp.o[0m
[3.194s] [ 38%] [32mBuilding CXX object CMakeFiles/warehouse_robot_msgs__rosidl_typesupport_cpp.dir/rosidl_typesupport_cpp/warehouse_robot_msgs/msg/robot_data__type_support.cpp.o[0m
[3.199s] [ 41%] [32mBuilding CXX object CMakeFiles/warehouse_robot_msgs__rosidl_typesupport_fastrtps_c.dir/rosidl_typesupport_fastrtps_c/warehouse_robot_msgs/msg/detail/robot_data__type_support_c.cpp.o[0m
[3.227s] [ 45%] [32mBuilding CXX object CMakeFiles/warehouse_robot_msgs__rosidl_typesupport_fastrtps_cpp.dir/rosidl_typesupport_fastrtps_cpp/warehouse_robot_msgs/msg/detail/dds_fastrtps/robot_data__type_support.cpp.o[0m
[3.338s] [ 48%] [32mBuilding CXX object CMakeFiles/warehouse_robot_msgs__rosidl_typesupport_c.dir/rosidl_typesupport_c/warehouse_robot_msgs/msg/robot_data__type_support.cpp.o[0m
[3.381s] [ 51%] [32mBuilding C object CMakeFiles/warehouse_robot_msgs__rosidl_typesupport_introspection_c.dir/rosidl_typesupport_introspection_c/warehouse_robot_msgs/msg/detail/robot_data__type_support.c.o[0m
[3.394s] [ 54%] [32m[1mLinking CXX shared library libwarehouse_robot_msgs__rosidl_typesupport_c.so[0m
[3.445s] [ 58%] [32m[1mLinking C shared library libwarehouse_robot_msgs__rosidl_typesupport_introspection_c.so[0m
[3.469s] [ 58%] Built target warehouse_robot_msgs__rosidl_typesupport_c
[3.501s] [ 58%] Built target warehouse_robot_msgs__rosidl_typesupport_introspection_c
[3.508s] [ 61%] [32m[1mLinking CXX shared library libwarehouse_robot_msgs__rosidl_typesupport_introspection_cpp.so[0m
[3.542s] [ 64%] [32m[1mLinking CXX shared library libwarehouse_robot_msgs__rosidl_typesupport_cpp.so[0m
[3.552s] [ 67%] [32m[1mLinking CXX shared library libwarehouse_robot_msgs__rosidl_typesupport_fastrtps_c.so[0m
[3.591s] [ 67%] Built target warehouse_robot_msgs__rosidl_typesupport_cpp
[3.606s] [ 67%] Built target warehouse_robot_msgs__rosidl_typesupport_introspection_cpp
[3.632s] [ 67%] Built target warehouse_robot_msgs__rosidl_typesupport_fastrtps_c
[3.695s] [ 70%] [32m[1mLinking CXX shared library libwarehouse_robot_msgs__rosidl_typesupport_fastrtps_cpp.so[0m
[3.777s] [ 70%] Built target warehouse_robot_msgs__rosidl_typesupport_fastrtps_cpp
[3.801s] [ 70%] Built target warehouse_robot_msgs
[3.828s] [ 74%] [34m[1mGenerating Python code for ROS interfaces[0m
[4.206s] [ 74%] Built target warehouse_robot_msgs__py
[4.230s] [ 77%] [32mBuilding C object CMakeFiles/warehouse_robot_msgs__rosidl_generator_py.dir/rosidl_generator_py/warehouse_robot_msgs/msg/_robot_data_s.c.o[0m
[4.343s] [ 80%] [32m[1mLinking C shared library rosidl_generator_py/warehouse_robot_msgs/libwarehouse_robot_msgs__rosidl_generator_py.so[0m
[4.395s] [ 80%] Built target warehouse_robot_msgs__rosidl_generator_py
[4.420s] [ 87%] [32mBuilding C object CMakeFiles/warehouse_robot_msgs__rosidl_typesupport_c__pyext.dir/rosidl_generator_py/warehouse_robot_msgs/_warehouse_robot_msgs_s.ep.rosidl_typesupport_c.c.o[0m
[4.420s] [ 90%] [32mBuilding C object CMakeFiles/warehouse_robot_msgs__rosidl_typesupport_fastrtps_c__pyext.dir/rosidl_generator_py/warehouse_robot_msgs/_warehouse_robot_msgs_s.ep.rosidl_typesupport_fastrtps_c.c.o[0m
[4.421s] [ 90%] [32mBuilding C object CMakeFiles/warehouse_robot_msgs__rosidl_typesupport_introspection_c__pyext.dir/rosidl_generator_py/warehouse_robot_msgs/_warehouse_robot_msgs_s.ep.rosidl_typesupport_introspection_c.c.o[0m
[4.528s] [ 93%] [32m[1mLinking C shared library rosidl_generator_py/warehouse_robot_msgs/warehouse_robot_msgs_s__rosidl_typesupport_fastrtps_c.cpython-310-x86_64-linux-gnu.so[0m
[4.529s] [ 96%] [32m[1mLinking C shared library rosidl_generator_py/warehouse_robot_msgs/warehouse_robot_msgs_s__rosidl_typesupport_introspection_c.cpython-310-x86_64-linux-gnu.so[0m
[4.529s] [100%] [32m[1mLinking C shared library rosidl_generator_py/warehouse_robot_msgs/warehouse_robot_msgs_s__rosidl_typesupport_c.cpython-310-x86_64-linux-gnu.so[0m
[4.579s] [100%] Built target warehouse_robot_msgs__rosidl_typesupport_introspection_c__pyext
[4.579s] [100%] Built target warehouse_robot_msgs__rosidl_typesupport_fastrtps_c__pyext
[4.580s] [100%] Built target warehouse_robot_msgs__rosidl_typesupport_c__pyext
[4.592s] Invoked command in '/home/student/ros2_ws/build/warehouse_robot_msgs' returned '0': CMAKE_PREFIX_PATH=${CMAKE_PREFIX_PATH}:/home/student/ros2_ws/install/turtlebot3_teleop:/home/student/ros2_ws/install/turtlebot3_example:/opt/ros/humble /usr/bin/cmake --build /home/student/ros2_ws/build/warehouse_robot_msgs -- -j8 -l8
[4.691s] Invoking command in '/home/student/ros2_ws/build/warehouse_robot_msgs': CMAKE_PREFIX_PATH=${CMAKE_PREFIX_PATH}:/home/student/ros2_ws/install/turtlebot3_teleop:/home/student/ros2_ws/install/turtlebot3_example:/opt/ros/humble /usr/bin/cmake --install /home/student/ros2_ws/build/warehouse_robot_msgs
[4.700s] -- Install configuration: ""
[4.700s] -- Installing: /home/student/ros2_ws/install/warehouse_robot_msgs/share/ament_index/resource_index/rosidl_interfaces/warehouse_robot_msgs
[4.700s] -- Installing: /home/student/ros2_ws/install/warehouse_robot_msgs/include/warehouse_robot_msgs/warehouse_robot_msgs
[4.700s] -- Installing: /home/student/ros2_ws/install/warehouse_robot_msgs/include/warehouse_robot_msgs/warehouse_robot_msgs/msg
[4.700s] -- Installing: /home/student/ros2_ws/install/warehouse_robot_msgs/include/warehouse_robot_msgs/warehouse_robot_msgs/msg/robot_data.h
[4.700s] -- Installing: /home/student/ros2_ws/install/warehouse_robot_msgs/include/warehouse_robot_msgs/warehouse_robot_msgs/msg/rosidl_generator_c__visibility_control.h
[4.701s] -- Installing: /home/student/ros2_ws/install/warehouse_robot_msgs/include/warehouse_robot_msgs/warehouse_robot_msgs/msg/detail
[4.701s] -- Installing: /home/student/ros2_ws/install/warehouse_robot_msgs/include/warehouse_robot_msgs/warehouse_robot_msgs/msg/detail/robot_data__struct.h
[4.701s] -- Installing: /home/student/ros2_ws/install/warehouse_robot_msgs/include/warehouse_robot_msgs/warehouse_robot_msgs/msg/detail/robot_data__functions.c
[4.701s] -- Installing: /home/student/ros2_ws/install/warehouse_robot_msgs/include/warehouse_robot_msgs/warehouse_robot_msgs/msg/detail/robot_data__functions.h
[4.701s] -- Installing: /home/student/ros2_ws/install/warehouse_robot_msgs/include/warehouse_robot_msgs/warehouse_robot_msgs/msg/detail/robot_data__type_support.h
[4.701s] -- Installing: /home/student/ros2_ws/install/warehouse_robot_msgs/share/warehouse_robot_msgs/environment/library_path.sh
[4.701s] -- Installing: /home/student/ros2_ws/install/warehouse_robot_msgs/share/warehouse_robot_msgs/environment/library_path.dsv
[4.701s] -- Installing: /home/student/ros2_ws/install/warehouse_robot_msgs/lib/libwarehouse_robot_msgs__rosidl_generator_c.so
[4.702s] -- Set runtime path of "/home/student/ros2_ws/install/warehouse_robot_msgs/lib/libwarehouse_robot_msgs__rosidl_generator_c.so" to ""
[4.702s] -- Up-to-date: /home/student/ros2_ws/install/warehouse_robot_msgs/include/warehouse_robot_msgs/warehouse_robot_msgs
[4.702s] -- Up-to-date: /home/student/ros2_ws/install/warehouse_robot_msgs/include/warehouse_robot_msgs/warehouse_robot_msgs/msg
[4.702s] -- Installing: /home/student/ros2_ws/install/warehouse_robot_msgs/include/warehouse_robot_msgs/warehouse_robot_msgs/msg/rosidl_typesupport_fastrtps_c__visibility_control.h
[4.702s] -- Up-to-date: /home/student/ros2_ws/install/warehouse_robot_msgs/include/warehouse_robot_msgs/warehouse_robot_msgs/msg/detail
[4.702s] -- Installing: /home/student/ros2_ws/install/warehouse_robot_msgs/include/warehouse_robot_msgs/warehouse_robot_msgs/msg/detail/robot_data__rosidl_typesupport_fastrtps_c.h
[4.702s] -- Installing: /home/student/ros2_ws/install/warehouse_robot_msgs/lib/libwarehouse_robot_msgs__rosidl_typesupport_fastrtps_c.so
[4.702s] -- Set runtime path of "/home/student/ros2_ws/install/warehouse_robot_msgs/lib/libwarehouse_robot_msgs__rosidl_typesupport_fastrtps_c.so" to ""
[4.703s] -- Up-to-date: /home/student/ros2_ws/install/warehouse_robot_msgs/include/warehouse_robot_msgs/warehouse_robot_msgs
[4.703s] -- Up-to-date: /home/student/ros2_ws/install/warehouse_robot_msgs/include/warehouse_robot_msgs/warehouse_robot_msgs/msg
[4.703s] -- Installing: /home/student/ros2_ws/install/warehouse_robot_msgs/include/warehouse_robot_msgs/warehouse_robot_msgs/msg/robot_data.hpp
[4.703s] -- Up-to-date: /home/student/ros2_ws/install/warehouse_robot_msgs/include/warehouse_robot_msgs/warehouse_robot_msgs/msg/detail
[4.703s] -- Installing: /home/student/ros2_ws/install/warehouse_robot_msgs/include/warehouse_robot_msgs/warehouse_robot_msgs/msg/detail/robot_data__builder.hpp
[4.703s] -- Installing: /home/student/ros2_ws/install/warehouse_robot_msgs/include/warehouse_robot_msgs/warehouse_robot_msgs/msg/detail/robot_data__struct.hpp
[4.703s] -- Installing: /home/student/ros2_ws/install/warehouse_robot_msgs/include/warehouse_robot_msgs/warehouse_robot_msgs/msg/detail/robot_data__traits.hpp
[4.703s] -- Up-to-date: /home/student/ros2_ws/install/warehouse_robot_msgs/include/warehouse_robot_msgs/warehouse_robot_msgs
[4.703s] -- Up-to-date: /home/student/ros2_ws/install/warehouse_robot_msgs/include/warehouse_robot_msgs/warehouse_robot_msgs/msg
[4.704s] -- Installing: /home/student/ros2_ws/install/warehouse_robot_msgs/include/warehouse_robot_msgs/warehouse_robot_msgs/msg/rosidl_typesupport_fastrtps_cpp__visibility_control.h
[4.704s] -- Up-to-date: /home/student/ros2_ws/install/warehouse_robot_msgs/include/warehouse_robot_msgs/warehouse_robot_msgs/msg/detail
[4.704s] -- Installing: /home/student/ros2_ws/install/warehouse_robot_msgs/include/warehouse_robot_msgs/warehouse_robot_msgs/msg/detail/dds_fastrtps
[4.704s] -- Installing: /home/student/ros2_ws/install/warehouse_robot_msgs/include/warehouse_robot_msgs/warehouse_robot_msgs/msg/detail/robot_data__rosidl_typesupport_fastrtps_cpp.hpp
[4.704s] -- Installing: /home/student/ros2_ws/install/warehouse_robot_msgs/lib/libwarehouse_robot_msgs__rosidl_typesupport_fastrtps_cpp.so
[4.704s] -- Set runtime path of "/home/student/ros2_ws/install/warehouse_robot_msgs/lib/libwarehouse_robot_msgs__rosidl_typesupport_fastrtps_cpp.so" to ""
[4.704s] -- Up-to-date: /home/student/ros2_ws/install/warehouse_robot_msgs/include/warehouse_robot_msgs/warehouse_robot_msgs
[4.704s] -- Up-to-date: /home/student/ros2_ws/install/warehouse_robot_msgs/include/warehouse_robot_msgs/warehouse_robot_msgs/msg
[4.704s] -- Installing: /home/student/ros2_ws/install/warehouse_robot_msgs/include/warehouse_robot_msgs/warehouse_robot_msgs/msg/rosidl_typesupport_introspection_c__visibility_control.h
[4.704s] -- Up-to-date: /home/student/ros2_ws/install/warehouse_robot_msgs/include/warehouse_robot_msgs/warehouse_robot_msgs/msg/detail
[4.705s] -- Installing: /home/student/ros2_ws/install/warehouse_robot_msgs/include/warehouse_robot_msgs/warehouse_robot_msgs/msg/detail/robot_data__rosidl_typesupport_introspection_c.h
[4.705s] -- Installing: /home/student/ros2_ws/install/warehouse_robot_msgs/include/warehouse_robot_msgs/warehouse_robot_msgs/msg/detail/robot_data__type_support.c
[4.705s] -- Installing: /home/student/ros2_ws/install/warehouse_robot_msgs/lib/libwarehouse_robot_msgs__rosidl_typesupport_introspection_c.so
[4.705s] -- Set runtime path of "/home/student/ros2_ws/install/warehouse_robot_msgs/lib/libwarehouse_robot_msgs__rosidl_typesupport_introspection_c.so" to ""
[4.705s] -- Installing: /home/student/ros2_ws/install/warehouse_robot_msgs/lib/libwarehouse_robot_msgs__rosidl_typesupport_c.so
[4.705s] -- Set runtime path of "/home/student/ros2_ws/install/warehouse_robot_msgs/lib/libwarehouse_robot_msgs__rosidl_typesupport_c.so" to ""
[4.705s] -- Up-to-date: /home/student/ros2_ws/install/warehouse_robot_msgs/include/warehouse_robot_msgs/warehouse_robot_msgs
[4.705s] -- Up-to-date: /home/student/ros2_ws/install/warehouse_robot_msgs/include/warehouse_robot_msgs/warehouse_robot_msgs/msg
[4.706s] -- Up-to-date: /home/student/ros2_ws/install/warehouse_robot_msgs/include/warehouse_robot_msgs/warehouse_robot_msgs/msg/detail
[4.706s] -- Installing: /home/student/ros2_ws/install/warehouse_robot_msgs/include/warehouse_robot_msgs/warehouse_robot_msgs/msg/detail/robot_data__type_support.cpp
[4.706s] -- Installing: /home/student/ros2_ws/install/warehouse_robot_msgs/include/warehouse_robot_msgs/warehouse_robot_msgs/msg/detail/robot_data__rosidl_typesupport_introspection_cpp.hpp
[4.706s] -- Installing: /home/student/ros2_ws/install/warehouse_robot_msgs/lib/libwarehouse_robot_msgs__rosidl_typesupport_introspection_cpp.so
[4.706s] -- Set runtime path of "/home/student/ros2_ws/install/warehouse_robot_msgs/lib/libwarehouse_robot_msgs__rosidl_typesupport_introspection_cpp.so" to ""
[4.706s] -- Installing: /home/student/ros2_ws/install/warehouse_robot_msgs/lib/libwarehouse_robot_msgs__rosidl_typesupport_cpp.so
[4.706s] -- Set runtime path of "/home/student/ros2_ws/install/warehouse_robot_msgs/lib/libwarehouse_robot_msgs__rosidl_typesupport_cpp.so" to ""
[4.707s] -- Installing: /home/student/ros2_ws/install/warehouse_robot_msgs/share/warehouse_robot_msgs/environment/pythonpath.sh
[4.707s] -- Installing: /home/student/ros2_ws/install/warehouse_robot_msgs/share/warehouse_robot_msgs/environment/pythonpath.dsv
[4.707s] -- Installing: /home/student/ros2_ws/install/warehouse_robot_msgs/local/lib/python3.10/dist-packages/warehouse_robot_msgs-0.0.0-py3.10.egg-info
[4.707s] -- Installing: /home/student/ros2_ws/install/warehouse_robot_msgs/local/lib/python3.10/dist-packages/warehouse_robot_msgs-0.0.0-py3.10.egg-info/dependency_links.txt
[4.707s] -- Installing: /home/student/ros2_ws/install/warehouse_robot_msgs/local/lib/python3.10/dist-packages/warehouse_robot_msgs-0.0.0-py3.10.egg-info/PKG-INFO
[4.707s] -- Installing: /home/student/ros2_ws/install/warehouse_robot_msgs/local/lib/python3.10/dist-packages/warehouse_robot_msgs-0.0.0-py3.10.egg-info/top_level.txt
[4.708s] -- Installing: /home/student/ros2_ws/install/warehouse_robot_msgs/local/lib/python3.10/dist-packages/warehouse_robot_msgs-0.0.0-py3.10.egg-info/SOURCES.txt
[4.708s] -- Installing: /home/student/ros2_ws/install/warehouse_robot_msgs/local/lib/python3.10/dist-packages/warehouse_robot_msgs
[4.708s] -- Installing: /home/student/ros2_ws/install/warehouse_robot_msgs/local/lib/python3.10/dist-packages/warehouse_robot_msgs/msg
[4.708s] -- Installing: /home/student/ros2_ws/install/warehouse_robot_msgs/local/lib/python3.10/dist-packages/warehouse_robot_msgs/msg/_robot_data.py
[4.708s] -- Installing: /home/student/ros2_ws/install/warehouse_robot_msgs/local/lib/python3.10/dist-packages/warehouse_robot_msgs/msg/__init__.py
[4.708s] -- Installing: /home/student/ros2_ws/install/warehouse_robot_msgs/local/lib/python3.10/dist-packages/warehouse_robot_msgs/msg/_robot_data_s.c
[4.708s] -- Installing: /home/student/ros2_ws/install/warehouse_robot_msgs/local/lib/python3.10/dist-packages/warehouse_robot_msgs/_warehouse_robot_msgs_s.ep.rosidl_typesupport_c.c
[4.708s] -- Installing: /home/student/ros2_ws/install/warehouse_robot_msgs/local/lib/python3.10/dist-packages/warehouse_robot_msgs/__init__.py
[4.708s] -- Installing: /home/student/ros2_ws/install/warehouse_robot_msgs/local/lib/python3.10/dist-packages/warehouse_robot_msgs/warehouse_robot_msgs_s__rosidl_typesupport_introspection_c.cpython-310-x86_64-linux-gnu.so
[4.708s] -- Installing: /home/student/ros2_ws/install/warehouse_robot_msgs/local/lib/python3.10/dist-packages/warehouse_robot_msgs/warehouse_robot_msgs_s__rosidl_typesupport_c.cpython-310-x86_64-linux-gnu.so
[4.709s] -- Installing: /home/student/ros2_ws/install/warehouse_robot_msgs/local/lib/python3.10/dist-packages/warehouse_robot_msgs/_warehouse_robot_msgs_s.ep.rosidl_typesupport_introspection_c.c
[4.709s] -- Installing: /home/student/ros2_ws/install/warehouse_robot_msgs/local/lib/python3.10/dist-packages/warehouse_robot_msgs/warehouse_robot_msgs_s__rosidl_typesupport_fastrtps_c.cpython-310-x86_64-linux-gnu.so
[4.709s] -- Installing: /home/student/ros2_ws/install/warehouse_robot_msgs/local/lib/python3.10/dist-packages/warehouse_robot_msgs/libwarehouse_robot_msgs__rosidl_generator_py.so
[4.709s] -- Installing: /home/student/ros2_ws/install/warehouse_robot_msgs/local/lib/python3.10/dist-packages/warehouse_robot_msgs/_warehouse_robot_msgs_s.ep.rosidl_typesupport_fastrtps_c.c
[4.747s] Listing '/home/student/ros2_ws/install/warehouse_robot_msgs/local/lib/python3.10/dist-packages/warehouse_robot_msgs'...
[4.748s] Compiling '/home/student/ros2_ws/install/warehouse_robot_msgs/local/lib/python3.10/dist-packages/warehouse_robot_msgs/__init__.py'...
[4.748s] Listing '/home/student/ros2_ws/install/warehouse_robot_msgs/local/lib/python3.10/dist-packages/warehouse_robot_msgs/msg'...
[4.748s] Compiling '/home/student/ros2_ws/install/warehouse_robot_msgs/local/lib/python3.10/dist-packages/warehouse_robot_msgs/msg/__init__.py'...
[4.748s] Compiling '/home/student/ros2_ws/install/warehouse_robot_msgs/local/lib/python3.10/dist-packages/warehouse_robot_msgs/msg/_robot_data.py'...
[4.753s] -- Installing: /home/student/ros2_ws/install/warehouse_robot_msgs/local/lib/python3.10/dist-packages/warehouse_robot_msgs/warehouse_robot_msgs_s__rosidl_typesupport_fastrtps_c.cpython-310-x86_64-linux-gnu.so
[4.753s] -- Set runtime path of "/home/student/ros2_ws/install/warehouse_robot_msgs/local/lib/python3.10/dist-packages/warehouse_robot_msgs/warehouse_robot_msgs_s__rosidl_typesupport_fastrtps_c.cpython-310-x86_64-linux-gnu.so" to ""
[4.753s] -- Installing: /home/student/ros2_ws/install/warehouse_robot_msgs/local/lib/python3.10/dist-packages/warehouse_robot_msgs/warehouse_robot_msgs_s__rosidl_typesupport_introspection_c.cpython-310-x86_64-linux-gnu.so
[4.754s] -- Set runtime path of "/home/student/ros2_ws/install/warehouse_robot_msgs/local/lib/python3.10/dist-packages/warehouse_robot_msgs/warehouse_robot_msgs_s__rosidl_typesupport_introspection_c.cpython-310-x86_64-linux-gnu.so" to ""
[4.754s] -- Installing: /home/student/ros2_ws/install/warehouse_robot_msgs/local/lib/python3.10/dist-packages/warehouse_robot_msgs/warehouse_robot_msgs_s__rosidl_typesupport_c.cpython-310-x86_64-linux-gnu.so
[4.755s] -- Set runtime path of "/home/student/ros2_ws/install/warehouse_robot_msgs/local/lib/python3.10/dist-packages/warehouse_robot_msgs/warehouse_robot_msgs_s__rosidl_typesupport_c.cpython-310-x86_64-linux-gnu.so" to ""
[4.755s] -- Installing: /home/student/ros2_ws/install/warehouse_robot_msgs/lib/libwarehouse_robot_msgs__rosidl_generator_py.so
[4.755s] -- Set runtime path of "/home/student/ros2_ws/install/warehouse_robot_msgs/lib/libwarehouse_robot_msgs__rosidl_generator_py.so" to ""
[4.755s] -- Installing: /home/student/ros2_ws/install/warehouse_robot_msgs/share/warehouse_robot_msgs/msg/RobotData.idl
[4.756s] -- Installing: /home/student/ros2_ws/install/warehouse_robot_msgs/share/warehouse_robot_msgs/msg/RobotData.msg
[4.756s] -- Installing: /home/student/ros2_ws/install/warehouse_robot_msgs/share/ament_index/resource_index/package_run_dependencies/warehouse_robot_msgs
[4.756s] -- Installing: /home/student/ros2_ws/install/warehouse_robot_msgs/share/ament_index/resource_index/parent_prefix_path/warehouse_robot_msgs
[4.756s] -- Installing: /home/student/ros2_ws/install/warehouse_robot_msgs/share/warehouse_robot_msgs/environment/ament_prefix_path.sh
[4.757s] -- Installing: /home/student/ros2_ws/install/warehouse_robot_msgs/share/warehouse_robot_msgs/environment/ament_prefix_path.dsv
[4.757s] -- Installing: /home/student/ros2_ws/install/warehouse_robot_msgs/share/warehouse_robot_msgs/environment/path.sh
[4.757s] -- Installing: /home/student/ros2_ws/install/warehouse_robot_msgs/share/warehouse_robot_msgs/environment/path.dsv
[4.757s] -- Installing: /home/student/ros2_ws/install/warehouse_robot_msgs/share/warehouse_robot_msgs/local_setup.bash
[4.757s] -- Installing: /home/student/ros2_ws/install/warehouse_robot_msgs/share/warehouse_robot_msgs/local_setup.sh
[4.758s] -- Installing: /home/student/ros2_ws/install/warehouse_robot_msgs/share/warehouse_robot_msgs/local_setup.zsh
[4.758s] -- Installing: /home/student/ros2_ws/install/warehouse_robot_msgs/share/warehouse_robot_msgs/local_setup.dsv
[4.758s] -- Installing: /home/student/ros2_ws/install/warehouse_robot_msgs/share/warehouse_robot_msgs/package.dsv
[4.758s] -- Installing: /home/student/ros2_ws/install/warehouse_robot_msgs/share/ament_index/resource_index/packages/warehouse_robot_msgs
[4.759s] -- Installing: /home/student/ros2_ws/install/warehouse_robot_msgs/share/warehouse_robot_msgs/cmake/export_warehouse_robot_msgs__rosidl_generator_cExport.cmake
[4.759s] -- Installing: /home/student/ros2_ws/install/warehouse_robot_msgs/share/warehouse_robot_msgs/cmake/export_warehouse_robot_msgs__rosidl_generator_cExport-noconfig.cmake
[4.759s] -- Installing: /home/student/ros2_ws/install/warehouse_robot_msgs/share/warehouse_robot_msgs/cmake/export_warehouse_robot_msgs__rosidl_typesupport_fastrtps_cExport.cmake
[4.759s] -- Installing: /home/student/ros2_ws/install/warehouse_robot_msgs/share/warehouse_robot_msgs/cmake/export_warehouse_robot_msgs__rosidl_typesupport_fastrtps_cExport-noconfig.cmake
[4.759s] -- Installing: /home/student/ros2_ws/install/warehouse_robot_msgs/share/warehouse_robot_msgs/cmake/export_warehouse_robot_msgs__rosidl_generator_cppExport.cmake
[4.760s] -- Installing: /home/student/ros2_ws/install/warehouse_robot_msgs/share/warehouse_robot_msgs/cmake/export_warehouse_robot_msgs__rosidl_typesupport_fastrtps_cppExport.cmake
[4.760s] -- Installing: /home/student/ros2_ws/install/warehouse_robot_msgs/share/warehouse_robot_msgs/cmake/export_warehouse_robot_msgs__rosidl_typesupport_fastrtps_cppExport-noconfig.cmake
[4.760s] -- Installing: /home/student/ros2_ws/install/warehouse_robot_msgs/share/warehouse_robot_msgs/cmake/warehouse_robot_msgs__rosidl_typesupport_introspection_cExport.cmake
[4.760s] -- Installing: /home/student/ros2_ws/install/warehouse_robot_msgs/share/warehouse_robot_msgs/cmake/warehouse_robot_msgs__rosidl_typesupport_introspection_cExport-noconfig.cmake
[4.760s] -- Installing: /home/student/ros2_ws/install/warehouse_robot_msgs/share/warehouse_robot_msgs/cmake/warehouse_robot_msgs__rosidl_typesupport_cExport.cmake
[4.761s] -- Installing: /home/student/ros2_ws/install/warehouse_robot_msgs/share/warehouse_robot_msgs/cmake/warehouse_robot_msgs__rosidl_typesupport_cExport-noconfig.cmake
[4.761s] -- Installing: /home/student/ros2_ws/install/warehouse_robot_msgs/share/warehouse_robot_msgs/cmake/warehouse_robot_msgs__rosidl_typesupport_introspection_cppExport.cmake
[4.761s] -- Installing: /home/student/ros2_ws/install/warehouse_robot_msgs/share/warehouse_robot_msgs/cmake/warehouse_robot_msgs__rosidl_typesupport_introspection_cppExport-noconfig.cmake
[4.761s] -- Installing: /home/student/ros2_ws/install/warehouse_robot_msgs/share/warehouse_robot_msgs/cmake/warehouse_robot_msgs__rosidl_typesupport_cppExport.cmake
[4.761s] -- Installing: /home/student/ros2_ws/install/warehouse_robot_msgs/share/warehouse_robot_msgs/cmake/warehouse_robot_msgs__rosidl_typesupport_cppExport-noconfig.cmake
[4.762s] -- Installing: /home/student/ros2_ws/install/warehouse_robot_msgs/share/warehouse_robot_msgs/cmake/export_warehouse_robot_msgs__rosidl_generator_pyExport.cmake
[4.762s] -- Installing: /home/student/ros2_ws/install/warehouse_robot_msgs/share/warehouse_robot_msgs/cmake/export_warehouse_robot_msgs__rosidl_generator_pyExport-noconfig.cmake
[4.762s] -- Installing: /home/student/ros2_ws/install/warehouse_robot_msgs/share/warehouse_robot_msgs/cmake/rosidl_cmake-extras.cmake
[4.762s] -- Installing: /home/student/ros2_ws/install/warehouse_robot_msgs/share/warehouse_robot_msgs/cmake/ament_cmake_export_dependencies-extras.cmake
[4.762s] -- Installing: /home/student/ros2_ws/install/warehouse_robot_msgs/share/warehouse_robot_msgs/cmake/ament_cmake_export_include_directories-extras.cmake
[4.762s] -- Installing: /home/student/ros2_ws/install/warehouse_robot_msgs/share/warehouse_robot_msgs/cmake/ament_cmake_export_libraries-extras.cmake
[4.763s] -- Installing: /home/student/ros2_ws/install/warehouse_robot_msgs/share/warehouse_robot_msgs/cmake/ament_cmake_export_targets-extras.cmake
[4.763s] -- Installing: /home/student/ros2_ws/install/warehouse_robot_msgs/share/warehouse_robot_msgs/cmake/rosidl_cmake_export_typesupport_targets-extras.cmake
[4.763s] -- Installing: /home/student/ros2_ws/install/warehouse_robot_msgs/share/warehouse_robot_msgs/cmake/rosidl_cmake_export_typesupport_libraries-extras.cmake
[4.763s] -- Installing: /home/student/ros2_ws/install/warehouse_robot_msgs/share/warehouse_robot_msgs/cmake/warehouse_robot_msgsConfig.cmake
[4.763s] -- Installing: /home/student/ros2_ws/install/warehouse_robot_msgs/share/warehouse_robot_msgs/cmake/warehouse_robot_msgsConfig-version.cmake
[4.763s] -- Installing: /home/student/ros2_ws/install/warehouse_robot_msgs/share/warehouse_robot_msgs/package.xml
[4.766s] Invoked command in '/home/student/ros2_ws/build/warehouse_robot_msgs' returned '0': CMAKE_PREFIX_PATH=${CMAKE_PREFIX_PATH}:/home/student/ros2_ws/install/turtlebot3_teleop:/home/student/ros2_ws/install/turtlebot3_example:/opt/ros/humble /usr/bin/cmake --install /home/student/ros2_ws/build/warehouse_robot_msgs
