[0.050s] Invoking command in '/home/student/ros2_ws/src/build/turtlebot3_msgs': CMAKE_PREFIX_PATH=${CMAKE_PREFIX_PATH}:/home/student/ros2_ws/install/turtlebot3_teleop:/home/student/ros2_ws/install/turtlebot3_example:/opt/ros/humble /usr/bin/cmake --build /home/student/ros2_ws/src/build/turtlebot3_msgs -- -j8 -l8
[0.141s] [35m[1mConsolidate compiler generated dependencies of target turtlebot3_msgs__rosidl_generator_c[0m
[0.153s] [  1%] Built target turtlebot3_msgs__cpp
[0.189s] [ 12%] Built target turtlebot3_msgs__rosidl_generator_c
[0.206s] [35m[1mConsolidate compiler generated dependencies of target turtlebot3_msgs__rosidl_typesupport_introspection_cpp[0m
[0.215s] [35m[1mConsolidate compiler generated dependencies of target turtlebot3_msgs__rosidl_typesupport_fastrtps_cpp[0m
[0.243s] [35m[1mConsolidate compiler generated dependencies of target turtlebot3_msgs__rosidl_typesupport_introspection_c[0m
[0.253s] [35m[1mConsolidate compiler generated dependencies of target turtlebot3_msgs__rosidl_typesupport_c[0m
[0.253s] [35m[1mConsolidate compiler generated dependencies of target turtlebot3_msgs__rosidl_typesupport_cpp[0m
[0.253s] [35m[1mConsolidate compiler generated dependencies of target turtlebot3_msgs__rosidl_typesupport_fastrtps_c[0m
[0.264s] [ 12%] Built target ament_cmake_python_copy_turtlebot3_msgs
[0.284s] [ 23%] Built target turtlebot3_msgs__rosidl_typesupport_introspection_cpp
[0.332s] [ 35%] Built target turtlebot3_msgs__rosidl_typesupport_introspection_c
[0.347s] [ 46%] Built target turtlebot3_msgs__rosidl_typesupport_c
[0.347s] [ 57%] Built target turtlebot3_msgs__rosidl_typesupport_fastrtps_c
[0.364s] [ 69%] Built target turtlebot3_msgs__rosidl_typesupport_fastrtps_cpp
[0.378s] [ 80%] Built target turtlebot3_msgs__rosidl_typesupport_cpp
[0.448s] [ 80%] Built target turtlebot3_msgs
[0.500s] [ 81%] Built target turtlebot3_msgs__py
[0.546s] [35m[1mConsolidate compiler generated dependencies of target turtlebot3_msgs__rosidl_generator_py[0m
[0.613s] [ 91%] Built target turtlebot3_msgs__rosidl_generator_py
[0.645s] [35m[1mConsolidate compiler generated dependencies of target turtlebot3_msgs__rosidl_typesupport_fastrtps_c__pyext[0m
[0.656s] [35m[1mConsolidate compiler generated dependencies of target turtlebot3_msgs__rosidl_typesupport_c__pyext[0m
[0.656s] [35m[1mConsolidate compiler generated dependencies of target turtlebot3_msgs__rosidl_typesupport_introspection_c__pyext[0m
[0.700s] [ 94%] Built target turtlebot3_msgs__rosidl_typesupport_c__pyext
[0.700s] [ 97%] Built target turtlebot3_msgs__rosidl_typesupport_introspection_c__pyext
[0.705s] [100%] Built target turtlebot3_msgs__rosidl_typesupport_fastrtps_c__pyext
[0.866s] running egg_info
[0.867s] writing turtlebot3_msgs.egg-info/PKG-INFO
[0.867s] writing dependency_links to turtlebot3_msgs.egg-info/dependency_links.txt
[0.867s] writing top-level names to turtlebot3_msgs.egg-info/top_level.txt
[0.872s] reading manifest file 'turtlebot3_msgs.egg-info/SOURCES.txt'
[0.874s] writing manifest file 'turtlebot3_msgs.egg-info/SOURCES.txt'
[0.912s] [100%] Built target ament_cmake_python_build_turtlebot3_msgs_egg
[1.020s] Invoked command in '/home/student/ros2_ws/src/build/turtlebot3_msgs' returned '0': CMAKE_PREFIX_PATH=${CMAKE_PREFIX_PATH}:/home/student/ros2_ws/install/turtlebot3_teleop:/home/student/ros2_ws/install/turtlebot3_example:/opt/ros/humble /usr/bin/cmake --build /home/student/ros2_ws/src/build/turtlebot3_msgs -- -j8 -l8
[1.516s] Invoking command in '/home/student/ros2_ws/src/build/turtlebot3_msgs': CMAKE_PREFIX_PATH=${CMAKE_PREFIX_PATH}:/home/student/ros2_ws/install/turtlebot3_teleop:/home/student/ros2_ws/install/turtlebot3_example:/opt/ros/humble /usr/bin/cmake --install /home/student/ros2_ws/src/build/turtlebot3_msgs
[1.540s] -- Install configuration: ""
[1.541s] -- Installing: /home/student/ros2_ws/src/install/turtlebot3_msgs/share/ament_index/resource_index/rosidl_interfaces/turtlebot3_msgs
[1.544s] -- Installing: /home/student/ros2_ws/src/install/turtlebot3_msgs/include/turtlebot3_msgs/turtlebot3_msgs
[1.544s] -- Installing: /home/student/ros2_ws/src/install/turtlebot3_msgs/include/turtlebot3_msgs/turtlebot3_msgs/msg
[1.544s] -- Installing: /home/student/ros2_ws/src/install/turtlebot3_msgs/include/turtlebot3_msgs/turtlebot3_msgs/msg/rosidl_generator_c__visibility_control.h
[1.544s] -- Installing: /home/student/ros2_ws/src/install/turtlebot3_msgs/include/turtlebot3_msgs/turtlebot3_msgs/msg/version_info.h
[1.545s] -- Installing: /home/student/ros2_ws/src/install/turtlebot3_msgs/include/turtlebot3_msgs/turtlebot3_msgs/msg/sound.h
[1.545s] -- Installing: /home/student/ros2_ws/src/install/turtlebot3_msgs/include/turtlebot3_msgs/turtlebot3_msgs/msg/sensor_state.h
[1.545s] -- Installing: /home/student/ros2_ws/src/install/turtlebot3_msgs/include/turtlebot3_msgs/turtlebot3_msgs/msg/detail
[1.547s] -- Installing: /home/student/ros2_ws/src/install/turtlebot3_msgs/include/turtlebot3_msgs/turtlebot3_msgs/msg/detail/version_info__functions.c
[1.548s] -- Installing: /home/student/ros2_ws/src/install/turtlebot3_msgs/include/turtlebot3_msgs/turtlebot3_msgs/msg/detail/sound__functions.h
[1.548s] -- Installing: /home/student/ros2_ws/src/install/turtlebot3_msgs/include/turtlebot3_msgs/turtlebot3_msgs/msg/detail/version_info__struct.h
[1.550s] -- Installing: /home/student/ros2_ws/src/install/turtlebot3_msgs/include/turtlebot3_msgs/turtlebot3_msgs/msg/detail/version_info__type_support.h
[1.550s] -- Installing: /home/student/ros2_ws/src/install/turtlebot3_msgs/include/turtlebot3_msgs/turtlebot3_msgs/msg/detail/sound__struct.h
[1.555s] -- Installing: /home/student/ros2_ws/src/install/turtlebot3_msgs/include/turtlebot3_msgs/turtlebot3_msgs/msg/detail/sound__functions.c
[1.557s] -- Installing: /home/student/ros2_ws/src/install/turtlebot3_msgs/include/turtlebot3_msgs/turtlebot3_msgs/msg/detail/sound__type_support.h
[1.557s] -- Installing: /home/student/ros2_ws/src/install/turtlebot3_msgs/include/turtlebot3_msgs/turtlebot3_msgs/msg/detail/sensor_state__type_support.h
[1.558s] -- Installing: /home/student/ros2_ws/src/install/turtlebot3_msgs/include/turtlebot3_msgs/turtlebot3_msgs/msg/detail/sensor_state__functions.h
[1.558s] -- Installing: /home/student/ros2_ws/src/install/turtlebot3_msgs/include/turtlebot3_msgs/turtlebot3_msgs/msg/detail/sensor_state__struct.h
[1.558s] -- Installing: /home/student/ros2_ws/src/install/turtlebot3_msgs/include/turtlebot3_msgs/turtlebot3_msgs/msg/detail/version_info__functions.h
[1.558s] -- Installing: /home/student/ros2_ws/src/install/turtlebot3_msgs/include/turtlebot3_msgs/turtlebot3_msgs/msg/detail/sensor_state__functions.c
[1.560s] -- Installing: /home/student/ros2_ws/src/install/turtlebot3_msgs/include/turtlebot3_msgs/turtlebot3_msgs/action
[1.560s] -- Installing: /home/student/ros2_ws/src/install/turtlebot3_msgs/include/turtlebot3_msgs/turtlebot3_msgs/action/patrol.h
[1.561s] -- Installing: /home/student/ros2_ws/src/install/turtlebot3_msgs/include/turtlebot3_msgs/turtlebot3_msgs/action/detail
[1.563s] -- Installing: /home/student/ros2_ws/src/install/turtlebot3_msgs/include/turtlebot3_msgs/turtlebot3_msgs/action/detail/patrol__functions.c
[1.565s] -- Installing: /home/student/ros2_ws/src/install/turtlebot3_msgs/include/turtlebot3_msgs/turtlebot3_msgs/action/detail/patrol__functions.h
[1.565s] -- Installing: /home/student/ros2_ws/src/install/turtlebot3_msgs/include/turtlebot3_msgs/turtlebot3_msgs/action/detail/patrol__struct.h
[1.566s] -- Installing: /home/student/ros2_ws/src/install/turtlebot3_msgs/include/turtlebot3_msgs/turtlebot3_msgs/action/detail/patrol__type_support.h
[1.567s] -- Installing: /home/student/ros2_ws/src/install/turtlebot3_msgs/include/turtlebot3_msgs/turtlebot3_msgs/srv
[1.568s] -- Installing: /home/student/ros2_ws/src/install/turtlebot3_msgs/include/turtlebot3_msgs/turtlebot3_msgs/srv/dqn.h
[1.568s] -- Installing: /home/student/ros2_ws/src/install/turtlebot3_msgs/include/turtlebot3_msgs/turtlebot3_msgs/srv/sound.h
[1.569s] -- Installing: /home/student/ros2_ws/src/install/turtlebot3_msgs/include/turtlebot3_msgs/turtlebot3_msgs/srv/detail
[1.570s] -- Installing: /home/student/ros2_ws/src/install/turtlebot3_msgs/include/turtlebot3_msgs/turtlebot3_msgs/srv/detail/dqn__struct.h
[1.576s] -- Installing: /home/student/ros2_ws/src/install/turtlebot3_msgs/include/turtlebot3_msgs/turtlebot3_msgs/srv/detail/sound__functions.h
[1.576s] -- Installing: /home/student/ros2_ws/src/install/turtlebot3_msgs/include/turtlebot3_msgs/turtlebot3_msgs/srv/detail/dqn__functions.c
[1.576s] -- Installing: /home/student/ros2_ws/src/install/turtlebot3_msgs/include/turtlebot3_msgs/turtlebot3_msgs/srv/detail/sound__struct.h
[1.576s] -- Installing: /home/student/ros2_ws/src/install/turtlebot3_msgs/include/turtlebot3_msgs/turtlebot3_msgs/srv/detail/sound__functions.c
[1.577s] -- Installing: /home/student/ros2_ws/src/install/turtlebot3_msgs/include/turtlebot3_msgs/turtlebot3_msgs/srv/detail/sound__type_support.h
[1.577s] -- Installing: /home/student/ros2_ws/src/install/turtlebot3_msgs/include/turtlebot3_msgs/turtlebot3_msgs/srv/detail/dqn__functions.h
[1.577s] -- Installing: /home/student/ros2_ws/src/install/turtlebot3_msgs/include/turtlebot3_msgs/turtlebot3_msgs/srv/detail/dqn__type_support.h
[1.577s] -- Installing: /home/student/ros2_ws/src/install/turtlebot3_msgs/share/turtlebot3_msgs/environment/library_path.sh
[1.577s] -- Installing: /home/student/ros2_ws/src/install/turtlebot3_msgs/share/turtlebot3_msgs/environment/library_path.dsv
[1.577s] -- Installing: /home/student/ros2_ws/src/install/turtlebot3_msgs/lib/libturtlebot3_msgs__rosidl_generator_c.so
[1.577s] -- Set runtime path of "/home/student/ros2_ws/src/install/turtlebot3_msgs/lib/libturtlebot3_msgs__rosidl_generator_c.so" to ""
[1.578s] -- Up-to-date: /home/student/ros2_ws/src/install/turtlebot3_msgs/include/turtlebot3_msgs/turtlebot3_msgs
[1.578s] -- Up-to-date: /home/student/ros2_ws/src/install/turtlebot3_msgs/include/turtlebot3_msgs/turtlebot3_msgs/msg
[1.578s] -- Installing: /home/student/ros2_ws/src/install/turtlebot3_msgs/include/turtlebot3_msgs/turtlebot3_msgs/msg/rosidl_typesupport_fastrtps_c__visibility_control.h
[1.578s] -- Up-to-date: /home/student/ros2_ws/src/install/turtlebot3_msgs/include/turtlebot3_msgs/turtlebot3_msgs/msg/detail
[1.583s] -- Installing: /home/student/ros2_ws/src/install/turtlebot3_msgs/include/turtlebot3_msgs/turtlebot3_msgs/msg/detail/sound__rosidl_typesupport_fastrtps_c.h
[1.583s] -- Installing: /home/student/ros2_ws/src/install/turtlebot3_msgs/include/turtlebot3_msgs/turtlebot3_msgs/msg/detail/version_info__rosidl_typesupport_fastrtps_c.h
[1.583s] -- Installing: /home/student/ros2_ws/src/install/turtlebot3_msgs/include/turtlebot3_msgs/turtlebot3_msgs/msg/detail/sensor_state__rosidl_typesupport_fastrtps_c.h
[1.583s] -- Up-to-date: /home/student/ros2_ws/src/install/turtlebot3_msgs/include/turtlebot3_msgs/turtlebot3_msgs/action
[1.583s] -- Up-to-date: /home/student/ros2_ws/src/install/turtlebot3_msgs/include/turtlebot3_msgs/turtlebot3_msgs/action/detail
[1.583s] -- Installing: /home/student/ros2_ws/src/install/turtlebot3_msgs/include/turtlebot3_msgs/turtlebot3_msgs/action/detail/patrol__rosidl_typesupport_fastrtps_c.h
[1.584s] -- Up-to-date: /home/student/ros2_ws/src/install/turtlebot3_msgs/include/turtlebot3_msgs/turtlebot3_msgs/srv
[1.584s] -- Up-to-date: /home/student/ros2_ws/src/install/turtlebot3_msgs/include/turtlebot3_msgs/turtlebot3_msgs/srv/detail
[1.584s] -- Installing: /home/student/ros2_ws/src/install/turtlebot3_msgs/include/turtlebot3_msgs/turtlebot3_msgs/srv/detail/sound__rosidl_typesupport_fastrtps_c.h
[1.584s] -- Installing: /home/student/ros2_ws/src/install/turtlebot3_msgs/include/turtlebot3_msgs/turtlebot3_msgs/srv/detail/dqn__rosidl_typesupport_fastrtps_c.h
[1.584s] -- Installing: /home/student/ros2_ws/src/install/turtlebot3_msgs/lib/libturtlebot3_msgs__rosidl_typesupport_fastrtps_c.so
[1.585s] -- Set runtime path of "/home/student/ros2_ws/src/install/turtlebot3_msgs/lib/libturtlebot3_msgs__rosidl_typesupport_fastrtps_c.so" to ""
[1.585s] -- Up-to-date: /home/student/ros2_ws/src/install/turtlebot3_msgs/include/turtlebot3_msgs/turtlebot3_msgs
[1.585s] -- Up-to-date: /home/student/ros2_ws/src/install/turtlebot3_msgs/include/turtlebot3_msgs/turtlebot3_msgs/msg
[1.587s] -- Installing: /home/student/ros2_ws/src/install/turtlebot3_msgs/include/turtlebot3_msgs/turtlebot3_msgs/msg/version_info.hpp
[1.587s] -- Installing: /home/student/ros2_ws/src/install/turtlebot3_msgs/include/turtlebot3_msgs/turtlebot3_msgs/msg/sound.hpp
[1.588s] -- Installing: /home/student/ros2_ws/src/install/turtlebot3_msgs/include/turtlebot3_msgs/turtlebot3_msgs/msg/sensor_state.hpp
[1.588s] -- Up-to-date: /home/student/ros2_ws/src/install/turtlebot3_msgs/include/turtlebot3_msgs/turtlebot3_msgs/msg/detail
[1.588s] -- Installing: /home/student/ros2_ws/src/install/turtlebot3_msgs/include/turtlebot3_msgs/turtlebot3_msgs/msg/detail/sensor_state__builder.hpp
[1.588s] -- Installing: /home/student/ros2_ws/src/install/turtlebot3_msgs/include/turtlebot3_msgs/turtlebot3_msgs/msg/detail/sound__traits.hpp
[1.588s] -- Installing: /home/student/ros2_ws/src/install/turtlebot3_msgs/include/turtlebot3_msgs/turtlebot3_msgs/msg/detail/version_info__traits.hpp
[1.588s] -- Installing: /home/student/ros2_ws/src/install/turtlebot3_msgs/include/turtlebot3_msgs/turtlebot3_msgs/msg/detail/sound__struct.hpp
[1.588s] -- Installing: /home/student/ros2_ws/src/install/turtlebot3_msgs/include/turtlebot3_msgs/turtlebot3_msgs/msg/detail/sound__builder.hpp
[1.588s] -- Installing: /home/student/ros2_ws/src/install/turtlebot3_msgs/include/turtlebot3_msgs/turtlebot3_msgs/msg/detail/version_info__struct.hpp
[1.589s] -- Installing: /home/student/ros2_ws/src/install/turtlebot3_msgs/include/turtlebot3_msgs/turtlebot3_msgs/msg/detail/version_info__builder.hpp
[1.589s] -- Installing: /home/student/ros2_ws/src/install/turtlebot3_msgs/include/turtlebot3_msgs/turtlebot3_msgs/msg/detail/sensor_state__traits.hpp
[1.592s] -- Installing: /home/student/ros2_ws/src/install/turtlebot3_msgs/include/turtlebot3_msgs/turtlebot3_msgs/msg/detail/sensor_state__struct.hpp
[1.592s] -- Up-to-date: /home/student/ros2_ws/src/install/turtlebot3_msgs/include/turtlebot3_msgs/turtlebot3_msgs/action
[1.592s] -- Up-to-date: /home/student/ros2_ws/src/install/turtlebot3_msgs/include/turtlebot3_msgs/turtlebot3_msgs/action/detail
[1.592s] -- Installing: /home/student/ros2_ws/src/install/turtlebot3_msgs/include/turtlebot3_msgs/turtlebot3_msgs/action/detail/patrol__builder.hpp
[1.594s] -- Installing: /home/student/ros2_ws/src/install/turtlebot3_msgs/include/turtlebot3_msgs/turtlebot3_msgs/action/detail/patrol__traits.hpp
[1.595s] -- Installing: /home/student/ros2_ws/src/install/turtlebot3_msgs/include/turtlebot3_msgs/turtlebot3_msgs/action/detail/patrol__struct.hpp
[1.595s] -- Installing: /home/student/ros2_ws/src/install/turtlebot3_msgs/include/turtlebot3_msgs/turtlebot3_msgs/action/patrol.hpp
[1.595s] -- Up-to-date: /home/student/ros2_ws/src/install/turtlebot3_msgs/include/turtlebot3_msgs/turtlebot3_msgs/srv
[1.595s] -- Installing: /home/student/ros2_ws/src/install/turtlebot3_msgs/include/turtlebot3_msgs/turtlebot3_msgs/srv/sound.hpp
[1.595s] -- Installing: /home/student/ros2_ws/src/install/turtlebot3_msgs/include/turtlebot3_msgs/turtlebot3_msgs/srv/dqn.hpp
[1.595s] -- Up-to-date: /home/student/ros2_ws/src/install/turtlebot3_msgs/include/turtlebot3_msgs/turtlebot3_msgs/srv/detail
[1.595s] -- Installing: /home/student/ros2_ws/src/install/turtlebot3_msgs/include/turtlebot3_msgs/turtlebot3_msgs/srv/detail/sound__traits.hpp
[1.595s] -- Installing: /home/student/ros2_ws/src/install/turtlebot3_msgs/include/turtlebot3_msgs/turtlebot3_msgs/srv/detail/dqn__builder.hpp
[1.596s] -- Installing: /home/student/ros2_ws/src/install/turtlebot3_msgs/include/turtlebot3_msgs/turtlebot3_msgs/srv/detail/dqn__struct.hpp
[1.596s] -- Installing: /home/student/ros2_ws/src/install/turtlebot3_msgs/include/turtlebot3_msgs/turtlebot3_msgs/srv/detail/sound__struct.hpp
[1.596s] -- Installing: /home/student/ros2_ws/src/install/turtlebot3_msgs/include/turtlebot3_msgs/turtlebot3_msgs/srv/detail/sound__builder.hpp
[1.596s] -- Installing: /home/student/ros2_ws/src/install/turtlebot3_msgs/include/turtlebot3_msgs/turtlebot3_msgs/srv/detail/dqn__traits.hpp
[1.596s] -- Up-to-date: /home/student/ros2_ws/src/install/turtlebot3_msgs/include/turtlebot3_msgs/turtlebot3_msgs
[1.596s] -- Up-to-date: /home/student/ros2_ws/src/install/turtlebot3_msgs/include/turtlebot3_msgs/turtlebot3_msgs/msg
[1.596s] -- Installing: /home/student/ros2_ws/src/install/turtlebot3_msgs/include/turtlebot3_msgs/turtlebot3_msgs/msg/rosidl_typesupport_fastrtps_cpp__visibility_control.h
[1.596s] -- Up-to-date: /home/student/ros2_ws/src/install/turtlebot3_msgs/include/turtlebot3_msgs/turtlebot3_msgs/msg/detail
[1.597s] -- Installing: /home/student/ros2_ws/src/install/turtlebot3_msgs/include/turtlebot3_msgs/turtlebot3_msgs/msg/detail/dds_fastrtps
[1.597s] -- Installing: /home/student/ros2_ws/src/install/turtlebot3_msgs/include/turtlebot3_msgs/turtlebot3_msgs/msg/detail/sound__rosidl_typesupport_fastrtps_cpp.hpp
[1.597s] -- Installing: /home/student/ros2_ws/src/install/turtlebot3_msgs/include/turtlebot3_msgs/turtlebot3_msgs/msg/detail/sensor_state__rosidl_typesupport_fastrtps_cpp.hpp
[1.597s] -- Installing: /home/student/ros2_ws/src/install/turtlebot3_msgs/include/turtlebot3_msgs/turtlebot3_msgs/msg/detail/version_info__rosidl_typesupport_fastrtps_cpp.hpp
[1.597s] -- Up-to-date: /home/student/ros2_ws/src/install/turtlebot3_msgs/include/turtlebot3_msgs/turtlebot3_msgs/action
[1.597s] -- Up-to-date: /home/student/ros2_ws/src/install/turtlebot3_msgs/include/turtlebot3_msgs/turtlebot3_msgs/action/detail
[1.597s] -- Installing: /home/student/ros2_ws/src/install/turtlebot3_msgs/include/turtlebot3_msgs/turtlebot3_msgs/action/detail/dds_fastrtps
[1.598s] -- Installing: /home/student/ros2_ws/src/install/turtlebot3_msgs/include/turtlebot3_msgs/turtlebot3_msgs/action/detail/patrol__rosidl_typesupport_fastrtps_cpp.hpp
[1.610s] -- Up-to-date: /home/student/ros2_ws/src/install/turtlebot3_msgs/include/turtlebot3_msgs/turtlebot3_msgs/srv
[1.610s] -- Up-to-date: /home/student/ros2_ws/src/install/turtlebot3_msgs/include/turtlebot3_msgs/turtlebot3_msgs/srv/detail
[1.610s] -- Installing: /home/student/ros2_ws/src/install/turtlebot3_msgs/include/turtlebot3_msgs/turtlebot3_msgs/srv/detail/dds_fastrtps
[1.610s] -- Installing: /home/student/ros2_ws/src/install/turtlebot3_msgs/include/turtlebot3_msgs/turtlebot3_msgs/srv/detail/sound__rosidl_typesupport_fastrtps_cpp.hpp
[1.610s] -- Installing: /home/student/ros2_ws/src/install/turtlebot3_msgs/include/turtlebot3_msgs/turtlebot3_msgs/srv/detail/dqn__rosidl_typesupport_fastrtps_cpp.hpp
[1.611s] -- Installing: /home/student/ros2_ws/src/install/turtlebot3_msgs/lib/libturtlebot3_msgs__rosidl_typesupport_fastrtps_cpp.so
[1.611s] -- Set runtime path of "/home/student/ros2_ws/src/install/turtlebot3_msgs/lib/libturtlebot3_msgs__rosidl_typesupport_fastrtps_cpp.so" to ""
[1.611s] -- Up-to-date: /home/student/ros2_ws/src/install/turtlebot3_msgs/include/turtlebot3_msgs/turtlebot3_msgs
[1.611s] -- Up-to-date: /home/student/ros2_ws/src/install/turtlebot3_msgs/include/turtlebot3_msgs/turtlebot3_msgs/msg
[1.611s] -- Installing: /home/student/ros2_ws/src/install/turtlebot3_msgs/include/turtlebot3_msgs/turtlebot3_msgs/msg/rosidl_typesupport_introspection_c__visibility_control.h
[1.611s] -- Up-to-date: /home/student/ros2_ws/src/install/turtlebot3_msgs/include/turtlebot3_msgs/turtlebot3_msgs/msg/detail
[1.611s] -- Installing: /home/student/ros2_ws/src/install/turtlebot3_msgs/include/turtlebot3_msgs/turtlebot3_msgs/msg/detail/sound__rosidl_typesupport_introspection_c.h
[1.612s] -- Installing: /home/student/ros2_ws/src/install/turtlebot3_msgs/include/turtlebot3_msgs/turtlebot3_msgs/msg/detail/version_info__rosidl_typesupport_introspection_c.h
[1.612s] -- Installing: /home/student/ros2_ws/src/install/turtlebot3_msgs/include/turtlebot3_msgs/turtlebot3_msgs/msg/detail/sound__type_support.c
[1.612s] -- Installing: /home/student/ros2_ws/src/install/turtlebot3_msgs/include/turtlebot3_msgs/turtlebot3_msgs/msg/detail/version_info__type_support.c
[1.612s] -- Installing: /home/student/ros2_ws/src/install/turtlebot3_msgs/include/turtlebot3_msgs/turtlebot3_msgs/msg/detail/sensor_state__rosidl_typesupport_introspection_c.h
[1.612s] -- Installing: /home/student/ros2_ws/src/install/turtlebot3_msgs/include/turtlebot3_msgs/turtlebot3_msgs/msg/detail/sensor_state__type_support.c
[1.612s] -- Up-to-date: /home/student/ros2_ws/src/install/turtlebot3_msgs/include/turtlebot3_msgs/turtlebot3_msgs/action
[1.612s] -- Up-to-date: /home/student/ros2_ws/src/install/turtlebot3_msgs/include/turtlebot3_msgs/turtlebot3_msgs/action/detail
[1.613s] -- Installing: /home/student/ros2_ws/src/install/turtlebot3_msgs/include/turtlebot3_msgs/turtlebot3_msgs/action/detail/patrol__type_support.c
[1.613s] -- Installing: /home/student/ros2_ws/src/install/turtlebot3_msgs/include/turtlebot3_msgs/turtlebot3_msgs/action/detail/patrol__rosidl_typesupport_introspection_c.h
[1.613s] -- Up-to-date: /home/student/ros2_ws/src/install/turtlebot3_msgs/include/turtlebot3_msgs/turtlebot3_msgs/srv
[1.613s] -- Up-to-date: /home/student/ros2_ws/src/install/turtlebot3_msgs/include/turtlebot3_msgs/turtlebot3_msgs/srv/detail
[1.613s] -- Installing: /home/student/ros2_ws/src/install/turtlebot3_msgs/include/turtlebot3_msgs/turtlebot3_msgs/srv/detail/sound__rosidl_typesupport_introspection_c.h
[1.613s] -- Installing: /home/student/ros2_ws/src/install/turtlebot3_msgs/include/turtlebot3_msgs/turtlebot3_msgs/srv/detail/dqn__type_support.c
[1.613s] -- Installing: /home/student/ros2_ws/src/install/turtlebot3_msgs/include/turtlebot3_msgs/turtlebot3_msgs/srv/detail/sound__type_support.c
[1.613s] -- Installing: /home/student/ros2_ws/src/install/turtlebot3_msgs/include/turtlebot3_msgs/turtlebot3_msgs/srv/detail/dqn__rosidl_typesupport_introspection_c.h
[1.613s] -- Installing: /home/student/ros2_ws/src/install/turtlebot3_msgs/lib/libturtlebot3_msgs__rosidl_typesupport_introspection_c.so
[1.613s] -- Set runtime path of "/home/student/ros2_ws/src/install/turtlebot3_msgs/lib/libturtlebot3_msgs__rosidl_typesupport_introspection_c.so" to ""
[1.614s] -- Installing: /home/student/ros2_ws/src/install/turtlebot3_msgs/lib/libturtlebot3_msgs__rosidl_typesupport_c.so
[1.617s] -- Set runtime path of "/home/student/ros2_ws/src/install/turtlebot3_msgs/lib/libturtlebot3_msgs__rosidl_typesupport_c.so" to ""
[1.617s] -- Up-to-date: /home/student/ros2_ws/src/install/turtlebot3_msgs/include/turtlebot3_msgs/turtlebot3_msgs
[1.617s] -- Up-to-date: /home/student/ros2_ws/src/install/turtlebot3_msgs/include/turtlebot3_msgs/turtlebot3_msgs/msg
[1.617s] -- Up-to-date: /home/student/ros2_ws/src/install/turtlebot3_msgs/include/turtlebot3_msgs/turtlebot3_msgs/msg/detail
[1.617s] -- Installing: /home/student/ros2_ws/src/install/turtlebot3_msgs/include/turtlebot3_msgs/turtlebot3_msgs/msg/detail/sound__rosidl_typesupport_introspection_cpp.hpp
[1.617s] -- Installing: /home/student/ros2_ws/src/install/turtlebot3_msgs/include/turtlebot3_msgs/turtlebot3_msgs/msg/detail/version_info__rosidl_typesupport_introspection_cpp.hpp
[1.618s] -- Installing: /home/student/ros2_ws/src/install/turtlebot3_msgs/include/turtlebot3_msgs/turtlebot3_msgs/msg/detail/sensor_state__type_support.cpp
[1.618s] -- Installing: /home/student/ros2_ws/src/install/turtlebot3_msgs/include/turtlebot3_msgs/turtlebot3_msgs/msg/detail/version_info__type_support.cpp
[1.618s] -- Installing: /home/student/ros2_ws/src/install/turtlebot3_msgs/include/turtlebot3_msgs/turtlebot3_msgs/msg/detail/sensor_state__rosidl_typesupport_introspection_cpp.hpp
[1.618s] -- Installing: /home/student/ros2_ws/src/install/turtlebot3_msgs/include/turtlebot3_msgs/turtlebot3_msgs/msg/detail/sound__type_support.cpp
[1.618s] -- Up-to-date: /home/student/ros2_ws/src/install/turtlebot3_msgs/include/turtlebot3_msgs/turtlebot3_msgs/action
[1.619s] -- Up-to-date: /home/student/ros2_ws/src/install/turtlebot3_msgs/include/turtlebot3_msgs/turtlebot3_msgs/action/detail
[1.619s] -- Installing: /home/student/ros2_ws/src/install/turtlebot3_msgs/include/turtlebot3_msgs/turtlebot3_msgs/action/detail/patrol__type_support.cpp
[1.619s] -- Installing: /home/student/ros2_ws/src/install/turtlebot3_msgs/include/turtlebot3_msgs/turtlebot3_msgs/action/detail/patrol__rosidl_typesupport_introspection_cpp.hpp
[1.619s] -- Up-to-date: /home/student/ros2_ws/src/install/turtlebot3_msgs/include/turtlebot3_msgs/turtlebot3_msgs/srv
[1.619s] -- Up-to-date: /home/student/ros2_ws/src/install/turtlebot3_msgs/include/turtlebot3_msgs/turtlebot3_msgs/srv/detail
[1.619s] -- Installing: /home/student/ros2_ws/src/install/turtlebot3_msgs/include/turtlebot3_msgs/turtlebot3_msgs/srv/detail/sound__rosidl_typesupport_introspection_cpp.hpp
[1.619s] -- Installing: /home/student/ros2_ws/src/install/turtlebot3_msgs/include/turtlebot3_msgs/turtlebot3_msgs/srv/detail/dqn__type_support.cpp
[1.619s] -- Installing: /home/student/ros2_ws/src/install/turtlebot3_msgs/include/turtlebot3_msgs/turtlebot3_msgs/srv/detail/dqn__rosidl_typesupport_introspection_cpp.hpp
[1.620s] -- Installing: /home/student/ros2_ws/src/install/turtlebot3_msgs/include/turtlebot3_msgs/turtlebot3_msgs/srv/detail/sound__type_support.cpp
[1.620s] -- Installing: /home/student/ros2_ws/src/install/turtlebot3_msgs/lib/libturtlebot3_msgs__rosidl_typesupport_introspection_cpp.so
[1.620s] -- Set runtime path of "/home/student/ros2_ws/src/install/turtlebot3_msgs/lib/libturtlebot3_msgs__rosidl_typesupport_introspection_cpp.so" to ""
[1.620s] -- Installing: /home/student/ros2_ws/src/install/turtlebot3_msgs/lib/libturtlebot3_msgs__rosidl_typesupport_cpp.so
[1.620s] -- Set runtime path of "/home/student/ros2_ws/src/install/turtlebot3_msgs/lib/libturtlebot3_msgs__rosidl_typesupport_cpp.so" to ""
[1.620s] -- Installing: /home/student/ros2_ws/src/install/turtlebot3_msgs/share/turtlebot3_msgs/environment/pythonpath.sh
[1.620s] -- Installing: /home/student/ros2_ws/src/install/turtlebot3_msgs/share/turtlebot3_msgs/environment/pythonpath.dsv
[1.620s] -- Installing: /home/student/ros2_ws/src/install/turtlebot3_msgs/local/lib/python3.10/dist-packages/turtlebot3_msgs-2.2.3-py3.10.egg-info
[1.626s] -- Installing: /home/student/ros2_ws/src/install/turtlebot3_msgs/local/lib/python3.10/dist-packages/turtlebot3_msgs-2.2.3-py3.10.egg-info/dependency_links.txt
[1.626s] -- Installing: /home/student/ros2_ws/src/install/turtlebot3_msgs/local/lib/python3.10/dist-packages/turtlebot3_msgs-2.2.3-py3.10.egg-info/PKG-INFO
[1.626s] -- Installing: /home/student/ros2_ws/src/install/turtlebot3_msgs/local/lib/python3.10/dist-packages/turtlebot3_msgs-2.2.3-py3.10.egg-info/top_level.txt
[1.626s] -- Installing: /home/student/ros2_ws/src/install/turtlebot3_msgs/local/lib/python3.10/dist-packages/turtlebot3_msgs-2.2.3-py3.10.egg-info/SOURCES.txt
[1.626s] -- Installing: /home/student/ros2_ws/src/install/turtlebot3_msgs/local/lib/python3.10/dist-packages/turtlebot3_msgs
[1.627s] -- Installing: /home/student/ros2_ws/src/install/turtlebot3_msgs/local/lib/python3.10/dist-packages/turtlebot3_msgs/msg
[1.627s] -- Installing: /home/student/ros2_ws/src/install/turtlebot3_msgs/local/lib/python3.10/dist-packages/turtlebot3_msgs/msg/_sensor_state_s.c
[1.627s] -- Installing: /home/student/ros2_ws/src/install/turtlebot3_msgs/local/lib/python3.10/dist-packages/turtlebot3_msgs/msg/__init__.py
[1.627s] -- Installing: /home/student/ros2_ws/src/install/turtlebot3_msgs/local/lib/python3.10/dist-packages/turtlebot3_msgs/msg/_sensor_state.py
[1.627s] -- Installing: /home/student/ros2_ws/src/install/turtlebot3_msgs/local/lib/python3.10/dist-packages/turtlebot3_msgs/msg/_sound.py
[1.627s] -- Installing: /home/student/ros2_ws/src/install/turtlebot3_msgs/local/lib/python3.10/dist-packages/turtlebot3_msgs/msg/_version_info_s.c
[1.627s] -- Installing: /home/student/ros2_ws/src/install/turtlebot3_msgs/local/lib/python3.10/dist-packages/turtlebot3_msgs/msg/_sound_s.c
[1.628s] -- Installing: /home/student/ros2_ws/src/install/turtlebot3_msgs/local/lib/python3.10/dist-packages/turtlebot3_msgs/msg/_version_info.py
[1.628s] -- Installing: /home/student/ros2_ws/src/install/turtlebot3_msgs/local/lib/python3.10/dist-packages/turtlebot3_msgs/__init__.py
[1.628s] -- Installing: /home/student/ros2_ws/src/install/turtlebot3_msgs/local/lib/python3.10/dist-packages/turtlebot3_msgs/turtlebot3_msgs_s__rosidl_typesupport_introspection_c.cpython-310-x86_64-linux-gnu.so
[1.628s] -- Installing: /home/student/ros2_ws/src/install/turtlebot3_msgs/local/lib/python3.10/dist-packages/turtlebot3_msgs/action
[1.628s] -- Installing: /home/student/ros2_ws/src/install/turtlebot3_msgs/local/lib/python3.10/dist-packages/turtlebot3_msgs/action/_patrol.py
[1.628s] -- Installing: /home/student/ros2_ws/src/install/turtlebot3_msgs/local/lib/python3.10/dist-packages/turtlebot3_msgs/action/__init__.py
[1.628s] -- Installing: /home/student/ros2_ws/src/install/turtlebot3_msgs/local/lib/python3.10/dist-packages/turtlebot3_msgs/action/_patrol_s.c
[1.628s] -- Installing: /home/student/ros2_ws/src/install/turtlebot3_msgs/local/lib/python3.10/dist-packages/turtlebot3_msgs/srv
[1.629s] -- Installing: /home/student/ros2_ws/src/install/turtlebot3_msgs/local/lib/python3.10/dist-packages/turtlebot3_msgs/srv/__init__.py
[1.633s] -- Installing: /home/student/ros2_ws/src/install/turtlebot3_msgs/local/lib/python3.10/dist-packages/turtlebot3_msgs/srv/_sound.py
[1.635s] -- Installing: /home/student/ros2_ws/src/install/turtlebot3_msgs/local/lib/python3.10/dist-packages/turtlebot3_msgs/srv/_dqn.py
[1.635s] -- Installing: /home/student/ros2_ws/src/install/turtlebot3_msgs/local/lib/python3.10/dist-packages/turtlebot3_msgs/srv/_sound_s.c
[1.635s] -- Installing: /home/student/ros2_ws/src/install/turtlebot3_msgs/local/lib/python3.10/dist-packages/turtlebot3_msgs/srv/_dqn_s.c
[1.636s] -- Installing: /home/student/ros2_ws/src/install/turtlebot3_msgs/local/lib/python3.10/dist-packages/turtlebot3_msgs/turtlebot3_msgs_s__rosidl_typesupport_fastrtps_c.cpython-310-x86_64-linux-gnu.so
[1.636s] -- Installing: /home/student/ros2_ws/src/install/turtlebot3_msgs/local/lib/python3.10/dist-packages/turtlebot3_msgs/_turtlebot3_msgs_s.ep.rosidl_typesupport_fastrtps_c.c
[1.636s] -- Installing: /home/student/ros2_ws/src/install/turtlebot3_msgs/local/lib/python3.10/dist-packages/turtlebot3_msgs/turtlebot3_msgs_s__rosidl_typesupport_c.cpython-310-x86_64-linux-gnu.so
[1.636s] -- Installing: /home/student/ros2_ws/src/install/turtlebot3_msgs/local/lib/python3.10/dist-packages/turtlebot3_msgs/libturtlebot3_msgs__rosidl_generator_py.so
[1.636s] -- Installing: /home/student/ros2_ws/src/install/turtlebot3_msgs/local/lib/python3.10/dist-packages/turtlebot3_msgs/_turtlebot3_msgs_s.ep.rosidl_typesupport_c.c
[1.636s] -- Installing: /home/student/ros2_ws/src/install/turtlebot3_msgs/local/lib/python3.10/dist-packages/turtlebot3_msgs/_turtlebot3_msgs_s.ep.rosidl_typesupport_introspection_c.c
[1.707s] Listing '/home/student/ros2_ws/src/install/turtlebot3_msgs/local/lib/python3.10/dist-packages/turtlebot3_msgs'...
[1.707s] Compiling '/home/student/ros2_ws/src/install/turtlebot3_msgs/local/lib/python3.10/dist-packages/turtlebot3_msgs/__init__.py'...
[1.708s] Listing '/home/student/ros2_ws/src/install/turtlebot3_msgs/local/lib/python3.10/dist-packages/turtlebot3_msgs/action'...
[1.708s] Compiling '/home/student/ros2_ws/src/install/turtlebot3_msgs/local/lib/python3.10/dist-packages/turtlebot3_msgs/action/__init__.py'...
[1.708s] Compiling '/home/student/ros2_ws/src/install/turtlebot3_msgs/local/lib/python3.10/dist-packages/turtlebot3_msgs/action/_patrol.py'...
[1.708s] Listing '/home/student/ros2_ws/src/install/turtlebot3_msgs/local/lib/python3.10/dist-packages/turtlebot3_msgs/msg'...
[1.708s] Compiling '/home/student/ros2_ws/src/install/turtlebot3_msgs/local/lib/python3.10/dist-packages/turtlebot3_msgs/msg/__init__.py'...
[1.708s] Compiling '/home/student/ros2_ws/src/install/turtlebot3_msgs/local/lib/python3.10/dist-packages/turtlebot3_msgs/msg/_sensor_state.py'...
[1.708s] Compiling '/home/student/ros2_ws/src/install/turtlebot3_msgs/local/lib/python3.10/dist-packages/turtlebot3_msgs/msg/_sound.py'...
[1.708s] Compiling '/home/student/ros2_ws/src/install/turtlebot3_msgs/local/lib/python3.10/dist-packages/turtlebot3_msgs/msg/_version_info.py'...
[1.709s] Listing '/home/student/ros2_ws/src/install/turtlebot3_msgs/local/lib/python3.10/dist-packages/turtlebot3_msgs/srv'...
[1.709s] Compiling '/home/student/ros2_ws/src/install/turtlebot3_msgs/local/lib/python3.10/dist-packages/turtlebot3_msgs/srv/__init__.py'...
[1.709s] Compiling '/home/student/ros2_ws/src/install/turtlebot3_msgs/local/lib/python3.10/dist-packages/turtlebot3_msgs/srv/_dqn.py'...
[1.709s] Compiling '/home/student/ros2_ws/src/install/turtlebot3_msgs/local/lib/python3.10/dist-packages/turtlebot3_msgs/srv/_sound.py'...
[1.714s] -- Installing: /home/student/ros2_ws/src/install/turtlebot3_msgs/local/lib/python3.10/dist-packages/turtlebot3_msgs/turtlebot3_msgs_s__rosidl_typesupport_fastrtps_c.cpython-310-x86_64-linux-gnu.so
[1.714s] -- Set runtime path of "/home/student/ros2_ws/src/install/turtlebot3_msgs/local/lib/python3.10/dist-packages/turtlebot3_msgs/turtlebot3_msgs_s__rosidl_typesupport_fastrtps_c.cpython-310-x86_64-linux-gnu.so" to ""
[1.717s] -- Installing: /home/student/ros2_ws/src/install/turtlebot3_msgs/local/lib/python3.10/dist-packages/turtlebot3_msgs/turtlebot3_msgs_s__rosidl_typesupport_introspection_c.cpython-310-x86_64-linux-gnu.so
[1.719s] -- Set runtime path of "/home/student/ros2_ws/src/install/turtlebot3_msgs/local/lib/python3.10/dist-packages/turtlebot3_msgs/turtlebot3_msgs_s__rosidl_typesupport_introspection_c.cpython-310-x86_64-linux-gnu.so" to ""
[1.719s] -- Installing: /home/student/ros2_ws/src/install/turtlebot3_msgs/local/lib/python3.10/dist-packages/turtlebot3_msgs/turtlebot3_msgs_s__rosidl_typesupport_c.cpython-310-x86_64-linux-gnu.so
[1.720s] -- Set runtime path of "/home/student/ros2_ws/src/install/turtlebot3_msgs/local/lib/python3.10/dist-packages/turtlebot3_msgs/turtlebot3_msgs_s__rosidl_typesupport_c.cpython-310-x86_64-linux-gnu.so" to ""
[1.720s] -- Installing: /home/student/ros2_ws/src/install/turtlebot3_msgs/lib/libturtlebot3_msgs__rosidl_generator_py.so
[1.720s] -- Set runtime path of "/home/student/ros2_ws/src/install/turtlebot3_msgs/lib/libturtlebot3_msgs__rosidl_generator_py.so" to ""
[1.721s] -- Installing: /home/student/ros2_ws/src/install/turtlebot3_msgs/share/turtlebot3_msgs/msg/SensorState.idl
[1.721s] -- Installing: /home/student/ros2_ws/src/install/turtlebot3_msgs/share/turtlebot3_msgs/msg/Sound.idl
[1.721s] -- Installing: /home/student/ros2_ws/src/install/turtlebot3_msgs/share/turtlebot3_msgs/msg/VersionInfo.idl
[1.721s] -- Installing: /home/student/ros2_ws/src/install/turtlebot3_msgs/share/turtlebot3_msgs/srv/Sound.idl
[1.721s] -- Installing: /home/student/ros2_ws/src/install/turtlebot3_msgs/share/turtlebot3_msgs/srv/Dqn.idl
[1.722s] -- Installing: /home/student/ros2_ws/src/install/turtlebot3_msgs/share/turtlebot3_msgs/action/Patrol.idl
[1.722s] -- Installing: /home/student/ros2_ws/src/install/turtlebot3_msgs/share/turtlebot3_msgs/msg/SensorState.msg
[1.722s] -- Installing: /home/student/ros2_ws/src/install/turtlebot3_msgs/share/turtlebot3_msgs/msg/Sound.msg
[1.724s] -- Installing: /home/student/ros2_ws/src/install/turtlebot3_msgs/share/turtlebot3_msgs/msg/VersionInfo.msg
[1.724s] -- Installing: /home/student/ros2_ws/src/install/turtlebot3_msgs/share/turtlebot3_msgs/srv/Sound.srv
[1.724s] -- Installing: /home/student/ros2_ws/src/install/turtlebot3_msgs/share/turtlebot3_msgs/srv/Sound_Request.msg
[1.724s] -- Installing: /home/student/ros2_ws/src/install/turtlebot3_msgs/share/turtlebot3_msgs/srv/Sound_Response.msg
[1.724s] -- Installing: /home/student/ros2_ws/src/install/turtlebot3_msgs/share/turtlebot3_msgs/srv/Dqn.srv
[1.724s] -- Installing: /home/student/ros2_ws/src/install/turtlebot3_msgs/share/turtlebot3_msgs/srv/Dqn_Request.msg
[1.725s] -- Installing: /home/student/ros2_ws/src/install/turtlebot3_msgs/share/turtlebot3_msgs/srv/Dqn_Response.msg
[1.725s] -- Installing: /home/student/ros2_ws/src/install/turtlebot3_msgs/share/turtlebot3_msgs/action/Patrol.action
[1.725s] -- Installing: /home/student/ros2_ws/src/install/turtlebot3_msgs/share/ament_index/resource_index/package_run_dependencies/turtlebot3_msgs
[1.729s] -- Installing: /home/student/ros2_ws/src/install/turtlebot3_msgs/share/ament_index/resource_index/parent_prefix_path/turtlebot3_msgs
[1.729s] -- Installing: /home/student/ros2_ws/src/install/turtlebot3_msgs/share/turtlebot3_msgs/environment/ament_prefix_path.sh
[1.729s] -- Installing: /home/student/ros2_ws/src/install/turtlebot3_msgs/share/turtlebot3_msgs/environment/ament_prefix_path.dsv
[1.729s] -- Installing: /home/student/ros2_ws/src/install/turtlebot3_msgs/share/turtlebot3_msgs/environment/path.sh
[1.729s] -- Installing: /home/student/ros2_ws/src/install/turtlebot3_msgs/share/turtlebot3_msgs/environment/path.dsv
[1.730s] -- Installing: /home/student/ros2_ws/src/install/turtlebot3_msgs/share/turtlebot3_msgs/local_setup.bash
[1.730s] -- Installing: /home/student/ros2_ws/src/install/turtlebot3_msgs/share/turtlebot3_msgs/local_setup.sh
[1.730s] -- Installing: /home/student/ros2_ws/src/install/turtlebot3_msgs/share/turtlebot3_msgs/local_setup.zsh
[1.730s] -- Installing: /home/student/ros2_ws/src/install/turtlebot3_msgs/share/turtlebot3_msgs/local_setup.dsv
[1.730s] -- Installing: /home/student/ros2_ws/src/install/turtlebot3_msgs/share/turtlebot3_msgs/package.dsv
[1.731s] -- Installing: /home/student/ros2_ws/src/install/turtlebot3_msgs/share/ament_index/resource_index/packages/turtlebot3_msgs
[1.731s] -- Installing: /home/student/ros2_ws/src/install/turtlebot3_msgs/share/turtlebot3_msgs/cmake/export_turtlebot3_msgs__rosidl_generator_cExport.cmake
[1.731s] -- Installing: /home/student/ros2_ws/src/install/turtlebot3_msgs/share/turtlebot3_msgs/cmake/export_turtlebot3_msgs__rosidl_generator_cExport-noconfig.cmake
[1.731s] -- Installing: /home/student/ros2_ws/src/install/turtlebot3_msgs/share/turtlebot3_msgs/cmake/export_turtlebot3_msgs__rosidl_typesupport_fastrtps_cExport.cmake
[1.731s] -- Installing: /home/student/ros2_ws/src/install/turtlebot3_msgs/share/turtlebot3_msgs/cmake/export_turtlebot3_msgs__rosidl_typesupport_fastrtps_cExport-noconfig.cmake
[1.732s] -- Installing: /home/student/ros2_ws/src/install/turtlebot3_msgs/share/turtlebot3_msgs/cmake/export_turtlebot3_msgs__rosidl_generator_cppExport.cmake
[1.732s] -- Installing: /home/student/ros2_ws/src/install/turtlebot3_msgs/share/turtlebot3_msgs/cmake/export_turtlebot3_msgs__rosidl_typesupport_fastrtps_cppExport.cmake
[1.732s] -- Installing: /home/student/ros2_ws/src/install/turtlebot3_msgs/share/turtlebot3_msgs/cmake/export_turtlebot3_msgs__rosidl_typesupport_fastrtps_cppExport-noconfig.cmake
[1.732s] -- Installing: /home/student/ros2_ws/src/install/turtlebot3_msgs/share/turtlebot3_msgs/cmake/turtlebot3_msgs__rosidl_typesupport_introspection_cExport.cmake
[1.733s] -- Installing: /home/student/ros2_ws/src/install/turtlebot3_msgs/share/turtlebot3_msgs/cmake/turtlebot3_msgs__rosidl_typesupport_introspection_cExport-noconfig.cmake
[1.733s] -- Installing: /home/student/ros2_ws/src/install/turtlebot3_msgs/share/turtlebot3_msgs/cmake/turtlebot3_msgs__rosidl_typesupport_cExport.cmake
[1.734s] -- Installing: /home/student/ros2_ws/src/install/turtlebot3_msgs/share/turtlebot3_msgs/cmake/turtlebot3_msgs__rosidl_typesupport_cExport-noconfig.cmake
[1.734s] -- Installing: /home/student/ros2_ws/src/install/turtlebot3_msgs/share/turtlebot3_msgs/cmake/turtlebot3_msgs__rosidl_typesupport_introspection_cppExport.cmake
[1.734s] -- Installing: /home/student/ros2_ws/src/install/turtlebot3_msgs/share/turtlebot3_msgs/cmake/turtlebot3_msgs__rosidl_typesupport_introspection_cppExport-noconfig.cmake
[1.734s] -- Installing: /home/student/ros2_ws/src/install/turtlebot3_msgs/share/turtlebot3_msgs/cmake/turtlebot3_msgs__rosidl_typesupport_cppExport.cmake
[1.734s] -- Installing: /home/student/ros2_ws/src/install/turtlebot3_msgs/share/turtlebot3_msgs/cmake/turtlebot3_msgs__rosidl_typesupport_cppExport-noconfig.cmake
[1.734s] -- Installing: /home/student/ros2_ws/src/install/turtlebot3_msgs/share/turtlebot3_msgs/cmake/export_turtlebot3_msgs__rosidl_generator_pyExport.cmake
[1.734s] -- Installing: /home/student/ros2_ws/src/install/turtlebot3_msgs/share/turtlebot3_msgs/cmake/export_turtlebot3_msgs__rosidl_generator_pyExport-noconfig.cmake
[1.735s] -- Installing: /home/student/ros2_ws/src/install/turtlebot3_msgs/share/turtlebot3_msgs/cmake/rosidl_cmake-extras.cmake
[1.735s] -- Installing: /home/student/ros2_ws/src/install/turtlebot3_msgs/share/turtlebot3_msgs/cmake/ament_cmake_export_dependencies-extras.cmake
[1.735s] -- Installing: /home/student/ros2_ws/src/install/turtlebot3_msgs/share/turtlebot3_msgs/cmake/ament_cmake_export_include_directories-extras.cmake
[1.735s] -- Installing: /home/student/ros2_ws/src/install/turtlebot3_msgs/share/turtlebot3_msgs/cmake/ament_cmake_export_libraries-extras.cmake
[1.735s] -- Installing: /home/student/ros2_ws/src/install/turtlebot3_msgs/share/turtlebot3_msgs/cmake/ament_cmake_export_targets-extras.cmake
[1.735s] -- Installing: /home/student/ros2_ws/src/install/turtlebot3_msgs/share/turtlebot3_msgs/cmake/rosidl_cmake_export_typesupport_targets-extras.cmake
[1.735s] -- Installing: /home/student/ros2_ws/src/install/turtlebot3_msgs/share/turtlebot3_msgs/cmake/rosidl_cmake_export_typesupport_libraries-extras.cmake
[1.739s] -- Installing: /home/student/ros2_ws/src/install/turtlebot3_msgs/share/turtlebot3_msgs/cmake/turtlebot3_msgsConfig.cmake
[1.739s] -- Installing: /home/student/ros2_ws/src/install/turtlebot3_msgs/share/turtlebot3_msgs/cmake/turtlebot3_msgsConfig-version.cmake
[1.739s] -- Installing: /home/student/ros2_ws/src/install/turtlebot3_msgs/share/turtlebot3_msgs/package.xml
[1.741s] Invoked command in '/home/student/ros2_ws/src/build/turtlebot3_msgs' returned '0': CMAKE_PREFIX_PATH=${CMAKE_PREFIX_PATH}:/home/student/ros2_ws/install/turtlebot3_teleop:/home/student/ros2_ws/install/turtlebot3_example:/opt/ros/humble /usr/bin/cmake --install /home/student/ros2_ws/src/build/turtlebot3_msgs
