[0.034s] Invoking command in '/home/student/ros2_ws/src/build/turtlebot3_cartographer': CMAKE_PREFIX_PATH=${CMAKE_PREFIX_PATH}:/home/student/ros2_ws/install/turtlebot3_teleop:/home/student/ros2_ws/install/turtlebot3_example:/opt/ros/humble /usr/bin/cmake /home/student/ros2_ws/src/turtlebot3/turtlebot3_cartographer -DCMAKE_INSTALL_PREFIX=/home/student/ros2_ws/src/install/turtlebot3_cartographer
[0.135s] -- The C compiler identification is GNU 11.4.0
[0.231s] -- The CXX compiler identification is GNU 11.4.0
[0.240s] -- Detecting C compiler ABI info
[0.355s] -- Detecting C compiler ABI info - done
[0.370s] -- Check for working C compiler: /usr/bin/cc - skipped
[0.371s] -- Detecting C compile features
[0.372s] -- Detecting C compile features - done
[0.376s] -- Detecting CXX compiler ABI info
[0.519s] -- Detecting CXX compiler ABI info - done
[0.534s] -- Check for working CXX compiler: /usr/bin/c++ - skipped
[0.535s] -- Detecting CXX compile features
[0.536s] -- Detecting CXX compile features - done
[0.545s] -- Found ament_cmake: 1.3.10 (/opt/ros/humble/share/ament_cmake/cmake)
[0.801s] -- Found Python3: /usr/bin/python3 (found version "3.10.12") found components: Interpreter 
[1.094s] -- Configuring done
[1.099s] -- Generating done
[1.103s] -- Build files have been written to: /home/student/ros2_ws/src/build/turtlebot3_cartographer
[1.116s] Invoked command in '/home/student/ros2_ws/src/build/turtlebot3_cartographer' returned '0': CMAKE_PREFIX_PATH=${CMAKE_PREFIX_PATH}:/home/student/ros2_ws/install/turtlebot3_teleop:/home/student/ros2_ws/install/turtlebot3_example:/opt/ros/humble /usr/bin/cmake /home/student/ros2_ws/src/turtlebot3/turtlebot3_cartographer -DCMAKE_INSTALL_PREFIX=/home/student/ros2_ws/src/install/turtlebot3_cartographer
[1.117s] Invoking command in '/home/student/ros2_ws/src/build/turtlebot3_cartographer': CMAKE_PREFIX_PATH=${CMAKE_PREFIX_PATH}:/home/student/ros2_ws/install/turtlebot3_teleop:/home/student/ros2_ws/install/turtlebot3_example:/opt/ros/humble /usr/bin/cmake --build /home/student/ros2_ws/src/build/turtlebot3_cartographer -- -j8 -l8
[1.177s] Invoked command in '/home/student/ros2_ws/src/build/turtlebot3_cartographer' returned '0': CMAKE_PREFIX_PATH=${CMAKE_PREFIX_PATH}:/home/student/ros2_ws/install/turtlebot3_teleop:/home/student/ros2_ws/install/turtlebot3_example:/opt/ros/humble /usr/bin/cmake --build /home/student/ros2_ws/src/build/turtlebot3_cartographer -- -j8 -l8
[1.233s] Invoking command in '/home/student/ros2_ws/src/build/turtlebot3_cartographer': CMAKE_PREFIX_PATH=${CMAKE_PREFIX_PATH}:/home/student/ros2_ws/install/turtlebot3_teleop:/home/student/ros2_ws/install/turtlebot3_example:/opt/ros/humble /usr/bin/cmake --install /home/student/ros2_ws/src/build/turtlebot3_cartographer
[1.554s] -- Install configuration: ""
[1.555s] -- Installing: /home/student/ros2_ws/src/install/turtlebot3_cartographer/share/turtlebot3_cartographer/config
[1.555s] -- Installing: /home/student/ros2_ws/src/install/turtlebot3_cartographer/share/turtlebot3_cartographer/config/turtlebot3_lds_2d.lua
[1.555s] -- Installing: /home/student/ros2_ws/src/install/turtlebot3_cartographer/share/turtlebot3_cartographer/launch
[1.555s] -- Installing: /home/student/ros2_ws/src/install/turtlebot3_cartographer/share/turtlebot3_cartographer/launch/cartographer.launch.py
[1.555s] -- Installing: /home/student/ros2_ws/src/install/turtlebot3_cartographer/share/turtlebot3_cartographer/launch/occupancy_grid.launch.py
[1.555s] -- Installing: /home/student/ros2_ws/src/install/turtlebot3_cartographer/share/turtlebot3_cartographer/rviz
[1.556s] -- Installing: /home/student/ros2_ws/src/install/turtlebot3_cartographer/share/turtlebot3_cartographer/rviz/tb3_cartographer.rviz
[1.556s] -- Installing: /home/student/ros2_ws/src/install/turtlebot3_cartographer/share/ament_index/resource_index/package_run_dependencies/turtlebot3_cartographer
[1.556s] -- Installing: /home/student/ros2_ws/src/install/turtlebot3_cartographer/share/ament_index/resource_index/parent_prefix_path/turtlebot3_cartographer
[1.556s] -- Installing: /home/student/ros2_ws/src/install/turtlebot3_cartographer/share/turtlebot3_cartographer/environment/ament_prefix_path.sh
[1.557s] -- Installing: /home/student/ros2_ws/src/install/turtlebot3_cartographer/share/turtlebot3_cartographer/environment/ament_prefix_path.dsv
[1.557s] -- Installing: /home/student/ros2_ws/src/install/turtlebot3_cartographer/share/turtlebot3_cartographer/environment/path.sh
[1.557s] -- Installing: /home/student/ros2_ws/src/install/turtlebot3_cartographer/share/turtlebot3_cartographer/environment/path.dsv
[1.557s] -- Installing: /home/student/ros2_ws/src/install/turtlebot3_cartographer/share/turtlebot3_cartographer/local_setup.bash
[1.557s] -- Installing: /home/student/ros2_ws/src/install/turtlebot3_cartographer/share/turtlebot3_cartographer/local_setup.sh
[1.557s] -- Installing: /home/student/ros2_ws/src/install/turtlebot3_cartographer/share/turtlebot3_cartographer/local_setup.zsh
[1.557s] -- Installing: /home/student/ros2_ws/src/install/turtlebot3_cartographer/share/turtlebot3_cartographer/local_setup.dsv
[1.557s] -- Installing: /home/student/ros2_ws/src/install/turtlebot3_cartographer/share/turtlebot3_cartographer/package.dsv
[1.557s] -- Installing: /home/student/ros2_ws/src/install/turtlebot3_cartographer/share/ament_index/resource_index/packages/turtlebot3_cartographer
[1.558s] -- Installing: /home/student/ros2_ws/src/install/turtlebot3_cartographer/share/turtlebot3_cartographer/cmake/turtlebot3_cartographerConfig.cmake
[1.558s] -- Installing: /home/student/ros2_ws/src/install/turtlebot3_cartographer/share/turtlebot3_cartographer/cmake/turtlebot3_cartographerConfig-version.cmake
[1.558s] -- Installing: /home/student/ros2_ws/src/install/turtlebot3_cartographer/share/turtlebot3_cartographer/package.xml
[1.566s] Invoked command in '/home/student/ros2_ws/src/build/turtlebot3_cartographer' returned '0': CMAKE_PREFIX_PATH=${CMAKE_PREFIX_PATH}:/home/student/ros2_ws/install/turtlebot3_teleop:/home/student/ros2_ws/install/turtlebot3_example:/opt/ros/humble /usr/bin/cmake --install /home/student/ros2_ws/src/build/turtlebot3_cartographer
