[0.035s] Invoking command in '/home/student/ros2_ws/build/apriltag_ros': CMAKE_PREFIX_PATH=${CMAKE_PREFIX_PATH}:/home/student/ros2_ws/install/turtlebot3_teleop:/home/student/ros2_ws/install/turtlebot3_example:/opt/ros/humble /usr/bin/cmake /home/student/ros2_ws/src/apriltag_ros -DCMAKE_INSTALL_PREFIX=/home/student/ros2_ws/install/apriltag_ros
[0.123s] -- The C compiler identification is GNU 11.4.0
[0.220s] -- The CXX compiler identification is GNU 11.4.0
[0.236s] -- Detecting C compiler ABI info
[0.360s] -- Detecting C compiler ABI info - done
[0.376s] -- Check for working C compiler: /usr/bin/cc - skipped
[0.377s] -- Detecting C compile features
[0.378s] -- Detecting C compile features - done
[0.385s] -- Detecting CXX compiler ABI info
[0.518s] -- Detecting CXX compiler ABI info - done
[0.534s] -- Check for working CXX compiler: /usr/bin/c++ - skipped
[0.537s] -- Detecting CXX compile features
[0.538s] -- Detecting CXX compile features - done
[0.539s] -- Found rclcpp: 16.0.10 (/opt/ros/humble/share/rclcpp/cmake)
[0.778s] -- Found Python3: /usr/bin/python3 (found version "3.10.12") found components: Interpreter 
[1.067s] -- Found rosidl_generator_c: 3.1.5 (/opt/ros/humble/share/rosidl_generator_c/cmake)
[1.080s] -- Found rosidl_adapter: 3.1.5 (/opt/ros/humble/share/rosidl_adapter/cmake)
[1.096s] -- Found rosidl_generator_cpp: 3.1.5 (/opt/ros/humble/share/rosidl_generator_cpp/cmake)
[1.120s] -- Using all available rosidl_typesupport_c: rosidl_typesupport_fastrtps_c;rosidl_typesupport_introspection_c
[1.166s] -- Using all available rosidl_typesupport_cpp: rosidl_typesupport_fastrtps_cpp;rosidl_typesupport_introspection_cpp
[1.273s] -- Found rmw_implementation_cmake: 6.1.2 (/opt/ros/humble/share/rmw_implementation_cmake/cmake)
[1.283s] -- Found rmw_fastrtps_cpp: 6.2.7 (/opt/ros/humble/share/rmw_fastrtps_cpp/cmake)
[1.464s] -- Found OpenSSL: /usr/lib/x86_64-linux-gnu/libcrypto.so (found version "3.0.2")  
[1.538s] -- Found FastRTPS: /opt/ros/humble/include  
[1.683s] -- Using RMW implementation 'rmw_fastrtps_cpp' as default
[1.709s] -- Looking for pthread.h
[2.010s] -- Looking for pthread.h - found
[2.011s] -- Performing Test CMAKE_HAVE_LIBC_PTHREAD
[2.284s] -- Performing Test CMAKE_HAVE_LIBC_PTHREAD - Success
[2.286s] -- Found Threads: TRUE  
[2.651s] -- Found rclcpp_components: 16.0.10 (/opt/ros/humble/share/rclcpp_components/cmake)
[2.749s] -- Found sensor_msgs: 4.2.4 (/opt/ros/humble/share/sensor_msgs/cmake)
[2.835s] -- Found apriltag_msgs: 2.0.1 (/opt/ros/humble/share/apriltag_msgs/cmake)
[2.886s] -- Found tf2_ros: 0.25.8 (/opt/ros/humble/share/tf2_ros/cmake)
[3.242s] -- Found image_transport: 3.1.9 (/opt/ros/humble/share/image_transport/cmake)
[3.388s] -- Found cv_bridge: 3.2.1 (/opt/ros/humble/share/cv_bridge/cmake)
[3.463s] -- Found OpenCV: /usr (found version "4.5.4") found components: core calib3d 
[3.537s] -- Found ament_lint_auto: 0.12.11 (/opt/ros/humble/share/ament_lint_auto/cmake)
[3.941s] -- Added test 'clang_format' to check C / C++ code style
[3.962s] -- Added test 'cppcheck' to perform static code analysis on C / C++ code
[3.971s] -- Configured cppcheck include dirs: 
[3.971s] -- Configured cppcheck exclude dirs and/or files: 
[3.971s] -- Configuring done
[4.138s] -- Generating done
[4.142s] -- Build files have been written to: /home/student/ros2_ws/build/apriltag_ros
[4.250s] Invoked command in '/home/student/ros2_ws/build/apriltag_ros' returned '0': CMAKE_PREFIX_PATH=${CMAKE_PREFIX_PATH}:/home/student/ros2_ws/install/turtlebot3_teleop:/home/student/ros2_ws/install/turtlebot3_example:/opt/ros/humble /usr/bin/cmake /home/student/ros2_ws/src/apriltag_ros -DCMAKE_INSTALL_PREFIX=/home/student/ros2_ws/install/apriltag_ros
[4.254s] Invoking command in '/home/student/ros2_ws/build/apriltag_ros': CMAKE_PREFIX_PATH=${CMAKE_PREFIX_PATH}:/home/student/ros2_ws/install/turtlebot3_teleop:/home/student/ros2_ws/install/turtlebot3_example:/opt/ros/humble /usr/bin/cmake --build /home/student/ros2_ws/build/apriltag_ros -- -j8 -l8
[6.993s] [ 10%] [32mBuilding CXX object CMakeFiles/conversion.dir/src/conversion.cpp.o[0m
[6.994s] [ 20%] [32mBuilding CXX object CMakeFiles/tags.dir/src/tag_functions.cpp.o[0m
[6.994s] [ 30%] [32mBuilding CXX object CMakeFiles/apriltag_node.dir/rclcpp_components/node_main_apriltag_node.cpp.o[0m
[6.994s] [ 40%] [32m[1mLinking CXX static library libtags.a[0m
[6.994s] [ 40%] Built target tags
[12.406s] [ 50%] [32m[1mLinking CXX static library libconversion.a[0m
[12.619s] [ 50%] Built target conversion
[12.776s] [ 60%] [32mBuilding CXX object CMakeFiles/pose_estimation.dir/src/pose_estimation.cpp.o[0m
[17.458s] [ 70%] [32m[1mLinking CXX static library libpose_estimation.a[0m
[17.522s] [ 70%] Built target pose_estimation
[17.563s] [ 80%] [32mBuilding CXX object CMakeFiles/AprilTagNode.dir/src/AprilTagNode.cpp.o[0m
[18.110s] [ 90%] [32m[1mLinking CXX executable apriltag_node[0m
[18.619s] [ 90%] Built target apriltag_node
[30.335s] [100%] [32m[1mLinking CXX shared library libAprilTagNode.so[0m
[30.965s] [100%] Built target AprilTagNode
[31.011s] Invoked command in '/home/student/ros2_ws/build/apriltag_ros' returned '0': CMAKE_PREFIX_PATH=${CMAKE_PREFIX_PATH}:/home/student/ros2_ws/install/turtlebot3_teleop:/home/student/ros2_ws/install/turtlebot3_example:/opt/ros/humble /usr/bin/cmake --build /home/student/ros2_ws/build/apriltag_ros -- -j8 -l8
[31.159s] Invoking command in '/home/student/ros2_ws/build/apriltag_ros': CMAKE_PREFIX_PATH=${CMAKE_PREFIX_PATH}:/home/student/ros2_ws/install/turtlebot3_teleop:/home/student/ros2_ws/install/turtlebot3_example:/opt/ros/humble /usr/bin/cmake --install /home/student/ros2_ws/build/apriltag_ros
[31.460s] -- Install configuration: ""
[31.460s] -- Installing: /home/student/ros2_ws/install/apriltag_ros/lib/apriltag_ros/apriltag_node
[31.461s] -- Set runtime path of "/home/student/ros2_ws/install/apriltag_ros/lib/apriltag_ros/apriltag_node" to ""
[31.461s] -- Installing: /home/student/ros2_ws/install/apriltag_ros/share/apriltag_ros/environment/library_path.sh
[31.461s] -- Installing: /home/student/ros2_ws/install/apriltag_ros/share/apriltag_ros/environment/library_path.dsv
[31.462s] -- Installing: /home/student/ros2_ws/install/apriltag_ros/lib/libAprilTagNode.so
[31.462s] -- Set runtime path of "/home/student/ros2_ws/install/apriltag_ros/lib/libAprilTagNode.so" to ""
[31.463s] -- Installing: /home/student/ros2_ws/install/apriltag_ros/share/apriltag_ros/cfg
[31.463s] -- Installing: /home/student/ros2_ws/install/apriltag_ros/share/apriltag_ros/cfg/tags_36h11.yaml
[31.463s] -- Installing: /home/student/ros2_ws/install/apriltag_ros/share/apriltag_ros/launch
[31.464s] -- Installing: /home/student/ros2_ws/install/apriltag_ros/share/apriltag_ros/launch/v4l2_36h11.launch.yml
[31.464s] -- Installing: /home/student/ros2_ws/install/apriltag_ros/share/ament_index/resource_index/package_run_dependencies/apriltag_ros
[31.464s] -- Installing: /home/student/ros2_ws/install/apriltag_ros/share/ament_index/resource_index/parent_prefix_path/apriltag_ros
[31.465s] -- Installing: /home/student/ros2_ws/install/apriltag_ros/share/apriltag_ros/environment/ament_prefix_path.sh
[31.465s] -- Installing: /home/student/ros2_ws/install/apriltag_ros/share/apriltag_ros/environment/ament_prefix_path.dsv
[31.465s] -- Installing: /home/student/ros2_ws/install/apriltag_ros/share/apriltag_ros/environment/path.sh
[31.466s] -- Installing: /home/student/ros2_ws/install/apriltag_ros/share/apriltag_ros/environment/path.dsv
[31.466s] -- Installing: /home/student/ros2_ws/install/apriltag_ros/share/apriltag_ros/local_setup.bash
[31.466s] -- Installing: /home/student/ros2_ws/install/apriltag_ros/share/apriltag_ros/local_setup.sh
[31.467s] -- Installing: /home/student/ros2_ws/install/apriltag_ros/share/apriltag_ros/local_setup.zsh
[31.467s] -- Installing: /home/student/ros2_ws/install/apriltag_ros/share/apriltag_ros/local_setup.dsv
[31.467s] -- Installing: /home/student/ros2_ws/install/apriltag_ros/share/apriltag_ros/package.dsv
[31.468s] -- Installing: /home/student/ros2_ws/install/apriltag_ros/share/ament_index/resource_index/packages/apriltag_ros
[31.468s] -- Installing: /home/student/ros2_ws/install/apriltag_ros/share/ament_index/resource_index/rclcpp_components/apriltag_ros
[31.469s] -- Installing: /home/student/ros2_ws/install/apriltag_ros/share/apriltag_ros/cmake/apriltag_rosConfig.cmake
[31.469s] -- Installing: /home/student/ros2_ws/install/apriltag_ros/share/apriltag_ros/cmake/apriltag_rosConfig-version.cmake
[31.469s] -- Installing: /home/student/ros2_ws/install/apriltag_ros/share/apriltag_ros/package.xml
[31.474s] Invoked command in '/home/student/ros2_ws/build/apriltag_ros' returned '0': CMAKE_PREFIX_PATH=${CMAKE_PREFIX_PATH}:/home/student/ros2_ws/install/turtlebot3_teleop:/home/student/ros2_ws/install/turtlebot3_example:/opt/ros/humble /usr/bin/cmake --install /home/student/ros2_ws/build/apriltag_ros
