[0.408s] Invoking command in '/home/student/ros2_ws/build/global_controller_single_robot': CMAKE_PREFIX_PATH=${CMAKE_PREFIX_PATH}:/home/student/ros2_ws/install/turtlebot3_teleop:/home/student/ros2_ws/install/turtlebot3_example:/opt/ros/humble /usr/bin/cmake --build /home/student/ros2_ws/build/global_controller_single_robot -- -j8 -l8
[0.531s] [ 16%] [32mBuilding CXX object CMakeFiles/global_controller_single_robot.dir/src/prm2.cpp.o[0m
[7.465s] [ 33%] [32m[1mLinking CXX executable global_controller_single_robot[0m
[9.045s] [100%] Built target global_controller_single_robot
[9.058s] Invoked command in '/home/student/ros2_ws/build/global_controller_single_robot' returned '0': CMAKE_PREFIX_PATH=${CMAKE_PREFIX_PATH}:/home/student/ros2_ws/install/turtlebot3_teleop:/home/student/ros2_ws/install/turtlebot3_example:/opt/ros/humble /usr/bin/cmake --build /home/student/ros2_ws/build/global_controller_single_robot -- -j8 -l8
[9.110s] Invoking command in '/home/student/ros2_ws/build/global_controller_single_robot': CMAKE_PREFIX_PATH=${CMAKE_PREFIX_PATH}:/home/student/ros2_ws/install/turtlebot3_teleop:/home/student/ros2_ws/install/turtlebot3_example:/opt/ros/humble /usr/bin/cmake --install /home/student/ros2_ws/build/global_controller_single_robot
[9.120s] -- Install configuration: ""
[9.120s] -- Installing: /home/student/ros2_ws/install/global_controller_single_robot/lib/global_controller_single_robot/global_controller_single_robot
[9.136s] -- Set runtime path of "/home/student/ros2_ws/install/global_controller_single_robot/lib/global_controller_single_robot/global_controller_single_robot" to ""
[9.136s] -- Up-to-date: /home/student/ros2_ws/install/global_controller_single_robot/share/global_controller_single_robot//launch
[9.137s] -- Up-to-date: /home/student/ros2_ws/install/global_controller_single_robot/share/global_controller_single_robot//launch/global_controller_launch.py
[9.137s] -- Up-to-date: /home/student/ros2_ws/install/global_controller_single_robot/share/global_controller_single_robot//launch/global_controller_single_launch.py
[9.137s] -- Up-to-date: /home/student/ros2_ws/install/global_controller_single_robot/share/global_controller_single_robot//launch/global_controller_multi_launch.py
[9.137s] -- Up-to-date: /home/student/ros2_ws/install/global_controller_single_robot/share/global_controller_single_robot//map
[9.137s] -- Up-to-date: /home/student/ros2_ws/install/global_controller_single_robot/share/global_controller_single_robot//map/map.yaml
[9.137s] -- Up-to-date: /home/student/ros2_ws/install/global_controller_single_robot/share/global_controller_single_robot//map/turtlebot3_world_map.pgm
[9.137s] -- Up-to-date: /home/student/ros2_ws/install/global_controller_single_robot/share/global_controller_single_robot//map/gazebo_sf_map.yaml
[9.137s] -- Up-to-date: /home/student/ros2_ws/install/global_controller_single_robot/share/global_controller_single_robot//map/gazebo_sf_map.pgm
[9.138s] -- Up-to-date: /home/student/ros2_ws/install/global_controller_single_robot/share/global_controller_single_robot//map/turtlebot3_world_map.yaml
[9.138s] -- Up-to-date: /home/student/ros2_ws/install/global_controller_single_robot/share/global_controller_single_robot//map/map.pgm
[9.138s] -- Up-to-date: /home/student/ros2_ws/install/global_controller_single_robot/share/ament_index/resource_index/package_run_dependencies/global_controller_single_robot
[9.138s] -- Up-to-date: /home/student/ros2_ws/install/global_controller_single_robot/share/ament_index/resource_index/parent_prefix_path/global_controller_single_robot
[9.138s] -- Up-to-date: /home/student/ros2_ws/install/global_controller_single_robot/share/global_controller_single_robot/environment/ament_prefix_path.sh
[9.138s] -- Up-to-date: /home/student/ros2_ws/install/global_controller_single_robot/share/global_controller_single_robot/environment/ament_prefix_path.dsv
[9.138s] -- Up-to-date: /home/student/ros2_ws/install/global_controller_single_robot/share/global_controller_single_robot/environment/path.sh
[9.138s] -- Up-to-date: /home/student/ros2_ws/install/global_controller_single_robot/share/global_controller_single_robot/environment/path.dsv
[9.139s] -- Up-to-date: /home/student/ros2_ws/install/global_controller_single_robot/share/global_controller_single_robot/local_setup.bash
[9.139s] -- Up-to-date: /home/student/ros2_ws/install/global_controller_single_robot/share/global_controller_single_robot/local_setup.sh
[9.139s] -- Up-to-date: /home/student/ros2_ws/install/global_controller_single_robot/share/global_controller_single_robot/local_setup.zsh
[9.139s] -- Up-to-date: /home/student/ros2_ws/install/global_controller_single_robot/share/global_controller_single_robot/local_setup.dsv
[9.140s] -- Installing: /home/student/ros2_ws/install/global_controller_single_robot/share/global_controller_single_robot/package.dsv
[9.140s] -- Up-to-date: /home/student/ros2_ws/install/global_controller_single_robot/share/ament_index/resource_index/packages/global_controller_single_robot
[9.140s] -- Up-to-date: /home/student/ros2_ws/install/global_controller_single_robot/share/global_controller_single_robot/cmake/global_controller_single_robotConfig.cmake
[9.140s] -- Up-to-date: /home/student/ros2_ws/install/global_controller_single_robot/share/global_controller_single_robot/cmake/global_controller_single_robotConfig-version.cmake
[9.141s] -- Up-to-date: /home/student/ros2_ws/install/global_controller_single_robot/share/global_controller_single_robot/package.xml
[9.141s] Invoked command in '/home/student/ros2_ws/build/global_controller_single_robot' returned '0': CMAKE_PREFIX_PATH=${CMAKE_PREFIX_PATH}:/home/student/ros2_ws/install/turtlebot3_teleop:/home/student/ros2_ws/install/turtlebot3_example:/opt/ros/humble /usr/bin/cmake --install /home/student/ros2_ws/build/global_controller_single_robot
