[0.020s] Invoking command in '/home/student/ros2_ws/build/warehouse_robot_msgs': CMAKE_PREFIX_PATH=${CMAKE_PREFIX_PATH}:/home/student/ros2_ws/install/turtlebot3_teleop:/home/student/ros2_ws/install/turtlebot3_example:/opt/ros/humble /usr/bin/cmake --build /home/student/ros2_ws/build/warehouse_robot_msgs -- -j8 -l8
[0.147s] [  3%] Built target warehouse_robot_msgs__cpp
[0.219s] [  3%] Built target ament_cmake_python_copy_warehouse_robot_msgs
[0.253s] [ 12%] Built target warehouse_robot_msgs__rosidl_typesupport_introspection_cpp
[0.680s] running egg_info
[0.681s] writing warehouse_robot_msgs.egg-info/PKG-INFO
[0.681s] writing dependency_links to warehouse_robot_msgs.egg-info/dependency_links.txt
[0.682s] writing top-level names to warehouse_robot_msgs.egg-info/top_level.txt
[0.686s] reading manifest file 'warehouse_robot_msgs.egg-info/SOURCES.txt'
[0.687s] writing manifest file 'warehouse_robot_msgs.egg-info/SOURCES.txt'
[0.732s] [ 12%] Built target ament_cmake_python_build_warehouse_robot_msgs_egg
[0.775s] [ 22%] Built target warehouse_robot_msgs__rosidl_typesupport_fastrtps_cpp
[0.812s] [ 32%] Built target warehouse_robot_msgs__rosidl_typesupport_cpp
[0.847s] [ 41%] Built target warehouse_robot_msgs__rosidl_generator_c
[0.880s] [ 51%] Built target warehouse_robot_msgs__rosidl_typesupport_fastrtps_c
[0.911s] [ 61%] Built target warehouse_robot_msgs__rosidl_typesupport_c
[0.941s] [ 70%] Built target warehouse_robot_msgs__rosidl_typesupport_introspection_c
[0.976s] [ 70%] Built target warehouse_robot_msgs
[1.022s] [ 74%] Built target warehouse_robot_msgs__py
[1.060s] [ 80%] Built target warehouse_robot_msgs__rosidl_generator_py
[1.098s] [ 87%] Built target warehouse_robot_msgs__rosidl_typesupport_fastrtps_c__pyext
[1.131s] [ 93%] Built target warehouse_robot_msgs__rosidl_typesupport_c__pyext
[1.164s] [100%] Built target warehouse_robot_msgs__rosidl_typesupport_introspection_c__pyext
[1.353s] Invoked command in '/home/student/ros2_ws/build/warehouse_robot_msgs' returned '0': CMAKE_PREFIX_PATH=${CMAKE_PREFIX_PATH}:/home/student/ros2_ws/install/turtlebot3_teleop:/home/student/ros2_ws/install/turtlebot3_example:/opt/ros/humble /usr/bin/cmake --build /home/student/ros2_ws/build/warehouse_robot_msgs -- -j8 -l8
[1.476s] Invoking command in '/home/student/ros2_ws/build/warehouse_robot_msgs': CMAKE_PREFIX_PATH=${CMAKE_PREFIX_PATH}:/home/student/ros2_ws/install/turtlebot3_teleop:/home/student/ros2_ws/install/turtlebot3_example:/opt/ros/humble /usr/bin/cmake --install /home/student/ros2_ws/build/warehouse_robot_msgs
[1.484s] -- Install configuration: ""
[1.485s] -- Up-to-date: /home/student/ros2_ws/install/warehouse_robot_msgs/share/ament_index/resource_index/rosidl_interfaces/warehouse_robot_msgs
[1.486s] -- Up-to-date: /home/student/ros2_ws/install/warehouse_robot_msgs/include/warehouse_robot_msgs/warehouse_robot_msgs
[1.487s] -- Up-to-date: /home/student/ros2_ws/install/warehouse_robot_msgs/include/warehouse_robot_msgs/warehouse_robot_msgs/msg
[1.488s] -- Up-to-date: /home/student/ros2_ws/install/warehouse_robot_msgs/include/warehouse_robot_msgs/warehouse_robot_msgs/msg/robot_data.h
[1.489s] -- Up-to-date: /home/student/ros2_ws/install/warehouse_robot_msgs/include/warehouse_robot_msgs/warehouse_robot_msgs/msg/rosidl_generator_c__visibility_control.h
[1.489s] -- Up-to-date: /home/student/ros2_ws/install/warehouse_robot_msgs/include/warehouse_robot_msgs/warehouse_robot_msgs/msg/detail
[1.489s] -- Up-to-date: /home/student/ros2_ws/install/warehouse_robot_msgs/include/warehouse_robot_msgs/warehouse_robot_msgs/msg/detail/robot_data__struct.h
[1.489s] -- Up-to-date: /home/student/ros2_ws/install/warehouse_robot_msgs/include/warehouse_robot_msgs/warehouse_robot_msgs/msg/detail/robot_data__functions.c
[1.490s] -- Up-to-date: /home/student/ros2_ws/install/warehouse_robot_msgs/include/warehouse_robot_msgs/warehouse_robot_msgs/msg/detail/robot_data__functions.h
[1.490s] -- Up-to-date: /home/student/ros2_ws/install/warehouse_robot_msgs/include/warehouse_robot_msgs/warehouse_robot_msgs/msg/detail/robot_data__type_support.h
[1.490s] -- Up-to-date: /home/student/ros2_ws/install/warehouse_robot_msgs/share/warehouse_robot_msgs/environment/library_path.sh
[1.490s] -- Up-to-date: /home/student/ros2_ws/install/warehouse_robot_msgs/share/warehouse_robot_msgs/environment/library_path.dsv
[1.491s] -- Up-to-date: /home/student/ros2_ws/install/warehouse_robot_msgs/lib/libwarehouse_robot_msgs__rosidl_generator_c.so
[1.492s] -- Up-to-date: /home/student/ros2_ws/install/warehouse_robot_msgs/include/warehouse_robot_msgs/warehouse_robot_msgs
[1.492s] -- Up-to-date: /home/student/ros2_ws/install/warehouse_robot_msgs/include/warehouse_robot_msgs/warehouse_robot_msgs/msg
[1.493s] -- Up-to-date: /home/student/ros2_ws/install/warehouse_robot_msgs/include/warehouse_robot_msgs/warehouse_robot_msgs/msg/rosidl_typesupport_fastrtps_c__visibility_control.h
[1.493s] -- Up-to-date: /home/student/ros2_ws/install/warehouse_robot_msgs/include/warehouse_robot_msgs/warehouse_robot_msgs/msg/detail
[1.493s] -- Up-to-date: /home/student/ros2_ws/install/warehouse_robot_msgs/include/warehouse_robot_msgs/warehouse_robot_msgs/msg/detail/robot_data__rosidl_typesupport_fastrtps_c.h
[1.493s] -- Up-to-date: /home/student/ros2_ws/install/warehouse_robot_msgs/lib/libwarehouse_robot_msgs__rosidl_typesupport_fastrtps_c.so
[1.493s] -- Up-to-date: /home/student/ros2_ws/install/warehouse_robot_msgs/include/warehouse_robot_msgs/warehouse_robot_msgs
[1.493s] -- Up-to-date: /home/student/ros2_ws/install/warehouse_robot_msgs/include/warehouse_robot_msgs/warehouse_robot_msgs/msg
[1.493s] -- Up-to-date: /home/student/ros2_ws/install/warehouse_robot_msgs/include/warehouse_robot_msgs/warehouse_robot_msgs/msg/robot_data.hpp
[1.493s] -- Up-to-date: /home/student/ros2_ws/install/warehouse_robot_msgs/include/warehouse_robot_msgs/warehouse_robot_msgs/msg/detail
[1.493s] -- Up-to-date: /home/student/ros2_ws/install/warehouse_robot_msgs/include/warehouse_robot_msgs/warehouse_robot_msgs/msg/detail/robot_data__builder.hpp
[1.493s] -- Up-to-date: /home/student/ros2_ws/install/warehouse_robot_msgs/include/warehouse_robot_msgs/warehouse_robot_msgs/msg/detail/robot_data__struct.hpp
[1.493s] -- Up-to-date: /home/student/ros2_ws/install/warehouse_robot_msgs/include/warehouse_robot_msgs/warehouse_robot_msgs/msg/detail/robot_data__traits.hpp
[1.494s] -- Up-to-date: /home/student/ros2_ws/install/warehouse_robot_msgs/include/warehouse_robot_msgs/warehouse_robot_msgs
[1.494s] -- Up-to-date: /home/student/ros2_ws/install/warehouse_robot_msgs/include/warehouse_robot_msgs/warehouse_robot_msgs/msg
[1.494s] -- Up-to-date: /home/student/ros2_ws/install/warehouse_robot_msgs/include/warehouse_robot_msgs/warehouse_robot_msgs/msg/rosidl_typesupport_fastrtps_cpp__visibility_control.h
[1.494s] -- Up-to-date: /home/student/ros2_ws/install/warehouse_robot_msgs/include/warehouse_robot_msgs/warehouse_robot_msgs/msg/detail
[1.494s] -- Up-to-date: /home/student/ros2_ws/install/warehouse_robot_msgs/include/warehouse_robot_msgs/warehouse_robot_msgs/msg/detail/dds_fastrtps
[1.494s] -- Up-to-date: /home/student/ros2_ws/install/warehouse_robot_msgs/include/warehouse_robot_msgs/warehouse_robot_msgs/msg/detail/robot_data__rosidl_typesupport_fastrtps_cpp.hpp
[1.494s] -- Up-to-date: /home/student/ros2_ws/install/warehouse_robot_msgs/lib/libwarehouse_robot_msgs__rosidl_typesupport_fastrtps_cpp.so
[1.494s] -- Up-to-date: /home/student/ros2_ws/install/warehouse_robot_msgs/include/warehouse_robot_msgs/warehouse_robot_msgs
[1.494s] -- Up-to-date: /home/student/ros2_ws/install/warehouse_robot_msgs/include/warehouse_robot_msgs/warehouse_robot_msgs/msg
[1.495s] -- Up-to-date: /home/student/ros2_ws/install/warehouse_robot_msgs/include/warehouse_robot_msgs/warehouse_robot_msgs/msg/rosidl_typesupport_introspection_c__visibility_control.h
[1.495s] -- Up-to-date: /home/student/ros2_ws/install/warehouse_robot_msgs/include/warehouse_robot_msgs/warehouse_robot_msgs/msg/detail
[1.495s] -- Up-to-date: /home/student/ros2_ws/install/warehouse_robot_msgs/include/warehouse_robot_msgs/warehouse_robot_msgs/msg/detail/robot_data__rosidl_typesupport_introspection_c.h
[1.495s] -- Up-to-date: /home/student/ros2_ws/install/warehouse_robot_msgs/include/warehouse_robot_msgs/warehouse_robot_msgs/msg/detail/robot_data__type_support.c
[1.495s] -- Up-to-date: /home/student/ros2_ws/install/warehouse_robot_msgs/lib/libwarehouse_robot_msgs__rosidl_typesupport_introspection_c.so
[1.495s] -- Up-to-date: /home/student/ros2_ws/install/warehouse_robot_msgs/lib/libwarehouse_robot_msgs__rosidl_typesupport_c.so
[1.495s] -- Up-to-date: /home/student/ros2_ws/install/warehouse_robot_msgs/include/warehouse_robot_msgs/warehouse_robot_msgs
[1.495s] -- Up-to-date: /home/student/ros2_ws/install/warehouse_robot_msgs/include/warehouse_robot_msgs/warehouse_robot_msgs/msg
[1.496s] -- Up-to-date: /home/student/ros2_ws/install/warehouse_robot_msgs/include/warehouse_robot_msgs/warehouse_robot_msgs/msg/detail
[1.496s] -- Up-to-date: /home/student/ros2_ws/install/warehouse_robot_msgs/include/warehouse_robot_msgs/warehouse_robot_msgs/msg/detail/robot_data__type_support.cpp
[1.496s] -- Up-to-date: /home/student/ros2_ws/install/warehouse_robot_msgs/include/warehouse_robot_msgs/warehouse_robot_msgs/msg/detail/robot_data__rosidl_typesupport_introspection_cpp.hpp
[1.496s] -- Up-to-date: /home/student/ros2_ws/install/warehouse_robot_msgs/lib/libwarehouse_robot_msgs__rosidl_typesupport_introspection_cpp.so
[1.496s] -- Up-to-date: /home/student/ros2_ws/install/warehouse_robot_msgs/lib/libwarehouse_robot_msgs__rosidl_typesupport_cpp.so
[1.496s] -- Up-to-date: /home/student/ros2_ws/install/warehouse_robot_msgs/share/warehouse_robot_msgs/environment/pythonpath.sh
[1.496s] -- Up-to-date: /home/student/ros2_ws/install/warehouse_robot_msgs/share/warehouse_robot_msgs/environment/pythonpath.dsv
[1.496s] -- Up-to-date: /home/student/ros2_ws/install/warehouse_robot_msgs/local/lib/python3.10/dist-packages/warehouse_robot_msgs-0.0.0-py3.10.egg-info
[1.497s] -- Installing: /home/student/ros2_ws/install/warehouse_robot_msgs/local/lib/python3.10/dist-packages/warehouse_robot_msgs-0.0.0-py3.10.egg-info/dependency_links.txt
[1.497s] -- Installing: /home/student/ros2_ws/install/warehouse_robot_msgs/local/lib/python3.10/dist-packages/warehouse_robot_msgs-0.0.0-py3.10.egg-info/PKG-INFO
[1.497s] -- Installing: /home/student/ros2_ws/install/warehouse_robot_msgs/local/lib/python3.10/dist-packages/warehouse_robot_msgs-0.0.0-py3.10.egg-info/top_level.txt
[1.497s] -- Installing: /home/student/ros2_ws/install/warehouse_robot_msgs/local/lib/python3.10/dist-packages/warehouse_robot_msgs-0.0.0-py3.10.egg-info/SOURCES.txt
[1.497s] -- Up-to-date: /home/student/ros2_ws/install/warehouse_robot_msgs/local/lib/python3.10/dist-packages/warehouse_robot_msgs
[1.497s] -- Up-to-date: /home/student/ros2_ws/install/warehouse_robot_msgs/local/lib/python3.10/dist-packages/warehouse_robot_msgs/msg
[1.497s] -- Up-to-date: /home/student/ros2_ws/install/warehouse_robot_msgs/local/lib/python3.10/dist-packages/warehouse_robot_msgs/msg/_robot_data.py
[1.498s] -- Up-to-date: /home/student/ros2_ws/install/warehouse_robot_msgs/local/lib/python3.10/dist-packages/warehouse_robot_msgs/msg/__init__.py
[1.498s] -- Up-to-date: /home/student/ros2_ws/install/warehouse_robot_msgs/local/lib/python3.10/dist-packages/warehouse_robot_msgs/msg/_robot_data_s.c
[1.498s] -- Up-to-date: /home/student/ros2_ws/install/warehouse_robot_msgs/local/lib/python3.10/dist-packages/warehouse_robot_msgs/_warehouse_robot_msgs_s.ep.rosidl_typesupport_c.c
[1.498s] -- Up-to-date: /home/student/ros2_ws/install/warehouse_robot_msgs/local/lib/python3.10/dist-packages/warehouse_robot_msgs/__init__.py
[1.498s] -- Up-to-date: /home/student/ros2_ws/install/warehouse_robot_msgs/local/lib/python3.10/dist-packages/warehouse_robot_msgs/warehouse_robot_msgs_s__rosidl_typesupport_introspection_c.cpython-310-x86_64-linux-gnu.so
[1.499s] -- Up-to-date: /home/student/ros2_ws/install/warehouse_robot_msgs/local/lib/python3.10/dist-packages/warehouse_robot_msgs/warehouse_robot_msgs_s__rosidl_typesupport_c.cpython-310-x86_64-linux-gnu.so
[1.501s] -- Up-to-date: /home/student/ros2_ws/install/warehouse_robot_msgs/local/lib/python3.10/dist-packages/warehouse_robot_msgs/_warehouse_robot_msgs_s.ep.rosidl_typesupport_introspection_c.c
[1.501s] -- Up-to-date: /home/student/ros2_ws/install/warehouse_robot_msgs/local/lib/python3.10/dist-packages/warehouse_robot_msgs/warehouse_robot_msgs_s__rosidl_typesupport_fastrtps_c.cpython-310-x86_64-linux-gnu.so
[1.501s] -- Up-to-date: /home/student/ros2_ws/install/warehouse_robot_msgs/local/lib/python3.10/dist-packages/warehouse_robot_msgs/libwarehouse_robot_msgs__rosidl_generator_py.so
[1.501s] -- Up-to-date: /home/student/ros2_ws/install/warehouse_robot_msgs/local/lib/python3.10/dist-packages/warehouse_robot_msgs/_warehouse_robot_msgs_s.ep.rosidl_typesupport_fastrtps_c.c
[1.547s] Listing '/home/student/ros2_ws/install/warehouse_robot_msgs/local/lib/python3.10/dist-packages/warehouse_robot_msgs'...
[1.547s] Listing '/home/student/ros2_ws/install/warehouse_robot_msgs/local/lib/python3.10/dist-packages/warehouse_robot_msgs/msg'...
[1.554s] -- Up-to-date: /home/student/ros2_ws/install/warehouse_robot_msgs/local/lib/python3.10/dist-packages/warehouse_robot_msgs/warehouse_robot_msgs_s__rosidl_typesupport_fastrtps_c.cpython-310-x86_64-linux-gnu.so
[1.555s] -- Up-to-date: /home/student/ros2_ws/install/warehouse_robot_msgs/local/lib/python3.10/dist-packages/warehouse_robot_msgs/warehouse_robot_msgs_s__rosidl_typesupport_introspection_c.cpython-310-x86_64-linux-gnu.so
[1.555s] -- Up-to-date: /home/student/ros2_ws/install/warehouse_robot_msgs/local/lib/python3.10/dist-packages/warehouse_robot_msgs/warehouse_robot_msgs_s__rosidl_typesupport_c.cpython-310-x86_64-linux-gnu.so
[1.555s] -- Up-to-date: /home/student/ros2_ws/install/warehouse_robot_msgs/lib/libwarehouse_robot_msgs__rosidl_generator_py.so
[1.556s] -- Up-to-date: /home/student/ros2_ws/install/warehouse_robot_msgs/share/warehouse_robot_msgs/msg/RobotData.idl
[1.556s] -- Up-to-date: /home/student/ros2_ws/install/warehouse_robot_msgs/share/warehouse_robot_msgs/msg/RobotData.msg
[1.557s] -- Up-to-date: /home/student/ros2_ws/install/warehouse_robot_msgs/share/ament_index/resource_index/package_run_dependencies/warehouse_robot_msgs
[1.557s] -- Up-to-date: /home/student/ros2_ws/install/warehouse_robot_msgs/share/ament_index/resource_index/parent_prefix_path/warehouse_robot_msgs
[1.557s] -- Up-to-date: /home/student/ros2_ws/install/warehouse_robot_msgs/share/warehouse_robot_msgs/environment/ament_prefix_path.sh
[1.558s] -- Up-to-date: /home/student/ros2_ws/install/warehouse_robot_msgs/share/warehouse_robot_msgs/environment/ament_prefix_path.dsv
[1.558s] -- Up-to-date: /home/student/ros2_ws/install/warehouse_robot_msgs/share/warehouse_robot_msgs/environment/path.sh
[1.558s] -- Up-to-date: /home/student/ros2_ws/install/warehouse_robot_msgs/share/warehouse_robot_msgs/environment/path.dsv
[1.558s] -- Up-to-date: /home/student/ros2_ws/install/warehouse_robot_msgs/share/warehouse_robot_msgs/local_setup.bash
[1.558s] -- Up-to-date: /home/student/ros2_ws/install/warehouse_robot_msgs/share/warehouse_robot_msgs/local_setup.sh
[1.558s] -- Up-to-date: /home/student/ros2_ws/install/warehouse_robot_msgs/share/warehouse_robot_msgs/local_setup.zsh
[1.559s] -- Up-to-date: /home/student/ros2_ws/install/warehouse_robot_msgs/share/warehouse_robot_msgs/local_setup.dsv
[1.559s] -- Installing: /home/student/ros2_ws/install/warehouse_robot_msgs/share/warehouse_robot_msgs/package.dsv
[1.559s] -- Up-to-date: /home/student/ros2_ws/install/warehouse_robot_msgs/share/ament_index/resource_index/packages/warehouse_robot_msgs
[1.559s] -- Up-to-date: /home/student/ros2_ws/install/warehouse_robot_msgs/share/warehouse_robot_msgs/cmake/export_warehouse_robot_msgs__rosidl_generator_cExport.cmake
[1.559s] -- Up-to-date: /home/student/ros2_ws/install/warehouse_robot_msgs/share/warehouse_robot_msgs/cmake/export_warehouse_robot_msgs__rosidl_generator_cExport-noconfig.cmake
[1.559s] -- Up-to-date: /home/student/ros2_ws/install/warehouse_robot_msgs/share/warehouse_robot_msgs/cmake/export_warehouse_robot_msgs__rosidl_typesupport_fastrtps_cExport.cmake
[1.560s] -- Up-to-date: /home/student/ros2_ws/install/warehouse_robot_msgs/share/warehouse_robot_msgs/cmake/export_warehouse_robot_msgs__rosidl_typesupport_fastrtps_cExport-noconfig.cmake
[1.560s] -- Up-to-date: /home/student/ros2_ws/install/warehouse_robot_msgs/share/warehouse_robot_msgs/cmake/export_warehouse_robot_msgs__rosidl_generator_cppExport.cmake
[1.560s] -- Up-to-date: /home/student/ros2_ws/install/warehouse_robot_msgs/share/warehouse_robot_msgs/cmake/export_warehouse_robot_msgs__rosidl_typesupport_fastrtps_cppExport.cmake
[1.560s] -- Up-to-date: /home/student/ros2_ws/install/warehouse_robot_msgs/share/warehouse_robot_msgs/cmake/export_warehouse_robot_msgs__rosidl_typesupport_fastrtps_cppExport-noconfig.cmake
[1.560s] -- Up-to-date: /home/student/ros2_ws/install/warehouse_robot_msgs/share/warehouse_robot_msgs/cmake/warehouse_robot_msgs__rosidl_typesupport_introspection_cExport.cmake
[1.560s] -- Up-to-date: /home/student/ros2_ws/install/warehouse_robot_msgs/share/warehouse_robot_msgs/cmake/warehouse_robot_msgs__rosidl_typesupport_introspection_cExport-noconfig.cmake
[1.560s] -- Up-to-date: /home/student/ros2_ws/install/warehouse_robot_msgs/share/warehouse_robot_msgs/cmake/warehouse_robot_msgs__rosidl_typesupport_cExport.cmake
[1.560s] -- Up-to-date: /home/student/ros2_ws/install/warehouse_robot_msgs/share/warehouse_robot_msgs/cmake/warehouse_robot_msgs__rosidl_typesupport_cExport-noconfig.cmake
[1.561s] -- Up-to-date: /home/student/ros2_ws/install/warehouse_robot_msgs/share/warehouse_robot_msgs/cmake/warehouse_robot_msgs__rosidl_typesupport_introspection_cppExport.cmake
[1.561s] -- Up-to-date: /home/student/ros2_ws/install/warehouse_robot_msgs/share/warehouse_robot_msgs/cmake/warehouse_robot_msgs__rosidl_typesupport_introspection_cppExport-noconfig.cmake
[1.561s] -- Up-to-date: /home/student/ros2_ws/install/warehouse_robot_msgs/share/warehouse_robot_msgs/cmake/warehouse_robot_msgs__rosidl_typesupport_cppExport.cmake
[1.562s] -- Up-to-date: /home/student/ros2_ws/install/warehouse_robot_msgs/share/warehouse_robot_msgs/cmake/warehouse_robot_msgs__rosidl_typesupport_cppExport-noconfig.cmake
[1.564s] -- Up-to-date: /home/student/ros2_ws/install/warehouse_robot_msgs/share/warehouse_robot_msgs/cmake/export_warehouse_robot_msgs__rosidl_generator_pyExport.cmake
[1.564s] -- Up-to-date: /home/student/ros2_ws/install/warehouse_robot_msgs/share/warehouse_robot_msgs/cmake/export_warehouse_robot_msgs__rosidl_generator_pyExport-noconfig.cmake
[1.564s] -- Up-to-date: /home/student/ros2_ws/install/warehouse_robot_msgs/share/warehouse_robot_msgs/cmake/rosidl_cmake-extras.cmake
[1.564s] -- Up-to-date: /home/student/ros2_ws/install/warehouse_robot_msgs/share/warehouse_robot_msgs/cmake/ament_cmake_export_dependencies-extras.cmake
[1.565s] -- Up-to-date: /home/student/ros2_ws/install/warehouse_robot_msgs/share/warehouse_robot_msgs/cmake/ament_cmake_export_include_directories-extras.cmake
[1.565s] -- Up-to-date: /home/student/ros2_ws/install/warehouse_robot_msgs/share/warehouse_robot_msgs/cmake/ament_cmake_export_libraries-extras.cmake
[1.566s] -- Up-to-date: /home/student/ros2_ws/install/warehouse_robot_msgs/share/warehouse_robot_msgs/cmake/ament_cmake_export_targets-extras.cmake
[1.566s] -- Up-to-date: /home/student/ros2_ws/install/warehouse_robot_msgs/share/warehouse_robot_msgs/cmake/rosidl_cmake_export_typesupport_targets-extras.cmake
[1.566s] -- Up-to-date: /home/student/ros2_ws/install/warehouse_robot_msgs/share/warehouse_robot_msgs/cmake/rosidl_cmake_export_typesupport_libraries-extras.cmake
[1.566s] -- Up-to-date: /home/student/ros2_ws/install/warehouse_robot_msgs/share/warehouse_robot_msgs/cmake/warehouse_robot_msgsConfig.cmake
[1.566s] -- Up-to-date: /home/student/ros2_ws/install/warehouse_robot_msgs/share/warehouse_robot_msgs/cmake/warehouse_robot_msgsConfig-version.cmake
[1.566s] -- Up-to-date: /home/student/ros2_ws/install/warehouse_robot_msgs/share/warehouse_robot_msgs/package.xml
[1.566s] Invoked command in '/home/student/ros2_ws/build/warehouse_robot_msgs' returned '0': CMAKE_PREFIX_PATH=${CMAKE_PREFIX_PATH}:/home/student/ros2_ws/install/turtlebot3_teleop:/home/student/ros2_ws/install/turtlebot3_example:/opt/ros/humble /usr/bin/cmake --install /home/student/ros2_ws/build/warehouse_robot_msgs
