[0.033s] Invoking command in '/home/student/ros2_ws/build/turtlebot3_gazebo': CMAKE_PREFIX_PATH=${CMAKE_PREFIX_PATH}:/home/student/ros2_ws/install/turtlebot3_teleop:/home/student/ros2_ws/install/turtlebot3_example:/home/student/ros2_ws/install/rtabmap_python /usr/bin/cmake /home/student/ros2_ws/src/turtlebot3_simulations/turtlebot3_gazebo -DCMAKE_INSTALL_PREFIX=/home/student/ros2_ws/install/turtlebot3_gazebo
[1.094s] -- The C compiler identification is GNU 11.4.0
[1.094s] -- The CXX compiler identification is GNU 11.4.0
[1.094s] -- Detecting C compiler ABI info
[1.096s] -- Detecting C compiler ABI info - done
[1.097s] -- Check for working C compiler: /usr/bin/cc - skipped
[1.097s] -- Detecting C compile features
[1.097s] -- Detecting C compile features - done
[1.098s] -- Detecting CXX compiler ABI info
[1.098s] -- Detecting CXX compiler ABI info - done
[1.099s] -- Check for working CXX compiler: /usr/bin/c++ - skipped
[1.100s] -- Detecting CXX compile features
[1.102s] -- Detecting CXX compile features - done
[1.102s] -- Found ament_cmake: 1.3.10 (/opt/ros/humble/share/ament_cmake/cmake)
[1.103s] -- Found Python3: /usr/bin/python3 (found version "3.10.12") found components: Interpreter 
[1.122s] [33mCMake Warning (dev) at /usr/share/cmake-3.22/Modules/FindPackageHandleStandardArgs.cmake:438 (message):
[1.123s]   The package name passed to `find_package_handle_standard_args` (PkgConfig)
[1.123s]   does not match the name of the calling package (gazebo).  This can lead to
[1.123s]   problems in calling code that expects `find_package` result variables
[1.123s]   (e.g., `_FOUND`) to follow a certain pattern.
[1.123s] Call Stack (most recent call first):
[1.123s]   /usr/share/cmake-3.22/Modules/FindPkgConfig.cmake:99 (find_package_handle_standard_args)
[1.123s]   /usr/lib/x86_64-linux-gnu/cmake/gazebo/gazebo-config.cmake:72 (include)
[1.123s]   CMakeLists.txt:23 (find_package)
[1.124s] This warning is for project developers.  Use -Wno-dev to suppress it.
[1.124s] [0m
[1.124s] -- Found PkgConfig: /usr/bin/pkg-config (found version "0.29.2") 
[1.129s] -- Checking for module 'bullet>=2.82'
[1.167s] --   Found bullet, version 3.05
[1.677s] -- Found fcl: /usr/include (found suitable version "0.7.0", minimum required is "0.5.0") 
[1.844s] -- Found assimp: /usr/include (found version "5.2.0") 
[1.943s] -- Found DART: /usr/include (Required is at least version "6.6") found components: dart 
[2.318s] -- Found Boost: /usr/lib/x86_64-linux-gnu/cmake/Boost-1.74.0/BoostConfig.cmake (found suitable version "1.74.0", minimum required is "1.40.0") found components: thread system filesystem program_options regex iostreams date_time 
[2.442s] -- Found Protobuf: /usr/lib/x86_64-linux-gnu/libprotobuf.so (found version "3.12.4") 
[2.443s] -- Looking for ignition-math6 -- found version 6.15.1
[2.475s] -- Searching for dependencies of ignition-math6
[2.481s] -- Looking for OGRE...
[2.482s] -- OGRE_PREFIX_WATCH changed.
[2.490s] -- Checking for module 'OGRE'
[2.522s] --   Found OGRE, version 1.9.0
[2.599s] -- Found Ogre Ghadamon (1.9.0)
[2.632s] -- Found OGRE: optimized;/usr/lib/x86_64-linux-gnu/libOgreMain.so;debug;/usr/lib/x86_64-linux-gnu/libOgreMain.so
[2.648s] -- Looking for OGRE_Paging...
[2.662s] -- Found OGRE_Paging: optimized;/usr/lib/x86_64-linux-gnu/libOgrePaging.so;debug;/usr/lib/x86_64-linux-gnu/libOgrePaging.so
[2.662s] -- Looking for OGRE_Terrain...
[2.671s] -- Found OGRE_Terrain: optimized;/usr/lib/x86_64-linux-gnu/libOgreTerrain.so;debug;/usr/lib/x86_64-linux-gnu/libOgreTerrain.so
[2.671s] -- Looking for OGRE_Property...
[2.680s] -- Found OGRE_Property: optimized;/usr/lib/x86_64-linux-gnu/libOgreProperty.so;debug;/usr/lib/x86_64-linux-gnu/libOgreProperty.so
[2.680s] -- Looking for OGRE_RTShaderSystem...
[2.689s] -- Found OGRE_RTShaderSystem: optimized;/usr/lib/x86_64-linux-gnu/libOgreRTShaderSystem.so;debug;/usr/lib/x86_64-linux-gnu/libOgreRTShaderSystem.so
[2.689s] -- Looking for OGRE_Volume...
[2.700s] -- Found OGRE_Volume: optimized;/usr/lib/x86_64-linux-gnu/libOgreVolume.so;debug;/usr/lib/x86_64-linux-gnu/libOgreVolume.so
[2.700s] -- Looking for OGRE_Overlay...
[2.709s] -- Found OGRE_Overlay: optimized;/usr/lib/x86_64-linux-gnu/libOgreOverlay.so;debug;/usr/lib/x86_64-linux-gnu/libOgreOverlay.so
[2.934s] -- Looking for ignition-math6 -- found version 6.15.1
[2.941s] -- Looking for ignition-transport8 -- found version 8.2.1
[2.942s] -- Searching for dependencies of ignition-transport8
[2.968s] -- Found Protobuf: /usr/lib/x86_64-linux-gnu/libprotobuf.so (found suitable version "3.12.4", minimum required is "3") 
[2.986s] -- Config-file not installed for ZeroMQ -- checking for pkg-config
[2.994s] -- Checking for module 'libzmq >= 4'
[3.047s] --   Found libzmq , version 4.3.4
[3.111s] -- Found ZeroMQ: TRUE (Required is at least version "4") 
[3.123s] -- Checking for module 'uuid'
[3.148s] --   Found uuid, version 2.37.2
[3.202s] -- Found UUID: TRUE  
[3.212s] -- Looking for ignition-msgs5 -- found version 5.8.1
[3.212s] -- Searching for dependencies of ignition-msgs5
[3.238s] -- Looking for ignition-math6 -- found version 6.15.1
[3.247s] -- Checking for module 'tinyxml2'
[3.271s] --   Found tinyxml2, version 9.0.0
[3.332s] -- Looking for ignition-msgs5 -- found version 5.8.1
[3.341s] -- Looking for ignition-common3 -- found version 3.14.0
[3.341s] -- Searching for dependencies of ignition-common3
[3.345s] -- Looking for dlfcn.h - found
[3.347s] -- Looking for libdl - found
[3.349s] -- Found DL: TRUE  
[3.370s] -- Found tinyobjloader: /usr/lib/x86_64-linux-gnu/cmake/tinyobjloader/tinyobjloader-config.cmake (found version "2.0.0") 
[3.370s] -- Searching for <ignition-common3> component [graphics]
[3.377s] -- Looking for ignition-common3-graphics -- found version 3.14.0
[3.378s] -- Searching for dependencies of ignition-common3-graphics
[3.378s] -- Looking for ignition-math6 -- found version 6.15.1
[3.386s] -- Looking for ignition-fuel_tools4 -- found version 4.4.0
[3.387s] -- Searching for dependencies of ignition-fuel_tools4
[3.504s] -- Found CURL: /usr/lib/x86_64-linux-gnu/libcurl.so (found version "7.81.0")  
[3.523s] -- Checking for module 'jsoncpp'
[3.541s] --   Found jsoncpp, version 1.9.5
[3.584s] -- Found JSONCPP: TRUE  
[3.594s] -- Checking for module 'libzip'
[3.616s] --   Found libzip, version 1.7.3
[3.663s] -- Found ZIP: TRUE  
[3.664s] -- Looking for ignition-common3 -- found version 3.14.0
[3.664s] -- Looking for ignition-math6 -- found version 6.15.1
[3.665s] -- Looking for ignition-msgs5 -- found version 5.8.1
[3.676s] -- Found gazebo_ros_pkgs: 3.7.0 (/opt/ros/humble/share/gazebo_ros_pkgs/cmake)
[3.679s] -- Found geometry_msgs: 4.2.4 (/opt/ros/humble/share/geometry_msgs/cmake)
[3.725s] -- Found rosidl_generator_c: 3.1.5 (/opt/ros/humble/share/rosidl_generator_c/cmake)
[3.733s] -- Found rosidl_adapter: 3.1.5 (/opt/ros/humble/share/rosidl_adapter/cmake)
[3.745s] -- Found rosidl_generator_cpp: 3.1.5 (/opt/ros/humble/share/rosidl_generator_cpp/cmake)
[3.762s] -- Using all available rosidl_typesupport_c: rosidl_typesupport_fastrtps_c;rosidl_typesupport_introspection_c
[3.788s] -- Using all available rosidl_typesupport_cpp: rosidl_typesupport_fastrtps_cpp;rosidl_typesupport_introspection_cpp
[3.849s] -- Found nav_msgs: 4.2.4 (/opt/ros/humble/share/nav_msgs/cmake)
[3.891s] -- Found rclcpp: 16.0.10 (/opt/ros/humble/share/rclcpp/cmake)
[3.943s] -- Found rmw_implementation_cmake: 6.1.2 (/opt/ros/humble/share/rmw_implementation_cmake/cmake)
[3.947s] -- Found rmw_fastrtps_cpp: 6.2.7 (/opt/ros/humble/share/rmw_fastrtps_cpp/cmake)
[4.073s] -- Found OpenSSL: /usr/lib/x86_64-linux-gnu/libcrypto.so (found version "3.0.2")  
[4.107s] -- Found FastRTPS: /opt/ros/humble/include  
[4.160s] -- Using RMW implementation 'rmw_fastrtps_cpp' as default
[4.170s] -- Found Threads: TRUE  
[4.287s] -- Found sensor_msgs: 4.2.4 (/opt/ros/humble/share/sensor_msgs/cmake)
[4.330s] -- Found tf2: 0.25.8 (/opt/ros/humble/share/tf2/cmake)
[4.419s] -- Configuring done
[4.697s] -- Generating done
[4.700s] -- Build files have been written to: /home/student/ros2_ws/build/turtlebot3_gazebo
