[0.040s] Invoking command in '/home/student/ros2_ws/build/dynamixel_sdk_examples': CMAKE_PREFIX_PATH=/home/student/ros2_ws/install/dynamixel_sdk_custom_interfaces:/home/student/ros2_ws/install/dynamixel_sdk:/home/student/ros2_ws/install/warehouse_robot_msgs:/home/student/ros2_ws/install/turtlebot3:/home/student/ros2_ws/install/turtlebot3_simulations:/home/student/ros2_ws/install/turtlebot3_bringup:/home/student/ros2_ws/install/turtlebot3_node:/home/student/ros2_ws/install/turtlebot3_navigation2:/home/student/ros2_ws/install/turtlebot3_fake_node:/home/student/ros2_ws/install/turtlebot3_msgs:/home/student/ros2_ws/install/turtlebot3_gazebo:/home/student/ros2_ws/install/turtlebot3_description:/home/student/ros2_ws/install/turtlebot3_cartographer:/home/student/ros2_ws/install/map_ground_truth_publisher:/home/student/ros2_ws/install/gazebo_map_creator:/home/student/ros2_ws/install/gazebo_map_creator_interface:/home/student/ros2_ws/install/dynamixel_sdk_examples:/home/student/ros2_ws/install/apriltag_ros:/home/student/ros2_ws/install/turtlebot3_teleop:/home/student/ros2_ws/install/turtlebot3_example:/opt/ros/humble LD_LIBRARY_PATH=/home/student/ros2_ws/install/dynamixel_sdk_custom_interfaces/lib:/home/student/ros2_ws/install/dynamixel_sdk/lib:/home/student/ros2_ws/install/warehouse_robot_msgs/lib:/home/student/ros2_ws/install/turtlebot3_msgs/lib:/home/student/ros2_ws/install/gazebo_map_creator/lib:/home/student/ros2_ws/install/gazebo_map_creator_interface/lib:/home/student/ros2_ws/install/apriltag_ros/lib:/usr/lib/x86_64-linux-gnu/gazebo-11/plugins:/opt/ros/humble/opt/rviz_ogre_vendor/lib:/opt/ros/humble/lib/x86_64-linux-gnu:/opt/ros/humble/lib:/usr/lib/x86_64-linux-gnu/gazebo-11/plugins /usr/bin/cmake /home/student/ros2_ws/src/DynamixelSDK/dynamixel_sdk_examples -DCMAKE_INSTALL_PREFIX=/home/student/ros2_ws/install/dynamixel_sdk_examples
[1.161s] -- The C compiler identification is GNU 11.4.0
[1.161s] -- The CXX compiler identification is GNU 11.4.0
[1.162s] -- Detecting C compiler ABI info
[1.162s] -- Detecting C compiler ABI info - done
[1.162s] -- Check for working C compiler: /usr/bin/cc - skipped
[1.175s] -- Detecting C compile features
[1.175s] -- Detecting C compile features - done
[1.175s] -- Detecting CXX compiler ABI info
[1.176s] -- Detecting CXX compiler ABI info - done
[1.176s] -- Check for working CXX compiler: /usr/bin/c++ - skipped
[1.176s] -- Detecting CXX compile features
[1.176s] -- Detecting CXX compile features - done
[1.176s] -- Found ament_cmake: 1.3.10 (/opt/ros/humble/share/ament_cmake/cmake)
[1.502s] -- Found Python3: /usr/bin/python3 (found version "3.10.12") found components: Interpreter 
[1.698s] -- Found dynamixel_sdk: 3.7.60 (/home/student/ros2_ws/install/dynamixel_sdk/share/dynamixel_sdk/cmake)
[1.698s] -- Found dynamixel_sdk_custom_interfaces: 3.7.60 (/home/student/ros2_ws/install/dynamixel_sdk_custom_interfaces/share/dynamixel_sdk_custom_interfaces/cmake)
[1.771s] -- Found rosidl_generator_c: 3.1.5 (/opt/ros/humble/share/rosidl_generator_c/cmake)
[1.783s] -- Found rosidl_adapter: 3.1.5 (/opt/ros/humble/share/rosidl_adapter/cmake)
[1.805s] -- Found rosidl_generator_cpp: 3.1.5 (/opt/ros/humble/share/rosidl_generator_cpp/cmake)
[1.828s] -- Using all available rosidl_typesupport_c: rosidl_typesupport_fastrtps_c;rosidl_typesupport_introspection_c
[1.872s] -- Using all available rosidl_typesupport_cpp: rosidl_typesupport_fastrtps_cpp;rosidl_typesupport_introspection_cpp
[1.943s] -- Found rclcpp: 16.0.10 (/opt/ros/humble/share/rclcpp/cmake)
[2.047s] -- Found rmw_implementation_cmake: 6.1.2 (/opt/ros/humble/share/rmw_implementation_cmake/cmake)
[2.052s] -- Found rmw_fastrtps_cpp: 6.2.7 (/opt/ros/humble/share/rmw_fastrtps_cpp/cmake)
[2.294s] -- Found OpenSSL: /usr/lib/x86_64-linux-gnu/libcrypto.so (found version "3.0.2")  
[2.402s] -- Found FastRTPS: /opt/ros/humble/include  
[2.520s] -- Using RMW implementation 'rmw_fastrtps_cpp' as default
[2.541s] -- Looking for pthread.h
[2.752s] -- Looking for pthread.h - found
[2.753s] -- Performing Test CMAKE_HAVE_LIBC_PTHREAD
[2.999s] -- Performing Test CMAKE_HAVE_LIBC_PTHREAD - Success
[3.002s] -- Found Threads: TRUE  
[3.224s] -- Found ament_lint_auto: 0.12.11 (/opt/ros/humble/share/ament_lint_auto/cmake)
[3.557s] -- Added test 'copyright' to check source files copyright and LICENSE
[3.565s] -- Added test 'cppcheck' to perform static code analysis on C / C++ code
[3.566s] -- Configured cppcheck include dirs: /home/student/ros2_ws/src/DynamixelSDK/dynamixel_sdk_examples/include
[3.566s] -- Configured cppcheck exclude dirs and/or files: 
[3.566s] -- Added test 'cpplint' to check C / C++ code against the Google style
[3.566s] -- Configured cpplint exclude dirs and/or files: 
[3.570s] -- Added test 'lint_cmake' to check CMake code style
[3.572s] -- Added test 'uncrustify' to check C / C++ code style
[3.573s] -- Configured uncrustify additional arguments: 
[3.574s] -- Added test 'xmllint' to check XML markup files
[3.580s] -- Configuring done
[3.615s] -- Generating done
[3.625s] -- Build files have been written to: /home/student/ros2_ws/build/dynamixel_sdk_examples
[3.676s] Invoked command in '/home/student/ros2_ws/build/dynamixel_sdk_examples' returned '0': CMAKE_PREFIX_PATH=/home/student/ros2_ws/install/dynamixel_sdk_custom_interfaces:/home/student/ros2_ws/install/dynamixel_sdk:/home/student/ros2_ws/install/warehouse_robot_msgs:/home/student/ros2_ws/install/turtlebot3:/home/student/ros2_ws/install/turtlebot3_simulations:/home/student/ros2_ws/install/turtlebot3_bringup:/home/student/ros2_ws/install/turtlebot3_node:/home/student/ros2_ws/install/turtlebot3_navigation2:/home/student/ros2_ws/install/turtlebot3_fake_node:/home/student/ros2_ws/install/turtlebot3_msgs:/home/student/ros2_ws/install/turtlebot3_gazebo:/home/student/ros2_ws/install/turtlebot3_description:/home/student/ros2_ws/install/turtlebot3_cartographer:/home/student/ros2_ws/install/map_ground_truth_publisher:/home/student/ros2_ws/install/gazebo_map_creator:/home/student/ros2_ws/install/gazebo_map_creator_interface:/home/student/ros2_ws/install/dynamixel_sdk_examples:/home/student/ros2_ws/install/apriltag_ros:/home/student/ros2_ws/install/turtlebot3_teleop:/home/student/ros2_ws/install/turtlebot3_example:/opt/ros/humble LD_LIBRARY_PATH=/home/student/ros2_ws/install/dynamixel_sdk_custom_interfaces/lib:/home/student/ros2_ws/install/dynamixel_sdk/lib:/home/student/ros2_ws/install/warehouse_robot_msgs/lib:/home/student/ros2_ws/install/turtlebot3_msgs/lib:/home/student/ros2_ws/install/gazebo_map_creator/lib:/home/student/ros2_ws/install/gazebo_map_creator_interface/lib:/home/student/ros2_ws/install/apriltag_ros/lib:/usr/lib/x86_64-linux-gnu/gazebo-11/plugins:/opt/ros/humble/opt/rviz_ogre_vendor/lib:/opt/ros/humble/lib/x86_64-linux-gnu:/opt/ros/humble/lib:/usr/lib/x86_64-linux-gnu/gazebo-11/plugins /usr/bin/cmake /home/student/ros2_ws/src/DynamixelSDK/dynamixel_sdk_examples -DCMAKE_INSTALL_PREFIX=/home/student/ros2_ws/install/dynamixel_sdk_examples
[3.677s] Invoking command in '/home/student/ros2_ws/build/dynamixel_sdk_examples': CMAKE_PREFIX_PATH=/home/student/ros2_ws/install/dynamixel_sdk_custom_interfaces:/home/student/ros2_ws/install/dynamixel_sdk:/home/student/ros2_ws/install/warehouse_robot_msgs:/home/student/ros2_ws/install/turtlebot3:/home/student/ros2_ws/install/turtlebot3_simulations:/home/student/ros2_ws/install/turtlebot3_bringup:/home/student/ros2_ws/install/turtlebot3_node:/home/student/ros2_ws/install/turtlebot3_navigation2:/home/student/ros2_ws/install/turtlebot3_fake_node:/home/student/ros2_ws/install/turtlebot3_msgs:/home/student/ros2_ws/install/turtlebot3_gazebo:/home/student/ros2_ws/install/turtlebot3_description:/home/student/ros2_ws/install/turtlebot3_cartographer:/home/student/ros2_ws/install/map_ground_truth_publisher:/home/student/ros2_ws/install/gazebo_map_creator:/home/student/ros2_ws/install/gazebo_map_creator_interface:/home/student/ros2_ws/install/dynamixel_sdk_examples:/home/student/ros2_ws/install/apriltag_ros:/home/student/ros2_ws/install/turtlebot3_teleop:/home/student/ros2_ws/install/turtlebot3_example:/opt/ros/humble LD_LIBRARY_PATH=/home/student/ros2_ws/install/dynamixel_sdk_custom_interfaces/lib:/home/student/ros2_ws/install/dynamixel_sdk/lib:/home/student/ros2_ws/install/warehouse_robot_msgs/lib:/home/student/ros2_ws/install/turtlebot3_msgs/lib:/home/student/ros2_ws/install/gazebo_map_creator/lib:/home/student/ros2_ws/install/gazebo_map_creator_interface/lib:/home/student/ros2_ws/install/apriltag_ros/lib:/usr/lib/x86_64-linux-gnu/gazebo-11/plugins:/opt/ros/humble/opt/rviz_ogre_vendor/lib:/opt/ros/humble/lib/x86_64-linux-gnu:/opt/ros/humble/lib:/usr/lib/x86_64-linux-gnu/gazebo-11/plugins /usr/bin/cmake --build /home/student/ros2_ws/build/dynamixel_sdk_examples -- -j8 -l8
[6.494s] [ 50%] [32mBuilding CXX object CMakeFiles/read_write_node.dir/src/read_write_node.cpp.o[0m
[16.509s] [100%] [32m[1mLinking CXX executable read_write_node[0m
[16.949s] [100%] Built target read_write_node
