[0.067s] Invoking command in '/home/student/ros2_ws/build/turtlebot3_description': CMAKE_PREFIX_PATH=${CMAKE_PREFIX_PATH}:/home/student/ros2_ws/install/turtlebot3_teleop:/home/student/ros2_ws/install/turtlebot3_example:/home/student/ros2_ws/install/rtabmap_python /usr/bin/cmake --build /home/student/ros2_ws/build/turtlebot3_description -- -j8 -l8
[0.146s] Invoked command in '/home/student/ros2_ws/build/turtlebot3_description' returned '0': CMAKE_PREFIX_PATH=${CMAKE_PREFIX_PATH}:/home/student/ros2_ws/install/turtlebot3_teleop:/home/student/ros2_ws/install/turtlebot3_example:/home/student/ros2_ws/install/rtabmap_python /usr/bin/cmake --build /home/student/ros2_ws/build/turtlebot3_description -- -j8 -l8
[0.381s] Invoking command in '/home/student/ros2_ws/build/turtlebot3_description': CMAKE_PREFIX_PATH=${CMAKE_PREFIX_PATH}:/home/student/ros2_ws/install/turtlebot3_teleop:/home/student/ros2_ws/install/turtlebot3_example:/home/student/ros2_ws/install/rtabmap_python /usr/bin/cmake --install /home/student/ros2_ws/build/turtlebot3_description
[0.410s] -- Install configuration: ""
[0.410s] -- Up-to-date: /home/student/ros2_ws/install/turtlebot3_description/share/turtlebot3_description/meshes
[0.410s] -- Up-to-date: /home/student/ros2_ws/install/turtlebot3_description/share/turtlebot3_description/meshes/bases
[0.411s] -- Up-to-date: /home/student/ros2_ws/install/turtlebot3_description/share/turtlebot3_description/meshes/bases/waffle_pi_base.stl
[0.411s] -- Up-to-date: /home/student/ros2_ws/install/turtlebot3_description/share/turtlebot3_description/meshes/bases/burger_base.stl
[0.411s] -- Up-to-date: /home/student/ros2_ws/install/turtlebot3_description/share/turtlebot3_description/meshes/bases/waffle_base.stl
[0.411s] -- Up-to-date: /home/student/ros2_ws/install/turtlebot3_description/share/turtlebot3_description/meshes/sensors
[0.412s] -- Up-to-date: /home/student/ros2_ws/install/turtlebot3_description/share/turtlebot3_description/meshes/sensors/r200.dae
[0.412s] -- Up-to-date: /home/student/ros2_ws/install/turtlebot3_description/share/turtlebot3_description/meshes/sensors/lds.stl
[0.412s] -- Up-to-date: /home/student/ros2_ws/install/turtlebot3_description/share/turtlebot3_description/meshes/sensors/astra.jpg
[0.412s] -- Up-to-date: /home/student/ros2_ws/install/turtlebot3_description/share/turtlebot3_description/meshes/sensors/astra.dae
[0.413s] -- Up-to-date: /home/student/ros2_ws/install/turtlebot3_description/share/turtlebot3_description/meshes/sensors/r200.jpg
[0.413s] -- Up-to-date: /home/student/ros2_ws/install/turtlebot3_description/share/turtlebot3_description/meshes/wheels
[0.413s] -- Up-to-date: /home/student/ros2_ws/install/turtlebot3_description/share/turtlebot3_description/meshes/wheels/left_tire.stl
[0.414s] -- Up-to-date: /home/student/ros2_ws/install/turtlebot3_description/share/turtlebot3_description/meshes/wheels/right_tire.stl
[0.414s] -- Up-to-date: /home/student/ros2_ws/install/turtlebot3_description/share/turtlebot3_description/rviz
[0.414s] -- Up-to-date: /home/student/ros2_ws/install/turtlebot3_description/share/turtlebot3_description/rviz/model.rviz
[0.414s] -- Up-to-date: /home/student/ros2_ws/install/turtlebot3_description/share/turtlebot3_description/urdf
[0.414s] -- Up-to-date: /home/student/ros2_ws/install/turtlebot3_description/share/turtlebot3_description/urdf/turtlebot3_waffle_pi.urdf
[0.415s] -- Up-to-date: /home/student/ros2_ws/install/turtlebot3_description/share/turtlebot3_description/urdf/turtlebot3_waffle.urdf
[0.415s] -- Up-to-date: /home/student/ros2_ws/install/turtlebot3_description/share/turtlebot3_description/urdf/turtlebot3_burger.urdf
[0.415s] -- Up-to-date: /home/student/ros2_ws/install/turtlebot3_description/share/turtlebot3_description/urdf/common_properties.urdf
[0.415s] -- Up-to-date: /home/student/ros2_ws/install/turtlebot3_description/share/ament_index/resource_index/package_run_dependencies/turtlebot3_description
[0.420s] -- Up-to-date: /home/student/ros2_ws/install/turtlebot3_description/share/ament_index/resource_index/parent_prefix_path/turtlebot3_description
[0.420s] -- Up-to-date: /home/student/ros2_ws/install/turtlebot3_description/share/turtlebot3_description/environment/ament_prefix_path.sh
[0.422s] -- Up-to-date: /home/student/ros2_ws/install/turtlebot3_description/share/turtlebot3_description/environment/ament_prefix_path.dsv
[0.426s] -- Up-to-date: /home/student/ros2_ws/install/turtlebot3_description/share/turtlebot3_description/environment/path.sh
[0.426s] -- Up-to-date: /home/student/ros2_ws/install/turtlebot3_description/share/turtlebot3_description/environment/path.dsv
[0.426s] -- Up-to-date: /home/student/ros2_ws/install/turtlebot3_description/share/turtlebot3_description/local_setup.bash
[0.426s] -- Up-to-date: /home/student/ros2_ws/install/turtlebot3_description/share/turtlebot3_description/local_setup.sh
[0.427s] -- Up-to-date: /home/student/ros2_ws/install/turtlebot3_description/share/turtlebot3_description/local_setup.zsh
[0.427s] -- Up-to-date: /home/student/ros2_ws/install/turtlebot3_description/share/turtlebot3_description/local_setup.dsv
[0.427s] -- Installing: /home/student/ros2_ws/install/turtlebot3_description/share/turtlebot3_description/package.dsv
[0.427s] -- Up-to-date: /home/student/ros2_ws/install/turtlebot3_description/share/ament_index/resource_index/packages/turtlebot3_description
[0.427s] -- Up-to-date: /home/student/ros2_ws/install/turtlebot3_description/share/turtlebot3_description/cmake/turtlebot3_descriptionConfig.cmake
[0.427s] -- Up-to-date: /home/student/ros2_ws/install/turtlebot3_description/share/turtlebot3_description/cmake/turtlebot3_descriptionConfig-version.cmake
[0.427s] -- Up-to-date: /home/student/ros2_ws/install/turtlebot3_description/share/turtlebot3_description/package.xml
[0.428s] Invoked command in '/home/student/ros2_ws/build/turtlebot3_description' returned '0': CMAKE_PREFIX_PATH=${CMAKE_PREFIX_PATH}:/home/student/ros2_ws/install/turtlebot3_teleop:/home/student/ros2_ws/install/turtlebot3_example:/home/student/ros2_ws/install/rtabmap_python /usr/bin/cmake --install /home/student/ros2_ws/build/turtlebot3_description
