[0.098s] Invoking command in '/home/student/ros2_ws/build/turtlebot3_gazebo': CMAKE_PREFIX_PATH=${CMAKE_PREFIX_PATH}:/home/student/ros2_ws/install/turtlebot3_teleop:/home/student/ros2_ws/install/turtlebot3_example:/opt/ros/humble /usr/bin/cmake --build /home/student/ros2_ws/build/turtlebot3_gazebo -- -j8 -l8
[1.167s] [ 25%] Built target turtlebot3_drive
[1.320s] [ 50%] Built target obstacle1
[1.323s] [ 75%] Built target obstacles
[1.323s] [100%] Built target obstacle2
[1.349s] Invoked command in '/home/student/ros2_ws/build/turtlebot3_gazebo' returned '0': CMAKE_PREFIX_PATH=${CMAKE_PREFIX_PATH}:/home/student/ros2_ws/install/turtlebot3_teleop:/home/student/ros2_ws/install/turtlebot3_example:/opt/ros/humble /usr/bin/cmake --build /home/student/ros2_ws/build/turtlebot3_gazebo -- -j8 -l8
[1.420s] Invoking command in '/home/student/ros2_ws/build/turtlebot3_gazebo': CMAKE_PREFIX_PATH=${CMAKE_PREFIX_PATH}:/home/student/ros2_ws/install/turtlebot3_teleop:/home/student/ros2_ws/install/turtlebot3_example:/opt/ros/humble /usr/bin/cmake --install /home/student/ros2_ws/build/turtlebot3_gazebo
[1.436s] -- Install configuration: ""
[1.437s] -- Execute custom install script
[1.441s] -- Up-to-date symlink: /home/student/ros2_ws/install/turtlebot3_gazebo/lib/turtlebot3_gazebo/turtlebot3_drive
[1.442s] -- Up-to-date symlink: /home/student/ros2_ws/install/turtlebot3_gazebo/share/turtlebot3_gazebo//launch/SmartFactory.launch.py
[1.443s] -- Up-to-date symlink: /home/student/ros2_ws/install/turtlebot3_gazebo/share/turtlebot3_gazebo//launch/empty_world.launch.py
[1.443s] -- Up-to-date symlink: /home/student/ros2_ws/install/turtlebot3_gazebo/share/turtlebot3_gazebo//launch/robot_state_publisher.launch.py
[1.443s] -- Up-to-date symlink: /home/student/ros2_ws/install/turtlebot3_gazebo/share/turtlebot3_gazebo//launch/spawn_turtlebot3.launch.py
[1.444s] -- Up-to-date symlink: /home/student/ros2_ws/install/turtlebot3_gazebo/share/turtlebot3_gazebo//launch/turtlebot3_dqn_stage1.launch.py
[1.444s] -- Up-to-date symlink: /home/student/ros2_ws/install/turtlebot3_gazebo/share/turtlebot3_gazebo//launch/turtlebot3_dqn_stage2.launch.py
[1.444s] -- Up-to-date symlink: /home/student/ros2_ws/install/turtlebot3_gazebo/share/turtlebot3_gazebo//launch/turtlebot3_dqn_stage3.launch.py
[1.444s] -- Up-to-date symlink: /home/student/ros2_ws/install/turtlebot3_gazebo/share/turtlebot3_gazebo//launch/turtlebot3_dqn_stage4.launch.py
[1.444s] -- Up-to-date symlink: /home/student/ros2_ws/install/turtlebot3_gazebo/share/turtlebot3_gazebo//launch/turtlebot3_house.launch.py
[1.444s] -- Up-to-date symlink: /home/student/ros2_ws/install/turtlebot3_gazebo/share/turtlebot3_gazebo//launch/turtlebot3_world.launch.py
[1.446s] -- Up-to-date symlink: /home/student/ros2_ws/install/turtlebot3_gazebo/share/turtlebot3_gazebo//models/custom_cardboard_box/cardboard_box_custom_1/materials/textures/ar_tag_1.png
[1.446s] -- Up-to-date symlink: /home/student/ros2_ws/install/turtlebot3_gazebo/share/turtlebot3_gazebo//models/custom_cardboard_box/cardboard_box_custom_1/materials/textures/cardboard_box.png
[1.446s] -- Up-to-date symlink: /home/student/ros2_ws/install/turtlebot3_gazebo/share/turtlebot3_gazebo//models/custom_cardboard_box/cardboard_box_custom_1/meshes/cardboard_box.dae
[1.446s] -- Up-to-date symlink: /home/student/ros2_ws/install/turtlebot3_gazebo/share/turtlebot3_gazebo//models/custom_cardboard_box/cardboard_box_custom_1/model.config
[1.447s] -- Up-to-date symlink: /home/student/ros2_ws/install/turtlebot3_gazebo/share/turtlebot3_gazebo//models/custom_cardboard_box/cardboard_box_custom_1/model.sdf
[1.447s] -- Up-to-date symlink: /home/student/ros2_ws/install/turtlebot3_gazebo/share/turtlebot3_gazebo//models/custom_cardboard_box/cardboard_box_custom_1/thumbnails/1.png
[1.447s] -- Up-to-date symlink: /home/student/ros2_ws/install/turtlebot3_gazebo/share/turtlebot3_gazebo//models/custom_cardboard_box/cardboard_box_custom_1/thumbnails/2.png
[1.448s] -- Up-to-date symlink: /home/student/ros2_ws/install/turtlebot3_gazebo/share/turtlebot3_gazebo//models/custom_cardboard_box/cardboard_box_custom_1/thumbnails/3.png
[1.448s] -- Up-to-date symlink: /home/student/ros2_ws/install/turtlebot3_gazebo/share/turtlebot3_gazebo//models/custom_cardboard_box/cardboard_box_custom_1/thumbnails/4.png
[1.448s] -- Up-to-date symlink: /home/student/ros2_ws/install/turtlebot3_gazebo/share/turtlebot3_gazebo//models/custom_cardboard_box/cardboard_box_custom_1/thumbnails/5.png
[1.448s] -- Up-to-date symlink: /home/student/ros2_ws/install/turtlebot3_gazebo/share/turtlebot3_gazebo//models/custom_cardboard_box/cardboard_box_custom_2/materials/textures/ar_tag_2.png
[1.448s] -- Up-to-date symlink: /home/student/ros2_ws/install/turtlebot3_gazebo/share/turtlebot3_gazebo//models/custom_cardboard_box/cardboard_box_custom_2/materials/textures/cardboard_box.png
[1.450s] -- Up-to-date symlink: /home/student/ros2_ws/install/turtlebot3_gazebo/share/turtlebot3_gazebo//models/custom_cardboard_box/cardboard_box_custom_2/meshes/cardboard_box.dae
[1.450s] -- Up-to-date symlink: /home/student/ros2_ws/install/turtlebot3_gazebo/share/turtlebot3_gazebo//models/custom_cardboard_box/cardboard_box_custom_2/model.config
[1.451s] -- Up-to-date symlink: /home/student/ros2_ws/install/turtlebot3_gazebo/share/turtlebot3_gazebo//models/custom_cardboard_box/cardboard_box_custom_2/model.sdf
[1.451s] -- Up-to-date symlink: /home/student/ros2_ws/install/turtlebot3_gazebo/share/turtlebot3_gazebo//models/custom_cardboard_box/cardboard_box_custom_2/thumbnails/1.png
[1.451s] -- Up-to-date symlink: /home/student/ros2_ws/install/turtlebot3_gazebo/share/turtlebot3_gazebo//models/custom_cardboard_box/cardboard_box_custom_2/thumbnails/2.png
[1.451s] -- Up-to-date symlink: /home/student/ros2_ws/install/turtlebot3_gazebo/share/turtlebot3_gazebo//models/custom_cardboard_box/cardboard_box_custom_2/thumbnails/3.png
[1.452s] -- Up-to-date symlink: /home/student/ros2_ws/install/turtlebot3_gazebo/share/turtlebot3_gazebo//models/custom_cardboard_box/cardboard_box_custom_2/thumbnails/4.png
[1.452s] -- Up-to-date symlink: /home/student/ros2_ws/install/turtlebot3_gazebo/share/turtlebot3_gazebo//models/custom_cardboard_box/cardboard_box_custom_2/thumbnails/5.png
[1.452s] -- Up-to-date symlink: /home/student/ros2_ws/install/turtlebot3_gazebo/share/turtlebot3_gazebo//models/custom_cardboard_box/cardboard_box_custom_3/materials/textures/ar_tag_3.png
[1.453s] -- Up-to-date symlink: /home/student/ros2_ws/install/turtlebot3_gazebo/share/turtlebot3_gazebo//models/custom_cardboard_box/cardboard_box_custom_3/materials/textures/cardboard_box.png
[1.456s] -- Up-to-date symlink: /home/student/ros2_ws/install/turtlebot3_gazebo/share/turtlebot3_gazebo//models/custom_cardboard_box/cardboard_box_custom_3/meshes/cardboard_box.dae
[1.456s] -- Up-to-date symlink: /home/student/ros2_ws/install/turtlebot3_gazebo/share/turtlebot3_gazebo//models/custom_cardboard_box/cardboard_box_custom_3/model.config
[1.459s] -- Up-to-date symlink: /home/student/ros2_ws/install/turtlebot3_gazebo/share/turtlebot3_gazebo//models/custom_cardboard_box/cardboard_box_custom_3/model.sdf
[1.460s] -- Up-to-date symlink: /home/student/ros2_ws/install/turtlebot3_gazebo/share/turtlebot3_gazebo//models/custom_cardboard_box/cardboard_box_custom_3/thumbnails/1.png
[1.460s] -- Up-to-date symlink: /home/student/ros2_ws/install/turtlebot3_gazebo/share/turtlebot3_gazebo//models/custom_cardboard_box/cardboard_box_custom_3/thumbnails/2.png
[1.461s] -- Up-to-date symlink: /home/student/ros2_ws/install/turtlebot3_gazebo/share/turtlebot3_gazebo//models/custom_cardboard_box/cardboard_box_custom_3/thumbnails/3.png
[1.461s] -- Up-to-date symlink: /home/student/ros2_ws/install/turtlebot3_gazebo/share/turtlebot3_gazebo//models/custom_cardboard_box/cardboard_box_custom_3/thumbnails/4.png
[1.461s] -- Up-to-date symlink: /home/student/ros2_ws/install/turtlebot3_gazebo/share/turtlebot3_gazebo//models/custom_cardboard_box/cardboard_box_custom_3/thumbnails/5.png
[1.461s] -- Up-to-date symlink: /home/student/ros2_ws/install/turtlebot3_gazebo/share/turtlebot3_gazebo//models/turtlebot3_burger/model-1_4.sdf
[1.461s] -- Up-to-date symlink: /home/student/ros2_ws/install/turtlebot3_gazebo/share/turtlebot3_gazebo//models/turtlebot3_burger/model.config
[1.461s] -- Up-to-date symlink: /home/student/ros2_ws/install/turtlebot3_gazebo/share/turtlebot3_gazebo//models/turtlebot3_burger/model.sdf
[1.461s] -- Up-to-date symlink: /home/student/ros2_ws/install/turtlebot3_gazebo/share/turtlebot3_gazebo//models/turtlebot3_common/meshes/burger_base.dae
[1.462s] -- Up-to-date symlink: /home/student/ros2_ws/install/turtlebot3_gazebo/share/turtlebot3_gazebo//models/turtlebot3_common/meshes/lds.dae
[1.462s] -- Up-to-date symlink: /home/student/ros2_ws/install/turtlebot3_gazebo/share/turtlebot3_gazebo//models/turtlebot3_common/meshes/r200.dae
[1.462s] -- Up-to-date symlink: /home/student/ros2_ws/install/turtlebot3_gazebo/share/turtlebot3_gazebo//models/turtlebot3_common/meshes/tire.dae
[1.463s] -- Up-to-date symlink: /home/student/ros2_ws/install/turtlebot3_gazebo/share/turtlebot3_gazebo//models/turtlebot3_common/meshes/waffle_base.dae
[1.463s] -- Up-to-date symlink: /home/student/ros2_ws/install/turtlebot3_gazebo/share/turtlebot3_gazebo//models/turtlebot3_common/meshes/waffle_pi_base.dae
[1.464s] -- Up-to-date symlink: /home/student/ros2_ws/install/turtlebot3_gazebo/share/turtlebot3_gazebo//models/turtlebot3_common/model.config
[1.465s] -- Up-to-date symlink: /home/student/ros2_ws/install/turtlebot3_gazebo/share/turtlebot3_gazebo//models/turtlebot3_dqn_world/goal_box/model.config
[1.466s] -- Up-to-date symlink: /home/student/ros2_ws/install/turtlebot3_gazebo/share/turtlebot3_gazebo//models/turtlebot3_dqn_world/goal_box/model.sdf
[1.466s] -- Up-to-date symlink: /home/student/ros2_ws/install/turtlebot3_gazebo/share/turtlebot3_gazebo//models/turtlebot3_dqn_world/inner_walls/model.config
[1.466s] -- Up-to-date symlink: /home/student/ros2_ws/install/turtlebot3_gazebo/share/turtlebot3_gazebo//models/turtlebot3_dqn_world/inner_walls/model.sdf
[1.467s] -- Up-to-date symlink: /home/student/ros2_ws/install/turtlebot3_gazebo/share/turtlebot3_gazebo//models/turtlebot3_dqn_world/model.config
[1.467s] -- Up-to-date symlink: /home/student/ros2_ws/install/turtlebot3_gazebo/share/turtlebot3_gazebo//models/turtlebot3_dqn_world/model.sdf
[1.467s] -- Up-to-date symlink: /home/student/ros2_ws/install/turtlebot3_gazebo/share/turtlebot3_gazebo//models/turtlebot3_dqn_world/obstacle1/model.config
[1.468s] -- Up-to-date symlink: /home/student/ros2_ws/install/turtlebot3_gazebo/share/turtlebot3_gazebo//models/turtlebot3_dqn_world/obstacle1/model.sdf
[1.468s] -- Up-to-date symlink: /home/student/ros2_ws/install/turtlebot3_gazebo/share/turtlebot3_gazebo//models/turtlebot3_dqn_world/obstacle2/model.config
[1.468s] -- Up-to-date symlink: /home/student/ros2_ws/install/turtlebot3_gazebo/share/turtlebot3_gazebo//models/turtlebot3_dqn_world/obstacle2/model.sdf
[1.468s] -- Up-to-date symlink: /home/student/ros2_ws/install/turtlebot3_gazebo/share/turtlebot3_gazebo//models/turtlebot3_dqn_world/obstacle_plugin/CMakeLists.txt
[1.469s] -- Up-to-date symlink: /home/student/ros2_ws/install/turtlebot3_gazebo/share/turtlebot3_gazebo//models/turtlebot3_dqn_world/obstacle_plugin/obstacle1.cc
[1.469s] -- Up-to-date symlink: /home/student/ros2_ws/install/turtlebot3_gazebo/share/turtlebot3_gazebo//models/turtlebot3_dqn_world/obstacle_plugin/obstacle2.cc
[1.469s] -- Up-to-date symlink: /home/student/ros2_ws/install/turtlebot3_gazebo/share/turtlebot3_gazebo//models/turtlebot3_dqn_world/obstacle_plugin/obstacles.cc
[1.470s] -- Up-to-date symlink: /home/student/ros2_ws/install/turtlebot3_gazebo/share/turtlebot3_gazebo//models/turtlebot3_dqn_world/obstacles/model.config
[1.472s] -- Up-to-date symlink: /home/student/ros2_ws/install/turtlebot3_gazebo/share/turtlebot3_gazebo//models/turtlebot3_dqn_world/obstacles/model.sdf
[1.472s] -- Up-to-date symlink: /home/student/ros2_ws/install/turtlebot3_gazebo/share/turtlebot3_gazebo//models/turtlebot3_house/model.config
[1.473s] -- Up-to-date symlink: /home/student/ros2_ws/install/turtlebot3_gazebo/share/turtlebot3_gazebo//models/turtlebot3_house/model.sdf
[1.474s] -- Up-to-date symlink: /home/student/ros2_ws/install/turtlebot3_gazebo/share/turtlebot3_gazebo//models/turtlebot3_waffle/model-1_4.sdf
[1.474s] -- Up-to-date symlink: /home/student/ros2_ws/install/turtlebot3_gazebo/share/turtlebot3_gazebo//models/turtlebot3_waffle/model.config
[1.475s] -- Up-to-date symlink: /home/student/ros2_ws/install/turtlebot3_gazebo/share/turtlebot3_gazebo//models/turtlebot3_waffle/model.sdf
[1.475s] -- Up-to-date symlink: /home/student/ros2_ws/install/turtlebot3_gazebo/share/turtlebot3_gazebo//models/turtlebot3_waffle_pi/model-1_4_.sdf
[1.476s] -- Up-to-date symlink: /home/student/ros2_ws/install/turtlebot3_gazebo/share/turtlebot3_gazebo//models/turtlebot3_waffle_pi/model.config
[1.477s] -- Up-to-date symlink: /home/student/ros2_ws/install/turtlebot3_gazebo/share/turtlebot3_gazebo//models/turtlebot3_waffle_pi/model.sdf
[1.477s] -- Up-to-date symlink: /home/student/ros2_ws/install/turtlebot3_gazebo/share/turtlebot3_gazebo//models/turtlebot3_world/meshes/hexagon.dae
[1.478s] -- Up-to-date symlink: /home/student/ros2_ws/install/turtlebot3_gazebo/share/turtlebot3_gazebo//models/turtlebot3_world/meshes/wall.dae
[1.478s] -- Up-to-date symlink: /home/student/ros2_ws/install/turtlebot3_gazebo/share/turtlebot3_gazebo//models/turtlebot3_world/model-1_4.sdf
[1.478s] -- Up-to-date symlink: /home/student/ros2_ws/install/turtlebot3_gazebo/share/turtlebot3_gazebo//models/turtlebot3_world/model.config
[1.478s] -- Up-to-date symlink: /home/student/ros2_ws/install/turtlebot3_gazebo/share/turtlebot3_gazebo//models/turtlebot3_world/model.sdf
[1.478s] -- Up-to-date symlink: /home/student/ros2_ws/install/turtlebot3_gazebo/share/turtlebot3_gazebo//rviz/tb3_gazebo.rviz
[1.478s] -- Up-to-date symlink: /home/student/ros2_ws/install/turtlebot3_gazebo/share/turtlebot3_gazebo//urdf/common_properties.urdf
[1.480s] -- Up-to-date symlink: /home/student/ros2_ws/install/turtlebot3_gazebo/share/turtlebot3_gazebo//urdf/turtlebot3_burger.urdf
[1.482s] -- Up-to-date symlink: /home/student/ros2_ws/install/turtlebot3_gazebo/share/turtlebot3_gazebo//urdf/turtlebot3_waffle.urdf
[1.483s] -- Up-to-date symlink: /home/student/ros2_ws/install/turtlebot3_gazebo/share/turtlebot3_gazebo//urdf/turtlebot3_waffle_pi.urdf
[1.483s] -- Up-to-date symlink: /home/student/ros2_ws/install/turtlebot3_gazebo/share/turtlebot3_gazebo//worlds/SmartFactory.world
[1.484s] -- Up-to-date symlink: /home/student/ros2_ws/install/turtlebot3_gazebo/share/turtlebot3_gazebo//worlds/empty_world.world
[1.484s] -- Up-to-date symlink: /home/student/ros2_ws/install/turtlebot3_gazebo/share/turtlebot3_gazebo//worlds/turtlebot3_dqn_stage1.world
[1.484s] -- Up-to-date symlink: /home/student/ros2_ws/install/turtlebot3_gazebo/share/turtlebot3_gazebo//worlds/turtlebot3_dqn_stage2.world
[1.484s] -- Up-to-date symlink: /home/student/ros2_ws/install/turtlebot3_gazebo/share/turtlebot3_gazebo//worlds/turtlebot3_dqn_stage3.world
[1.484s] -- Up-to-date symlink: /home/student/ros2_ws/install/turtlebot3_gazebo/share/turtlebot3_gazebo//worlds/turtlebot3_dqn_stage4.world
[1.485s] -- Up-to-date symlink: /home/student/ros2_ws/install/turtlebot3_gazebo/share/turtlebot3_gazebo//worlds/turtlebot3_house.world
[1.486s] -- Up-to-date symlink: /home/student/ros2_ws/install/turtlebot3_gazebo/share/turtlebot3_gazebo//worlds/turtlebot3_world.world
[1.486s] -- Up-to-date symlink: /home/student/ros2_ws/install/turtlebot3_gazebo/include//turtlebot3_gazebo/turtlebot3_drive.hpp
[1.486s] -- Up-to-date symlink: /home/student/ros2_ws/install/turtlebot3_gazebo/share/ament_index/resource_index/package_run_dependencies/turtlebot3_gazebo
[1.486s] -- Up-to-date symlink: /home/student/ros2_ws/install/turtlebot3_gazebo/share/ament_index/resource_index/parent_prefix_path/turtlebot3_gazebo
[1.486s] -- Up-to-date symlink: /home/student/ros2_ws/install/turtlebot3_gazebo/share/turtlebot3_gazebo/environment/ament_prefix_path.sh
[1.486s] -- Up-to-date symlink: /home/student/ros2_ws/install/turtlebot3_gazebo/share/turtlebot3_gazebo/environment/ament_prefix_path.dsv
[1.487s] -- Up-to-date symlink: /home/student/ros2_ws/install/turtlebot3_gazebo/share/turtlebot3_gazebo/environment/path.sh
[1.487s] -- Up-to-date symlink: /home/student/ros2_ws/install/turtlebot3_gazebo/share/turtlebot3_gazebo/environment/path.dsv
[1.487s] -- Up-to-date symlink: /home/student/ros2_ws/install/turtlebot3_gazebo/share/turtlebot3_gazebo/local_setup.bash
[1.487s] -- Up-to-date symlink: /home/student/ros2_ws/install/turtlebot3_gazebo/share/turtlebot3_gazebo/local_setup.sh
[1.487s] -- Up-to-date symlink: /home/student/ros2_ws/install/turtlebot3_gazebo/share/turtlebot3_gazebo/local_setup.zsh
[1.487s] -- Up-to-date symlink: /home/student/ros2_ws/install/turtlebot3_gazebo/share/turtlebot3_gazebo/local_setup.dsv
[1.487s] -- Symlinking: /home/student/ros2_ws/install/turtlebot3_gazebo/share/turtlebot3_gazebo/package.dsv
[1.488s] -- Up-to-date symlink: /home/student/ros2_ws/install/turtlebot3_gazebo/share/ament_index/resource_index/packages/turtlebot3_gazebo
[1.488s] -- Up-to-date symlink: /home/student/ros2_ws/install/turtlebot3_gazebo/share/turtlebot3_gazebo/cmake/ament_cmake_export_include_directories-extras.cmake
[1.488s] -- Up-to-date symlink: /home/student/ros2_ws/install/turtlebot3_gazebo/share/turtlebot3_gazebo/cmake/ament_cmake_export_dependencies-extras.cmake
[1.488s] -- Up-to-date symlink: /home/student/ros2_ws/install/turtlebot3_gazebo/share/turtlebot3_gazebo/cmake/turtlebot3_gazeboConfig.cmake
[1.489s] -- Up-to-date symlink: /home/student/ros2_ws/install/turtlebot3_gazebo/share/turtlebot3_gazebo/cmake/turtlebot3_gazeboConfig-version.cmake
[1.489s] -- Up-to-date symlink: /home/student/ros2_ws/install/turtlebot3_gazebo/share/turtlebot3_gazebo/package.xml
[1.509s] Invoked command in '/home/student/ros2_ws/build/turtlebot3_gazebo' returned '0': CMAKE_PREFIX_PATH=${CMAKE_PREFIX_PATH}:/home/student/ros2_ws/install/turtlebot3_teleop:/home/student/ros2_ws/install/turtlebot3_example:/opt/ros/humble /usr/bin/cmake --install /home/student/ros2_ws/build/turtlebot3_gazebo
