[0.015s] Invoking command in '/home/student/ros2_ws/build/warehouse_robot_msgs': CMAKE_PREFIX_PATH=${CMAKE_PREFIX_PATH}:/home/student/ros2_ws/install/turtlebot3_teleop:/home/student/ros2_ws/install/turtlebot3_example:/opt/ros/humble /usr/bin/cmake --build /home/student/ros2_ws/build/warehouse_robot_msgs -- -j8 -l8
[0.159s] [  3%] Built target warehouse_robot_msgs__cpp
[0.162s] [ 12%] Built target warehouse_robot_msgs__rosidl_generator_c
[0.163s] [ 12%] Built target ament_cmake_python_copy_warehouse_robot_msgs
[0.179s] [ 22%] Built target warehouse_robot_msgs__rosidl_typesupport_cpp
[0.179s] [ 32%] Built target warehouse_robot_msgs__rosidl_typesupport_fastrtps_cpp
[0.179s] [ 41%] Built target warehouse_robot_msgs__rosidl_typesupport_introspection_cpp
[0.183s] [ 51%] Built target warehouse_robot_msgs__rosidl_typesupport_fastrtps_c
[0.183s] [ 61%] Built target warehouse_robot_msgs__rosidl_typesupport_introspection_c
[0.187s] [ 70%] Built target warehouse_robot_msgs__rosidl_typesupport_c
[0.236s] [ 70%] Built target warehouse_robot_msgs
[0.275s] [ 74%] Built target warehouse_robot_msgs__py
[0.315s] [ 80%] Built target warehouse_robot_msgs__rosidl_generator_py
[0.358s] [ 87%] Built target warehouse_robot_msgs__rosidl_typesupport_fastrtps_c__pyext
[0.359s] [ 93%] Built target warehouse_robot_msgs__rosidl_typesupport_introspection_c__pyext
[0.360s] [100%] Built target warehouse_robot_msgs__rosidl_typesupport_c__pyext
[0.514s] running egg_info
[0.515s] writing warehouse_robot_msgs.egg-info/PKG-INFO
[0.515s] writing dependency_links to warehouse_robot_msgs.egg-info/dependency_links.txt
[0.515s] writing top-level names to warehouse_robot_msgs.egg-info/top_level.txt
[0.518s] reading manifest file 'warehouse_robot_msgs.egg-info/SOURCES.txt'
[0.519s] writing manifest file 'warehouse_robot_msgs.egg-info/SOURCES.txt'
[0.554s] [100%] Built target ament_cmake_python_build_warehouse_robot_msgs_egg
[0.853s] Invoked command in '/home/student/ros2_ws/build/warehouse_robot_msgs' returned '0': CMAKE_PREFIX_PATH=${CMAKE_PREFIX_PATH}:/home/student/ros2_ws/install/turtlebot3_teleop:/home/student/ros2_ws/install/turtlebot3_example:/opt/ros/humble /usr/bin/cmake --build /home/student/ros2_ws/build/warehouse_robot_msgs -- -j8 -l8
[0.952s] Invoking command in '/home/student/ros2_ws/build/warehouse_robot_msgs': CMAKE_PREFIX_PATH=${CMAKE_PREFIX_PATH}:/home/student/ros2_ws/install/turtlebot3_teleop:/home/student/ros2_ws/install/turtlebot3_example:/opt/ros/humble /usr/bin/cmake --install /home/student/ros2_ws/build/warehouse_robot_msgs
[0.963s] -- Install configuration: ""
[0.963s] -- Up-to-date: /home/student/ros2_ws/install/warehouse_robot_msgs/share/ament_index/resource_index/rosidl_interfaces/warehouse_robot_msgs
[0.964s] -- Up-to-date: /home/student/ros2_ws/install/warehouse_robot_msgs/include/warehouse_robot_msgs/warehouse_robot_msgs
[0.964s] -- Up-to-date: /home/student/ros2_ws/install/warehouse_robot_msgs/include/warehouse_robot_msgs/warehouse_robot_msgs/msg
[0.964s] -- Up-to-date: /home/student/ros2_ws/install/warehouse_robot_msgs/include/warehouse_robot_msgs/warehouse_robot_msgs/msg/robot_data.h
[0.965s] -- Up-to-date: /home/student/ros2_ws/install/warehouse_robot_msgs/include/warehouse_robot_msgs/warehouse_robot_msgs/msg/rosidl_generator_c__visibility_control.h
[0.966s] -- Up-to-date: /home/student/ros2_ws/install/warehouse_robot_msgs/include/warehouse_robot_msgs/warehouse_robot_msgs/msg/detail
[0.966s] -- Up-to-date: /home/student/ros2_ws/install/warehouse_robot_msgs/include/warehouse_robot_msgs/warehouse_robot_msgs/msg/detail/robot_data__struct.h
[0.966s] -- Up-to-date: /home/student/ros2_ws/install/warehouse_robot_msgs/include/warehouse_robot_msgs/warehouse_robot_msgs/msg/detail/robot_data__functions.c
[0.966s] -- Up-to-date: /home/student/ros2_ws/install/warehouse_robot_msgs/include/warehouse_robot_msgs/warehouse_robot_msgs/msg/detail/robot_data__functions.h
[0.966s] -- Up-to-date: /home/student/ros2_ws/install/warehouse_robot_msgs/include/warehouse_robot_msgs/warehouse_robot_msgs/msg/detail/robot_data__type_support.h
[0.966s] -- Up-to-date: /home/student/ros2_ws/install/warehouse_robot_msgs/share/warehouse_robot_msgs/environment/library_path.sh
[0.966s] -- Up-to-date: /home/student/ros2_ws/install/warehouse_robot_msgs/share/warehouse_robot_msgs/environment/library_path.dsv
[0.966s] -- Up-to-date: /home/student/ros2_ws/install/warehouse_robot_msgs/lib/libwarehouse_robot_msgs__rosidl_generator_c.so
[0.967s] -- Up-to-date: /home/student/ros2_ws/install/warehouse_robot_msgs/include/warehouse_robot_msgs/warehouse_robot_msgs
[0.967s] -- Up-to-date: /home/student/ros2_ws/install/warehouse_robot_msgs/include/warehouse_robot_msgs/warehouse_robot_msgs/msg
[0.967s] -- Up-to-date: /home/student/ros2_ws/install/warehouse_robot_msgs/include/warehouse_robot_msgs/warehouse_robot_msgs/msg/rosidl_typesupport_fastrtps_c__visibility_control.h
[0.967s] -- Up-to-date: /home/student/ros2_ws/install/warehouse_robot_msgs/include/warehouse_robot_msgs/warehouse_robot_msgs/msg/detail
[0.967s] -- Up-to-date: /home/student/ros2_ws/install/warehouse_robot_msgs/include/warehouse_robot_msgs/warehouse_robot_msgs/msg/detail/robot_data__rosidl_typesupport_fastrtps_c.h
[0.967s] -- Up-to-date: /home/student/ros2_ws/install/warehouse_robot_msgs/lib/libwarehouse_robot_msgs__rosidl_typesupport_fastrtps_c.so
[0.968s] -- Up-to-date: /home/student/ros2_ws/install/warehouse_robot_msgs/include/warehouse_robot_msgs/warehouse_robot_msgs
[0.968s] -- Up-to-date: /home/student/ros2_ws/install/warehouse_robot_msgs/include/warehouse_robot_msgs/warehouse_robot_msgs/msg
[0.968s] -- Up-to-date: /home/student/ros2_ws/install/warehouse_robot_msgs/include/warehouse_robot_msgs/warehouse_robot_msgs/msg/robot_data.hpp
[0.968s] -- Up-to-date: /home/student/ros2_ws/install/warehouse_robot_msgs/include/warehouse_robot_msgs/warehouse_robot_msgs/msg/detail
[0.968s] -- Up-to-date: /home/student/ros2_ws/install/warehouse_robot_msgs/include/warehouse_robot_msgs/warehouse_robot_msgs/msg/detail/robot_data__builder.hpp
[0.969s] -- Up-to-date: /home/student/ros2_ws/install/warehouse_robot_msgs/include/warehouse_robot_msgs/warehouse_robot_msgs/msg/detail/robot_data__struct.hpp
[0.969s] -- Up-to-date: /home/student/ros2_ws/install/warehouse_robot_msgs/include/warehouse_robot_msgs/warehouse_robot_msgs/msg/detail/robot_data__traits.hpp
[0.970s] -- Up-to-date: /home/student/ros2_ws/install/warehouse_robot_msgs/include/warehouse_robot_msgs/warehouse_robot_msgs
[0.971s] -- Up-to-date: /home/student/ros2_ws/install/warehouse_robot_msgs/include/warehouse_robot_msgs/warehouse_robot_msgs/msg
[0.971s] -- Up-to-date: /home/student/ros2_ws/install/warehouse_robot_msgs/include/warehouse_robot_msgs/warehouse_robot_msgs/msg/rosidl_typesupport_fastrtps_cpp__visibility_control.h
[0.971s] -- Up-to-date: /home/student/ros2_ws/install/warehouse_robot_msgs/include/warehouse_robot_msgs/warehouse_robot_msgs/msg/detail
[0.971s] -- Up-to-date: /home/student/ros2_ws/install/warehouse_robot_msgs/include/warehouse_robot_msgs/warehouse_robot_msgs/msg/detail/dds_fastrtps
[0.972s] -- Up-to-date: /home/student/ros2_ws/install/warehouse_robot_msgs/include/warehouse_robot_msgs/warehouse_robot_msgs/msg/detail/robot_data__rosidl_typesupport_fastrtps_cpp.hpp
[0.972s] -- Up-to-date: /home/student/ros2_ws/install/warehouse_robot_msgs/lib/libwarehouse_robot_msgs__rosidl_typesupport_fastrtps_cpp.so
[0.972s] -- Up-to-date: /home/student/ros2_ws/install/warehouse_robot_msgs/include/warehouse_robot_msgs/warehouse_robot_msgs
[0.972s] -- Up-to-date: /home/student/ros2_ws/install/warehouse_robot_msgs/include/warehouse_robot_msgs/warehouse_robot_msgs/msg
[0.972s] -- Up-to-date: /home/student/ros2_ws/install/warehouse_robot_msgs/include/warehouse_robot_msgs/warehouse_robot_msgs/msg/rosidl_typesupport_introspection_c__visibility_control.h
[0.972s] -- Up-to-date: /home/student/ros2_ws/install/warehouse_robot_msgs/include/warehouse_robot_msgs/warehouse_robot_msgs/msg/detail
[0.972s] -- Up-to-date: /home/student/ros2_ws/install/warehouse_robot_msgs/include/warehouse_robot_msgs/warehouse_robot_msgs/msg/detail/robot_data__rosidl_typesupport_introspection_c.h
[0.972s] -- Up-to-date: /home/student/ros2_ws/install/warehouse_robot_msgs/include/warehouse_robot_msgs/warehouse_robot_msgs/msg/detail/robot_data__type_support.c
[0.973s] -- Up-to-date: /home/student/ros2_ws/install/warehouse_robot_msgs/lib/libwarehouse_robot_msgs__rosidl_typesupport_introspection_c.so
[0.973s] -- Up-to-date: /home/student/ros2_ws/install/warehouse_robot_msgs/lib/libwarehouse_robot_msgs__rosidl_typesupport_c.so
[0.973s] -- Up-to-date: /home/student/ros2_ws/install/warehouse_robot_msgs/include/warehouse_robot_msgs/warehouse_robot_msgs
[0.973s] -- Up-to-date: /home/student/ros2_ws/install/warehouse_robot_msgs/include/warehouse_robot_msgs/warehouse_robot_msgs/msg
[0.973s] -- Up-to-date: /home/student/ros2_ws/install/warehouse_robot_msgs/include/warehouse_robot_msgs/warehouse_robot_msgs/msg/detail
[0.973s] -- Up-to-date: /home/student/ros2_ws/install/warehouse_robot_msgs/include/warehouse_robot_msgs/warehouse_robot_msgs/msg/detail/robot_data__type_support.cpp
[0.973s] -- Up-to-date: /home/student/ros2_ws/install/warehouse_robot_msgs/include/warehouse_robot_msgs/warehouse_robot_msgs/msg/detail/robot_data__rosidl_typesupport_introspection_cpp.hpp
[0.973s] -- Up-to-date: /home/student/ros2_ws/install/warehouse_robot_msgs/lib/libwarehouse_robot_msgs__rosidl_typesupport_introspection_cpp.so
[0.973s] -- Up-to-date: /home/student/ros2_ws/install/warehouse_robot_msgs/lib/libwarehouse_robot_msgs__rosidl_typesupport_cpp.so
[0.973s] -- Up-to-date: /home/student/ros2_ws/install/warehouse_robot_msgs/share/warehouse_robot_msgs/environment/pythonpath.sh
[0.974s] -- Up-to-date: /home/student/ros2_ws/install/warehouse_robot_msgs/share/warehouse_robot_msgs/environment/pythonpath.dsv
[0.974s] -- Up-to-date: /home/student/ros2_ws/install/warehouse_robot_msgs/local/lib/python3.10/dist-packages/warehouse_robot_msgs-0.0.0-py3.10.egg-info
[0.974s] -- Installing: /home/student/ros2_ws/install/warehouse_robot_msgs/local/lib/python3.10/dist-packages/warehouse_robot_msgs-0.0.0-py3.10.egg-info/dependency_links.txt
[0.974s] -- Installing: /home/student/ros2_ws/install/warehouse_robot_msgs/local/lib/python3.10/dist-packages/warehouse_robot_msgs-0.0.0-py3.10.egg-info/PKG-INFO
[0.974s] -- Installing: /home/student/ros2_ws/install/warehouse_robot_msgs/local/lib/python3.10/dist-packages/warehouse_robot_msgs-0.0.0-py3.10.egg-info/top_level.txt
[0.975s] -- Installing: /home/student/ros2_ws/install/warehouse_robot_msgs/local/lib/python3.10/dist-packages/warehouse_robot_msgs-0.0.0-py3.10.egg-info/SOURCES.txt
[0.975s] -- Up-to-date: /home/student/ros2_ws/install/warehouse_robot_msgs/local/lib/python3.10/dist-packages/warehouse_robot_msgs
[0.975s] -- Up-to-date: /home/student/ros2_ws/install/warehouse_robot_msgs/local/lib/python3.10/dist-packages/warehouse_robot_msgs/msg
[0.976s] -- Up-to-date: /home/student/ros2_ws/install/warehouse_robot_msgs/local/lib/python3.10/dist-packages/warehouse_robot_msgs/msg/_robot_data.py
[0.976s] -- Up-to-date: /home/student/ros2_ws/install/warehouse_robot_msgs/local/lib/python3.10/dist-packages/warehouse_robot_msgs/msg/__init__.py
[0.976s] -- Up-to-date: /home/student/ros2_ws/install/warehouse_robot_msgs/local/lib/python3.10/dist-packages/warehouse_robot_msgs/msg/_robot_data_s.c
[0.977s] -- Up-to-date: /home/student/ros2_ws/install/warehouse_robot_msgs/local/lib/python3.10/dist-packages/warehouse_robot_msgs/_warehouse_robot_msgs_s.ep.rosidl_typesupport_c.c
[0.977s] -- Up-to-date: /home/student/ros2_ws/install/warehouse_robot_msgs/local/lib/python3.10/dist-packages/warehouse_robot_msgs/__init__.py
[0.977s] -- Up-to-date: /home/student/ros2_ws/install/warehouse_robot_msgs/local/lib/python3.10/dist-packages/warehouse_robot_msgs/warehouse_robot_msgs_s__rosidl_typesupport_introspection_c.cpython-310-x86_64-linux-gnu.so
[0.978s] -- Up-to-date: /home/student/ros2_ws/install/warehouse_robot_msgs/local/lib/python3.10/dist-packages/warehouse_robot_msgs/warehouse_robot_msgs_s__rosidl_typesupport_c.cpython-310-x86_64-linux-gnu.so
[0.978s] -- Up-to-date: /home/student/ros2_ws/install/warehouse_robot_msgs/local/lib/python3.10/dist-packages/warehouse_robot_msgs/_warehouse_robot_msgs_s.ep.rosidl_typesupport_introspection_c.c
[0.978s] -- Up-to-date: /home/student/ros2_ws/install/warehouse_robot_msgs/local/lib/python3.10/dist-packages/warehouse_robot_msgs/warehouse_robot_msgs_s__rosidl_typesupport_fastrtps_c.cpython-310-x86_64-linux-gnu.so
[0.979s] -- Up-to-date: /home/student/ros2_ws/install/warehouse_robot_msgs/local/lib/python3.10/dist-packages/warehouse_robot_msgs/libwarehouse_robot_msgs__rosidl_generator_py.so
[0.980s] -- Up-to-date: /home/student/ros2_ws/install/warehouse_robot_msgs/local/lib/python3.10/dist-packages/warehouse_robot_msgs/_warehouse_robot_msgs_s.ep.rosidl_typesupport_fastrtps_c.c
[1.009s] Listing '/home/student/ros2_ws/install/warehouse_robot_msgs/local/lib/python3.10/dist-packages/warehouse_robot_msgs'...
[1.009s] Listing '/home/student/ros2_ws/install/warehouse_robot_msgs/local/lib/python3.10/dist-packages/warehouse_robot_msgs/msg'...
[1.014s] -- Up-to-date: /home/student/ros2_ws/install/warehouse_robot_msgs/local/lib/python3.10/dist-packages/warehouse_robot_msgs/warehouse_robot_msgs_s__rosidl_typesupport_fastrtps_c.cpython-310-x86_64-linux-gnu.so
[1.014s] -- Up-to-date: /home/student/ros2_ws/install/warehouse_robot_msgs/local/lib/python3.10/dist-packages/warehouse_robot_msgs/warehouse_robot_msgs_s__rosidl_typesupport_introspection_c.cpython-310-x86_64-linux-gnu.so
[1.014s] -- Up-to-date: /home/student/ros2_ws/install/warehouse_robot_msgs/local/lib/python3.10/dist-packages/warehouse_robot_msgs/warehouse_robot_msgs_s__rosidl_typesupport_c.cpython-310-x86_64-linux-gnu.so
[1.015s] -- Up-to-date: /home/student/ros2_ws/install/warehouse_robot_msgs/lib/libwarehouse_robot_msgs__rosidl_generator_py.so
[1.015s] -- Up-to-date: /home/student/ros2_ws/install/warehouse_robot_msgs/share/warehouse_robot_msgs/msg/RobotData.idl
[1.016s] -- Up-to-date: /home/student/ros2_ws/install/warehouse_robot_msgs/share/warehouse_robot_msgs/msg/RobotData.msg
[1.016s] -- Up-to-date: /home/student/ros2_ws/install/warehouse_robot_msgs/share/ament_index/resource_index/package_run_dependencies/warehouse_robot_msgs
[1.016s] -- Up-to-date: /home/student/ros2_ws/install/warehouse_robot_msgs/share/ament_index/resource_index/parent_prefix_path/warehouse_robot_msgs
[1.016s] -- Up-to-date: /home/student/ros2_ws/install/warehouse_robot_msgs/share/warehouse_robot_msgs/environment/ament_prefix_path.sh
[1.016s] -- Up-to-date: /home/student/ros2_ws/install/warehouse_robot_msgs/share/warehouse_robot_msgs/environment/ament_prefix_path.dsv
[1.016s] -- Up-to-date: /home/student/ros2_ws/install/warehouse_robot_msgs/share/warehouse_robot_msgs/environment/path.sh
[1.017s] -- Up-to-date: /home/student/ros2_ws/install/warehouse_robot_msgs/share/warehouse_robot_msgs/environment/path.dsv
[1.017s] -- Up-to-date: /home/student/ros2_ws/install/warehouse_robot_msgs/share/warehouse_robot_msgs/local_setup.bash
[1.017s] -- Up-to-date: /home/student/ros2_ws/install/warehouse_robot_msgs/share/warehouse_robot_msgs/local_setup.sh
[1.017s] -- Up-to-date: /home/student/ros2_ws/install/warehouse_robot_msgs/share/warehouse_robot_msgs/local_setup.zsh
[1.017s] -- Up-to-date: /home/student/ros2_ws/install/warehouse_robot_msgs/share/warehouse_robot_msgs/local_setup.dsv
[1.018s] -- Installing: /home/student/ros2_ws/install/warehouse_robot_msgs/share/warehouse_robot_msgs/package.dsv
[1.018s] -- Up-to-date: /home/student/ros2_ws/install/warehouse_robot_msgs/share/ament_index/resource_index/packages/warehouse_robot_msgs
[1.019s] -- Up-to-date: /home/student/ros2_ws/install/warehouse_robot_msgs/share/warehouse_robot_msgs/cmake/export_warehouse_robot_msgs__rosidl_generator_cExport.cmake
[1.019s] -- Up-to-date: /home/student/ros2_ws/install/warehouse_robot_msgs/share/warehouse_robot_msgs/cmake/export_warehouse_robot_msgs__rosidl_generator_cExport-noconfig.cmake
[1.019s] -- Up-to-date: /home/student/ros2_ws/install/warehouse_robot_msgs/share/warehouse_robot_msgs/cmake/export_warehouse_robot_msgs__rosidl_typesupport_fastrtps_cExport.cmake
[1.019s] -- Up-to-date: /home/student/ros2_ws/install/warehouse_robot_msgs/share/warehouse_robot_msgs/cmake/export_warehouse_robot_msgs__rosidl_typesupport_fastrtps_cExport-noconfig.cmake
[1.019s] -- Up-to-date: /home/student/ros2_ws/install/warehouse_robot_msgs/share/warehouse_robot_msgs/cmake/export_warehouse_robot_msgs__rosidl_generator_cppExport.cmake
[1.019s] -- Up-to-date: /home/student/ros2_ws/install/warehouse_robot_msgs/share/warehouse_robot_msgs/cmake/export_warehouse_robot_msgs__rosidl_typesupport_fastrtps_cppExport.cmake
[1.019s] -- Up-to-date: /home/student/ros2_ws/install/warehouse_robot_msgs/share/warehouse_robot_msgs/cmake/export_warehouse_robot_msgs__rosidl_typesupport_fastrtps_cppExport-noconfig.cmake
[1.020s] -- Up-to-date: /home/student/ros2_ws/install/warehouse_robot_msgs/share/warehouse_robot_msgs/cmake/warehouse_robot_msgs__rosidl_typesupport_introspection_cExport.cmake
[1.020s] -- Up-to-date: /home/student/ros2_ws/install/warehouse_robot_msgs/share/warehouse_robot_msgs/cmake/warehouse_robot_msgs__rosidl_typesupport_introspection_cExport-noconfig.cmake
[1.021s] -- Up-to-date: /home/student/ros2_ws/install/warehouse_robot_msgs/share/warehouse_robot_msgs/cmake/warehouse_robot_msgs__rosidl_typesupport_cExport.cmake
[1.021s] -- Up-to-date: /home/student/ros2_ws/install/warehouse_robot_msgs/share/warehouse_robot_msgs/cmake/warehouse_robot_msgs__rosidl_typesupport_cExport-noconfig.cmake
[1.022s] -- Up-to-date: /home/student/ros2_ws/install/warehouse_robot_msgs/share/warehouse_robot_msgs/cmake/warehouse_robot_msgs__rosidl_typesupport_introspection_cppExport.cmake
[1.022s] -- Up-to-date: /home/student/ros2_ws/install/warehouse_robot_msgs/share/warehouse_robot_msgs/cmake/warehouse_robot_msgs__rosidl_typesupport_introspection_cppExport-noconfig.cmake
[1.022s] -- Up-to-date: /home/student/ros2_ws/install/warehouse_robot_msgs/share/warehouse_robot_msgs/cmake/warehouse_robot_msgs__rosidl_typesupport_cppExport.cmake
[1.022s] -- Up-to-date: /home/student/ros2_ws/install/warehouse_robot_msgs/share/warehouse_robot_msgs/cmake/warehouse_robot_msgs__rosidl_typesupport_cppExport-noconfig.cmake
[1.023s] -- Up-to-date: /home/student/ros2_ws/install/warehouse_robot_msgs/share/warehouse_robot_msgs/cmake/export_warehouse_robot_msgs__rosidl_generator_pyExport.cmake
[1.023s] -- Up-to-date: /home/student/ros2_ws/install/warehouse_robot_msgs/share/warehouse_robot_msgs/cmake/export_warehouse_robot_msgs__rosidl_generator_pyExport-noconfig.cmake
[1.023s] -- Up-to-date: /home/student/ros2_ws/install/warehouse_robot_msgs/share/warehouse_robot_msgs/cmake/rosidl_cmake-extras.cmake
[1.023s] -- Up-to-date: /home/student/ros2_ws/install/warehouse_robot_msgs/share/warehouse_robot_msgs/cmake/ament_cmake_export_dependencies-extras.cmake
[1.023s] -- Up-to-date: /home/student/ros2_ws/install/warehouse_robot_msgs/share/warehouse_robot_msgs/cmake/ament_cmake_export_include_directories-extras.cmake
[1.024s] -- Up-to-date: /home/student/ros2_ws/install/warehouse_robot_msgs/share/warehouse_robot_msgs/cmake/ament_cmake_export_libraries-extras.cmake
[1.024s] -- Up-to-date: /home/student/ros2_ws/install/warehouse_robot_msgs/share/warehouse_robot_msgs/cmake/ament_cmake_export_targets-extras.cmake
[1.024s] -- Up-to-date: /home/student/ros2_ws/install/warehouse_robot_msgs/share/warehouse_robot_msgs/cmake/rosidl_cmake_export_typesupport_targets-extras.cmake
[1.024s] -- Up-to-date: /home/student/ros2_ws/install/warehouse_robot_msgs/share/warehouse_robot_msgs/cmake/rosidl_cmake_export_typesupport_libraries-extras.cmake
[1.024s] -- Up-to-date: /home/student/ros2_ws/install/warehouse_robot_msgs/share/warehouse_robot_msgs/cmake/warehouse_robot_msgsConfig.cmake
[1.024s] -- Up-to-date: /home/student/ros2_ws/install/warehouse_robot_msgs/share/warehouse_robot_msgs/cmake/warehouse_robot_msgsConfig-version.cmake
[1.024s] -- Up-to-date: /home/student/ros2_ws/install/warehouse_robot_msgs/share/warehouse_robot_msgs/package.xml
[1.024s] Invoked command in '/home/student/ros2_ws/build/warehouse_robot_msgs' returned '0': CMAKE_PREFIX_PATH=${CMAKE_PREFIX_PATH}:/home/student/ros2_ws/install/turtlebot3_teleop:/home/student/ros2_ws/install/turtlebot3_example:/opt/ros/humble /usr/bin/cmake --install /home/student/ros2_ws/build/warehouse_robot_msgs
