[0.013s] Invoking command in '/home/student/ros2_ws/build/my_custom_launch': CMAKE_PREFIX_PATH=${CMAKE_PREFIX_PATH}:/home/student/ros2_ws/install/turtlebot3_teleop:/home/student/ros2_ws/install/turtlebot3_example:/home/student/ros2_ws/install/rtabmap_python /usr/bin/cmake /home/student/ros2_ws/src/my_custom_launch -DCMAKE_INSTALL_PREFIX=/home/student/ros2_ws/install/my_custom_launch
[0.029s] -- Found ament_cmake: 1.3.10 (/opt/ros/humble/share/ament_cmake/cmake)
[0.193s] [31mCMake Error at CMakeLists.txt:10 (find_package):
[0.193s]   By not providing "Findlaunch.cmake" in CMAKE_MODULE_PATH this project has
[0.193s]   asked CMake to find a package configuration file provided by "launch", but
[0.193s]   CMake did not find one.
[0.193s] 
[0.193s]   Could not find a package configuration file provided by "launch" with any
[0.193s]   of the following names:
[0.194s] 
[0.194s]     launchConfig.cmake
[0.194s]     launch-config.cmake
[0.194s] 
[0.194s]   Add the installation prefix of "launch" to CMAKE_PREFIX_PATH or set
[0.194s]   "launch_DIR" to a directory containing one of the above files.  If "launch"
[0.194s]   provides a separate development package or SDK, be sure it has been
[0.194s]   installed.
[0.194s] 
[0.194s] [0m
[0.194s] -- Configuring incomplete, errors occurred!
[0.194s] See also "/home/student/ros2_ws/build/my_custom_launch/CMakeFiles/CMakeOutput.log".
[0.196s] Invoked command in '/home/student/ros2_ws/build/my_custom_launch' returned '1': CMAKE_PREFIX_PATH=${CMAKE_PREFIX_PATH}:/home/student/ros2_ws/install/turtlebot3_teleop:/home/student/ros2_ws/install/turtlebot3_example:/home/student/ros2_ws/install/rtabmap_python /usr/bin/cmake /home/student/ros2_ws/src/my_custom_launch -DCMAKE_INSTALL_PREFIX=/home/student/ros2_ws/install/my_custom_launch
