[0.054s] Invoking command in '/home/student/ros2_ws/build/turtlebot_controller': CMAKE_PREFIX_PATH=${CMAKE_PREFIX_PATH}:/home/student/ros2_ws/install/turtlebot3_teleop:/home/student/ros2_ws/install/turtlebot3_example:/opt/ros/humble /usr/bin/cmake --build /home/student/ros2_ws/build/turtlebot_controller -- -j8 -l8
[0.176s] [100%] Built target turtlebot_controller
[0.194s] Invoked command in '/home/student/ros2_ws/build/turtlebot_controller' returned '0': CMAKE_PREFIX_PATH=${CMAKE_PREFIX_PATH}:/home/student/ros2_ws/install/turtlebot3_teleop:/home/student/ros2_ws/install/turtlebot3_example:/opt/ros/humble /usr/bin/cmake --build /home/student/ros2_ws/build/turtlebot_controller -- -j8 -l8
[0.310s] Invoking command in '/home/student/ros2_ws/build/turtlebot_controller': CMAKE_PREFIX_PATH=${CMAKE_PREFIX_PATH}:/home/student/ros2_ws/install/turtlebot3_teleop:/home/student/ros2_ws/install/turtlebot3_example:/opt/ros/humble /usr/bin/cmake --install /home/student/ros2_ws/build/turtlebot_controller
[0.390s] -- Install configuration: ""
[0.391s] -- Up-to-date: /home/student/ros2_ws/install/turtlebot_controller/lib/turtlebot_controller/turtlebot_controller
[0.392s] -- Up-to-date: /home/student/ros2_ws/install/turtlebot_controller/share/turtlebot_controller//launch
[0.392s] -- Up-to-date: /home/student/ros2_ws/install/turtlebot_controller/share/turtlebot_controller//launch/turtlebot_controller_launch.py
[0.393s] -- Up-to-date: /home/student/ros2_ws/install/turtlebot_controller/share/ament_index/resource_index/package_run_dependencies/turtlebot_controller
[0.394s] -- Up-to-date: /home/student/ros2_ws/install/turtlebot_controller/share/ament_index/resource_index/parent_prefix_path/turtlebot_controller
[0.394s] -- Up-to-date: /home/student/ros2_ws/install/turtlebot_controller/share/turtlebot_controller/environment/ament_prefix_path.sh
[0.395s] -- Up-to-date: /home/student/ros2_ws/install/turtlebot_controller/share/turtlebot_controller/environment/ament_prefix_path.dsv
[0.396s] -- Up-to-date: /home/student/ros2_ws/install/turtlebot_controller/share/turtlebot_controller/environment/path.sh
[0.396s] -- Up-to-date: /home/student/ros2_ws/install/turtlebot_controller/share/turtlebot_controller/environment/path.dsv
[0.398s] -- Up-to-date: /home/student/ros2_ws/install/turtlebot_controller/share/turtlebot_controller/local_setup.bash
[0.399s] -- Up-to-date: /home/student/ros2_ws/install/turtlebot_controller/share/turtlebot_controller/local_setup.sh
[0.399s] -- Up-to-date: /home/student/ros2_ws/install/turtlebot_controller/share/turtlebot_controller/local_setup.zsh
[0.399s] -- Up-to-date: /home/student/ros2_ws/install/turtlebot_controller/share/turtlebot_controller/local_setup.dsv
[0.399s] -- Installing: /home/student/ros2_ws/install/turtlebot_controller/share/turtlebot_controller/package.dsv
[0.399s] -- Up-to-date: /home/student/ros2_ws/install/turtlebot_controller/share/ament_index/resource_index/packages/turtlebot_controller
[0.399s] -- Up-to-date: /home/student/ros2_ws/install/turtlebot_controller/share/turtlebot_controller/cmake/turtlebot_controllerConfig.cmake
[0.401s] -- Up-to-date: /home/student/ros2_ws/install/turtlebot_controller/share/turtlebot_controller/cmake/turtlebot_controllerConfig-version.cmake
[0.401s] -- Up-to-date: /home/student/ros2_ws/install/turtlebot_controller/share/turtlebot_controller/package.xml
[0.404s] Invoked command in '/home/student/ros2_ws/build/turtlebot_controller' returned '0': CMAKE_PREFIX_PATH=${CMAKE_PREFIX_PATH}:/home/student/ros2_ws/install/turtlebot3_teleop:/home/student/ros2_ws/install/turtlebot3_example:/opt/ros/humble /usr/bin/cmake --install /home/student/ros2_ws/build/turtlebot_controller
