[0.398s] Invoking command in '/home/student/ros2_ws/build/turtlesim': CMAKE_PREFIX_PATH=${CMAKE_PREFIX_PATH}:/home/student/ros2_ws/install/turtlebot3_teleop:/home/student/ros2_ws/install/turtlebot3_example:/opt/ros/humble /usr/bin/cmake --build /home/student/ros2_ws/build/turtlesim -- -j8 -l8
[0.473s] [  1%] Built target turtlesim__cpp
[0.478s] [ 11%] Built target turtlesim__rosidl_generator_c
[0.496s] [ 11%] Built target ament_cmake_python_copy_turtlesim
[0.562s] [ 31%] Built target turtlesim__rosidl_typesupport_fastrtps_c
[0.562s] [ 31%] Built target turtlesim__rosidl_typesupport_cpp
[0.566s] [ 41%] Built target turtlesim__rosidl_typesupport_introspection_cpp
[0.572s] [ 51%] Built target turtlesim__rosidl_typesupport_fastrtps_cpp
[0.582s] [ 61%] Built target turtlesim__rosidl_typesupport_introspection_c
[0.586s] [ 71%] Built target turtlesim__rosidl_typesupport_c
[0.650s] [ 77%] Built target turtlesim_node
[0.658s] [ 77%] Built target turtlesim
[0.660s] [ 79%] Built target turtle_teleop_key
[0.667s] [ 81%] Built target mimic
[0.670s] [ 83%] Built target draw_square
[0.701s] [ 84%] Built target turtlesim__py
[0.748s] [ 93%] Built target turtlesim__rosidl_generator_py
[0.792s] [ 95%] Built target turtlesim__rosidl_typesupport_c__pyext
[0.796s] [ 97%] Built target turtlesim__rosidl_typesupport_fastrtps_c__pyext
[0.803s] [100%] Built target turtlesim__rosidl_typesupport_introspection_c__pyext
[0.944s] running egg_info
[0.945s] writing turtlesim.egg-info/PKG-INFO
[0.945s] writing dependency_links to turtlesim.egg-info/dependency_links.txt
[0.945s] writing top-level names to turtlesim.egg-info/top_level.txt
[0.958s] reading manifest file 'turtlesim.egg-info/SOURCES.txt'
[0.962s] writing manifest file 'turtlesim.egg-info/SOURCES.txt'
[0.989s] [100%] Built target ament_cmake_python_build_turtlesim_egg
[1.007s] Invoked command in '/home/student/ros2_ws/build/turtlesim' returned '0': CMAKE_PREFIX_PATH=${CMAKE_PREFIX_PATH}:/home/student/ros2_ws/install/turtlebot3_teleop:/home/student/ros2_ws/install/turtlebot3_example:/opt/ros/humble /usr/bin/cmake --build /home/student/ros2_ws/build/turtlesim -- -j8 -l8
[1.619s] Invoking command in '/home/student/ros2_ws/build/turtlesim': CMAKE_PREFIX_PATH=${CMAKE_PREFIX_PATH}:/home/student/ros2_ws/install/turtlebot3_teleop:/home/student/ros2_ws/install/turtlebot3_example:/opt/ros/humble /usr/bin/cmake --install /home/student/ros2_ws/build/turtlesim
[1.632s] -- Install configuration: ""
[1.633s] -- Up-to-date: /home/student/ros2_ws/install/turtlesim/share/ament_index/resource_index/rosidl_interfaces/turtlesim
[1.634s] -- Up-to-date: /home/student/ros2_ws/install/turtlesim/include/turtlesim/turtlesim
[1.634s] -- Up-to-date: /home/student/ros2_ws/install/turtlesim/include/turtlesim/turtlesim/msg
[1.635s] -- Up-to-date: /home/student/ros2_ws/install/turtlesim/include/turtlesim/turtlesim/msg/rosidl_generator_c__visibility_control.h
[1.635s] -- Up-to-date: /home/student/ros2_ws/install/turtlesim/include/turtlesim/turtlesim/msg/color.h
[1.636s] -- Up-to-date: /home/student/ros2_ws/install/turtlesim/include/turtlesim/turtlesim/msg/pose.h
[1.637s] -- Up-to-date: /home/student/ros2_ws/install/turtlesim/include/turtlesim/turtlesim/msg/detail
[1.637s] -- Up-to-date: /home/student/ros2_ws/install/turtlesim/include/turtlesim/turtlesim/msg/detail/color__functions.c
[1.638s] -- Up-to-date: /home/student/ros2_ws/install/turtlesim/include/turtlesim/turtlesim/msg/detail/pose__struct.h
[1.640s] -- Up-to-date: /home/student/ros2_ws/install/turtlesim/include/turtlesim/turtlesim/msg/detail/color__functions.h
[1.641s] -- Up-to-date: /home/student/ros2_ws/install/turtlesim/include/turtlesim/turtlesim/msg/detail/pose__functions.h
[1.642s] -- Up-to-date: /home/student/ros2_ws/install/turtlesim/include/turtlesim/turtlesim/msg/detail/pose__type_support.h
[1.642s] -- Up-to-date: /home/student/ros2_ws/install/turtlesim/include/turtlesim/turtlesim/msg/detail/color__type_support.h
[1.642s] -- Up-to-date: /home/student/ros2_ws/install/turtlesim/include/turtlesim/turtlesim/msg/detail/pose__functions.c
[1.642s] -- Up-to-date: /home/student/ros2_ws/install/turtlesim/include/turtlesim/turtlesim/msg/detail/color__struct.h
[1.644s] -- Up-to-date: /home/student/ros2_ws/install/turtlesim/include/turtlesim/turtlesim/action
[1.644s] -- Up-to-date: /home/student/ros2_ws/install/turtlesim/include/turtlesim/turtlesim/action/rotate_absolute.h
[1.645s] -- Up-to-date: /home/student/ros2_ws/install/turtlesim/include/turtlesim/turtlesim/action/detail
[1.645s] -- Up-to-date: /home/student/ros2_ws/install/turtlesim/include/turtlesim/turtlesim/action/detail/rotate_absolute__functions.c
[1.645s] -- Up-to-date: /home/student/ros2_ws/install/turtlesim/include/turtlesim/turtlesim/action/detail/rotate_absolute__struct.h
[1.645s] -- Up-to-date: /home/student/ros2_ws/install/turtlesim/include/turtlesim/turtlesim/action/detail/rotate_absolute__functions.h
[1.645s] -- Up-to-date: /home/student/ros2_ws/install/turtlesim/include/turtlesim/turtlesim/action/detail/rotate_absolute__type_support.h
[1.645s] -- Up-to-date: /home/student/ros2_ws/install/turtlesim/include/turtlesim/turtlesim/srv
[1.645s] -- Up-to-date: /home/student/ros2_ws/install/turtlesim/include/turtlesim/turtlesim/srv/spawn.h
[1.645s] -- Up-to-date: /home/student/ros2_ws/install/turtlesim/include/turtlesim/turtlesim/srv/teleport_absolute.h
[1.645s] -- Up-to-date: /home/student/ros2_ws/install/turtlesim/include/turtlesim/turtlesim/srv/teleport_relative.h
[1.645s] -- Up-to-date: /home/student/ros2_ws/install/turtlesim/include/turtlesim/turtlesim/srv/set_pen.h
[1.646s] -- Up-to-date: /home/student/ros2_ws/install/turtlesim/include/turtlesim/turtlesim/srv/kill.h
[1.646s] -- Up-to-date: /home/student/ros2_ws/install/turtlesim/include/turtlesim/turtlesim/srv/detail
[1.646s] -- Up-to-date: /home/student/ros2_ws/install/turtlesim/include/turtlesim/turtlesim/srv/detail/kill__functions.c
[1.646s] -- Up-to-date: /home/student/ros2_ws/install/turtlesim/include/turtlesim/turtlesim/srv/detail/teleport_absolute__type_support.h
[1.646s] -- Up-to-date: /home/student/ros2_ws/install/turtlesim/include/turtlesim/turtlesim/srv/detail/set_pen__functions.h
[1.646s] -- Up-to-date: /home/student/ros2_ws/install/turtlesim/include/turtlesim/turtlesim/srv/detail/kill__type_support.h
[1.647s] -- Up-to-date: /home/student/ros2_ws/install/turtlesim/include/turtlesim/turtlesim/srv/detail/teleport_relative__functions.c
[1.647s] -- Up-to-date: /home/student/ros2_ws/install/turtlesim/include/turtlesim/turtlesim/srv/detail/teleport_relative__struct.h
[1.647s] -- Up-to-date: /home/student/ros2_ws/install/turtlesim/include/turtlesim/turtlesim/srv/detail/teleport_relative__type_support.h
[1.647s] -- Up-to-date: /home/student/ros2_ws/install/turtlesim/include/turtlesim/turtlesim/srv/detail/teleport_relative__functions.h
[1.647s] -- Up-to-date: /home/student/ros2_ws/install/turtlesim/include/turtlesim/turtlesim/srv/detail/set_pen__type_support.h
[1.648s] -- Up-to-date: /home/student/ros2_ws/install/turtlesim/include/turtlesim/turtlesim/srv/detail/kill__functions.h
[1.649s] -- Up-to-date: /home/student/ros2_ws/install/turtlesim/include/turtlesim/turtlesim/srv/detail/spawn__functions.h
[1.649s] -- Up-to-date: /home/student/ros2_ws/install/turtlesim/include/turtlesim/turtlesim/srv/detail/teleport_absolute__struct.h
[1.649s] -- Up-to-date: /home/student/ros2_ws/install/turtlesim/include/turtlesim/turtlesim/srv/detail/spawn__type_support.h
[1.649s] -- Up-to-date: /home/student/ros2_ws/install/turtlesim/include/turtlesim/turtlesim/srv/detail/kill__struct.h
[1.649s] -- Up-to-date: /home/student/ros2_ws/install/turtlesim/include/turtlesim/turtlesim/srv/detail/teleport_absolute__functions.h
[1.649s] -- Up-to-date: /home/student/ros2_ws/install/turtlesim/include/turtlesim/turtlesim/srv/detail/spawn__struct.h
[1.650s] -- Up-to-date: /home/student/ros2_ws/install/turtlesim/include/turtlesim/turtlesim/srv/detail/set_pen__functions.c
[1.650s] -- Up-to-date: /home/student/ros2_ws/install/turtlesim/include/turtlesim/turtlesim/srv/detail/set_pen__struct.h
[1.650s] -- Up-to-date: /home/student/ros2_ws/install/turtlesim/include/turtlesim/turtlesim/srv/detail/teleport_absolute__functions.c
[1.650s] -- Up-to-date: /home/student/ros2_ws/install/turtlesim/include/turtlesim/turtlesim/srv/detail/spawn__functions.c
[1.650s] -- Up-to-date: /home/student/ros2_ws/install/turtlesim/share/turtlesim/environment/library_path.sh
[1.650s] -- Up-to-date: /home/student/ros2_ws/install/turtlesim/share/turtlesim/environment/library_path.dsv
[1.650s] -- Up-to-date: /home/student/ros2_ws/install/turtlesim/lib/libturtlesim__rosidl_generator_c.so
[1.650s] -- Up-to-date: /home/student/ros2_ws/install/turtlesim/include/turtlesim/turtlesim
[1.651s] -- Up-to-date: /home/student/ros2_ws/install/turtlesim/include/turtlesim/turtlesim/msg
[1.651s] -- Up-to-date: /home/student/ros2_ws/install/turtlesim/include/turtlesim/turtlesim/msg/rosidl_typesupport_fastrtps_c__visibility_control.h
[1.651s] -- Up-to-date: /home/student/ros2_ws/install/turtlesim/include/turtlesim/turtlesim/msg/detail
[1.651s] -- Up-to-date: /home/student/ros2_ws/install/turtlesim/include/turtlesim/turtlesim/msg/detail/pose__rosidl_typesupport_fastrtps_c.h
[1.651s] -- Up-to-date: /home/student/ros2_ws/install/turtlesim/include/turtlesim/turtlesim/msg/detail/color__rosidl_typesupport_fastrtps_c.h
[1.651s] -- Up-to-date: /home/student/ros2_ws/install/turtlesim/include/turtlesim/turtlesim/action
[1.651s] -- Up-to-date: /home/student/ros2_ws/install/turtlesim/include/turtlesim/turtlesim/action/detail
[1.651s] -- Up-to-date: /home/student/ros2_ws/install/turtlesim/include/turtlesim/turtlesim/action/detail/rotate_absolute__rosidl_typesupport_fastrtps_c.h
[1.652s] -- Up-to-date: /home/student/ros2_ws/install/turtlesim/include/turtlesim/turtlesim/srv
[1.652s] -- Up-to-date: /home/student/ros2_ws/install/turtlesim/include/turtlesim/turtlesim/srv/detail
[1.652s] -- Up-to-date: /home/student/ros2_ws/install/turtlesim/include/turtlesim/turtlesim/srv/detail/spawn__rosidl_typesupport_fastrtps_c.h
[1.652s] -- Up-to-date: /home/student/ros2_ws/install/turtlesim/include/turtlesim/turtlesim/srv/detail/kill__rosidl_typesupport_fastrtps_c.h
[1.652s] -- Up-to-date: /home/student/ros2_ws/install/turtlesim/include/turtlesim/turtlesim/srv/detail/set_pen__rosidl_typesupport_fastrtps_c.h
[1.652s] -- Up-to-date: /home/student/ros2_ws/install/turtlesim/include/turtlesim/turtlesim/srv/detail/teleport_absolute__rosidl_typesupport_fastrtps_c.h
[1.652s] -- Up-to-date: /home/student/ros2_ws/install/turtlesim/include/turtlesim/turtlesim/srv/detail/teleport_relative__rosidl_typesupport_fastrtps_c.h
[1.653s] -- Up-to-date: /home/student/ros2_ws/install/turtlesim/lib/libturtlesim__rosidl_typesupport_fastrtps_c.so
[1.653s] -- Up-to-date: /home/student/ros2_ws/install/turtlesim/include/turtlesim/turtlesim
[1.653s] -- Up-to-date: /home/student/ros2_ws/install/turtlesim/include/turtlesim/turtlesim/msg
[1.653s] -- Up-to-date: /home/student/ros2_ws/install/turtlesim/include/turtlesim/turtlesim/msg/pose.hpp
[1.653s] -- Up-to-date: /home/student/ros2_ws/install/turtlesim/include/turtlesim/turtlesim/msg/color.hpp
[1.653s] -- Up-to-date: /home/student/ros2_ws/install/turtlesim/include/turtlesim/turtlesim/msg/detail
[1.653s] -- Up-to-date: /home/student/ros2_ws/install/turtlesim/include/turtlesim/turtlesim/msg/detail/pose__builder.hpp
[1.654s] -- Up-to-date: /home/student/ros2_ws/install/turtlesim/include/turtlesim/turtlesim/msg/detail/color__struct.hpp
[1.654s] -- Up-to-date: /home/student/ros2_ws/install/turtlesim/include/turtlesim/turtlesim/msg/detail/pose__traits.hpp
[1.654s] -- Up-to-date: /home/student/ros2_ws/install/turtlesim/include/turtlesim/turtlesim/msg/detail/pose__struct.hpp
[1.654s] -- Up-to-date: /home/student/ros2_ws/install/turtlesim/include/turtlesim/turtlesim/msg/detail/color__builder.hpp
[1.654s] -- Up-to-date: /home/student/ros2_ws/install/turtlesim/include/turtlesim/turtlesim/msg/detail/color__traits.hpp
[1.654s] -- Up-to-date: /home/student/ros2_ws/install/turtlesim/include/turtlesim/turtlesim/action
[1.654s] -- Up-to-date: /home/student/ros2_ws/install/turtlesim/include/turtlesim/turtlesim/action/rotate_absolute.hpp
[1.655s] -- Up-to-date: /home/student/ros2_ws/install/turtlesim/include/turtlesim/turtlesim/action/detail
[1.655s] -- Up-to-date: /home/student/ros2_ws/install/turtlesim/include/turtlesim/turtlesim/action/detail/rotate_absolute__traits.hpp
[1.655s] -- Up-to-date: /home/student/ros2_ws/install/turtlesim/include/turtlesim/turtlesim/action/detail/rotate_absolute__struct.hpp
[1.655s] -- Up-to-date: /home/student/ros2_ws/install/turtlesim/include/turtlesim/turtlesim/action/detail/rotate_absolute__builder.hpp
[1.655s] -- Up-to-date: /home/student/ros2_ws/install/turtlesim/include/turtlesim/turtlesim/srv
[1.655s] -- Up-to-date: /home/student/ros2_ws/install/turtlesim/include/turtlesim/turtlesim/srv/spawn.hpp
[1.655s] -- Up-to-date: /home/student/ros2_ws/install/turtlesim/include/turtlesim/turtlesim/srv/kill.hpp
[1.656s] -- Up-to-date: /home/student/ros2_ws/install/turtlesim/include/turtlesim/turtlesim/srv/teleport_relative.hpp
[1.656s] -- Up-to-date: /home/student/ros2_ws/install/turtlesim/include/turtlesim/turtlesim/srv/set_pen.hpp
[1.656s] -- Up-to-date: /home/student/ros2_ws/install/turtlesim/include/turtlesim/turtlesim/srv/teleport_absolute.hpp
[1.656s] -- Up-to-date: /home/student/ros2_ws/install/turtlesim/include/turtlesim/turtlesim/srv/detail
[1.656s] -- Up-to-date: /home/student/ros2_ws/install/turtlesim/include/turtlesim/turtlesim/srv/detail/kill__builder.hpp
[1.656s] -- Up-to-date: /home/student/ros2_ws/install/turtlesim/include/turtlesim/turtlesim/srv/detail/teleport_relative__traits.hpp
[1.657s] -- Up-to-date: /home/student/ros2_ws/install/turtlesim/include/turtlesim/turtlesim/srv/detail/teleport_relative__struct.hpp
[1.657s] -- Up-to-date: /home/student/ros2_ws/install/turtlesim/include/turtlesim/turtlesim/srv/detail/teleport_absolute__builder.hpp
[1.657s] -- Up-to-date: /home/student/ros2_ws/install/turtlesim/include/turtlesim/turtlesim/srv/detail/spawn__struct.hpp
[1.657s] -- Up-to-date: /home/student/ros2_ws/install/turtlesim/include/turtlesim/turtlesim/srv/detail/spawn__builder.hpp
[1.657s] -- Up-to-date: /home/student/ros2_ws/install/turtlesim/include/turtlesim/turtlesim/srv/detail/spawn__traits.hpp
[1.657s] -- Up-to-date: /home/student/ros2_ws/install/turtlesim/include/turtlesim/turtlesim/srv/detail/teleport_absolute__struct.hpp
[1.657s] -- Up-to-date: /home/student/ros2_ws/install/turtlesim/include/turtlesim/turtlesim/srv/detail/set_pen__struct.hpp
[1.658s] -- Up-to-date: /home/student/ros2_ws/install/turtlesim/include/turtlesim/turtlesim/srv/detail/teleport_relative__builder.hpp
[1.658s] -- Up-to-date: /home/student/ros2_ws/install/turtlesim/include/turtlesim/turtlesim/srv/detail/teleport_absolute__traits.hpp
[1.658s] -- Up-to-date: /home/student/ros2_ws/install/turtlesim/include/turtlesim/turtlesim/srv/detail/kill__traits.hpp
[1.658s] -- Up-to-date: /home/student/ros2_ws/install/turtlesim/include/turtlesim/turtlesim/srv/detail/set_pen__traits.hpp
[1.658s] -- Up-to-date: /home/student/ros2_ws/install/turtlesim/include/turtlesim/turtlesim/srv/detail/kill__struct.hpp
[1.658s] -- Up-to-date: /home/student/ros2_ws/install/turtlesim/include/turtlesim/turtlesim/srv/detail/set_pen__builder.hpp
[1.658s] -- Up-to-date: /home/student/ros2_ws/install/turtlesim/include/turtlesim/turtlesim
[1.659s] -- Up-to-date: /home/student/ros2_ws/install/turtlesim/include/turtlesim/turtlesim/msg
[1.659s] -- Up-to-date: /home/student/ros2_ws/install/turtlesim/include/turtlesim/turtlesim/msg/rosidl_typesupport_fastrtps_cpp__visibility_control.h
[1.659s] -- Up-to-date: /home/student/ros2_ws/install/turtlesim/include/turtlesim/turtlesim/msg/detail
[1.659s] -- Up-to-date: /home/student/ros2_ws/install/turtlesim/include/turtlesim/turtlesim/msg/detail/dds_fastrtps
[1.659s] -- Up-to-date: /home/student/ros2_ws/install/turtlesim/include/turtlesim/turtlesim/msg/detail/color__rosidl_typesupport_fastrtps_cpp.hpp
[1.659s] -- Up-to-date: /home/student/ros2_ws/install/turtlesim/include/turtlesim/turtlesim/msg/detail/pose__rosidl_typesupport_fastrtps_cpp.hpp
[1.659s] -- Up-to-date: /home/student/ros2_ws/install/turtlesim/include/turtlesim/turtlesim/action
[1.659s] -- Up-to-date: /home/student/ros2_ws/install/turtlesim/include/turtlesim/turtlesim/action/detail
[1.660s] -- Up-to-date: /home/student/ros2_ws/install/turtlesim/include/turtlesim/turtlesim/action/detail/dds_fastrtps
[1.660s] -- Up-to-date: /home/student/ros2_ws/install/turtlesim/include/turtlesim/turtlesim/action/detail/rotate_absolute__rosidl_typesupport_fastrtps_cpp.hpp
[1.660s] -- Up-to-date: /home/student/ros2_ws/install/turtlesim/include/turtlesim/turtlesim/srv
[1.660s] -- Up-to-date: /home/student/ros2_ws/install/turtlesim/include/turtlesim/turtlesim/srv/detail
[1.660s] -- Up-to-date: /home/student/ros2_ws/install/turtlesim/include/turtlesim/turtlesim/srv/detail/spawn__rosidl_typesupport_fastrtps_cpp.hpp
[1.660s] -- Up-to-date: /home/student/ros2_ws/install/turtlesim/include/turtlesim/turtlesim/srv/detail/dds_fastrtps
[1.661s] -- Up-to-date: /home/student/ros2_ws/install/turtlesim/include/turtlesim/turtlesim/srv/detail/set_pen__rosidl_typesupport_fastrtps_cpp.hpp
[1.661s] -- Up-to-date: /home/student/ros2_ws/install/turtlesim/include/turtlesim/turtlesim/srv/detail/teleport_absolute__rosidl_typesupport_fastrtps_cpp.hpp
[1.661s] -- Up-to-date: /home/student/ros2_ws/install/turtlesim/include/turtlesim/turtlesim/srv/detail/teleport_relative__rosidl_typesupport_fastrtps_cpp.hpp
[1.661s] -- Up-to-date: /home/student/ros2_ws/install/turtlesim/include/turtlesim/turtlesim/srv/detail/kill__rosidl_typesupport_fastrtps_cpp.hpp
[1.661s] -- Up-to-date: /home/student/ros2_ws/install/turtlesim/lib/libturtlesim__rosidl_typesupport_fastrtps_cpp.so
[1.661s] -- Up-to-date: /home/student/ros2_ws/install/turtlesim/include/turtlesim/turtlesim
[1.661s] -- Up-to-date: /home/student/ros2_ws/install/turtlesim/include/turtlesim/turtlesim/msg
[1.662s] -- Up-to-date: /home/student/ros2_ws/install/turtlesim/include/turtlesim/turtlesim/msg/rosidl_typesupport_introspection_c__visibility_control.h
[1.662s] -- Up-to-date: /home/student/ros2_ws/install/turtlesim/include/turtlesim/turtlesim/msg/detail
[1.662s] -- Up-to-date: /home/student/ros2_ws/install/turtlesim/include/turtlesim/turtlesim/msg/detail/color__rosidl_typesupport_introspection_c.h
[1.662s] -- Up-to-date: /home/student/ros2_ws/install/turtlesim/include/turtlesim/turtlesim/msg/detail/pose__type_support.c
[1.662s] -- Up-to-date: /home/student/ros2_ws/install/turtlesim/include/turtlesim/turtlesim/msg/detail/color__type_support.c
[1.662s] -- Up-to-date: /home/student/ros2_ws/install/turtlesim/include/turtlesim/turtlesim/msg/detail/pose__rosidl_typesupport_introspection_c.h
[1.663s] -- Up-to-date: /home/student/ros2_ws/install/turtlesim/include/turtlesim/turtlesim/action
[1.663s] -- Up-to-date: /home/student/ros2_ws/install/turtlesim/include/turtlesim/turtlesim/action/detail
[1.663s] -- Up-to-date: /home/student/ros2_ws/install/turtlesim/include/turtlesim/turtlesim/action/detail/rotate_absolute__rosidl_typesupport_introspection_c.h
[1.663s] -- Up-to-date: /home/student/ros2_ws/install/turtlesim/include/turtlesim/turtlesim/action/detail/rotate_absolute__type_support.c
[1.663s] -- Up-to-date: /home/student/ros2_ws/install/turtlesim/include/turtlesim/turtlesim/srv
[1.663s] -- Up-to-date: /home/student/ros2_ws/install/turtlesim/include/turtlesim/turtlesim/srv/detail
[1.663s] -- Up-to-date: /home/student/ros2_ws/install/turtlesim/include/turtlesim/turtlesim/srv/detail/teleport_relative__type_support.c
[1.663s] -- Up-to-date: /home/student/ros2_ws/install/turtlesim/include/turtlesim/turtlesim/srv/detail/teleport_absolute__rosidl_typesupport_introspection_c.h
[1.664s] -- Up-to-date: /home/student/ros2_ws/install/turtlesim/include/turtlesim/turtlesim/srv/detail/spawn__type_support.c
[1.664s] -- Up-to-date: /home/student/ros2_ws/install/turtlesim/include/turtlesim/turtlesim/srv/detail/teleport_relative__rosidl_typesupport_introspection_c.h
[1.664s] -- Up-to-date: /home/student/ros2_ws/install/turtlesim/include/turtlesim/turtlesim/srv/detail/kill__rosidl_typesupport_introspection_c.h
[1.664s] -- Up-to-date: /home/student/ros2_ws/install/turtlesim/include/turtlesim/turtlesim/srv/detail/spawn__rosidl_typesupport_introspection_c.h
[1.664s] -- Up-to-date: /home/student/ros2_ws/install/turtlesim/include/turtlesim/turtlesim/srv/detail/set_pen__type_support.c
[1.664s] -- Up-to-date: /home/student/ros2_ws/install/turtlesim/include/turtlesim/turtlesim/srv/detail/teleport_absolute__type_support.c
[1.664s] -- Up-to-date: /home/student/ros2_ws/install/turtlesim/include/turtlesim/turtlesim/srv/detail/set_pen__rosidl_typesupport_introspection_c.h
[1.665s] -- Up-to-date: /home/student/ros2_ws/install/turtlesim/include/turtlesim/turtlesim/srv/detail/kill__type_support.c
[1.665s] -- Up-to-date: /home/student/ros2_ws/install/turtlesim/lib/libturtlesim__rosidl_typesupport_introspection_c.so
[1.665s] -- Up-to-date: /home/student/ros2_ws/install/turtlesim/lib/libturtlesim__rosidl_typesupport_c.so
[1.666s] -- Up-to-date: /home/student/ros2_ws/install/turtlesim/include/turtlesim/turtlesim
[1.666s] -- Up-to-date: /home/student/ros2_ws/install/turtlesim/include/turtlesim/turtlesim/msg
[1.666s] -- Up-to-date: /home/student/ros2_ws/install/turtlesim/include/turtlesim/turtlesim/msg/detail
[1.666s] -- Up-to-date: /home/student/ros2_ws/install/turtlesim/include/turtlesim/turtlesim/msg/detail/color__rosidl_typesupport_introspection_cpp.hpp
[1.666s] -- Up-to-date: /home/student/ros2_ws/install/turtlesim/include/turtlesim/turtlesim/msg/detail/pose__type_support.cpp
[1.666s] -- Up-to-date: /home/student/ros2_ws/install/turtlesim/include/turtlesim/turtlesim/msg/detail/color__type_support.cpp
[1.666s] -- Up-to-date: /home/student/ros2_ws/install/turtlesim/include/turtlesim/turtlesim/msg/detail/pose__rosidl_typesupport_introspection_cpp.hpp
[1.666s] -- Up-to-date: /home/student/ros2_ws/install/turtlesim/include/turtlesim/turtlesim/action
[1.666s] -- Up-to-date: /home/student/ros2_ws/install/turtlesim/include/turtlesim/turtlesim/action/detail
[1.666s] -- Up-to-date: /home/student/ros2_ws/install/turtlesim/include/turtlesim/turtlesim/action/detail/rotate_absolute__type_support.cpp
[1.667s] -- Up-to-date: /home/student/ros2_ws/install/turtlesim/include/turtlesim/turtlesim/action/detail/rotate_absolute__rosidl_typesupport_introspection_cpp.hpp
[1.667s] -- Up-to-date: /home/student/ros2_ws/install/turtlesim/include/turtlesim/turtlesim/srv
[1.667s] -- Up-to-date: /home/student/ros2_ws/install/turtlesim/include/turtlesim/turtlesim/srv/detail
[1.667s] -- Up-to-date: /home/student/ros2_ws/install/turtlesim/include/turtlesim/turtlesim/srv/detail/kill__type_support.cpp
[1.667s] -- Up-to-date: /home/student/ros2_ws/install/turtlesim/include/turtlesim/turtlesim/srv/detail/set_pen__rosidl_typesupport_introspection_cpp.hpp
[1.667s] -- Up-to-date: /home/student/ros2_ws/install/turtlesim/include/turtlesim/turtlesim/srv/detail/spawn__type_support.cpp
[1.667s] -- Up-to-date: /home/student/ros2_ws/install/turtlesim/include/turtlesim/turtlesim/srv/detail/kill__rosidl_typesupport_introspection_cpp.hpp
[1.667s] -- Up-to-date: /home/student/ros2_ws/install/turtlesim/include/turtlesim/turtlesim/srv/detail/spawn__rosidl_typesupport_introspection_cpp.hpp
[1.668s] -- Up-to-date: /home/student/ros2_ws/install/turtlesim/include/turtlesim/turtlesim/srv/detail/teleport_absolute__rosidl_typesupport_introspection_cpp.hpp
[1.668s] -- Up-to-date: /home/student/ros2_ws/install/turtlesim/include/turtlesim/turtlesim/srv/detail/teleport_relative__rosidl_typesupport_introspection_cpp.hpp
[1.668s] -- Up-to-date: /home/student/ros2_ws/install/turtlesim/include/turtlesim/turtlesim/srv/detail/teleport_relative__type_support.cpp
[1.668s] -- Up-to-date: /home/student/ros2_ws/install/turtlesim/include/turtlesim/turtlesim/srv/detail/set_pen__type_support.cpp
[1.668s] -- Up-to-date: /home/student/ros2_ws/install/turtlesim/include/turtlesim/turtlesim/srv/detail/teleport_absolute__type_support.cpp
[1.668s] -- Up-to-date: /home/student/ros2_ws/install/turtlesim/lib/libturtlesim__rosidl_typesupport_introspection_cpp.so
[1.668s] -- Up-to-date: /home/student/ros2_ws/install/turtlesim/lib/libturtlesim__rosidl_typesupport_cpp.so
[1.668s] -- Up-to-date: /home/student/ros2_ws/install/turtlesim/share/turtlesim/environment/pythonpath.sh
[1.668s] -- Up-to-date: /home/student/ros2_ws/install/turtlesim/share/turtlesim/environment/pythonpath.dsv
[1.668s] -- Up-to-date: /home/student/ros2_ws/install/turtlesim/local/lib/python3.10/dist-packages/turtlesim-1.4.2-py3.10.egg-info
[1.669s] -- Installing: /home/student/ros2_ws/install/turtlesim/local/lib/python3.10/dist-packages/turtlesim-1.4.2-py3.10.egg-info/dependency_links.txt
[1.669s] -- Installing: /home/student/ros2_ws/install/turtlesim/local/lib/python3.10/dist-packages/turtlesim-1.4.2-py3.10.egg-info/PKG-INFO
[1.669s] -- Installing: /home/student/ros2_ws/install/turtlesim/local/lib/python3.10/dist-packages/turtlesim-1.4.2-py3.10.egg-info/top_level.txt
[1.669s] -- Installing: /home/student/ros2_ws/install/turtlesim/local/lib/python3.10/dist-packages/turtlesim-1.4.2-py3.10.egg-info/SOURCES.txt
[1.669s] -- Up-to-date: /home/student/ros2_ws/install/turtlesim/local/lib/python3.10/dist-packages/turtlesim
[1.669s] -- Up-to-date: /home/student/ros2_ws/install/turtlesim/local/lib/python3.10/dist-packages/turtlesim/libturtlesim__rosidl_generator_py.so
[1.669s] -- Up-to-date: /home/student/ros2_ws/install/turtlesim/local/lib/python3.10/dist-packages/turtlesim/turtlesim_s__rosidl_typesupport_c.cpython-310-x86_64-linux-gnu.so
[1.669s] -- Up-to-date: /home/student/ros2_ws/install/turtlesim/local/lib/python3.10/dist-packages/turtlesim/msg
[1.670s] -- Up-to-date: /home/student/ros2_ws/install/turtlesim/local/lib/python3.10/dist-packages/turtlesim/msg/__init__.py
[1.670s] -- Up-to-date: /home/student/ros2_ws/install/turtlesim/local/lib/python3.10/dist-packages/turtlesim/msg/_pose.py
[1.670s] -- Up-to-date: /home/student/ros2_ws/install/turtlesim/local/lib/python3.10/dist-packages/turtlesim/msg/_color.py
[1.670s] -- Up-to-date: /home/student/ros2_ws/install/turtlesim/local/lib/python3.10/dist-packages/turtlesim/msg/_color_s.c
[1.670s] -- Up-to-date: /home/student/ros2_ws/install/turtlesim/local/lib/python3.10/dist-packages/turtlesim/msg/_pose_s.c
[1.670s] -- Up-to-date: /home/student/ros2_ws/install/turtlesim/local/lib/python3.10/dist-packages/turtlesim/__init__.py
[1.670s] -- Up-to-date: /home/student/ros2_ws/install/turtlesim/local/lib/python3.10/dist-packages/turtlesim/_turtlesim_s.ep.rosidl_typesupport_introspection_c.c
[1.670s] -- Up-to-date: /home/student/ros2_ws/install/turtlesim/local/lib/python3.10/dist-packages/turtlesim/action
[1.670s] -- Up-to-date: /home/student/ros2_ws/install/turtlesim/local/lib/python3.10/dist-packages/turtlesim/action/__init__.py
[1.670s] -- Up-to-date: /home/student/ros2_ws/install/turtlesim/local/lib/python3.10/dist-packages/turtlesim/action/_rotate_absolute.py
[1.670s] -- Up-to-date: /home/student/ros2_ws/install/turtlesim/local/lib/python3.10/dist-packages/turtlesim/action/_rotate_absolute_s.c
[1.670s] -- Up-to-date: /home/student/ros2_ws/install/turtlesim/local/lib/python3.10/dist-packages/turtlesim/srv
[1.670s] -- Up-to-date: /home/student/ros2_ws/install/turtlesim/local/lib/python3.10/dist-packages/turtlesim/srv/_teleport_relative_s.c
[1.671s] -- Up-to-date: /home/student/ros2_ws/install/turtlesim/local/lib/python3.10/dist-packages/turtlesim/srv/__init__.py
[1.671s] -- Up-to-date: /home/student/ros2_ws/install/turtlesim/local/lib/python3.10/dist-packages/turtlesim/srv/_set_pen.py
[1.671s] -- Up-to-date: /home/student/ros2_ws/install/turtlesim/local/lib/python3.10/dist-packages/turtlesim/srv/_set_pen_s.c
[1.671s] -- Up-to-date: /home/student/ros2_ws/install/turtlesim/local/lib/python3.10/dist-packages/turtlesim/srv/_spawn_s.c
[1.671s] -- Up-to-date: /home/student/ros2_ws/install/turtlesim/local/lib/python3.10/dist-packages/turtlesim/srv/_kill_s.c
[1.671s] -- Up-to-date: /home/student/ros2_ws/install/turtlesim/local/lib/python3.10/dist-packages/turtlesim/srv/_kill.py
[1.671s] -- Up-to-date: /home/student/ros2_ws/install/turtlesim/local/lib/python3.10/dist-packages/turtlesim/srv/_spawn.py
[1.671s] -- Up-to-date: /home/student/ros2_ws/install/turtlesim/local/lib/python3.10/dist-packages/turtlesim/srv/_teleport_relative.py
[1.671s] -- Up-to-date: /home/student/ros2_ws/install/turtlesim/local/lib/python3.10/dist-packages/turtlesim/srv/_teleport_absolute_s.c
[1.671s] -- Up-to-date: /home/student/ros2_ws/install/turtlesim/local/lib/python3.10/dist-packages/turtlesim/srv/_teleport_absolute.py
[1.671s] -- Up-to-date: /home/student/ros2_ws/install/turtlesim/local/lib/python3.10/dist-packages/turtlesim/_turtlesim_s.ep.rosidl_typesupport_c.c
[1.671s] -- Up-to-date: /home/student/ros2_ws/install/turtlesim/local/lib/python3.10/dist-packages/turtlesim/turtlesim_s__rosidl_typesupport_introspection_c.cpython-310-x86_64-linux-gnu.so
[1.672s] -- Up-to-date: /home/student/ros2_ws/install/turtlesim/local/lib/python3.10/dist-packages/turtlesim/_turtlesim_s.ep.rosidl_typesupport_fastrtps_c.c
[1.672s] -- Up-to-date: /home/student/ros2_ws/install/turtlesim/local/lib/python3.10/dist-packages/turtlesim/turtlesim_s__rosidl_typesupport_fastrtps_c.cpython-310-x86_64-linux-gnu.so
[1.688s] Listing '/home/student/ros2_ws/install/turtlesim/local/lib/python3.10/dist-packages/turtlesim'...
[1.688s] Listing '/home/student/ros2_ws/install/turtlesim/local/lib/python3.10/dist-packages/turtlesim/action'...
[1.688s] Listing '/home/student/ros2_ws/install/turtlesim/local/lib/python3.10/dist-packages/turtlesim/msg'...
[1.688s] Listing '/home/student/ros2_ws/install/turtlesim/local/lib/python3.10/dist-packages/turtlesim/srv'...
[1.693s] -- Up-to-date: /home/student/ros2_ws/install/turtlesim/local/lib/python3.10/dist-packages/turtlesim/turtlesim_s__rosidl_typesupport_fastrtps_c.cpython-310-x86_64-linux-gnu.so
[1.693s] -- Up-to-date: /home/student/ros2_ws/install/turtlesim/local/lib/python3.10/dist-packages/turtlesim/turtlesim_s__rosidl_typesupport_introspection_c.cpython-310-x86_64-linux-gnu.so
[1.693s] -- Up-to-date: /home/student/ros2_ws/install/turtlesim/local/lib/python3.10/dist-packages/turtlesim/turtlesim_s__rosidl_typesupport_c.cpython-310-x86_64-linux-gnu.so
[1.694s] -- Up-to-date: /home/student/ros2_ws/install/turtlesim/lib/libturtlesim__rosidl_generator_py.so
[1.694s] -- Up-to-date: /home/student/ros2_ws/install/turtlesim/share/turtlesim/action/RotateAbsolute.idl
[1.694s] -- Up-to-date: /home/student/ros2_ws/install/turtlesim/share/turtlesim/msg/Color.idl
[1.695s] -- Up-to-date: /home/student/ros2_ws/install/turtlesim/share/turtlesim/msg/Pose.idl
[1.695s] -- Up-to-date: /home/student/ros2_ws/install/turtlesim/share/turtlesim/srv/Kill.idl
[1.695s] -- Up-to-date: /home/student/ros2_ws/install/turtlesim/share/turtlesim/srv/SetPen.idl
[1.695s] -- Up-to-date: /home/student/ros2_ws/install/turtlesim/share/turtlesim/srv/Spawn.idl
[1.695s] -- Up-to-date: /home/student/ros2_ws/install/turtlesim/share/turtlesim/srv/TeleportAbsolute.idl
[1.696s] -- Up-to-date: /home/student/ros2_ws/install/turtlesim/share/turtlesim/srv/TeleportRelative.idl
[1.696s] -- Up-to-date: /home/student/ros2_ws/install/turtlesim/share/turtlesim/action/RotateAbsolute.action
[1.696s] -- Up-to-date: /home/student/ros2_ws/install/turtlesim/share/turtlesim/msg/Color.msg
[1.696s] -- Up-to-date: /home/student/ros2_ws/install/turtlesim/share/turtlesim/msg/Pose.msg
[1.696s] -- Up-to-date: /home/student/ros2_ws/install/turtlesim/share/turtlesim/srv/Kill.srv
[1.697s] -- Up-to-date: /home/student/ros2_ws/install/turtlesim/share/turtlesim/srv/Kill_Request.msg
[1.697s] -- Up-to-date: /home/student/ros2_ws/install/turtlesim/share/turtlesim/srv/Kill_Response.msg
[1.697s] -- Up-to-date: /home/student/ros2_ws/install/turtlesim/share/turtlesim/srv/SetPen.srv
[1.697s] -- Up-to-date: /home/student/ros2_ws/install/turtlesim/share/turtlesim/srv/SetPen_Request.msg
[1.697s] -- Up-to-date: /home/student/ros2_ws/install/turtlesim/share/turtlesim/srv/SetPen_Response.msg
[1.698s] -- Up-to-date: /home/student/ros2_ws/install/turtlesim/share/turtlesim/srv/Spawn.srv
[1.698s] -- Up-to-date: /home/student/ros2_ws/install/turtlesim/share/turtlesim/srv/Spawn_Request.msg
[1.699s] -- Up-to-date: /home/student/ros2_ws/install/turtlesim/share/turtlesim/srv/Spawn_Response.msg
[1.699s] -- Up-to-date: /home/student/ros2_ws/install/turtlesim/share/turtlesim/srv/TeleportAbsolute.srv
[1.699s] -- Up-to-date: /home/student/ros2_ws/install/turtlesim/share/turtlesim/srv/TeleportAbsolute_Request.msg
[1.699s] -- Up-to-date: /home/student/ros2_ws/install/turtlesim/share/turtlesim/srv/TeleportAbsolute_Response.msg
[1.700s] -- Up-to-date: /home/student/ros2_ws/install/turtlesim/share/turtlesim/srv/TeleportRelative.srv
[1.700s] -- Up-to-date: /home/student/ros2_ws/install/turtlesim/share/turtlesim/srv/TeleportRelative_Request.msg
[1.700s] -- Up-to-date: /home/student/ros2_ws/install/turtlesim/share/turtlesim/srv/TeleportRelative_Response.msg
[1.701s] -- Up-to-date: /home/student/ros2_ws/install/turtlesim/lib/turtlesim/turtlesim_node
[1.701s] -- Up-to-date: /home/student/ros2_ws/install/turtlesim/lib/turtlesim/turtle_teleop_key
[1.701s] -- Up-to-date: /home/student/ros2_ws/install/turtlesim/lib/turtlesim/draw_square
[1.702s] -- Up-to-date: /home/student/ros2_ws/install/turtlesim/lib/turtlesim/mimic
[1.702s] -- Up-to-date: /home/student/ros2_ws/install/turtlesim/share/turtlesim/images
[1.702s] -- Up-to-date: /home/student/ros2_ws/install/turtlesim/share/turtlesim/images/eloquent.png
[1.702s] -- Up-to-date: /home/student/ros2_ws/install/turtlesim/share/turtlesim/images/galactic.png
[1.702s] -- Up-to-date: /home/student/ros2_ws/install/turtlesim/share/turtlesim/images/foxy.png
[1.702s] -- Up-to-date: /home/student/ros2_ws/install/turtlesim/share/turtlesim/images/ardent.png
[1.702s] -- Up-to-date: /home/student/ros2_ws/install/turtlesim/share/turtlesim/images/bouncy.png
[1.702s] -- Up-to-date: /home/student/ros2_ws/install/turtlesim/share/turtlesim/images/humble.png
[1.703s] -- Up-to-date: /home/student/ros2_ws/install/turtlesim/share/turtlesim/images/rolling.png
[1.703s] -- Up-to-date: /home/student/ros2_ws/install/turtlesim/share/turtlesim/images/dashing.png
[1.703s] -- Up-to-date: /home/student/ros2_ws/install/turtlesim/share/turtlesim/images/crystal.png
[1.703s] -- Up-to-date: /home/student/ros2_ws/install/turtlesim/share/turtlesim/launch
[1.703s] -- Up-to-date: /home/student/ros2_ws/install/turtlesim/share/turtlesim/launch/multisim.launch.py
[1.703s] -- Up-to-date: /home/student/ros2_ws/install/turtlesim/share/ament_index/resource_index/package_run_dependencies/turtlesim
[1.703s] -- Up-to-date: /home/student/ros2_ws/install/turtlesim/share/ament_index/resource_index/parent_prefix_path/turtlesim
[1.706s] -- Up-to-date: /home/student/ros2_ws/install/turtlesim/share/turtlesim/environment/ament_prefix_path.sh
[1.706s] -- Up-to-date: /home/student/ros2_ws/install/turtlesim/share/turtlesim/environment/ament_prefix_path.dsv
[1.707s] -- Up-to-date: /home/student/ros2_ws/install/turtlesim/share/turtlesim/environment/path.sh
[1.707s] -- Up-to-date: /home/student/ros2_ws/install/turtlesim/share/turtlesim/environment/path.dsv
[1.708s] -- Up-to-date: /home/student/ros2_ws/install/turtlesim/share/turtlesim/local_setup.bash
[1.708s] -- Up-to-date: /home/student/ros2_ws/install/turtlesim/share/turtlesim/local_setup.sh
[1.708s] -- Up-to-date: /home/student/ros2_ws/install/turtlesim/share/turtlesim/local_setup.zsh
[1.708s] -- Up-to-date: /home/student/ros2_ws/install/turtlesim/share/turtlesim/local_setup.dsv
[1.709s] -- Installing: /home/student/ros2_ws/install/turtlesim/share/turtlesim/package.dsv
[1.709s] -- Up-to-date: /home/student/ros2_ws/install/turtlesim/share/ament_index/resource_index/packages/turtlesim
[1.709s] -- Up-to-date: /home/student/ros2_ws/install/turtlesim/share/turtlesim/cmake/export_turtlesim__rosidl_generator_cExport.cmake
[1.710s] -- Up-to-date: /home/student/ros2_ws/install/turtlesim/share/turtlesim/cmake/export_turtlesim__rosidl_generator_cExport-noconfig.cmake
[1.710s] -- Up-to-date: /home/student/ros2_ws/install/turtlesim/share/turtlesim/cmake/export_turtlesim__rosidl_typesupport_fastrtps_cExport.cmake
[1.710s] -- Up-to-date: /home/student/ros2_ws/install/turtlesim/share/turtlesim/cmake/export_turtlesim__rosidl_typesupport_fastrtps_cExport-noconfig.cmake
[1.710s] -- Up-to-date: /home/student/ros2_ws/install/turtlesim/share/turtlesim/cmake/export_turtlesim__rosidl_generator_cppExport.cmake
[1.711s] -- Up-to-date: /home/student/ros2_ws/install/turtlesim/share/turtlesim/cmake/export_turtlesim__rosidl_typesupport_fastrtps_cppExport.cmake
[1.711s] -- Up-to-date: /home/student/ros2_ws/install/turtlesim/share/turtlesim/cmake/export_turtlesim__rosidl_typesupport_fastrtps_cppExport-noconfig.cmake
[1.711s] -- Up-to-date: /home/student/ros2_ws/install/turtlesim/share/turtlesim/cmake/turtlesim__rosidl_typesupport_introspection_cExport.cmake
[1.711s] -- Up-to-date: /home/student/ros2_ws/install/turtlesim/share/turtlesim/cmake/turtlesim__rosidl_typesupport_introspection_cExport-noconfig.cmake
[1.711s] -- Up-to-date: /home/student/ros2_ws/install/turtlesim/share/turtlesim/cmake/turtlesim__rosidl_typesupport_cExport.cmake
[1.712s] -- Up-to-date: /home/student/ros2_ws/install/turtlesim/share/turtlesim/cmake/turtlesim__rosidl_typesupport_cExport-noconfig.cmake
[1.712s] -- Up-to-date: /home/student/ros2_ws/install/turtlesim/share/turtlesim/cmake/turtlesim__rosidl_typesupport_introspection_cppExport.cmake
[1.712s] -- Up-to-date: /home/student/ros2_ws/install/turtlesim/share/turtlesim/cmake/turtlesim__rosidl_typesupport_introspection_cppExport-noconfig.cmake
[1.712s] -- Up-to-date: /home/student/ros2_ws/install/turtlesim/share/turtlesim/cmake/turtlesim__rosidl_typesupport_cppExport.cmake
[1.712s] -- Up-to-date: /home/student/ros2_ws/install/turtlesim/share/turtlesim/cmake/turtlesim__rosidl_typesupport_cppExport-noconfig.cmake
[1.713s] -- Up-to-date: /home/student/ros2_ws/install/turtlesim/share/turtlesim/cmake/export_turtlesim__rosidl_generator_pyExport.cmake
[1.713s] -- Up-to-date: /home/student/ros2_ws/install/turtlesim/share/turtlesim/cmake/export_turtlesim__rosidl_generator_pyExport-noconfig.cmake
[1.713s] -- Up-to-date: /home/student/ros2_ws/install/turtlesim/share/turtlesim/cmake/rosidl_cmake-extras.cmake
[1.714s] -- Up-to-date: /home/student/ros2_ws/install/turtlesim/share/turtlesim/cmake/ament_cmake_export_dependencies-extras.cmake
[1.714s] -- Up-to-date: /home/student/ros2_ws/install/turtlesim/share/turtlesim/cmake/ament_cmake_export_include_directories-extras.cmake
[1.714s] -- Up-to-date: /home/student/ros2_ws/install/turtlesim/share/turtlesim/cmake/ament_cmake_export_libraries-extras.cmake
[1.714s] -- Up-to-date: /home/student/ros2_ws/install/turtlesim/share/turtlesim/cmake/ament_cmake_export_targets-extras.cmake
[1.715s] -- Up-to-date: /home/student/ros2_ws/install/turtlesim/share/turtlesim/cmake/rosidl_cmake_export_typesupport_targets-extras.cmake
[1.715s] -- Up-to-date: /home/student/ros2_ws/install/turtlesim/share/turtlesim/cmake/rosidl_cmake_export_typesupport_libraries-extras.cmake
[1.715s] -- Up-to-date: /home/student/ros2_ws/install/turtlesim/share/turtlesim/cmake/turtlesimConfig.cmake
[1.715s] -- Up-to-date: /home/student/ros2_ws/install/turtlesim/share/turtlesim/cmake/turtlesimConfig-version.cmake
[1.715s] -- Up-to-date: /home/student/ros2_ws/install/turtlesim/share/turtlesim/package.xml
[1.716s] Invoked command in '/home/student/ros2_ws/build/turtlesim' returned '0': CMAKE_PREFIX_PATH=${CMAKE_PREFIX_PATH}:/home/student/ros2_ws/install/turtlebot3_teleop:/home/student/ros2_ws/install/turtlebot3_example:/opt/ros/humble /usr/bin/cmake --install /home/student/ros2_ws/build/turtlesim
