[35m[1mConsolidate compiler generated dependencies of target global_controller_single_robot[0m
[100%] Built target global_controller_single_robot
-- Install configuration: ""
-- Up-to-date: /home/student/ros2_ws/install/global_controller_single_robot/lib/global_controller_single_robot/global_controller_single_robot
-- Up-to-date: /home/student/ros2_ws/install/global_controller_single_robot/share/global_controller_single_robot//launch
-- Up-to-date: /home/student/ros2_ws/install/global_controller_single_robot/share/global_controller_single_robot//launch/global_controller_launch.py
-- Up-to-date: /home/student/ros2_ws/install/global_controller_single_robot/share/global_controller_single_robot//launch/global_controller_single_launch.py
-- Up-to-date: /home/student/ros2_ws/install/global_controller_single_robot/share/global_controller_single_robot//launch/global_controller_multi_launch.py
-- Up-to-date: /home/student/ros2_ws/install/global_controller_single_robot/share/global_controller_single_robot//map
-- Installing: /home/student/ros2_ws/install/global_controller_single_robot/share/global_controller_single_robot//map/map.yaml
-- Up-to-date: /home/student/ros2_ws/install/global_controller_single_robot/share/global_controller_single_robot//map/turtlebot3_world_map.pgm
-- Up-to-date: /home/student/ros2_ws/install/global_controller_single_robot/share/global_controller_single_robot//map/gazebo_sf_map.yaml
-- Up-to-date: /home/student/ros2_ws/install/global_controller_single_robot/share/global_controller_single_robot//map/gazebo_sf_map.pgm
-- Up-to-date: /home/student/ros2_ws/install/global_controller_single_robot/share/global_controller_single_robot//map/turtlebot3_world_map.yaml
-- Up-to-date: /home/student/ros2_ws/install/global_controller_single_robot/share/global_controller_single_robot//map/map.pgm
-- Up-to-date: /home/student/ros2_ws/install/global_controller_single_robot/share/ament_index/resource_index/package_run_dependencies/global_controller_single_robot
-- Up-to-date: /home/student/ros2_ws/install/global_controller_single_robot/share/ament_index/resource_index/parent_prefix_path/global_controller_single_robot
-- Up-to-date: /home/student/ros2_ws/install/global_controller_single_robot/share/global_controller_single_robot/environment/ament_prefix_path.sh
-- Up-to-date: /home/student/ros2_ws/install/global_controller_single_robot/share/global_controller_single_robot/environment/ament_prefix_path.dsv
-- Up-to-date: /home/student/ros2_ws/install/global_controller_single_robot/share/global_controller_single_robot/environment/path.sh
-- Up-to-date: /home/student/ros2_ws/install/global_controller_single_robot/share/global_controller_single_robot/environment/path.dsv
-- Up-to-date: /home/student/ros2_ws/install/global_controller_single_robot/share/global_controller_single_robot/local_setup.bash
-- Up-to-date: /home/student/ros2_ws/install/global_controller_single_robot/share/global_controller_single_robot/local_setup.sh
-- Up-to-date: /home/student/ros2_ws/install/global_controller_single_robot/share/global_controller_single_robot/local_setup.zsh
-- Up-to-date: /home/student/ros2_ws/install/global_controller_single_robot/share/global_controller_single_robot/local_setup.dsv
-- Installing: /home/student/ros2_ws/install/global_controller_single_robot/share/global_controller_single_robot/package.dsv
-- Up-to-date: /home/student/ros2_ws/install/global_controller_single_robot/share/ament_index/resource_index/packages/global_controller_single_robot
-- Up-to-date: /home/student/ros2_ws/install/global_controller_single_robot/share/global_controller_single_robot/cmake/global_controller_single_robotConfig.cmake
-- Up-to-date: /home/student/ros2_ws/install/global_controller_single_robot/share/global_controller_single_robot/cmake/global_controller_single_robotConfig-version.cmake
-- Up-to-date: /home/student/ros2_ws/install/global_controller_single_robot/share/global_controller_single_robot/package.xml
