[0.038s] Invoking command in '/home/student/ros2_ws/build/global_controller_single_robot': CMAKE_PREFIX_PATH=${CMAKE_PREFIX_PATH}:/home/student/ros2_ws/install/turtlebot3_teleop:/home/student/ros2_ws/install/turtlebot3_example:/opt/ros/humble /usr/bin/cmake --build /home/student/ros2_ws/build/global_controller_single_robot -- -j8 -l8
[0.139s] [35m[1mConsolidate compiler generated dependencies of target global_controller_single_robot[0m
[0.197s] [100%] Built target global_controller_single_robot
[0.246s] Invoked command in '/home/student/ros2_ws/build/global_controller_single_robot' returned '0': CMAKE_PREFIX_PATH=${CMAKE_PREFIX_PATH}:/home/student/ros2_ws/install/turtlebot3_teleop:/home/student/ros2_ws/install/turtlebot3_example:/opt/ros/humble /usr/bin/cmake --build /home/student/ros2_ws/build/global_controller_single_robot -- -j8 -l8
[0.313s] Invoking command in '/home/student/ros2_ws/build/global_controller_single_robot': CMAKE_PREFIX_PATH=${CMAKE_PREFIX_PATH}:/home/student/ros2_ws/install/turtlebot3_teleop:/home/student/ros2_ws/install/turtlebot3_example:/opt/ros/humble /usr/bin/cmake --install /home/student/ros2_ws/build/global_controller_single_robot
[0.327s] -- Install configuration: ""
[0.327s] -- Up-to-date: /home/student/ros2_ws/install/global_controller_single_robot/lib/global_controller_single_robot/global_controller_single_robot
[0.327s] -- Up-to-date: /home/student/ros2_ws/install/global_controller_single_robot/share/global_controller_single_robot//launch
[0.328s] -- Up-to-date: /home/student/ros2_ws/install/global_controller_single_robot/share/global_controller_single_robot//launch/global_controller_launch.py
[0.328s] -- Up-to-date: /home/student/ros2_ws/install/global_controller_single_robot/share/global_controller_single_robot//launch/global_controller_single_launch.py
[0.328s] -- Up-to-date: /home/student/ros2_ws/install/global_controller_single_robot/share/global_controller_single_robot//launch/global_controller_multi_launch.py
[0.328s] -- Up-to-date: /home/student/ros2_ws/install/global_controller_single_robot/share/global_controller_single_robot//map
[0.328s] -- Installing: /home/student/ros2_ws/install/global_controller_single_robot/share/global_controller_single_robot//map/map.yaml
[0.330s] -- Up-to-date: /home/student/ros2_ws/install/global_controller_single_robot/share/global_controller_single_robot//map/turtlebot3_world_map.pgm
[0.331s] -- Up-to-date: /home/student/ros2_ws/install/global_controller_single_robot/share/global_controller_single_robot//map/gazebo_sf_map.yaml
[0.331s] -- Up-to-date: /home/student/ros2_ws/install/global_controller_single_robot/share/global_controller_single_robot//map/gazebo_sf_map.pgm
[0.331s] -- Up-to-date: /home/student/ros2_ws/install/global_controller_single_robot/share/global_controller_single_robot//map/turtlebot3_world_map.yaml
[0.331s] -- Up-to-date: /home/student/ros2_ws/install/global_controller_single_robot/share/global_controller_single_robot//map/map.pgm
[0.331s] -- Up-to-date: /home/student/ros2_ws/install/global_controller_single_robot/share/ament_index/resource_index/package_run_dependencies/global_controller_single_robot
[0.332s] -- Up-to-date: /home/student/ros2_ws/install/global_controller_single_robot/share/ament_index/resource_index/parent_prefix_path/global_controller_single_robot
[0.332s] -- Up-to-date: /home/student/ros2_ws/install/global_controller_single_robot/share/global_controller_single_robot/environment/ament_prefix_path.sh
[0.336s] -- Up-to-date: /home/student/ros2_ws/install/global_controller_single_robot/share/global_controller_single_robot/environment/ament_prefix_path.dsv
[0.336s] -- Up-to-date: /home/student/ros2_ws/install/global_controller_single_robot/share/global_controller_single_robot/environment/path.sh
[0.338s] -- Up-to-date: /home/student/ros2_ws/install/global_controller_single_robot/share/global_controller_single_robot/environment/path.dsv
[0.338s] -- Up-to-date: /home/student/ros2_ws/install/global_controller_single_robot/share/global_controller_single_robot/local_setup.bash
[0.338s] -- Up-to-date: /home/student/ros2_ws/install/global_controller_single_robot/share/global_controller_single_robot/local_setup.sh
[0.338s] -- Up-to-date: /home/student/ros2_ws/install/global_controller_single_robot/share/global_controller_single_robot/local_setup.zsh
[0.338s] -- Up-to-date: /home/student/ros2_ws/install/global_controller_single_robot/share/global_controller_single_robot/local_setup.dsv
[0.339s] -- Installing: /home/student/ros2_ws/install/global_controller_single_robot/share/global_controller_single_robot/package.dsv
[0.339s] -- Up-to-date: /home/student/ros2_ws/install/global_controller_single_robot/share/ament_index/resource_index/packages/global_controller_single_robot
[0.339s] -- Up-to-date: /home/student/ros2_ws/install/global_controller_single_robot/share/global_controller_single_robot/cmake/global_controller_single_robotConfig.cmake
[0.339s] -- Up-to-date: /home/student/ros2_ws/install/global_controller_single_robot/share/global_controller_single_robot/cmake/global_controller_single_robotConfig-version.cmake
[0.339s] -- Up-to-date: /home/student/ros2_ws/install/global_controller_single_robot/share/global_controller_single_robot/package.xml
[0.339s] Invoked command in '/home/student/ros2_ws/build/global_controller_single_robot' returned '0': CMAKE_PREFIX_PATH=${CMAKE_PREFIX_PATH}:/home/student/ros2_ws/install/turtlebot3_teleop:/home/student/ros2_ws/install/turtlebot3_example:/opt/ros/humble /usr/bin/cmake --install /home/student/ros2_ws/build/global_controller_single_robot
