[0.069s] Invoking command in '/home/student/ros2_ws/build/gazebo_map_creator': CMAKE_PREFIX_PATH=/home/student/ros2_ws/install/gazebo_map_creator_interface:/home/student/ros2_ws/install/warehouse_robot_msgs:/home/student/ros2_ws/install/turtlebot3:/home/student/ros2_ws/install/turtlebot3_simulations:/home/student/ros2_ws/install/turtlebot3_bringup:/home/student/ros2_ws/install/turtlebot3_node:/home/student/ros2_ws/install/turtlebot3_navigation2:/home/student/ros2_ws/install/turtlebot3_fake_node:/home/student/ros2_ws/install/turtlebot3_msgs:/home/student/ros2_ws/install/turtlebot3_gazebo:/home/student/ros2_ws/install/turtlebot3_description:/home/student/ros2_ws/install/turtlebot3_cartographer:/home/student/ros2_ws/install/map_ground_truth_publisher:/home/student/ros2_ws/install/gazebo_map_creator:/home/student/ros2_ws/install/dynamixel_sdk_examples:/home/student/ros2_ws/install/dynamixel_sdk_custom_interfaces:/home/student/ros2_ws/install/dynamixel_sdk:/home/student/ros2_ws/install/apriltag_ros:/home/student/ros2_ws/install/turtlebot3_teleop:/home/student/ros2_ws/install/turtlebot3_example:/opt/ros/humble LD_LIBRARY_PATH=/home/student/ros2_ws/install/gazebo_map_creator_interface/lib:/home/student/ros2_ws/install/warehouse_robot_msgs/lib:/home/student/ros2_ws/install/turtlebot3_msgs/lib:/home/student/ros2_ws/install/gazebo_map_creator/lib:/home/student/ros2_ws/install/dynamixel_sdk_custom_interfaces/lib:/home/student/ros2_ws/install/dynamixel_sdk/lib:/home/student/ros2_ws/install/apriltag_ros/lib:/usr/lib/x86_64-linux-gnu/gazebo-11/plugins:/opt/ros/humble/opt/rviz_ogre_vendor/lib:/opt/ros/humble/lib/x86_64-linux-gnu:/opt/ros/humble/lib:/usr/lib/x86_64-linux-gnu/gazebo-11/plugins /usr/bin/cmake /home/student/ros2_ws/src/gazebo_map_creator/gazebo_map_creator -DCMAKE_INSTALL_PREFIX=/home/student/ros2_ws/install/gazebo_map_creator
[0.266s] -- The C compiler identification is GNU 11.4.0
[0.432s] -- The CXX compiler identification is GNU 11.4.0
[0.470s] -- Detecting C compiler ABI info
[0.704s] -- Detecting C compiler ABI info - done
[0.723s] -- Check for working C compiler: /usr/bin/cc - skipped
[0.726s] -- Detecting C compile features
[0.731s] -- Detecting C compile features - done
[0.732s] -- Detecting CXX compiler ABI info
[1.008s] -- Detecting CXX compiler ABI info - done
[1.042s] -- Check for working CXX compiler: /usr/bin/c++ - skipped
[1.043s] -- Detecting CXX compile features
[1.043s] -- Detecting CXX compile features - done
[1.053s] -- Found ament_cmake: 1.3.10 (/opt/ros/humble/share/ament_cmake/cmake)
[1.608s] -- Found Python3: /usr/bin/python3 (found version "3.10.12") found components: Interpreter 
[1.809s] -- Found builtin_interfaces: 1.2.1 (/opt/ros/humble/share/builtin_interfaces/cmake)
[1.952s] -- Found rosidl_generator_c: 3.1.5 (/opt/ros/humble/share/rosidl_generator_c/cmake)
[1.978s] -- Found rosidl_adapter: 3.1.5 (/opt/ros/humble/share/rosidl_adapter/cmake)
[2.010s] -- Found rosidl_generator_cpp: 3.1.5 (/opt/ros/humble/share/rosidl_generator_cpp/cmake)
[2.062s] -- Using all available rosidl_typesupport_c: rosidl_typesupport_fastrtps_c;rosidl_typesupport_introspection_c
[2.098s] -- Using all available rosidl_typesupport_cpp: rosidl_typesupport_fastrtps_cpp;rosidl_typesupport_introspection_cpp
[2.131s] -- Found gazebo_dev: 3.7.0 (/opt/ros/humble/share/gazebo_dev/cmake)
[2.147s] -- Found PkgConfig: /usr/bin/pkg-config (found version "0.29.2") 
[2.152s] -- Checking for module 'bullet>=2.82'
[2.183s] --   Found bullet, version 3.05
[2.505s] -- Found fcl: /usr/include (found suitable version "0.7.0", minimum required is "0.5.0") 
[2.639s] -- Found assimp: /usr/include (found version "5.2.0") 
[2.718s] -- Found DART: /usr/include (Required is at least version "6.6") found components: dart 
[3.334s] -- Found Boost: /usr/lib/x86_64-linux-gnu/cmake/Boost-1.74.0/BoostConfig.cmake (found suitable version "1.74.0", minimum required is "1.40.0") found components: thread system filesystem program_options regex iostreams date_time 
[3.396s] -- Found Protobuf: /usr/lib/x86_64-linux-gnu/libprotobuf.so (found version "3.12.4") 
[3.411s] -- Looking for ignition-math6 -- found version 6.15.1
[3.425s] -- Searching for dependencies of ignition-math6
[3.425s] -- Looking for OGRE...
[3.425s] -- OGRE_PREFIX_WATCH changed.
[3.434s] -- Checking for module 'OGRE'
[3.475s] --   Found OGRE, version 1.9.0
[3.565s] -- Found Ogre Ghadamon (1.9.0)
[3.589s] -- Found OGRE: optimized;/usr/lib/x86_64-linux-gnu/libOgreMain.so;debug;/usr/lib/x86_64-linux-gnu/libOgreMain.so
[3.619s] -- Looking for OGRE_Paging...
[3.659s] -- Found OGRE_Paging: optimized;/usr/lib/x86_64-linux-gnu/libOgrePaging.so;debug;/usr/lib/x86_64-linux-gnu/libOgrePaging.so
[3.659s] -- Looking for OGRE_Terrain...
[3.680s] -- Found OGRE_Terrain: optimized;/usr/lib/x86_64-linux-gnu/libOgreTerrain.so;debug;/usr/lib/x86_64-linux-gnu/libOgreTerrain.so
[3.680s] -- Looking for OGRE_Property...
[3.691s] -- Found OGRE_Property: optimized;/usr/lib/x86_64-linux-gnu/libOgreProperty.so;debug;/usr/lib/x86_64-linux-gnu/libOgreProperty.so
[3.691s] -- Looking for OGRE_RTShaderSystem...
[3.718s] -- Found OGRE_RTShaderSystem: optimized;/usr/lib/x86_64-linux-gnu/libOgreRTShaderSystem.so;debug;/usr/lib/x86_64-linux-gnu/libOgreRTShaderSystem.so
[3.719s] -- Looking for OGRE_Volume...
[3.732s] -- Found OGRE_Volume: optimized;/usr/lib/x86_64-linux-gnu/libOgreVolume.so;debug;/usr/lib/x86_64-linux-gnu/libOgreVolume.so
[3.732s] -- Looking for OGRE_Overlay...
[3.747s] -- Found OGRE_Overlay: optimized;/usr/lib/x86_64-linux-gnu/libOgreOverlay.so;debug;/usr/lib/x86_64-linux-gnu/libOgreOverlay.so
[4.173s] -- Looking for ignition-math6 -- found version 6.15.1
[4.178s] -- Looking for ignition-transport8 -- found version 8.2.1
[4.179s] -- Searching for dependencies of ignition-transport8
[4.216s] -- Found Protobuf: /usr/lib/x86_64-linux-gnu/libprotobuf.so (found suitable version "3.12.4", minimum required is "3") 
[4.235s] -- Config-file not installed for ZeroMQ -- checking for pkg-config
[4.246s] -- Checking for module 'libzmq >= 4'
[4.279s] --   Found libzmq , version 4.3.4
[4.380s] -- Found ZeroMQ: TRUE (Required is at least version "4") 
[4.397s] -- Checking for module 'uuid'
[4.421s] --   Found uuid, version 2.37.2
[4.499s] -- Found UUID: TRUE  
[4.507s] -- Looking for ignition-msgs5 -- found version 5.8.1
[4.521s] -- Searching for dependencies of ignition-msgs5
[4.569s] -- Looking for ignition-math6 -- found version 6.15.1
[4.578s] -- Checking for module 'tinyxml2'
[4.601s] --   Found tinyxml2, version 9.0.0
[4.657s] -- Looking for ignition-msgs5 -- found version 5.8.1
[4.663s] -- Looking for ignition-common3 -- found version 3.14.0
[4.665s] -- Searching for dependencies of ignition-common3
[4.665s] -- Looking for dlfcn.h - found
[4.668s] -- Looking for libdl - found
[4.673s] -- Found DL: TRUE  
[4.693s] -- Found tinyobjloader: /usr/lib/x86_64-linux-gnu/cmake/tinyobjloader/tinyobjloader-config.cmake (found version "2.0.0") 
[4.694s] -- Searching for <ignition-common3> component [graphics]
[4.699s] -- Looking for ignition-common3-graphics -- found version 3.14.0
[4.700s] -- Searching for dependencies of ignition-common3-graphics
[4.701s] -- Looking for ignition-math6 -- found version 6.15.1
[4.708s] -- Looking for ignition-fuel_tools4 -- found version 4.4.0
[4.708s] -- Searching for dependencies of ignition-fuel_tools4
[4.873s] -- Found CURL: /usr/lib/x86_64-linux-gnu/libcurl.so (found version "7.81.0")  
[4.890s] -- Checking for module 'jsoncpp'
[4.918s] --   Found jsoncpp, version 1.9.5
[5.029s] -- Found JSONCPP: TRUE  
[5.050s] -- Checking for module 'libzip'
[5.098s] --   Found libzip, version 1.7.3
[5.205s] -- Found ZIP: TRUE  
[5.206s] -- Looking for ignition-common3 -- found version 3.14.0
[5.206s] -- Looking for ignition-math6 -- found version 6.15.1
[5.211s] -- Looking for ignition-msgs5 -- found version 5.8.1
[5.223s] -- Gazebo version: 11.10
[5.225s] -- Checking for module 'tbb'
[5.259s] --   Found tbb, version 2021.5.0
[5.378s] -- Found gazebo_ros: 3.7.0 (/opt/ros/humble/share/gazebo_ros/cmake)
[5.574s] -- Found rmw_implementation_cmake: 6.1.2 (/opt/ros/humble/share/rmw_implementation_cmake/cmake)
[5.581s] -- Found rmw_fastrtps_cpp: 6.2.7 (/opt/ros/humble/share/rmw_fastrtps_cpp/cmake)
[5.888s] -- Found OpenSSL: /usr/lib/x86_64-linux-gnu/libcrypto.so (found version "3.0.2")  
[5.986s] -- Found FastRTPS: /opt/ros/humble/include  
[6.150s] -- Using RMW implementation 'rmw_fastrtps_cpp' as default
[6.190s] -- Found Threads: TRUE  
[6.381s] -- Found geometry_msgs: 4.2.4 (/opt/ros/humble/share/geometry_msgs/cmake)
[6.405s] -- Found gazebo_map_creator_interface: 3.5.3 (/home/student/ros2_ws/install/gazebo_map_creator_interface/share/gazebo_map_creator_interface/cmake)
[6.438s] -- Found rclpy: 3.3.14 (/opt/ros/humble/share/rclpy/cmake)
[6.479s] -- Checking for module 'eigen3'
[6.509s] --   Found eigen3, version 3.4.0
[6.600s] -- Found Eigen: /usr/include/eigen3 (Required is at least version "3.1") 
[6.601s] -- Eigen found (include: /usr/include/eigen3, version: 3.4.0)
[6.629s] -- Found Boost: /usr/lib/x86_64-linux-gnu/cmake/Boost-1.74.0/BoostConfig.cmake (found suitable version "1.74.0", minimum required is "1.65.0") found components: system filesystem date_time iostreams serialization 
[6.683s] -- Checking for module 'flann'
[6.718s] --   Found flann, version 1.9.1
[6.849s] -- Found FLANN: /usr/lib/x86_64-linux-gnu/libflann_cpp.so  
[6.850s] -- FLANN found (include: /usr/include, lib: /usr/lib/x86_64-linux-gnu/libflann_cpp.so)
[6.980s] -- Found GLEW: /usr/lib/x86_64-linux-gnu/libGLEW.so  
[6.995s] -- Found OpenGL: /usr/lib/x86_64-linux-gnu/libOpenGL.so  found components: OpenGL GLX 
[7.327s] -- Found MPI_C: /usr/lib/x86_64-linux-gnu/libmpi.so (found version "3.1") 
[7.328s] -- Found MPI: TRUE (found version "3.1") found components: C 
[7.333s] -- Found JsonCpp: /usr/lib/x86_64-linux-gnu/libjsoncpp.so (found suitable version "1.9.5", minimum required is "0.7.0") 
[7.362s] -- Found ZLIB: /usr/lib/x86_64-linux-gnu/libz.so (found version "1.2.11") 
[7.406s] -- Found PNG: /usr/lib/x86_64-linux-gnu/libpng.so (found version "1.6.37") 
[7.422s] -- Found Eigen3: /usr/include/eigen3 (found version "3.4.0") 
[7.643s] -- Found X11: /usr/include   
[7.644s] -- Looking for XOpenDisplay in /usr/lib/x86_64-linux-gnu/libX11.so;/usr/lib/x86_64-linux-gnu/libXext.so
[7.769s] -- Looking for XOpenDisplay in /usr/lib/x86_64-linux-gnu/libX11.so;/usr/lib/x86_64-linux-gnu/libXext.so - found
[7.769s] -- Looking for gethostbyname
[7.891s] -- Looking for gethostbyname - found
[7.892s] -- Looking for connect
[8.012s] -- Looking for connect - found
[8.013s] -- Looking for remove
[8.133s] -- Looking for remove - found
[8.134s] -- Looking for shmat
[8.251s] -- Looking for shmat - found
[8.252s] -- Looking for IceConnectionNumber in ICE
[8.366s] -- Looking for IceConnectionNumber in ICE - found
[8.517s] -- Found EXPAT: /usr/lib/x86_64-linux-gnu/libexpat.so (found version "2.4.7") 
[8.521s] -- Found double-conversion: /usr/lib/x86_64-linux-gnu/libdouble-conversion.so  
[8.525s] -- Found LZ4: /usr/lib/x86_64-linux-gnu/liblz4.so (found version "1.9.3") 
[8.528s] -- Found LZMA: /usr/lib/x86_64-linux-gnu/liblzma.so (found version "5.2.5") 
[8.551s] -- Found JPEG: /usr/lib/x86_64-linux-gnu/libjpeg.so (found version "80") 
[8.563s] -- Found TIFF: /usr/lib/x86_64-linux-gnu/libtiff.so (found version "4.3.0")  
[8.571s] -- Found Freetype: /usr/lib/x86_64-linux-gnu/libfreetype.so (found version "2.11.1") 
[8.577s] -- Found utf8cpp: /usr/include/utf8cpp  
[8.711s] -- Checking for module 'libusb-1.0'
[8.730s] --   Found libusb-1.0, version 1.0.25
[8.787s] -- Found libusb: /usr/lib/x86_64-linux-gnu/libusb-1.0.so  
[8.789s] -- Found OpenNI: /usr/lib/libOpenNI.so;libusb::libusb (found version "1.5.4.0") 
[8.790s] -- OpenNI found (version: 1.5.4.0, include: /usr/include/ni, lib: /usr/lib/libOpenNI.so;libusb::libusb)
[8.893s] -- Found OpenNI2: /usr/lib/x86_64-linux-gnu/libOpenNI2.so;libusb::libusb (found version "2.2.0.33") 
[8.893s] -- OpenNI2 found (version: 2.2.0.33, include: /usr/include/openni2, lib: /usr/lib/x86_64-linux-gnu/libOpenNI2.so;libusb::libusb)
[8.893s] [0m** WARNING ** io features related to pcap will be disabled[0m
[9.179s] -- Eigen found (include: /usr/include/eigen3, version: 3.4.0)
[9.189s] -- OpenNI found (version: 1.5.4.0, include: /usr/include/ni, lib: /usr/lib/libOpenNI.so;libusb::libusb)
[9.199s] -- OpenNI2 found (version: 2.2.0.33, include: /usr/include/openni2, lib: /usr/lib/x86_64-linux-gnu/libOpenNI2.so;libusb::libusb)
[9.465s] -- Found Qhull version 8.0.2
[9.684s] -- OpenNI found (version: 1.5.4.0, include: /usr/include/ni, lib: /usr/lib/libOpenNI.so;libusb::libusb)
[9.855s] -- looking for PCL_COMMON
[9.856s] -- Found PCL_COMMON: /usr/lib/x86_64-linux-gnu/libpcl_common.so  
[9.857s] -- looking for PCL_KDTREE
[9.858s] -- Found PCL_KDTREE: /usr/lib/x86_64-linux-gnu/libpcl_kdtree.so  
[9.858s] -- looking for PCL_OCTREE
[9.859s] -- Found PCL_OCTREE: /usr/lib/x86_64-linux-gnu/libpcl_octree.so  
[9.859s] -- looking for PCL_SEARCH
[9.860s] -- Found PCL_SEARCH: /usr/lib/x86_64-linux-gnu/libpcl_search.so  
[9.860s] -- looking for PCL_SAMPLE_CONSENSUS
[9.861s] -- Found PCL_SAMPLE_CONSENSUS: /usr/lib/x86_64-linux-gnu/libpcl_sample_consensus.so  
[9.861s] -- looking for PCL_FILTERS
[9.862s] -- Found PCL_FILTERS: /usr/lib/x86_64-linux-gnu/libpcl_filters.so  
[9.862s] -- looking for PCL_2D
[9.862s] -- Found PCL_2D: /usr/include/pcl-1.12  
[9.862s] -- looking for PCL_GEOMETRY
[9.863s] -- Found PCL_GEOMETRY: /usr/include/pcl-1.12  
[9.863s] -- looking for PCL_IO
[9.864s] -- Found PCL_IO: /usr/lib/x86_64-linux-gnu/libpcl_io.so  
[9.864s] -- looking for PCL_FEATURES
[9.865s] -- Found PCL_FEATURES: /usr/lib/x86_64-linux-gnu/libpcl_features.so  
[9.865s] -- looking for PCL_ML
[9.866s] -- Found PCL_ML: /usr/lib/x86_64-linux-gnu/libpcl_ml.so  
[9.866s] -- looking for PCL_SEGMENTATION
[9.867s] -- Found PCL_SEGMENTATION: /usr/lib/x86_64-linux-gnu/libpcl_segmentation.so  
[9.867s] -- looking for PCL_VISUALIZATION
[9.868s] -- Found PCL_VISUALIZATION: /usr/lib/x86_64-linux-gnu/libpcl_visualization.so  
[9.869s] -- looking for PCL_SURFACE
[9.870s] -- Found PCL_SURFACE: /usr/lib/x86_64-linux-gnu/libpcl_surface.so  
[9.870s] -- looking for PCL_REGISTRATION
[9.871s] -- Found PCL_REGISTRATION: /usr/lib/x86_64-linux-gnu/libpcl_registration.so  
[9.871s] -- looking for PCL_KEYPOINTS
[9.872s] -- Found PCL_KEYPOINTS: /usr/lib/x86_64-linux-gnu/libpcl_keypoints.so  
[9.872s] -- looking for PCL_TRACKING
[9.873s] -- Found PCL_TRACKING: /usr/lib/x86_64-linux-gnu/libpcl_tracking.so  
[9.874s] -- looking for PCL_RECOGNITION
[9.875s] -- Found PCL_RECOGNITION: /usr/lib/x86_64-linux-gnu/libpcl_recognition.so  
[9.875s] -- looking for PCL_STEREO
[9.876s] -- Found PCL_STEREO: /usr/lib/x86_64-linux-gnu/libpcl_stereo.so  
[9.876s] -- looking for PCL_APPS
[9.877s] -- Found PCL_APPS: /usr/lib/x86_64-linux-gnu/libpcl_apps.so  
[9.878s] -- looking for PCL_IN_HAND_SCANNER
[9.878s] -- Found PCL_IN_HAND_SCANNER: /usr/include/pcl-1.12  
[9.878s] -- looking for PCL_MODELER
[9.879s] -- Found PCL_MODELER: /usr/include/pcl-1.12  
[9.879s] -- looking for PCL_POINT_CLOUD_EDITOR
[9.879s] -- Found PCL_POINT_CLOUD_EDITOR: /usr/include/pcl-1.12  
[9.880s] -- looking for PCL_OUTOFCORE
[9.881s] -- Found PCL_OUTOFCORE: /usr/lib/x86_64-linux-gnu/libpcl_outofcore.so  
[9.881s] -- looking for PCL_PEOPLE
[9.882s] -- Found PCL_PEOPLE: /usr/lib/x86_64-linux-gnu/libpcl_people.so  
[9.883s] -- Found PCL: pcl_common;pcl_kdtree;pcl_octree;pcl_search;pcl_sample_consensus;pcl_filters;pcl_io;pcl_features;pcl_ml;pcl_segmentation;pcl_visualization;pcl_surface;pcl_registration;pcl_keypoints;pcl_tracking;pcl_recognition;pcl_stereo;pcl_apps;pcl_outofcore;pcl_people;Boost::system;Boost::filesystem;Boost::date_time;Boost::iostreams;Boost::serialization;/usr/lib/libOpenNI.so;libusb::libusb;/usr/lib/x86_64-linux-gnu/libOpenNI2.so;libusb::libusb;VTK::ChartsCore;VTK::CommonColor;VTK::CommonComputationalGeometry;VTK::CommonCore;VTK::CommonDataModel;VTK::CommonExecutionModel;VTK::CommonMath;VTK::CommonMisc;VTK::CommonTransforms;VTK::FiltersCore;VTK::FiltersExtraction;VTK::FiltersGeneral;VTK::FiltersGeometry;VTK::FiltersModeling;VTK::FiltersSources;VTK::ImagingCore;VTK::ImagingSources;VTK::InteractionImage;VTK::InteractionStyle;VTK::InteractionWidgets;VTK::IOCore;VTK::IOGeometry;VTK::IOImage;VTK::IOLegacy;VTK::IOPLY;VTK::RenderingAnnotation;VTK::RenderingCore;VTK::RenderingContext2D;VTK::RenderingLOD;VTK::RenderingFreeType;VTK::ViewsCore;VTK::ViewsContext2D;VTK::RenderingOpenGL2;VTK::GUISupportQt;FLANN::FLANN;QHULL::QHULL (Required is at least version "1.2") 
[9.970s] -- Configuring done
[10.025s] -- Generating done
[10.028s] -- Build files have been written to: /home/student/ros2_ws/build/gazebo_map_creator
