[0.014s] Invoking command in '/home/student/ros2_ws/src/build/warehouse_robot_msgs': CMAKE_PREFIX_PATH=${CMAKE_PREFIX_PATH}:/home/student/ros2_ws/install/turtlebot3_teleop:/home/student/ros2_ws/install/turtlebot3_example:/opt/ros/humble /usr/bin/cmake --build /home/student/ros2_ws/src/build/warehouse_robot_msgs -- -j8 -l8
[0.087s] [  3%] Built target warehouse_robot_msgs__cpp
[0.088s] [ 12%] Built target warehouse_robot_msgs__rosidl_generator_c
[0.105s] [ 12%] Built target ament_cmake_python_copy_warehouse_robot_msgs
[0.122s] [ 22%] Built target warehouse_robot_msgs__rosidl_typesupport_cpp
[0.125s] [ 32%] Built target warehouse_robot_msgs__rosidl_typesupport_c
[0.126s] [ 41%] Built target warehouse_robot_msgs__rosidl_typesupport_fastrtps_cpp
[0.128s] [ 51%] Built target warehouse_robot_msgs__rosidl_typesupport_introspection_cpp
[0.130s] [ 61%] Built target warehouse_robot_msgs__rosidl_typesupport_fastrtps_c
[0.131s] [ 70%] Built target warehouse_robot_msgs__rosidl_typesupport_introspection_c
[0.158s] [ 70%] Built target warehouse_robot_msgs
[0.186s] [ 74%] Built target warehouse_robot_msgs__py
[0.213s] [ 80%] Built target warehouse_robot_msgs__rosidl_generator_py
[0.244s] [ 87%] Built target warehouse_robot_msgs__rosidl_typesupport_fastrtps_c__pyext
[0.246s] [ 93%] Built target warehouse_robot_msgs__rosidl_typesupport_c__pyext
[0.246s] [100%] Built target warehouse_robot_msgs__rosidl_typesupport_introspection_c__pyext
[0.412s] running egg_info
[0.413s] writing warehouse_robot_msgs.egg-info/PKG-INFO
[0.413s] writing dependency_links to warehouse_robot_msgs.egg-info/dependency_links.txt
[0.413s] writing top-level names to warehouse_robot_msgs.egg-info/top_level.txt
[0.416s] reading manifest file 'warehouse_robot_msgs.egg-info/SOURCES.txt'
[0.416s] writing manifest file 'warehouse_robot_msgs.egg-info/SOURCES.txt'
[0.450s] [100%] Built target ament_cmake_python_build_warehouse_robot_msgs_egg
[0.463s] Invoked command in '/home/student/ros2_ws/src/build/warehouse_robot_msgs' returned '0': CMAKE_PREFIX_PATH=${CMAKE_PREFIX_PATH}:/home/student/ros2_ws/install/turtlebot3_teleop:/home/student/ros2_ws/install/turtlebot3_example:/opt/ros/humble /usr/bin/cmake --build /home/student/ros2_ws/src/build/warehouse_robot_msgs -- -j8 -l8
[0.567s] Invoking command in '/home/student/ros2_ws/src/build/warehouse_robot_msgs': CMAKE_PREFIX_PATH=${CMAKE_PREFIX_PATH}:/home/student/ros2_ws/install/turtlebot3_teleop:/home/student/ros2_ws/install/turtlebot3_example:/opt/ros/humble /usr/bin/cmake --install /home/student/ros2_ws/src/build/warehouse_robot_msgs
[0.577s] -- Install configuration: ""
[0.577s] -- Up-to-date: /home/student/ros2_ws/src/install/warehouse_robot_msgs/share/ament_index/resource_index/rosidl_interfaces/warehouse_robot_msgs
[0.577s] -- Up-to-date: /home/student/ros2_ws/src/install/warehouse_robot_msgs/include/warehouse_robot_msgs/warehouse_robot_msgs
[0.577s] -- Up-to-date: /home/student/ros2_ws/src/install/warehouse_robot_msgs/include/warehouse_robot_msgs/warehouse_robot_msgs/msg
[0.577s] -- Up-to-date: /home/student/ros2_ws/src/install/warehouse_robot_msgs/include/warehouse_robot_msgs/warehouse_robot_msgs/msg/robot_data.h
[0.578s] -- Up-to-date: /home/student/ros2_ws/src/install/warehouse_robot_msgs/include/warehouse_robot_msgs/warehouse_robot_msgs/msg/rosidl_generator_c__visibility_control.h
[0.578s] -- Up-to-date: /home/student/ros2_ws/src/install/warehouse_robot_msgs/include/warehouse_robot_msgs/warehouse_robot_msgs/msg/detail
[0.578s] -- Up-to-date: /home/student/ros2_ws/src/install/warehouse_robot_msgs/include/warehouse_robot_msgs/warehouse_robot_msgs/msg/detail/robot_data__struct.h
[0.578s] -- Up-to-date: /home/student/ros2_ws/src/install/warehouse_robot_msgs/include/warehouse_robot_msgs/warehouse_robot_msgs/msg/detail/robot_data__functions.c
[0.578s] -- Up-to-date: /home/student/ros2_ws/src/install/warehouse_robot_msgs/include/warehouse_robot_msgs/warehouse_robot_msgs/msg/detail/robot_data__functions.h
[0.578s] -- Up-to-date: /home/student/ros2_ws/src/install/warehouse_robot_msgs/include/warehouse_robot_msgs/warehouse_robot_msgs/msg/detail/robot_data__type_support.h
[0.579s] -- Up-to-date: /home/student/ros2_ws/src/install/warehouse_robot_msgs/share/warehouse_robot_msgs/environment/library_path.sh
[0.579s] -- Up-to-date: /home/student/ros2_ws/src/install/warehouse_robot_msgs/share/warehouse_robot_msgs/environment/library_path.dsv
[0.579s] -- Up-to-date: /home/student/ros2_ws/src/install/warehouse_robot_msgs/lib/libwarehouse_robot_msgs__rosidl_generator_c.so
[0.579s] -- Up-to-date: /home/student/ros2_ws/src/install/warehouse_robot_msgs/include/warehouse_robot_msgs/warehouse_robot_msgs
[0.580s] -- Up-to-date: /home/student/ros2_ws/src/install/warehouse_robot_msgs/include/warehouse_robot_msgs/warehouse_robot_msgs/msg
[0.580s] -- Up-to-date: /home/student/ros2_ws/src/install/warehouse_robot_msgs/include/warehouse_robot_msgs/warehouse_robot_msgs/msg/rosidl_typesupport_fastrtps_c__visibility_control.h
[0.580s] -- Up-to-date: /home/student/ros2_ws/src/install/warehouse_robot_msgs/include/warehouse_robot_msgs/warehouse_robot_msgs/msg/detail
[0.580s] -- Up-to-date: /home/student/ros2_ws/src/install/warehouse_robot_msgs/include/warehouse_robot_msgs/warehouse_robot_msgs/msg/detail/robot_data__rosidl_typesupport_fastrtps_c.h
[0.580s] -- Up-to-date: /home/student/ros2_ws/src/install/warehouse_robot_msgs/lib/libwarehouse_robot_msgs__rosidl_typesupport_fastrtps_c.so
[0.580s] -- Up-to-date: /home/student/ros2_ws/src/install/warehouse_robot_msgs/include/warehouse_robot_msgs/warehouse_robot_msgs
[0.580s] -- Up-to-date: /home/student/ros2_ws/src/install/warehouse_robot_msgs/include/warehouse_robot_msgs/warehouse_robot_msgs/msg
[0.580s] -- Up-to-date: /home/student/ros2_ws/src/install/warehouse_robot_msgs/include/warehouse_robot_msgs/warehouse_robot_msgs/msg/robot_data.hpp
[0.581s] -- Up-to-date: /home/student/ros2_ws/src/install/warehouse_robot_msgs/include/warehouse_robot_msgs/warehouse_robot_msgs/msg/detail
[0.581s] -- Up-to-date: /home/student/ros2_ws/src/install/warehouse_robot_msgs/include/warehouse_robot_msgs/warehouse_robot_msgs/msg/detail/robot_data__builder.hpp
[0.581s] -- Up-to-date: /home/student/ros2_ws/src/install/warehouse_robot_msgs/include/warehouse_robot_msgs/warehouse_robot_msgs/msg/detail/robot_data__struct.hpp
[0.581s] -- Up-to-date: /home/student/ros2_ws/src/install/warehouse_robot_msgs/include/warehouse_robot_msgs/warehouse_robot_msgs/msg/detail/robot_data__traits.hpp
[0.581s] -- Up-to-date: /home/student/ros2_ws/src/install/warehouse_robot_msgs/include/warehouse_robot_msgs/warehouse_robot_msgs
[0.581s] -- Up-to-date: /home/student/ros2_ws/src/install/warehouse_robot_msgs/include/warehouse_robot_msgs/warehouse_robot_msgs/msg
[0.581s] -- Up-to-date: /home/student/ros2_ws/src/install/warehouse_robot_msgs/include/warehouse_robot_msgs/warehouse_robot_msgs/msg/rosidl_typesupport_fastrtps_cpp__visibility_control.h
[0.581s] -- Up-to-date: /home/student/ros2_ws/src/install/warehouse_robot_msgs/include/warehouse_robot_msgs/warehouse_robot_msgs/msg/detail
[0.581s] -- Up-to-date: /home/student/ros2_ws/src/install/warehouse_robot_msgs/include/warehouse_robot_msgs/warehouse_robot_msgs/msg/detail/dds_fastrtps
[0.581s] -- Up-to-date: /home/student/ros2_ws/src/install/warehouse_robot_msgs/include/warehouse_robot_msgs/warehouse_robot_msgs/msg/detail/robot_data__rosidl_typesupport_fastrtps_cpp.hpp
[0.582s] -- Up-to-date: /home/student/ros2_ws/src/install/warehouse_robot_msgs/lib/libwarehouse_robot_msgs__rosidl_typesupport_fastrtps_cpp.so
[0.582s] -- Up-to-date: /home/student/ros2_ws/src/install/warehouse_robot_msgs/include/warehouse_robot_msgs/warehouse_robot_msgs
[0.582s] -- Up-to-date: /home/student/ros2_ws/src/install/warehouse_robot_msgs/include/warehouse_robot_msgs/warehouse_robot_msgs/msg
[0.582s] -- Up-to-date: /home/student/ros2_ws/src/install/warehouse_robot_msgs/include/warehouse_robot_msgs/warehouse_robot_msgs/msg/rosidl_typesupport_introspection_c__visibility_control.h
[0.582s] -- Up-to-date: /home/student/ros2_ws/src/install/warehouse_robot_msgs/include/warehouse_robot_msgs/warehouse_robot_msgs/msg/detail
[0.582s] -- Up-to-date: /home/student/ros2_ws/src/install/warehouse_robot_msgs/include/warehouse_robot_msgs/warehouse_robot_msgs/msg/detail/robot_data__rosidl_typesupport_introspection_c.h
[0.582s] -- Up-to-date: /home/student/ros2_ws/src/install/warehouse_robot_msgs/include/warehouse_robot_msgs/warehouse_robot_msgs/msg/detail/robot_data__type_support.c
[0.583s] -- Up-to-date: /home/student/ros2_ws/src/install/warehouse_robot_msgs/lib/libwarehouse_robot_msgs__rosidl_typesupport_introspection_c.so
[0.583s] -- Up-to-date: /home/student/ros2_ws/src/install/warehouse_robot_msgs/lib/libwarehouse_robot_msgs__rosidl_typesupport_c.so
[0.583s] -- Up-to-date: /home/student/ros2_ws/src/install/warehouse_robot_msgs/include/warehouse_robot_msgs/warehouse_robot_msgs
[0.583s] -- Up-to-date: /home/student/ros2_ws/src/install/warehouse_robot_msgs/include/warehouse_robot_msgs/warehouse_robot_msgs/msg
[0.583s] -- Up-to-date: /home/student/ros2_ws/src/install/warehouse_robot_msgs/include/warehouse_robot_msgs/warehouse_robot_msgs/msg/detail
[0.583s] -- Up-to-date: /home/student/ros2_ws/src/install/warehouse_robot_msgs/include/warehouse_robot_msgs/warehouse_robot_msgs/msg/detail/robot_data__type_support.cpp
[0.583s] -- Up-to-date: /home/student/ros2_ws/src/install/warehouse_robot_msgs/include/warehouse_robot_msgs/warehouse_robot_msgs/msg/detail/robot_data__rosidl_typesupport_introspection_cpp.hpp
[0.583s] -- Up-to-date: /home/student/ros2_ws/src/install/warehouse_robot_msgs/lib/libwarehouse_robot_msgs__rosidl_typesupport_introspection_cpp.so
[0.583s] -- Up-to-date: /home/student/ros2_ws/src/install/warehouse_robot_msgs/lib/libwarehouse_robot_msgs__rosidl_typesupport_cpp.so
[0.583s] -- Up-to-date: /home/student/ros2_ws/src/install/warehouse_robot_msgs/share/warehouse_robot_msgs/environment/pythonpath.sh
[0.583s] -- Up-to-date: /home/student/ros2_ws/src/install/warehouse_robot_msgs/share/warehouse_robot_msgs/environment/pythonpath.dsv
[0.583s] -- Up-to-date: /home/student/ros2_ws/src/install/warehouse_robot_msgs/local/lib/python3.10/dist-packages/warehouse_robot_msgs-0.0.0-py3.10.egg-info
[0.584s] -- Installing: /home/student/ros2_ws/src/install/warehouse_robot_msgs/local/lib/python3.10/dist-packages/warehouse_robot_msgs-0.0.0-py3.10.egg-info/dependency_links.txt
[0.584s] -- Installing: /home/student/ros2_ws/src/install/warehouse_robot_msgs/local/lib/python3.10/dist-packages/warehouse_robot_msgs-0.0.0-py3.10.egg-info/PKG-INFO
[0.584s] -- Installing: /home/student/ros2_ws/src/install/warehouse_robot_msgs/local/lib/python3.10/dist-packages/warehouse_robot_msgs-0.0.0-py3.10.egg-info/top_level.txt
[0.584s] -- Installing: /home/student/ros2_ws/src/install/warehouse_robot_msgs/local/lib/python3.10/dist-packages/warehouse_robot_msgs-0.0.0-py3.10.egg-info/SOURCES.txt
[0.584s] -- Up-to-date: /home/student/ros2_ws/src/install/warehouse_robot_msgs/local/lib/python3.10/dist-packages/warehouse_robot_msgs
[0.584s] -- Up-to-date: /home/student/ros2_ws/src/install/warehouse_robot_msgs/local/lib/python3.10/dist-packages/warehouse_robot_msgs/msg
[0.584s] -- Up-to-date: /home/student/ros2_ws/src/install/warehouse_robot_msgs/local/lib/python3.10/dist-packages/warehouse_robot_msgs/msg/_robot_data.py
[0.584s] -- Up-to-date: /home/student/ros2_ws/src/install/warehouse_robot_msgs/local/lib/python3.10/dist-packages/warehouse_robot_msgs/msg/__init__.py
[0.584s] -- Up-to-date: /home/student/ros2_ws/src/install/warehouse_robot_msgs/local/lib/python3.10/dist-packages/warehouse_robot_msgs/msg/_robot_data_s.c
[0.584s] -- Up-to-date: /home/student/ros2_ws/src/install/warehouse_robot_msgs/local/lib/python3.10/dist-packages/warehouse_robot_msgs/_warehouse_robot_msgs_s.ep.rosidl_typesupport_c.c
[0.584s] -- Up-to-date: /home/student/ros2_ws/src/install/warehouse_robot_msgs/local/lib/python3.10/dist-packages/warehouse_robot_msgs/__init__.py
[0.584s] -- Up-to-date: /home/student/ros2_ws/src/install/warehouse_robot_msgs/local/lib/python3.10/dist-packages/warehouse_robot_msgs/warehouse_robot_msgs_s__rosidl_typesupport_introspection_c.cpython-310-x86_64-linux-gnu.so
[0.584s] -- Up-to-date: /home/student/ros2_ws/src/install/warehouse_robot_msgs/local/lib/python3.10/dist-packages/warehouse_robot_msgs/warehouse_robot_msgs_s__rosidl_typesupport_c.cpython-310-x86_64-linux-gnu.so
[0.584s] -- Up-to-date: /home/student/ros2_ws/src/install/warehouse_robot_msgs/local/lib/python3.10/dist-packages/warehouse_robot_msgs/_warehouse_robot_msgs_s.ep.rosidl_typesupport_introspection_c.c
[0.584s] -- Up-to-date: /home/student/ros2_ws/src/install/warehouse_robot_msgs/local/lib/python3.10/dist-packages/warehouse_robot_msgs/warehouse_robot_msgs_s__rosidl_typesupport_fastrtps_c.cpython-310-x86_64-linux-gnu.so
[0.584s] -- Up-to-date: /home/student/ros2_ws/src/install/warehouse_robot_msgs/local/lib/python3.10/dist-packages/warehouse_robot_msgs/libwarehouse_robot_msgs__rosidl_generator_py.so
[0.585s] -- Up-to-date: /home/student/ros2_ws/src/install/warehouse_robot_msgs/local/lib/python3.10/dist-packages/warehouse_robot_msgs/_warehouse_robot_msgs_s.ep.rosidl_typesupport_fastrtps_c.c
[0.620s] Listing '/home/student/ros2_ws/src/install/warehouse_robot_msgs/local/lib/python3.10/dist-packages/warehouse_robot_msgs'...
[0.620s] Listing '/home/student/ros2_ws/src/install/warehouse_robot_msgs/local/lib/python3.10/dist-packages/warehouse_robot_msgs/msg'...
[0.624s] -- Up-to-date: /home/student/ros2_ws/src/install/warehouse_robot_msgs/local/lib/python3.10/dist-packages/warehouse_robot_msgs/warehouse_robot_msgs_s__rosidl_typesupport_fastrtps_c.cpython-310-x86_64-linux-gnu.so
[0.624s] -- Up-to-date: /home/student/ros2_ws/src/install/warehouse_robot_msgs/local/lib/python3.10/dist-packages/warehouse_robot_msgs/warehouse_robot_msgs_s__rosidl_typesupport_introspection_c.cpython-310-x86_64-linux-gnu.so
[0.624s] -- Up-to-date: /home/student/ros2_ws/src/install/warehouse_robot_msgs/local/lib/python3.10/dist-packages/warehouse_robot_msgs/warehouse_robot_msgs_s__rosidl_typesupport_c.cpython-310-x86_64-linux-gnu.so
[0.625s] -- Up-to-date: /home/student/ros2_ws/src/install/warehouse_robot_msgs/lib/libwarehouse_robot_msgs__rosidl_generator_py.so
[0.625s] -- Up-to-date: /home/student/ros2_ws/src/install/warehouse_robot_msgs/share/warehouse_robot_msgs/msg/RobotData.idl
[0.625s] -- Up-to-date: /home/student/ros2_ws/src/install/warehouse_robot_msgs/share/warehouse_robot_msgs/msg/RobotData.msg
[0.625s] -- Up-to-date: /home/student/ros2_ws/src/install/warehouse_robot_msgs/share/ament_index/resource_index/package_run_dependencies/warehouse_robot_msgs
[0.625s] -- Up-to-date: /home/student/ros2_ws/src/install/warehouse_robot_msgs/share/ament_index/resource_index/parent_prefix_path/warehouse_robot_msgs
[0.626s] -- Up-to-date: /home/student/ros2_ws/src/install/warehouse_robot_msgs/share/warehouse_robot_msgs/environment/ament_prefix_path.sh
[0.626s] -- Up-to-date: /home/student/ros2_ws/src/install/warehouse_robot_msgs/share/warehouse_robot_msgs/environment/ament_prefix_path.dsv
[0.626s] -- Up-to-date: /home/student/ros2_ws/src/install/warehouse_robot_msgs/share/warehouse_robot_msgs/environment/path.sh
[0.626s] -- Up-to-date: /home/student/ros2_ws/src/install/warehouse_robot_msgs/share/warehouse_robot_msgs/environment/path.dsv
[0.626s] -- Up-to-date: /home/student/ros2_ws/src/install/warehouse_robot_msgs/share/warehouse_robot_msgs/local_setup.bash
[0.626s] -- Up-to-date: /home/student/ros2_ws/src/install/warehouse_robot_msgs/share/warehouse_robot_msgs/local_setup.sh
[0.627s] -- Up-to-date: /home/student/ros2_ws/src/install/warehouse_robot_msgs/share/warehouse_robot_msgs/local_setup.zsh
[0.627s] -- Up-to-date: /home/student/ros2_ws/src/install/warehouse_robot_msgs/share/warehouse_robot_msgs/local_setup.dsv
[0.627s] -- Installing: /home/student/ros2_ws/src/install/warehouse_robot_msgs/share/warehouse_robot_msgs/package.dsv
[0.627s] -- Up-to-date: /home/student/ros2_ws/src/install/warehouse_robot_msgs/share/ament_index/resource_index/packages/warehouse_robot_msgs
[0.628s] -- Up-to-date: /home/student/ros2_ws/src/install/warehouse_robot_msgs/share/warehouse_robot_msgs/cmake/export_warehouse_robot_msgs__rosidl_generator_cExport.cmake
[0.628s] -- Up-to-date: /home/student/ros2_ws/src/install/warehouse_robot_msgs/share/warehouse_robot_msgs/cmake/export_warehouse_robot_msgs__rosidl_generator_cExport-noconfig.cmake
[0.628s] -- Up-to-date: /home/student/ros2_ws/src/install/warehouse_robot_msgs/share/warehouse_robot_msgs/cmake/export_warehouse_robot_msgs__rosidl_typesupport_fastrtps_cExport.cmake
[0.628s] -- Up-to-date: /home/student/ros2_ws/src/install/warehouse_robot_msgs/share/warehouse_robot_msgs/cmake/export_warehouse_robot_msgs__rosidl_typesupport_fastrtps_cExport-noconfig.cmake
[0.629s] -- Up-to-date: /home/student/ros2_ws/src/install/warehouse_robot_msgs/share/warehouse_robot_msgs/cmake/export_warehouse_robot_msgs__rosidl_generator_cppExport.cmake
[0.629s] -- Up-to-date: /home/student/ros2_ws/src/install/warehouse_robot_msgs/share/warehouse_robot_msgs/cmake/export_warehouse_robot_msgs__rosidl_typesupport_fastrtps_cppExport.cmake
[0.629s] -- Up-to-date: /home/student/ros2_ws/src/install/warehouse_robot_msgs/share/warehouse_robot_msgs/cmake/export_warehouse_robot_msgs__rosidl_typesupport_fastrtps_cppExport-noconfig.cmake
[0.629s] -- Up-to-date: /home/student/ros2_ws/src/install/warehouse_robot_msgs/share/warehouse_robot_msgs/cmake/warehouse_robot_msgs__rosidl_typesupport_introspection_cExport.cmake
[0.629s] -- Up-to-date: /home/student/ros2_ws/src/install/warehouse_robot_msgs/share/warehouse_robot_msgs/cmake/warehouse_robot_msgs__rosidl_typesupport_introspection_cExport-noconfig.cmake
[0.629s] -- Up-to-date: /home/student/ros2_ws/src/install/warehouse_robot_msgs/share/warehouse_robot_msgs/cmake/warehouse_robot_msgs__rosidl_typesupport_cExport.cmake
[0.629s] -- Up-to-date: /home/student/ros2_ws/src/install/warehouse_robot_msgs/share/warehouse_robot_msgs/cmake/warehouse_robot_msgs__rosidl_typesupport_cExport-noconfig.cmake
[0.630s] -- Up-to-date: /home/student/ros2_ws/src/install/warehouse_robot_msgs/share/warehouse_robot_msgs/cmake/warehouse_robot_msgs__rosidl_typesupport_introspection_cppExport.cmake
[0.630s] -- Up-to-date: /home/student/ros2_ws/src/install/warehouse_robot_msgs/share/warehouse_robot_msgs/cmake/warehouse_robot_msgs__rosidl_typesupport_introspection_cppExport-noconfig.cmake
[0.630s] -- Up-to-date: /home/student/ros2_ws/src/install/warehouse_robot_msgs/share/warehouse_robot_msgs/cmake/warehouse_robot_msgs__rosidl_typesupport_cppExport.cmake
[0.630s] -- Up-to-date: /home/student/ros2_ws/src/install/warehouse_robot_msgs/share/warehouse_robot_msgs/cmake/warehouse_robot_msgs__rosidl_typesupport_cppExport-noconfig.cmake
[0.630s] -- Up-to-date: /home/student/ros2_ws/src/install/warehouse_robot_msgs/share/warehouse_robot_msgs/cmake/export_warehouse_robot_msgs__rosidl_generator_pyExport.cmake
[0.630s] -- Up-to-date: /home/student/ros2_ws/src/install/warehouse_robot_msgs/share/warehouse_robot_msgs/cmake/export_warehouse_robot_msgs__rosidl_generator_pyExport-noconfig.cmake
[0.630s] -- Up-to-date: /home/student/ros2_ws/src/install/warehouse_robot_msgs/share/warehouse_robot_msgs/cmake/rosidl_cmake-extras.cmake
[0.630s] -- Up-to-date: /home/student/ros2_ws/src/install/warehouse_robot_msgs/share/warehouse_robot_msgs/cmake/ament_cmake_export_dependencies-extras.cmake
[0.631s] -- Up-to-date: /home/student/ros2_ws/src/install/warehouse_robot_msgs/share/warehouse_robot_msgs/cmake/ament_cmake_export_include_directories-extras.cmake
[0.631s] -- Up-to-date: /home/student/ros2_ws/src/install/warehouse_robot_msgs/share/warehouse_robot_msgs/cmake/ament_cmake_export_libraries-extras.cmake
[0.631s] -- Up-to-date: /home/student/ros2_ws/src/install/warehouse_robot_msgs/share/warehouse_robot_msgs/cmake/ament_cmake_export_targets-extras.cmake
[0.631s] -- Up-to-date: /home/student/ros2_ws/src/install/warehouse_robot_msgs/share/warehouse_robot_msgs/cmake/rosidl_cmake_export_typesupport_targets-extras.cmake
[0.631s] -- Up-to-date: /home/student/ros2_ws/src/install/warehouse_robot_msgs/share/warehouse_robot_msgs/cmake/rosidl_cmake_export_typesupport_libraries-extras.cmake
[0.631s] -- Up-to-date: /home/student/ros2_ws/src/install/warehouse_robot_msgs/share/warehouse_robot_msgs/cmake/warehouse_robot_msgsConfig.cmake
[0.631s] -- Up-to-date: /home/student/ros2_ws/src/install/warehouse_robot_msgs/share/warehouse_robot_msgs/cmake/warehouse_robot_msgsConfig-version.cmake
[0.631s] -- Up-to-date: /home/student/ros2_ws/src/install/warehouse_robot_msgs/share/warehouse_robot_msgs/package.xml
[0.633s] Invoked command in '/home/student/ros2_ws/src/build/warehouse_robot_msgs' returned '0': CMAKE_PREFIX_PATH=${CMAKE_PREFIX_PATH}:/home/student/ros2_ws/install/turtlebot3_teleop:/home/student/ros2_ws/install/turtlebot3_example:/opt/ros/humble /usr/bin/cmake --install /home/student/ros2_ws/src/build/warehouse_robot_msgs
