[0.012s] Invoking command in '/home/student/ros2_ws/build/my_custom_launch': CMAKE_PREFIX_PATH=${CMAKE_PREFIX_PATH}:/home/student/ros2_ws/install/turtlebot3_teleop:/home/student/ros2_ws/install/turtlebot3_example:/home/student/ros2_ws/install/rtabmap_python:/opt/ros/humble /usr/bin/cmake /home/student/ros2_ws/src/my_custom_launch -DCMAKE_INSTALL_PREFIX=/home/student/ros2_ws/install/my_custom_launch
[0.619s] -- The C compiler identification is GNU 11.4.0
[0.952s] -- The CXX compiler identification is GNU 11.4.0
[0.965s] -- Detecting C compiler ABI info
[1.085s] -- Detecting C compiler ABI info - done
[1.092s] -- Check for working C compiler: /usr/bin/cc - skipped
[1.093s] -- Detecting C compile features
[1.096s] -- Detecting C compile features - done
[1.103s] -- Detecting CXX compiler ABI info
[1.229s] -- Detecting CXX compiler ABI info - done
[1.238s] -- Check for working CXX compiler: /usr/bin/c++ - skipped
[1.239s] -- Detecting CXX compile features
[1.239s] -- Detecting CXX compile features - done
[1.260s] -- Found ament_cmake: 1.3.10 (/opt/ros/humble/share/ament_cmake/cmake)
[1.438s] -- Found Python3: /usr/bin/python3 (found version "3.10.12") found components: Interpreter 
[1.559s] [31mCMake Error at CMakeLists.txt:10 (find_package):
[1.559s]   By not providing "Findlaunch.cmake" in CMAKE_MODULE_PATH this project has
[1.559s]   asked CMake to find a package configuration file provided by "launch", but
[1.559s]   CMake did not find one.
[1.559s] 
[1.560s]   Could not find a package configuration file provided by "launch" with any
[1.560s]   of the following names:
[1.560s] 
[1.560s]     launchConfig.cmake
[1.560s]     launch-config.cmake
[1.560s] 
[1.560s]   Add the installation prefix of "launch" to CMAKE_PREFIX_PATH or set
[1.560s]   "launch_DIR" to a directory containing one of the above files.  If "launch"
[1.560s]   provides a separate development package or SDK, be sure it has been
[1.560s]   installed.
[1.560s] 
[1.561s] [0m
[1.561s] -- Configuring incomplete, errors occurred!
[1.561s] See also "/home/student/ros2_ws/build/my_custom_launch/CMakeFiles/CMakeOutput.log".
[1.565s] Invoked command in '/home/student/ros2_ws/build/my_custom_launch' returned '1': CMAKE_PREFIX_PATH=${CMAKE_PREFIX_PATH}:/home/student/ros2_ws/install/turtlebot3_teleop:/home/student/ros2_ws/install/turtlebot3_example:/home/student/ros2_ws/install/rtabmap_python:/opt/ros/humble /usr/bin/cmake /home/student/ros2_ws/src/my_custom_launch -DCMAKE_INSTALL_PREFIX=/home/student/ros2_ws/install/my_custom_launch
