[0.347s] Invoking command in '/home/student/ros2_ws/build/apriltag_ros': CMAKE_PREFIX_PATH=${CMAKE_PREFIX_PATH}:/home/student/ros2_ws/install/turtlebot3_teleop:/home/student/ros2_ws/install/turtlebot3_example:/opt/ros/humble /usr/bin/cmake --build /home/student/ros2_ws/build/apriltag_ros -- -j8 -l8
[0.430s] [ 20%] Built target tags
[0.480s] [ 40%] Built target apriltag_node
[0.516s] [ 60%] Built target conversion
[0.559s] [ 80%] Built target pose_estimation
[0.607s] [100%] Built target AprilTagNode
[0.625s] Invoked command in '/home/student/ros2_ws/build/apriltag_ros' returned '0': CMAKE_PREFIX_PATH=${CMAKE_PREFIX_PATH}:/home/student/ros2_ws/install/turtlebot3_teleop:/home/student/ros2_ws/install/turtlebot3_example:/opt/ros/humble /usr/bin/cmake --build /home/student/ros2_ws/build/apriltag_ros -- -j8 -l8
[0.694s] Invoking command in '/home/student/ros2_ws/build/apriltag_ros': CMAKE_PREFIX_PATH=${CMAKE_PREFIX_PATH}:/home/student/ros2_ws/install/turtlebot3_teleop:/home/student/ros2_ws/install/turtlebot3_example:/opt/ros/humble /usr/bin/cmake --install /home/student/ros2_ws/build/apriltag_ros
[0.705s] -- Install configuration: ""
[0.706s] -- Execute custom install script
[0.709s] -- Up-to-date symlink: /home/student/ros2_ws/install/apriltag_ros/lib/apriltag_ros/apriltag_node
[0.710s] -- Up-to-date symlink: /home/student/ros2_ws/install/apriltag_ros/share/apriltag_ros/environment/library_path.sh
[0.710s] -- Up-to-date symlink: /home/student/ros2_ws/install/apriltag_ros/share/apriltag_ros/environment/library_path.dsv
[0.711s] -- Up-to-date symlink: /home/student/ros2_ws/install/apriltag_ros/lib/libAprilTagNode.so
[0.711s] -- Up-to-date symlink: /home/student/ros2_ws/install/apriltag_ros/share/apriltag_ros/cfg/tags_36h11.yaml
[0.711s] -- Up-to-date symlink: /home/student/ros2_ws/install/apriltag_ros/share/apriltag_ros/launch/v4l2_36h11.launch.yml
[0.711s] -- Up-to-date symlink: /home/student/ros2_ws/install/apriltag_ros/share/ament_index/resource_index/package_run_dependencies/apriltag_ros
[0.711s] -- Up-to-date symlink: /home/student/ros2_ws/install/apriltag_ros/share/ament_index/resource_index/parent_prefix_path/apriltag_ros
[0.711s] -- Up-to-date symlink: /home/student/ros2_ws/install/apriltag_ros/share/apriltag_ros/environment/ament_prefix_path.sh
[0.711s] -- Up-to-date symlink: /home/student/ros2_ws/install/apriltag_ros/share/apriltag_ros/environment/ament_prefix_path.dsv
[0.711s] -- Up-to-date symlink: /home/student/ros2_ws/install/apriltag_ros/share/apriltag_ros/environment/path.sh
[0.711s] -- Up-to-date symlink: /home/student/ros2_ws/install/apriltag_ros/share/apriltag_ros/environment/path.dsv
[0.712s] -- Up-to-date symlink: /home/student/ros2_ws/install/apriltag_ros/share/apriltag_ros/local_setup.bash
[0.712s] -- Up-to-date symlink: /home/student/ros2_ws/install/apriltag_ros/share/apriltag_ros/local_setup.sh
[0.712s] -- Up-to-date symlink: /home/student/ros2_ws/install/apriltag_ros/share/apriltag_ros/local_setup.zsh
[0.712s] -- Up-to-date symlink: /home/student/ros2_ws/install/apriltag_ros/share/apriltag_ros/local_setup.dsv
[0.712s] -- Symlinking: /home/student/ros2_ws/install/apriltag_ros/share/apriltag_ros/package.dsv
[0.726s] -- Up-to-date symlink: /home/student/ros2_ws/install/apriltag_ros/share/ament_index/resource_index/packages/apriltag_ros
[0.726s] -- Up-to-date symlink: /home/student/ros2_ws/install/apriltag_ros/share/ament_index/resource_index/rclcpp_components/apriltag_ros
[0.726s] -- Up-to-date symlink: /home/student/ros2_ws/install/apriltag_ros/share/apriltag_ros/cmake/apriltag_rosConfig.cmake
[0.727s] -- Up-to-date symlink: /home/student/ros2_ws/install/apriltag_ros/share/apriltag_ros/cmake/apriltag_rosConfig-version.cmake
[0.727s] -- Up-to-date symlink: /home/student/ros2_ws/install/apriltag_ros/share/apriltag_ros/package.xml
[0.729s] Invoked command in '/home/student/ros2_ws/build/apriltag_ros' returned '0': CMAKE_PREFIX_PATH=${CMAKE_PREFIX_PATH}:/home/student/ros2_ws/install/turtlebot3_teleop:/home/student/ros2_ws/install/turtlebot3_example:/opt/ros/humble /usr/bin/cmake --install /home/student/ros2_ws/build/apriltag_ros
