[1.326s] Invoking command in '/home/student/ros2_ws/src/turtlebot3/turtlebot3_teleop': PYTHONPATH=/home/student/ros2_ws/src/build/turtlebot3_teleop/prefix_override:/usr/lib/python3/dist-packages/colcon_core/task/python/colcon_distutils_commands:/home/student/ros2_ws/src/install/turtlebot3_teleop/lib/python3.10/site-packages:${PYTHONPATH} /usr/bin/python3 -W ignore:setup.py install is deprecated setup.py egg_info --egg-base ../../build/turtlebot3_teleop build --build-base /home/student/ros2_ws/src/build/turtlebot3_teleop/build install --record /home/student/ros2_ws/src/build/turtlebot3_teleop/install.log --single-version-externally-managed install_data
[1.976s] running egg_info
[1.976s] writing ../../build/turtlebot3_teleop/turtlebot3_teleop.egg-info/PKG-INFO
[1.976s] writing dependency_links to ../../build/turtlebot3_teleop/turtlebot3_teleop.egg-info/dependency_links.txt
[1.977s] writing entry points to ../../build/turtlebot3_teleop/turtlebot3_teleop.egg-info/entry_points.txt
[1.977s] writing requirements to ../../build/turtlebot3_teleop/turtlebot3_teleop.egg-info/requires.txt
[1.977s] writing top-level names to ../../build/turtlebot3_teleop/turtlebot3_teleop.egg-info/top_level.txt
[1.977s] reading manifest file '../../build/turtlebot3_teleop/turtlebot3_teleop.egg-info/SOURCES.txt'
[1.977s] writing manifest file '../../build/turtlebot3_teleop/turtlebot3_teleop.egg-info/SOURCES.txt'
[1.977s] running build
[1.977s] running build_py
[1.977s] running install
[1.977s] running install_lib
[1.978s] running install_data
[1.978s] running install_egg_info
[1.978s] removing '/home/student/ros2_ws/src/install/turtlebot3_teleop/lib/python3.10/site-packages/turtlebot3_teleop-2.1.5-py3.10.egg-info' (and everything under it)
[1.978s] Copying ../../build/turtlebot3_teleop/turtlebot3_teleop.egg-info to /home/student/ros2_ws/src/install/turtlebot3_teleop/lib/python3.10/site-packages/turtlebot3_teleop-2.1.5-py3.10.egg-info
[1.978s] running install_scripts
[2.009s] Installing teleop_keyboard script to /home/student/ros2_ws/src/install/turtlebot3_teleop/lib/turtlebot3_teleop
[2.011s] writing list of installed files to '/home/student/ros2_ws/src/build/turtlebot3_teleop/install.log'
