[0.035s] Invoking command in '/home/student/ros2_ws/src/build/turtlebot3_gazebo': CMAKE_PREFIX_PATH=${CMAKE_PREFIX_PATH}:/home/student/ros2_ws/install/turtlebot3_teleop:/home/student/ros2_ws/install/turtlebot3_example:/opt/ros/humble /usr/bin/cmake /home/student/ros2_ws/src/turtlebot3_simulations/turtlebot3_gazebo -DCMAKE_INSTALL_PREFIX=/home/student/ros2_ws/src/install/turtlebot3_gazebo
[1.102s] -- The C compiler identification is GNU 11.4.0
[1.102s] -- The CXX compiler identification is GNU 11.4.0
[1.102s] -- Detecting C compiler ABI info
[1.102s] -- Detecting C compiler ABI info - done
[1.103s] -- Check for working C compiler: /usr/bin/cc - skipped
[1.103s] -- Detecting C compile features
[1.106s] -- Detecting C compile features - done
[1.108s] -- Detecting CXX compiler ABI info
[1.108s] -- Detecting CXX compiler ABI info - done
[1.108s] -- Check for working CXX compiler: /usr/bin/c++ - skipped
[1.108s] -- Detecting CXX compile features
[1.108s] -- Detecting CXX compile features - done
[1.108s] -- Found ament_cmake: 1.3.10 (/opt/ros/humble/share/ament_cmake/cmake)
[1.108s] -- Found Python3: /usr/bin/python3 (found version "3.10.12") found components: Interpreter 
[1.109s] -- Found PkgConfig: /usr/bin/pkg-config (found version "0.29.2") 
[1.109s] -- Checking for module 'bullet>=2.82'
[1.110s] [33mCMake Warning (dev) at /usr/share/cmake-3.22/Modules/FindPackageHandleStandardArgs.cmake:438 (message):
[1.110s]   The package name passed to `find_package_handle_standard_args` (PkgConfig)
[1.110s]   does not match the name of the calling package (gazebo).  This can lead to
[1.110s]   problems in calling code that expects `find_package` result variables
[1.110s]   (e.g., `_FOUND`) to follow a certain pattern.
[1.110s] Call Stack (most recent call first):
[1.110s]   /usr/share/cmake-3.22/Modules/FindPkgConfig.cmake:99 (find_package_handle_standard_args)
[1.110s]   /usr/lib/x86_64-linux-gnu/cmake/gazebo/gazebo-config.cmake:72 (include)
[1.110s]   CMakeLists.txt:23 (find_package)
[1.111s] This warning is for project developers.  Use -Wno-dev to suppress it.
[1.111s] [0m
[1.119s] --   Found bullet, version 3.05
[1.487s] -- Found fcl: /usr/include (found suitable version "0.7.0", minimum required is "0.5.0") 
[1.669s] -- Found assimp: /usr/include (found version "5.2.0") 
[1.889s] -- Found DART: /usr/include (Required is at least version "6.6") found components: dart 
[2.268s] -- Found Boost: /usr/lib/x86_64-linux-gnu/cmake/Boost-1.74.0/BoostConfig.cmake (found suitable version "1.74.0", minimum required is "1.40.0") found components: thread system filesystem program_options regex iostreams date_time 
[2.392s] -- Found Protobuf: /usr/lib/x86_64-linux-gnu/libprotobuf.so (found version "3.12.4") 
[2.425s] -- Looking for ignition-math6 -- found version 6.15.1
[2.470s] -- Searching for dependencies of ignition-math6
[2.479s] -- Looking for OGRE...
[2.479s] -- OGRE_PREFIX_WATCH changed.
[2.485s] -- Checking for module 'OGRE'
[2.509s] --   Found OGRE, version 1.9.0
[2.580s] -- Found Ogre Ghadamon (1.9.0)
[2.604s] -- Found OGRE: optimized;/usr/lib/x86_64-linux-gnu/libOgreMain.so;debug;/usr/lib/x86_64-linux-gnu/libOgreMain.so
[2.623s] -- Looking for OGRE_Paging...
[2.639s] -- Found OGRE_Paging: optimized;/usr/lib/x86_64-linux-gnu/libOgrePaging.so;debug;/usr/lib/x86_64-linux-gnu/libOgrePaging.so
[2.639s] -- Looking for OGRE_Terrain...
[2.654s] -- Found OGRE_Terrain: optimized;/usr/lib/x86_64-linux-gnu/libOgreTerrain.so;debug;/usr/lib/x86_64-linux-gnu/libOgreTerrain.so
[2.654s] -- Looking for OGRE_Property...
[2.674s] -- Found OGRE_Property: optimized;/usr/lib/x86_64-linux-gnu/libOgreProperty.so;debug;/usr/lib/x86_64-linux-gnu/libOgreProperty.so
[2.674s] -- Looking for OGRE_RTShaderSystem...
[2.689s] -- Found OGRE_RTShaderSystem: optimized;/usr/lib/x86_64-linux-gnu/libOgreRTShaderSystem.so;debug;/usr/lib/x86_64-linux-gnu/libOgreRTShaderSystem.so
[2.689s] -- Looking for OGRE_Volume...
[2.702s] -- Found OGRE_Volume: optimized;/usr/lib/x86_64-linux-gnu/libOgreVolume.so;debug;/usr/lib/x86_64-linux-gnu/libOgreVolume.so
[2.703s] -- Looking for OGRE_Overlay...
[2.717s] -- Found OGRE_Overlay: optimized;/usr/lib/x86_64-linux-gnu/libOgreOverlay.so;debug;/usr/lib/x86_64-linux-gnu/libOgreOverlay.so
[3.022s] -- Looking for ignition-math6 -- found version 6.15.1
[3.039s] -- Looking for ignition-transport8 -- found version 8.2.1
[3.039s] -- Searching for dependencies of ignition-transport8
[3.081s] -- Found Protobuf: /usr/lib/x86_64-linux-gnu/libprotobuf.so (found suitable version "3.12.4", minimum required is "3") 
[3.103s] -- Config-file not installed for ZeroMQ -- checking for pkg-config
[3.113s] -- Checking for module 'libzmq >= 4'
[3.179s] --   Found libzmq , version 4.3.4
[3.265s] -- Found ZeroMQ: TRUE (Required is at least version "4") 
[3.284s] -- Checking for module 'uuid'
[3.324s] --   Found uuid, version 2.37.2
[3.415s] -- Found UUID: TRUE  
[3.439s] -- Looking for ignition-msgs5 -- found version 5.8.1
[3.439s] -- Searching for dependencies of ignition-msgs5
[3.475s] -- Looking for ignition-math6 -- found version 6.15.1
[3.491s] -- Checking for module 'tinyxml2'
[3.540s] --   Found tinyxml2, version 9.0.0
[3.670s] -- Looking for ignition-msgs5 -- found version 5.8.1
[3.707s] -- Looking for ignition-common3 -- found version 3.14.0
[3.708s] -- Searching for dependencies of ignition-common3
[3.716s] -- Looking for dlfcn.h - found
[3.716s] -- Looking for libdl - found
[3.723s] -- Found DL: TRUE  
[3.787s] -- Found tinyobjloader: /usr/lib/x86_64-linux-gnu/cmake/tinyobjloader/tinyobjloader-config.cmake (found version "2.0.0") 
[3.791s] -- Searching for <ignition-common3> component [graphics]
[3.818s] -- Looking for ignition-common3-graphics -- found version 3.14.0
[3.818s] -- Searching for dependencies of ignition-common3-graphics
[3.819s] -- Looking for ignition-math6 -- found version 6.15.1
[3.846s] -- Looking for ignition-fuel_tools4 -- found version 4.4.0
[3.850s] -- Searching for dependencies of ignition-fuel_tools4
[4.117s] -- Found CURL: /usr/lib/x86_64-linux-gnu/libcurl.so (found version "7.81.0")  
[4.172s] -- Checking for module 'jsoncpp'
[4.219s] --   Found jsoncpp, version 1.9.5
[4.303s] -- Found JSONCPP: TRUE  
[4.330s] -- Checking for module 'libzip'
[4.375s] --   Found libzip, version 1.7.3
[4.468s] -- Found ZIP: TRUE  
[4.468s] -- Looking for ignition-common3 -- found version 3.14.0
[4.468s] -- Looking for ignition-math6 -- found version 6.15.1
[4.473s] -- Looking for ignition-msgs5 -- found version 5.8.1
[4.514s] -- Found gazebo_ros_pkgs: 3.7.0 (/opt/ros/humble/share/gazebo_ros_pkgs/cmake)
[4.533s] -- Found geometry_msgs: 4.2.4 (/opt/ros/humble/share/geometry_msgs/cmake)
[4.761s] -- Found rosidl_generator_c: 3.1.5 (/opt/ros/humble/share/rosidl_generator_c/cmake)
[4.806s] -- Found rosidl_adapter: 3.1.5 (/opt/ros/humble/share/rosidl_adapter/cmake)
[4.850s] -- Found rosidl_generator_cpp: 3.1.5 (/opt/ros/humble/share/rosidl_generator_cpp/cmake)
[4.923s] -- Using all available rosidl_typesupport_c: rosidl_typesupport_fastrtps_c;rosidl_typesupport_introspection_c
[5.036s] -- Using all available rosidl_typesupport_cpp: rosidl_typesupport_fastrtps_cpp;rosidl_typesupport_introspection_cpp
[5.267s] -- Found nav_msgs: 4.2.4 (/opt/ros/humble/share/nav_msgs/cmake)
[5.323s] -- Found rclcpp: 16.0.10 (/opt/ros/humble/share/rclcpp/cmake)
[5.489s] -- Found rmw_implementation_cmake: 6.1.2 (/opt/ros/humble/share/rmw_implementation_cmake/cmake)
[5.493s] -- Found rmw_fastrtps_cpp: 6.2.7 (/opt/ros/humble/share/rmw_fastrtps_cpp/cmake)
[5.891s] -- Found OpenSSL: /usr/lib/x86_64-linux-gnu/libcrypto.so (found version "3.0.2")  
[6.012s] -- Found FastRTPS: /opt/ros/humble/include  
[6.163s] -- Using RMW implementation 'rmw_fastrtps_cpp' as default
[6.194s] -- Found Threads: TRUE  
[6.401s] -- Found sensor_msgs: 4.2.4 (/opt/ros/humble/share/sensor_msgs/cmake)
[6.497s] -- Found tf2: 0.25.8 (/opt/ros/humble/share/tf2/cmake)
[6.836s] -- Configuring done
[7.229s] -- Generating done
[7.235s] -- Build files have been written to: /home/student/ros2_ws/src/build/turtlebot3_gazebo
