[0.052s] Invoking command in '/home/student/ros2_ws/build/warehouse_robot_msgs': CMAKE_PREFIX_PATH=${CMAKE_PREFIX_PATH}:/home/student/ros2_ws/install/turtlebot3_teleop:/home/student/ros2_ws/install/turtlebot3_example:/opt/ros/humble /usr/bin/cmake --build /home/student/ros2_ws/build/warehouse_robot_msgs -- -j8 -l8
[0.180s] [  3%] Built target warehouse_robot_msgs__cpp
[0.196s] [  3%] Built target ament_cmake_python_copy_warehouse_robot_msgs
[0.215s] [ 12%] Built target warehouse_robot_msgs__rosidl_generator_c
[0.222s] [ 22%] Built target warehouse_robot_msgs__rosidl_typesupport_cpp
[0.248s] [ 32%] Built target warehouse_robot_msgs__rosidl_typesupport_introspection_cpp
[0.259s] [ 41%] Built target warehouse_robot_msgs__rosidl_typesupport_fastrtps_cpp
[0.295s] [ 51%] Built target warehouse_robot_msgs__rosidl_typesupport_fastrtps_c
[0.296s] [ 61%] Built target warehouse_robot_msgs__rosidl_typesupport_c
[0.301s] [ 70%] Built target warehouse_robot_msgs__rosidl_typesupport_introspection_c
[0.358s] [ 70%] Built target warehouse_robot_msgs
[0.441s] [ 74%] Built target warehouse_robot_msgs__py
[0.500s] [ 80%] Built target warehouse_robot_msgs__rosidl_generator_py
[0.573s] [ 87%] Built target warehouse_robot_msgs__rosidl_typesupport_fastrtps_c__pyext
[0.588s] [ 93%] Built target warehouse_robot_msgs__rosidl_typesupport_introspection_c__pyext
[0.592s] [100%] Built target warehouse_robot_msgs__rosidl_typesupport_c__pyext
[0.790s] running egg_info
[0.790s] writing warehouse_robot_msgs.egg-info/PKG-INFO
[0.790s] writing dependency_links to warehouse_robot_msgs.egg-info/dependency_links.txt
[0.791s] writing top-level names to warehouse_robot_msgs.egg-info/top_level.txt
[0.796s] reading manifest file 'warehouse_robot_msgs.egg-info/SOURCES.txt'
[0.797s] writing manifest file 'warehouse_robot_msgs.egg-info/SOURCES.txt'
[0.849s] [100%] Built target ament_cmake_python_build_warehouse_robot_msgs_egg
[1.187s] Invoked command in '/home/student/ros2_ws/build/warehouse_robot_msgs' returned '0': CMAKE_PREFIX_PATH=${CMAKE_PREFIX_PATH}:/home/student/ros2_ws/install/turtlebot3_teleop:/home/student/ros2_ws/install/turtlebot3_example:/opt/ros/humble /usr/bin/cmake --build /home/student/ros2_ws/build/warehouse_robot_msgs -- -j8 -l8
[1.341s] Invoking command in '/home/student/ros2_ws/build/warehouse_robot_msgs': CMAKE_PREFIX_PATH=${CMAKE_PREFIX_PATH}:/home/student/ros2_ws/install/turtlebot3_teleop:/home/student/ros2_ws/install/turtlebot3_example:/opt/ros/humble /usr/bin/cmake --install /home/student/ros2_ws/build/warehouse_robot_msgs
[1.360s] -- Install configuration: ""
[1.360s] -- Up-to-date: /home/student/ros2_ws/install/warehouse_robot_msgs/share/ament_index/resource_index/rosidl_interfaces/warehouse_robot_msgs
[1.360s] -- Up-to-date: /home/student/ros2_ws/install/warehouse_robot_msgs/include/warehouse_robot_msgs/warehouse_robot_msgs
[1.360s] -- Up-to-date: /home/student/ros2_ws/install/warehouse_robot_msgs/include/warehouse_robot_msgs/warehouse_robot_msgs/msg
[1.361s] -- Up-to-date: /home/student/ros2_ws/install/warehouse_robot_msgs/include/warehouse_robot_msgs/warehouse_robot_msgs/msg/robot_data.h
[1.361s] -- Up-to-date: /home/student/ros2_ws/install/warehouse_robot_msgs/include/warehouse_robot_msgs/warehouse_robot_msgs/msg/rosidl_generator_c__visibility_control.h
[1.361s] -- Up-to-date: /home/student/ros2_ws/install/warehouse_robot_msgs/include/warehouse_robot_msgs/warehouse_robot_msgs/msg/detail
[1.361s] -- Up-to-date: /home/student/ros2_ws/install/warehouse_robot_msgs/include/warehouse_robot_msgs/warehouse_robot_msgs/msg/detail/robot_data__struct.h
[1.361s] -- Up-to-date: /home/student/ros2_ws/install/warehouse_robot_msgs/include/warehouse_robot_msgs/warehouse_robot_msgs/msg/detail/robot_data__functions.c
[1.361s] -- Up-to-date: /home/student/ros2_ws/install/warehouse_robot_msgs/include/warehouse_robot_msgs/warehouse_robot_msgs/msg/detail/robot_data__functions.h
[1.361s] -- Up-to-date: /home/student/ros2_ws/install/warehouse_robot_msgs/include/warehouse_robot_msgs/warehouse_robot_msgs/msg/detail/robot_data__type_support.h
[1.361s] -- Up-to-date: /home/student/ros2_ws/install/warehouse_robot_msgs/share/warehouse_robot_msgs/environment/library_path.sh
[1.361s] -- Up-to-date: /home/student/ros2_ws/install/warehouse_robot_msgs/share/warehouse_robot_msgs/environment/library_path.dsv
[1.362s] -- Up-to-date: /home/student/ros2_ws/install/warehouse_robot_msgs/lib/libwarehouse_robot_msgs__rosidl_generator_c.so
[1.362s] -- Up-to-date: /home/student/ros2_ws/install/warehouse_robot_msgs/include/warehouse_robot_msgs/warehouse_robot_msgs
[1.362s] -- Up-to-date: /home/student/ros2_ws/install/warehouse_robot_msgs/include/warehouse_robot_msgs/warehouse_robot_msgs/msg
[1.362s] -- Up-to-date: /home/student/ros2_ws/install/warehouse_robot_msgs/include/warehouse_robot_msgs/warehouse_robot_msgs/msg/rosidl_typesupport_fastrtps_c__visibility_control.h
[1.362s] -- Up-to-date: /home/student/ros2_ws/install/warehouse_robot_msgs/include/warehouse_robot_msgs/warehouse_robot_msgs/msg/detail
[1.362s] -- Up-to-date: /home/student/ros2_ws/install/warehouse_robot_msgs/include/warehouse_robot_msgs/warehouse_robot_msgs/msg/detail/robot_data__rosidl_typesupport_fastrtps_c.h
[1.362s] -- Up-to-date: /home/student/ros2_ws/install/warehouse_robot_msgs/lib/libwarehouse_robot_msgs__rosidl_typesupport_fastrtps_c.so
[1.362s] -- Up-to-date: /home/student/ros2_ws/install/warehouse_robot_msgs/include/warehouse_robot_msgs/warehouse_robot_msgs
[1.362s] -- Up-to-date: /home/student/ros2_ws/install/warehouse_robot_msgs/include/warehouse_robot_msgs/warehouse_robot_msgs/msg
[1.363s] -- Up-to-date: /home/student/ros2_ws/install/warehouse_robot_msgs/include/warehouse_robot_msgs/warehouse_robot_msgs/msg/robot_data.hpp
[1.363s] -- Up-to-date: /home/student/ros2_ws/install/warehouse_robot_msgs/include/warehouse_robot_msgs/warehouse_robot_msgs/msg/detail
[1.367s] -- Up-to-date: /home/student/ros2_ws/install/warehouse_robot_msgs/include/warehouse_robot_msgs/warehouse_robot_msgs/msg/detail/robot_data__builder.hpp
[1.367s] -- Up-to-date: /home/student/ros2_ws/install/warehouse_robot_msgs/include/warehouse_robot_msgs/warehouse_robot_msgs/msg/detail/robot_data__struct.hpp
[1.367s] -- Up-to-date: /home/student/ros2_ws/install/warehouse_robot_msgs/include/warehouse_robot_msgs/warehouse_robot_msgs/msg/detail/robot_data__traits.hpp
[1.368s] -- Up-to-date: /home/student/ros2_ws/install/warehouse_robot_msgs/include/warehouse_robot_msgs/warehouse_robot_msgs
[1.368s] -- Up-to-date: /home/student/ros2_ws/install/warehouse_robot_msgs/include/warehouse_robot_msgs/warehouse_robot_msgs/msg
[1.368s] -- Up-to-date: /home/student/ros2_ws/install/warehouse_robot_msgs/include/warehouse_robot_msgs/warehouse_robot_msgs/msg/rosidl_typesupport_fastrtps_cpp__visibility_control.h
[1.368s] -- Up-to-date: /home/student/ros2_ws/install/warehouse_robot_msgs/include/warehouse_robot_msgs/warehouse_robot_msgs/msg/detail
[1.368s] -- Up-to-date: /home/student/ros2_ws/install/warehouse_robot_msgs/include/warehouse_robot_msgs/warehouse_robot_msgs/msg/detail/dds_fastrtps
[1.368s] -- Up-to-date: /home/student/ros2_ws/install/warehouse_robot_msgs/include/warehouse_robot_msgs/warehouse_robot_msgs/msg/detail/robot_data__rosidl_typesupport_fastrtps_cpp.hpp
[1.368s] -- Up-to-date: /home/student/ros2_ws/install/warehouse_robot_msgs/lib/libwarehouse_robot_msgs__rosidl_typesupport_fastrtps_cpp.so
[1.368s] -- Up-to-date: /home/student/ros2_ws/install/warehouse_robot_msgs/include/warehouse_robot_msgs/warehouse_robot_msgs
[1.368s] -- Up-to-date: /home/student/ros2_ws/install/warehouse_robot_msgs/include/warehouse_robot_msgs/warehouse_robot_msgs/msg
[1.369s] -- Up-to-date: /home/student/ros2_ws/install/warehouse_robot_msgs/include/warehouse_robot_msgs/warehouse_robot_msgs/msg/rosidl_typesupport_introspection_c__visibility_control.h
[1.369s] -- Up-to-date: /home/student/ros2_ws/install/warehouse_robot_msgs/include/warehouse_robot_msgs/warehouse_robot_msgs/msg/detail
[1.369s] -- Up-to-date: /home/student/ros2_ws/install/warehouse_robot_msgs/include/warehouse_robot_msgs/warehouse_robot_msgs/msg/detail/robot_data__rosidl_typesupport_introspection_c.h
[1.369s] -- Up-to-date: /home/student/ros2_ws/install/warehouse_robot_msgs/include/warehouse_robot_msgs/warehouse_robot_msgs/msg/detail/robot_data__type_support.c
[1.371s] -- Up-to-date: /home/student/ros2_ws/install/warehouse_robot_msgs/lib/libwarehouse_robot_msgs__rosidl_typesupport_introspection_c.so
[1.371s] -- Up-to-date: /home/student/ros2_ws/install/warehouse_robot_msgs/lib/libwarehouse_robot_msgs__rosidl_typesupport_c.so
[1.372s] -- Up-to-date: /home/student/ros2_ws/install/warehouse_robot_msgs/include/warehouse_robot_msgs/warehouse_robot_msgs
[1.375s] -- Up-to-date: /home/student/ros2_ws/install/warehouse_robot_msgs/include/warehouse_robot_msgs/warehouse_robot_msgs/msg
[1.375s] -- Up-to-date: /home/student/ros2_ws/install/warehouse_robot_msgs/include/warehouse_robot_msgs/warehouse_robot_msgs/msg/detail
[1.375s] -- Up-to-date: /home/student/ros2_ws/install/warehouse_robot_msgs/include/warehouse_robot_msgs/warehouse_robot_msgs/msg/detail/robot_data__type_support.cpp
[1.375s] -- Up-to-date: /home/student/ros2_ws/install/warehouse_robot_msgs/include/warehouse_robot_msgs/warehouse_robot_msgs/msg/detail/robot_data__rosidl_typesupport_introspection_cpp.hpp
[1.375s] -- Up-to-date: /home/student/ros2_ws/install/warehouse_robot_msgs/lib/libwarehouse_robot_msgs__rosidl_typesupport_introspection_cpp.so
[1.376s] -- Up-to-date: /home/student/ros2_ws/install/warehouse_robot_msgs/lib/libwarehouse_robot_msgs__rosidl_typesupport_cpp.so
[1.376s] -- Up-to-date: /home/student/ros2_ws/install/warehouse_robot_msgs/share/warehouse_robot_msgs/environment/pythonpath.sh
[1.376s] -- Up-to-date: /home/student/ros2_ws/install/warehouse_robot_msgs/share/warehouse_robot_msgs/environment/pythonpath.dsv
[1.376s] -- Up-to-date: /home/student/ros2_ws/install/warehouse_robot_msgs/local/lib/python3.10/dist-packages/warehouse_robot_msgs-0.0.0-py3.10.egg-info
[1.376s] -- Installing: /home/student/ros2_ws/install/warehouse_robot_msgs/local/lib/python3.10/dist-packages/warehouse_robot_msgs-0.0.0-py3.10.egg-info/dependency_links.txt
[1.376s] -- Installing: /home/student/ros2_ws/install/warehouse_robot_msgs/local/lib/python3.10/dist-packages/warehouse_robot_msgs-0.0.0-py3.10.egg-info/PKG-INFO
[1.376s] -- Installing: /home/student/ros2_ws/install/warehouse_robot_msgs/local/lib/python3.10/dist-packages/warehouse_robot_msgs-0.0.0-py3.10.egg-info/top_level.txt
[1.377s] -- Installing: /home/student/ros2_ws/install/warehouse_robot_msgs/local/lib/python3.10/dist-packages/warehouse_robot_msgs-0.0.0-py3.10.egg-info/SOURCES.txt
[1.378s] -- Up-to-date: /home/student/ros2_ws/install/warehouse_robot_msgs/local/lib/python3.10/dist-packages/warehouse_robot_msgs
[1.379s] -- Up-to-date: /home/student/ros2_ws/install/warehouse_robot_msgs/local/lib/python3.10/dist-packages/warehouse_robot_msgs/msg
[1.379s] -- Up-to-date: /home/student/ros2_ws/install/warehouse_robot_msgs/local/lib/python3.10/dist-packages/warehouse_robot_msgs/msg/_robot_data.py
[1.379s] -- Up-to-date: /home/student/ros2_ws/install/warehouse_robot_msgs/local/lib/python3.10/dist-packages/warehouse_robot_msgs/msg/__init__.py
[1.379s] -- Up-to-date: /home/student/ros2_ws/install/warehouse_robot_msgs/local/lib/python3.10/dist-packages/warehouse_robot_msgs/msg/_robot_data_s.c
[1.379s] -- Up-to-date: /home/student/ros2_ws/install/warehouse_robot_msgs/local/lib/python3.10/dist-packages/warehouse_robot_msgs/_warehouse_robot_msgs_s.ep.rosidl_typesupport_c.c
[1.379s] -- Up-to-date: /home/student/ros2_ws/install/warehouse_robot_msgs/local/lib/python3.10/dist-packages/warehouse_robot_msgs/__init__.py
[1.379s] -- Up-to-date: /home/student/ros2_ws/install/warehouse_robot_msgs/local/lib/python3.10/dist-packages/warehouse_robot_msgs/warehouse_robot_msgs_s__rosidl_typesupport_introspection_c.cpython-310-x86_64-linux-gnu.so
[1.380s] -- Up-to-date: /home/student/ros2_ws/install/warehouse_robot_msgs/local/lib/python3.10/dist-packages/warehouse_robot_msgs/warehouse_robot_msgs_s__rosidl_typesupport_c.cpython-310-x86_64-linux-gnu.so
[1.380s] -- Up-to-date: /home/student/ros2_ws/install/warehouse_robot_msgs/local/lib/python3.10/dist-packages/warehouse_robot_msgs/_warehouse_robot_msgs_s.ep.rosidl_typesupport_introspection_c.c
[1.380s] -- Up-to-date: /home/student/ros2_ws/install/warehouse_robot_msgs/local/lib/python3.10/dist-packages/warehouse_robot_msgs/warehouse_robot_msgs_s__rosidl_typesupport_fastrtps_c.cpython-310-x86_64-linux-gnu.so
[1.384s] -- Up-to-date: /home/student/ros2_ws/install/warehouse_robot_msgs/local/lib/python3.10/dist-packages/warehouse_robot_msgs/libwarehouse_robot_msgs__rosidl_generator_py.so
[1.384s] -- Up-to-date: /home/student/ros2_ws/install/warehouse_robot_msgs/local/lib/python3.10/dist-packages/warehouse_robot_msgs/_warehouse_robot_msgs_s.ep.rosidl_typesupport_fastrtps_c.c
[1.433s] Listing '/home/student/ros2_ws/install/warehouse_robot_msgs/local/lib/python3.10/dist-packages/warehouse_robot_msgs'...
[1.434s] Listing '/home/student/ros2_ws/install/warehouse_robot_msgs/local/lib/python3.10/dist-packages/warehouse_robot_msgs/msg'...
[1.441s] -- Up-to-date: /home/student/ros2_ws/install/warehouse_robot_msgs/local/lib/python3.10/dist-packages/warehouse_robot_msgs/warehouse_robot_msgs_s__rosidl_typesupport_fastrtps_c.cpython-310-x86_64-linux-gnu.so
[1.443s] -- Up-to-date: /home/student/ros2_ws/install/warehouse_robot_msgs/local/lib/python3.10/dist-packages/warehouse_robot_msgs/warehouse_robot_msgs_s__rosidl_typesupport_introspection_c.cpython-310-x86_64-linux-gnu.so
[1.443s] -- Up-to-date: /home/student/ros2_ws/install/warehouse_robot_msgs/local/lib/python3.10/dist-packages/warehouse_robot_msgs/warehouse_robot_msgs_s__rosidl_typesupport_c.cpython-310-x86_64-linux-gnu.so
[1.444s] -- Up-to-date: /home/student/ros2_ws/install/warehouse_robot_msgs/lib/libwarehouse_robot_msgs__rosidl_generator_py.so
[1.445s] -- Up-to-date: /home/student/ros2_ws/install/warehouse_robot_msgs/share/warehouse_robot_msgs/msg/RobotData.idl
[1.446s] -- Up-to-date: /home/student/ros2_ws/install/warehouse_robot_msgs/share/warehouse_robot_msgs/msg/RobotData.msg
[1.446s] -- Up-to-date: /home/student/ros2_ws/install/warehouse_robot_msgs/share/ament_index/resource_index/package_run_dependencies/warehouse_robot_msgs
[1.447s] -- Up-to-date: /home/student/ros2_ws/install/warehouse_robot_msgs/share/ament_index/resource_index/parent_prefix_path/warehouse_robot_msgs
[1.448s] -- Up-to-date: /home/student/ros2_ws/install/warehouse_robot_msgs/share/warehouse_robot_msgs/environment/ament_prefix_path.sh
[1.448s] -- Up-to-date: /home/student/ros2_ws/install/warehouse_robot_msgs/share/warehouse_robot_msgs/environment/ament_prefix_path.dsv
[1.449s] -- Up-to-date: /home/student/ros2_ws/install/warehouse_robot_msgs/share/warehouse_robot_msgs/environment/path.sh
[1.449s] -- Up-to-date: /home/student/ros2_ws/install/warehouse_robot_msgs/share/warehouse_robot_msgs/environment/path.dsv
[1.450s] -- Up-to-date: /home/student/ros2_ws/install/warehouse_robot_msgs/share/warehouse_robot_msgs/local_setup.bash
[1.450s] -- Up-to-date: /home/student/ros2_ws/install/warehouse_robot_msgs/share/warehouse_robot_msgs/local_setup.sh
[1.451s] -- Up-to-date: /home/student/ros2_ws/install/warehouse_robot_msgs/share/warehouse_robot_msgs/local_setup.zsh
[1.451s] -- Up-to-date: /home/student/ros2_ws/install/warehouse_robot_msgs/share/warehouse_robot_msgs/local_setup.dsv
[1.451s] -- Installing: /home/student/ros2_ws/install/warehouse_robot_msgs/share/warehouse_robot_msgs/package.dsv
[1.452s] -- Up-to-date: /home/student/ros2_ws/install/warehouse_robot_msgs/share/ament_index/resource_index/packages/warehouse_robot_msgs
[1.453s] -- Up-to-date: /home/student/ros2_ws/install/warehouse_robot_msgs/share/warehouse_robot_msgs/cmake/export_warehouse_robot_msgs__rosidl_generator_cExport.cmake
[1.453s] -- Up-to-date: /home/student/ros2_ws/install/warehouse_robot_msgs/share/warehouse_robot_msgs/cmake/export_warehouse_robot_msgs__rosidl_generator_cExport-noconfig.cmake
[1.454s] -- Up-to-date: /home/student/ros2_ws/install/warehouse_robot_msgs/share/warehouse_robot_msgs/cmake/export_warehouse_robot_msgs__rosidl_typesupport_fastrtps_cExport.cmake
[1.454s] -- Up-to-date: /home/student/ros2_ws/install/warehouse_robot_msgs/share/warehouse_robot_msgs/cmake/export_warehouse_robot_msgs__rosidl_typesupport_fastrtps_cExport-noconfig.cmake
[1.455s] -- Up-to-date: /home/student/ros2_ws/install/warehouse_robot_msgs/share/warehouse_robot_msgs/cmake/export_warehouse_robot_msgs__rosidl_generator_cppExport.cmake
[1.456s] -- Up-to-date: /home/student/ros2_ws/install/warehouse_robot_msgs/share/warehouse_robot_msgs/cmake/export_warehouse_robot_msgs__rosidl_typesupport_fastrtps_cppExport.cmake
[1.456s] -- Up-to-date: /home/student/ros2_ws/install/warehouse_robot_msgs/share/warehouse_robot_msgs/cmake/export_warehouse_robot_msgs__rosidl_typesupport_fastrtps_cppExport-noconfig.cmake
[1.457s] -- Up-to-date: /home/student/ros2_ws/install/warehouse_robot_msgs/share/warehouse_robot_msgs/cmake/warehouse_robot_msgs__rosidl_typesupport_introspection_cExport.cmake
[1.457s] -- Up-to-date: /home/student/ros2_ws/install/warehouse_robot_msgs/share/warehouse_robot_msgs/cmake/warehouse_robot_msgs__rosidl_typesupport_introspection_cExport-noconfig.cmake
[1.458s] -- Up-to-date: /home/student/ros2_ws/install/warehouse_robot_msgs/share/warehouse_robot_msgs/cmake/warehouse_robot_msgs__rosidl_typesupport_cExport.cmake
[1.459s] -- Up-to-date: /home/student/ros2_ws/install/warehouse_robot_msgs/share/warehouse_robot_msgs/cmake/warehouse_robot_msgs__rosidl_typesupport_cExport-noconfig.cmake
[1.459s] -- Up-to-date: /home/student/ros2_ws/install/warehouse_robot_msgs/share/warehouse_robot_msgs/cmake/warehouse_robot_msgs__rosidl_typesupport_introspection_cppExport.cmake
[1.459s] -- Up-to-date: /home/student/ros2_ws/install/warehouse_robot_msgs/share/warehouse_robot_msgs/cmake/warehouse_robot_msgs__rosidl_typesupport_introspection_cppExport-noconfig.cmake
[1.459s] -- Up-to-date: /home/student/ros2_ws/install/warehouse_robot_msgs/share/warehouse_robot_msgs/cmake/warehouse_robot_msgs__rosidl_typesupport_cppExport.cmake
[1.460s] -- Up-to-date: /home/student/ros2_ws/install/warehouse_robot_msgs/share/warehouse_robot_msgs/cmake/warehouse_robot_msgs__rosidl_typesupport_cppExport-noconfig.cmake
[1.460s] -- Up-to-date: /home/student/ros2_ws/install/warehouse_robot_msgs/share/warehouse_robot_msgs/cmake/export_warehouse_robot_msgs__rosidl_generator_pyExport.cmake
[1.460s] -- Up-to-date: /home/student/ros2_ws/install/warehouse_robot_msgs/share/warehouse_robot_msgs/cmake/export_warehouse_robot_msgs__rosidl_generator_pyExport-noconfig.cmake
[1.461s] -- Up-to-date: /home/student/ros2_ws/install/warehouse_robot_msgs/share/warehouse_robot_msgs/cmake/rosidl_cmake-extras.cmake
[1.463s] -- Up-to-date: /home/student/ros2_ws/install/warehouse_robot_msgs/share/warehouse_robot_msgs/cmake/ament_cmake_export_dependencies-extras.cmake
[1.468s] -- Up-to-date: /home/student/ros2_ws/install/warehouse_robot_msgs/share/warehouse_robot_msgs/cmake/ament_cmake_export_include_directories-extras.cmake
[1.470s] -- Up-to-date: /home/student/ros2_ws/install/warehouse_robot_msgs/share/warehouse_robot_msgs/cmake/ament_cmake_export_libraries-extras.cmake
[1.471s] -- Up-to-date: /home/student/ros2_ws/install/warehouse_robot_msgs/share/warehouse_robot_msgs/cmake/ament_cmake_export_targets-extras.cmake
[1.471s] -- Up-to-date: /home/student/ros2_ws/install/warehouse_robot_msgs/share/warehouse_robot_msgs/cmake/rosidl_cmake_export_typesupport_targets-extras.cmake
[1.472s] -- Up-to-date: /home/student/ros2_ws/install/warehouse_robot_msgs/share/warehouse_robot_msgs/cmake/rosidl_cmake_export_typesupport_libraries-extras.cmake
[1.472s] -- Up-to-date: /home/student/ros2_ws/install/warehouse_robot_msgs/share/warehouse_robot_msgs/cmake/warehouse_robot_msgsConfig.cmake
[1.472s] -- Up-to-date: /home/student/ros2_ws/install/warehouse_robot_msgs/share/warehouse_robot_msgs/cmake/warehouse_robot_msgsConfig-version.cmake
[1.473s] -- Up-to-date: /home/student/ros2_ws/install/warehouse_robot_msgs/share/warehouse_robot_msgs/package.xml
[1.473s] Invoked command in '/home/student/ros2_ws/build/warehouse_robot_msgs' returned '0': CMAKE_PREFIX_PATH=${CMAKE_PREFIX_PATH}:/home/student/ros2_ws/install/turtlebot3_teleop:/home/student/ros2_ws/install/turtlebot3_example:/opt/ros/humble /usr/bin/cmake --install /home/student/ros2_ws/build/warehouse_robot_msgs
