[0.033s] Invoking command in '/home/student/ros2_ws/build/turtlebot3_gazebo': CMAKE_PREFIX_PATH=${CMAKE_PREFIX_PATH}:/home/student/ros2_ws/install/turtlebot3_teleop:/home/student/ros2_ws/install/turtlebot3_example:/opt/ros/humble /usr/bin/cmake /home/student/ros2_ws/src/turtlebot3_simulations/turtlebot3_gazebo -DCMAKE_INSTALL_PREFIX=/home/student/ros2_ws/install/turtlebot3_gazebo
[1.043s] -- The C compiler identification is GNU 11.4.0
[1.043s] -- The CXX compiler identification is GNU 11.4.0
[1.044s] -- Detecting C compiler ABI info
[1.044s] -- Detecting C compiler ABI info - done
[1.044s] -- Check for working C compiler: /usr/bin/cc - skipped
[1.044s] -- Detecting C compile features
[1.044s] -- Detecting C compile features - done
[1.044s] -- Detecting CXX compiler ABI info
[1.045s] -- Detecting CXX compiler ABI info - done
[1.045s] -- Check for working CXX compiler: /usr/bin/c++ - skipped
[1.045s] -- Detecting CXX compile features
[1.045s] -- Detecting CXX compile features - done
[1.046s] -- Found ament_cmake: 1.3.10 (/opt/ros/humble/share/ament_cmake/cmake)
[1.046s] -- Found Python3: /usr/bin/python3 (found version "3.10.12") found components: Interpreter 
[1.046s] -- Found PkgConfig: /usr/bin/pkg-config (found version "0.29.2") 
[1.046s] -- Checking for module 'bullet>=2.82'
[1.046s] --   Found bullet, version 3.05
[1.057s] [33mCMake Warning (dev) at /usr/share/cmake-3.22/Modules/FindPackageHandleStandardArgs.cmake:438 (message):
[1.057s]   The package name passed to `find_package_handle_standard_args` (PkgConfig)
[1.057s]   does not match the name of the calling package (gazebo).  This can lead to
[1.057s]   problems in calling code that expects `find_package` result variables
[1.058s]   (e.g., `_FOUND`) to follow a certain pattern.
[1.058s] Call Stack (most recent call first):
[1.058s]   /usr/share/cmake-3.22/Modules/FindPkgConfig.cmake:99 (find_package_handle_standard_args)
[1.058s]   /usr/lib/x86_64-linux-gnu/cmake/gazebo/gazebo-config.cmake:72 (include)
[1.058s]   CMakeLists.txt:23 (find_package)
[1.058s] This warning is for project developers.  Use -Wno-dev to suppress it.
[1.058s] [0m
[1.144s] -- Found fcl: /usr/include (found suitable version "0.7.0", minimum required is "0.5.0") 
[1.257s] -- Found assimp: /usr/include (found version "5.2.0") 
[1.332s] -- Found DART: /usr/include (Required is at least version "6.6") found components: dart 
[1.872s] -- Found Boost: /usr/lib/x86_64-linux-gnu/cmake/Boost-1.74.0/BoostConfig.cmake (found suitable version "1.74.0", minimum required is "1.40.0") found components: thread system filesystem program_options regex iostreams date_time 
[1.916s] -- Found Protobuf: /usr/lib/x86_64-linux-gnu/libprotobuf.so (found version "3.12.4") 
[1.927s] -- Looking for ignition-math6 -- found version 6.15.1
[1.939s] -- Searching for dependencies of ignition-math6
[1.939s] -- Looking for OGRE...
[1.940s] -- OGRE_PREFIX_WATCH changed.
[1.952s] -- Checking for module 'OGRE'
[1.983s] --   Found OGRE, version 1.9.0
[2.044s] -- Found Ogre Ghadamon (1.9.0)
[2.068s] -- Found OGRE: optimized;/usr/lib/x86_64-linux-gnu/libOgreMain.so;debug;/usr/lib/x86_64-linux-gnu/libOgreMain.so
[2.084s] -- Looking for OGRE_Paging...
[2.102s] -- Found OGRE_Paging: optimized;/usr/lib/x86_64-linux-gnu/libOgrePaging.so;debug;/usr/lib/x86_64-linux-gnu/libOgrePaging.so
[2.102s] -- Looking for OGRE_Terrain...
[2.123s] -- Found OGRE_Terrain: optimized;/usr/lib/x86_64-linux-gnu/libOgreTerrain.so;debug;/usr/lib/x86_64-linux-gnu/libOgreTerrain.so
[2.124s] -- Looking for OGRE_Property...
[2.140s] -- Found OGRE_Property: optimized;/usr/lib/x86_64-linux-gnu/libOgreProperty.so;debug;/usr/lib/x86_64-linux-gnu/libOgreProperty.so
[2.141s] -- Looking for OGRE_RTShaderSystem...
[2.151s] -- Found OGRE_RTShaderSystem: optimized;/usr/lib/x86_64-linux-gnu/libOgreRTShaderSystem.so;debug;/usr/lib/x86_64-linux-gnu/libOgreRTShaderSystem.so
[2.152s] -- Looking for OGRE_Volume...
[2.165s] -- Found OGRE_Volume: optimized;/usr/lib/x86_64-linux-gnu/libOgreVolume.so;debug;/usr/lib/x86_64-linux-gnu/libOgreVolume.so
[2.165s] -- Looking for OGRE_Overlay...
[2.181s] -- Found OGRE_Overlay: optimized;/usr/lib/x86_64-linux-gnu/libOgreOverlay.so;debug;/usr/lib/x86_64-linux-gnu/libOgreOverlay.so
[2.483s] -- Looking for ignition-math6 -- found version 6.15.1
[2.486s] -- Looking for ignition-transport8 -- found version 8.2.1
[2.487s] -- Searching for dependencies of ignition-transport8
[2.515s] -- Found Protobuf: /usr/lib/x86_64-linux-gnu/libprotobuf.so (found suitable version "3.12.4", minimum required is "3") 
[2.536s] -- Config-file not installed for ZeroMQ -- checking for pkg-config
[2.546s] -- Checking for module 'libzmq >= 4'
[2.570s] --   Found libzmq , version 4.3.4
[2.635s] -- Found ZeroMQ: TRUE (Required is at least version "4") 
[2.648s] -- Checking for module 'uuid'
[2.668s] --   Found uuid, version 2.37.2
[2.715s] -- Found UUID: TRUE  
[2.722s] -- Looking for ignition-msgs5 -- found version 5.8.1
[2.722s] -- Searching for dependencies of ignition-msgs5
[2.753s] -- Looking for ignition-math6 -- found version 6.15.1
[2.767s] -- Checking for module 'tinyxml2'
[2.786s] --   Found tinyxml2, version 9.0.0
[2.846s] -- Looking for ignition-msgs5 -- found version 5.8.1
[2.850s] -- Looking for ignition-common3 -- found version 3.14.0
[2.854s] -- Searching for dependencies of ignition-common3
[2.854s] -- Looking for dlfcn.h - found
[2.854s] -- Looking for libdl - found
[2.857s] -- Found DL: TRUE  
[2.873s] -- Found tinyobjloader: /usr/lib/x86_64-linux-gnu/cmake/tinyobjloader/tinyobjloader-config.cmake (found version "2.0.0") 
[2.874s] -- Searching for <ignition-common3> component [graphics]
[2.878s] -- Looking for ignition-common3-graphics -- found version 3.14.0
[2.879s] -- Searching for dependencies of ignition-common3-graphics
[2.880s] -- Looking for ignition-math6 -- found version 6.15.1
[2.885s] -- Looking for ignition-fuel_tools4 -- found version 4.4.0
[2.885s] -- Searching for dependencies of ignition-fuel_tools4
[3.032s] -- Found CURL: /usr/lib/x86_64-linux-gnu/libcurl.so (found version "7.81.0")  
[3.056s] -- Checking for module 'jsoncpp'
[3.099s] --   Found jsoncpp, version 1.9.5
[3.206s] -- Found JSONCPP: TRUE  
[3.223s] -- Checking for module 'libzip'
[3.270s] --   Found libzip, version 1.7.3
[3.372s] -- Found ZIP: TRUE  
[3.373s] -- Looking for ignition-common3 -- found version 3.14.0
[3.373s] -- Looking for ignition-math6 -- found version 6.15.1
[3.379s] -- Looking for ignition-msgs5 -- found version 5.8.1
[3.386s] -- Found gazebo_ros_pkgs: 3.7.0 (/opt/ros/humble/share/gazebo_ros_pkgs/cmake)
[3.390s] -- Found geometry_msgs: 4.2.4 (/opt/ros/humble/share/geometry_msgs/cmake)
[3.468s] -- Found rosidl_generator_c: 3.1.5 (/opt/ros/humble/share/rosidl_generator_c/cmake)
[3.491s] -- Found rosidl_adapter: 3.1.5 (/opt/ros/humble/share/rosidl_adapter/cmake)
[3.501s] -- Found rosidl_generator_cpp: 3.1.5 (/opt/ros/humble/share/rosidl_generator_cpp/cmake)
[3.528s] -- Using all available rosidl_typesupport_c: rosidl_typesupport_fastrtps_c;rosidl_typesupport_introspection_c
[3.559s] -- Using all available rosidl_typesupport_cpp: rosidl_typesupport_fastrtps_cpp;rosidl_typesupport_introspection_cpp
[3.684s] -- Found nav_msgs: 4.2.4 (/opt/ros/humble/share/nav_msgs/cmake)
[3.724s] -- Found rclcpp: 16.0.10 (/opt/ros/humble/share/rclcpp/cmake)
[3.817s] -- Found rmw_implementation_cmake: 6.1.2 (/opt/ros/humble/share/rmw_implementation_cmake/cmake)
[3.831s] -- Found rmw_fastrtps_cpp: 6.2.7 (/opt/ros/humble/share/rmw_fastrtps_cpp/cmake)
[4.112s] -- Found OpenSSL: /usr/lib/x86_64-linux-gnu/libcrypto.so (found version "3.0.2")  
[4.248s] -- Found FastRTPS: /opt/ros/humble/include  
[4.429s] -- Using RMW implementation 'rmw_fastrtps_cpp' as default
[4.474s] -- Found Threads: TRUE  
[4.731s] -- Found sensor_msgs: 4.2.4 (/opt/ros/humble/share/sensor_msgs/cmake)
[4.817s] -- Found tf2: 0.25.8 (/opt/ros/humble/share/tf2/cmake)
[5.129s] -- Configuring done
[5.332s] -- Generating done
[5.344s] -- Build files have been written to: /home/student/ros2_ws/build/turtlebot3_gazebo
[5.476s] Invoked command in '/home/student/ros2_ws/build/turtlebot3_gazebo' returned '0': CMAKE_PREFIX_PATH=${CMAKE_PREFIX_PATH}:/home/student/ros2_ws/install/turtlebot3_teleop:/home/student/ros2_ws/install/turtlebot3_example:/opt/ros/humble /usr/bin/cmake /home/student/ros2_ws/src/turtlebot3_simulations/turtlebot3_gazebo -DCMAKE_INSTALL_PREFIX=/home/student/ros2_ws/install/turtlebot3_gazebo
[5.477s] Invoking command in '/home/student/ros2_ws/build/turtlebot3_gazebo': CMAKE_PREFIX_PATH=${CMAKE_PREFIX_PATH}:/home/student/ros2_ws/install/turtlebot3_teleop:/home/student/ros2_ws/install/turtlebot3_example:/opt/ros/humble /usr/bin/cmake --build /home/student/ros2_ws/build/turtlebot3_gazebo -- -j8 -l8
[6.474s] [ 12%] [32mBuilding CXX object CMakeFiles/obstacle2.dir/models/turtlebot3_dqn_world/obstacle_plugin/obstacle2.cc.o[0m
[6.475s] [ 25%] [32mBuilding CXX object CMakeFiles/turtlebot3_drive.dir/src/turtlebot3_drive.cpp.o[0m
[6.475s] [ 37%] [32mBuilding CXX object CMakeFiles/obstacle1.dir/models/turtlebot3_dqn_world/obstacle_plugin/obstacle1.cc.o[0m
[6.475s] [ 50%] [32mBuilding CXX object CMakeFiles/obstacles.dir/models/turtlebot3_dqn_world/obstacle_plugin/obstacles.cc.o[0m
[35.488s] [ 62%] [32m[1mLinking CXX shared library libobstacles.so[0m
[36.097s] [ 62%] Built target obstacles
[36.528s] [ 75%] [32m[1mLinking CXX shared library libobstacle2.so[0m
[36.949s] [ 75%] Built target obstacle2
[37.209s] [ 87%] [32m[1mLinking CXX shared library libobstacle1.so[0m
[37.423s] [100%] [32m[1mLinking CXX executable turtlebot3_drive[0m
[37.572s] [100%] Built target obstacle1
[38.282s] [100%] Built target turtlebot3_drive
