-- Found ament_cmake: 1.3.10 (/opt/ros/humble/share/ament_cmake/cmake)
-- Override CMake install command with custom implementation using symlinks instead of copying resources
-- Found nav_msgs: 4.2.4 (/opt/ros/humble/share/nav_msgs/cmake)
-- Found rosidl_generator_c: 3.1.5 (/opt/ros/humble/share/rosidl_generator_c/cmake)
-- Found rosidl_adapter: 3.1.5 (/opt/ros/humble/share/rosidl_adapter/cmake)
-- Found rosidl_generator_cpp: 3.1.5 (/opt/ros/humble/share/rosidl_generator_cpp/cmake)
-- Using all available rosidl_typesupport_c: rosidl_typesupport_fastrtps_c;rosidl_typesupport_introspection_c
-- Using all available rosidl_typesupport_cpp: rosidl_typesupport_fastrtps_cpp;rosidl_typesupport_introspection_cpp
-- Found rclcpp: 16.0.10 (/opt/ros/humble/share/rclcpp/cmake)
-- Found rmw_implementation_cmake: 6.1.2 (/opt/ros/humble/share/rmw_implementation_cmake/cmake)
-- Found rmw_fastrtps_cpp: 6.2.7 (/opt/ros/humble/share/rmw_fastrtps_cpp/cmake)
-- Using RMW implementation 'rmw_fastrtps_cpp' as default
-- Configuring done
-- Generating done
-- Build files have been written to: /home/student/ros2_ws/build/map_ground_truth_publisher
[35m[1mConsolidate compiler generated dependencies of target map_publisher_node[0m
[100%] Built target map_publisher_node
-- Install configuration: ""
-- Execute custom install script
-- Up-to-date symlink: /home/student/ros2_ws/install/map_ground_truth_publisher/lib/map_ground_truth_publisher/map_publisher_node
-- Up-to-date symlink: /home/student/ros2_ws/install/map_ground_truth_publisher/share/ament_index/resource_index/package_run_dependencies/map_ground_truth_publisher
-- Up-to-date symlink: /home/student/ros2_ws/install/map_ground_truth_publisher/share/ament_index/resource_index/parent_prefix_path/map_ground_truth_publisher
-- Up-to-date symlink: /home/student/ros2_ws/install/map_ground_truth_publisher/share/map_ground_truth_publisher/environment/ament_prefix_path.sh
-- Up-to-date symlink: /home/student/ros2_ws/install/map_ground_truth_publisher/share/map_ground_truth_publisher/environment/ament_prefix_path.dsv
-- Up-to-date symlink: /home/student/ros2_ws/install/map_ground_truth_publisher/share/map_ground_truth_publisher/environment/path.sh
-- Up-to-date symlink: /home/student/ros2_ws/install/map_ground_truth_publisher/share/map_ground_truth_publisher/environment/path.dsv
-- Up-to-date symlink: /home/student/ros2_ws/install/map_ground_truth_publisher/share/map_ground_truth_publisher/local_setup.bash
-- Up-to-date symlink: /home/student/ros2_ws/install/map_ground_truth_publisher/share/map_ground_truth_publisher/local_setup.sh
-- Up-to-date symlink: /home/student/ros2_ws/install/map_ground_truth_publisher/share/map_ground_truth_publisher/local_setup.zsh
-- Up-to-date symlink: /home/student/ros2_ws/install/map_ground_truth_publisher/share/map_ground_truth_publisher/local_setup.dsv
-- Symlinking: /home/student/ros2_ws/install/map_ground_truth_publisher/share/map_ground_truth_publisher/package.dsv
-- Up-to-date symlink: /home/student/ros2_ws/install/map_ground_truth_publisher/share/ament_index/resource_index/packages/map_ground_truth_publisher
-- Up-to-date symlink: /home/student/ros2_ws/install/map_ground_truth_publisher/share/map_ground_truth_publisher/cmake/map_ground_truth_publisherConfig.cmake
-- Up-to-date symlink: /home/student/ros2_ws/install/map_ground_truth_publisher/share/map_ground_truth_publisher/cmake/map_ground_truth_publisherConfig-version.cmake
-- Up-to-date symlink: /home/student/ros2_ws/install/map_ground_truth_publisher/share/map_ground_truth_publisher/package.xml
