[0.022s] Invoking command in '/home/student/ros2_ws/build/gazebo_map_creator': CMAKE_PREFIX_PATH=/home/student/ros2_ws/install/gazebo_map_creator_interface:/home/student/ros2_ws/install/turtlebot3:/home/student/ros2_ws/install/turtlebot3_simulations:/home/student/ros2_ws/install/turtlebot3_bringup:/home/student/ros2_ws/install/turtlebot3_node:/home/student/ros2_ws/install/turtlebot3_navigation2:/home/student/ros2_ws/install/turtlebot3_fake_node:/home/student/ros2_ws/install/turtlebot3_msgs:/home/student/ros2_ws/install/turtlebot3_gazebo:/home/student/ros2_ws/install/turtlebot3_description:/home/student/ros2_ws/install/turtlebot3_cartographer:/home/student/ros2_ws/install/map_ground_truth_publisher:/home/student/ros2_ws/install/gazebo_map_creator:/home/student/ros2_ws/install/dynamixel_sdk_examples:/home/student/ros2_ws/install/dynamixel_sdk_custom_interfaces:/home/student/ros2_ws/install/dynamixel_sdk:/home/student/ros2_ws/install/turtlebot3_teleop:/home/student/ros2_ws/install/turtlebot3_example:/opt/ros/humble LD_LIBRARY_PATH=/home/student/ros2_ws/install/gazebo_map_creator_interface/lib:/home/student/ros2_ws/install/turtlebot3_msgs/lib:/home/student/ros2_ws/install/gazebo_map_creator/lib:/home/student/ros2_ws/install/dynamixel_sdk_custom_interfaces/lib:/home/student/ros2_ws/install/dynamixel_sdk/lib:/usr/lib/x86_64-linux-gnu/gazebo-11/plugins:/opt/ros/humble/opt/rviz_ogre_vendor/lib:/opt/ros/humble/lib/x86_64-linux-gnu:/opt/ros/humble/lib:/usr/lib/x86_64-linux-gnu/gazebo-11/plugins /usr/bin/cmake /home/student/ros2_ws/src/gazebo_map_creator/gazebo_map_creator -DCMAKE_INSTALL_PREFIX=/home/student/ros2_ws/install/gazebo_map_creator
[0.036s] -- Found ament_cmake: 1.3.10 (/opt/ros/humble/share/ament_cmake/cmake)
[0.176s] -- Override CMake install command with custom implementation using symlinks instead of copying resources
[0.185s] -- Found builtin_interfaces: 1.2.1 (/opt/ros/humble/share/builtin_interfaces/cmake)
[0.211s] -- Found rosidl_generator_c: 3.1.5 (/opt/ros/humble/share/rosidl_generator_c/cmake)
[0.213s] -- Found rosidl_adapter: 3.1.5 (/opt/ros/humble/share/rosidl_adapter/cmake)
[0.220s] -- Found rosidl_generator_cpp: 3.1.5 (/opt/ros/humble/share/rosidl_generator_cpp/cmake)
[0.230s] -- Using all available rosidl_typesupport_c: rosidl_typesupport_fastrtps_c;rosidl_typesupport_introspection_c
[0.245s] -- Using all available rosidl_typesupport_cpp: rosidl_typesupport_fastrtps_cpp;rosidl_typesupport_introspection_cpp
[0.257s] -- Found gazebo_dev: 3.7.0 (/opt/ros/humble/share/gazebo_dev/cmake)
[0.289s] -- Found DART: /usr/include (Required is at least version "6.6") found components: dart 
[0.308s] -- Found Boost: /usr/lib/x86_64-linux-gnu/cmake/Boost-1.74.0/BoostConfig.cmake (found suitable version "1.74.0", minimum required is "1.40.0") found components: thread system filesystem program_options regex iostreams date_time 
[0.321s] -- Found Protobuf: /usr/lib/x86_64-linux-gnu/libprotobuf.so (found version "3.12.4") 
[0.321s] -- Looking for ignition-math6 -- found version 6.15.1
[0.324s] -- Searching for dependencies of ignition-math6
[0.325s] -- Looking for OGRE...
[0.333s] -- Found Ogre Ghadamon (1.9.0)
[0.334s] -- Found OGRE: optimized;/usr/lib/x86_64-linux-gnu/libOgreMain.so;debug;/usr/lib/x86_64-linux-gnu/libOgreMain.so
[0.349s] -- Looking for OGRE_Paging...
[0.349s] -- Found OGRE_Paging: optimized;/usr/lib/x86_64-linux-gnu/libOgrePaging.so;debug;/usr/lib/x86_64-linux-gnu/libOgrePaging.so
[0.349s] -- Looking for OGRE_Terrain...
[0.350s] -- Found OGRE_Terrain: optimized;/usr/lib/x86_64-linux-gnu/libOgreTerrain.so;debug;/usr/lib/x86_64-linux-gnu/libOgreTerrain.so
[0.350s] -- Looking for OGRE_Property...
[0.350s] -- Found OGRE_Property: optimized;/usr/lib/x86_64-linux-gnu/libOgreProperty.so;debug;/usr/lib/x86_64-linux-gnu/libOgreProperty.so
[0.350s] -- Looking for OGRE_RTShaderSystem...
[0.350s] -- Found OGRE_RTShaderSystem: optimized;/usr/lib/x86_64-linux-gnu/libOgreRTShaderSystem.so;debug;/usr/lib/x86_64-linux-gnu/libOgreRTShaderSystem.so
[0.350s] -- Looking for OGRE_Volume...
[0.350s] -- Found OGRE_Volume: optimized;/usr/lib/x86_64-linux-gnu/libOgreVolume.so;debug;/usr/lib/x86_64-linux-gnu/libOgreVolume.so
[0.350s] -- Looking for OGRE_Overlay...
[0.351s] -- Found OGRE_Overlay: optimized;/usr/lib/x86_64-linux-gnu/libOgreOverlay.so;debug;/usr/lib/x86_64-linux-gnu/libOgreOverlay.so
[0.567s] -- Looking for ignition-math6 -- found version 6.15.1
[0.567s] -- Looking for ignition-transport8 -- found version 8.2.1
[0.568s] -- Searching for dependencies of ignition-transport8
[0.589s] -- Found Protobuf: /usr/lib/x86_64-linux-gnu/libprotobuf.so (found suitable version "3.12.4", minimum required is "3") 
[0.602s] -- Config-file not installed for ZeroMQ -- checking for pkg-config
[0.608s] -- Checking for module 'libzmq >= 4'
[0.624s] --   Found libzmq , version 4.3.4
[0.676s] -- Checking for module 'uuid'
[0.686s] --   Found uuid, version 2.37.2
[0.726s] -- Looking for ignition-msgs5 -- found version 5.8.1
[0.726s] -- Searching for dependencies of ignition-msgs5
[0.745s] -- Looking for ignition-math6 -- found version 6.15.1
[0.754s] -- Checking for module 'tinyxml2'
[0.766s] --   Found tinyxml2, version 9.0.0
[0.812s] -- Looking for ignition-msgs5 -- found version 5.8.1
[0.813s] -- Looking for ignition-common3 -- found version 3.14.0
[0.813s] -- Searching for dependencies of ignition-common3
[0.814s] -- Looking for dlfcn.h - found
[0.814s] -- Looking for libdl - found
[0.833s] -- Searching for <ignition-common3> component [graphics]
[0.833s] -- Looking for ignition-common3-graphics -- found version 3.14.0
[0.834s] -- Searching for dependencies of ignition-common3-graphics
[0.835s] -- Looking for ignition-math6 -- found version 6.15.1
[0.836s] -- Looking for ignition-fuel_tools4 -- found version 4.4.0
[0.836s] -- Searching for dependencies of ignition-fuel_tools4
[0.903s] -- Checking for module 'jsoncpp'
[0.922s] --   Found jsoncpp, version 1.9.5
[0.970s] -- Checking for module 'libzip'
[0.987s] --   Found libzip, version 1.7.3
[1.029s] -- Looking for ignition-common3 -- found version 3.14.0
[1.030s] -- Looking for ignition-math6 -- found version 6.15.1
[1.030s] -- Looking for ignition-msgs5 -- found version 5.8.1
[1.037s] -- Gazebo version: 11.10
[1.037s] -- Found gazebo_ros: 3.7.0 (/opt/ros/humble/share/gazebo_ros/cmake)
[1.085s] -- Found rmw_implementation_cmake: 6.1.2 (/opt/ros/humble/share/rmw_implementation_cmake/cmake)
[1.089s] -- Found rmw_fastrtps_cpp: 6.2.7 (/opt/ros/humble/share/rmw_fastrtps_cpp/cmake)
[1.224s] -- Using RMW implementation 'rmw_fastrtps_cpp' as default
[1.296s] -- Found geometry_msgs: 4.2.4 (/opt/ros/humble/share/geometry_msgs/cmake)
[1.305s] -- Found gazebo_map_creator_interface: 3.5.3 (/home/student/ros2_ws/install/gazebo_map_creator_interface/share/gazebo_map_creator_interface/cmake)
[1.321s] -- Found rclpy: 3.3.14 (/opt/ros/humble/share/rclpy/cmake)
[1.336s] -- Eigen found (include: /usr/include/eigen3, version: 3.4.0)
[1.344s] -- Found Boost: /usr/lib/x86_64-linux-gnu/cmake/Boost-1.74.0/BoostConfig.cmake (found suitable version "1.74.0", minimum required is "1.65.0") found components: system filesystem date_time iostreams serialization 
[1.372s] -- FLANN found (include: /usr/include, lib: /usr/lib/x86_64-linux-gnu/libflann_cpp.so)
[1.743s] -- OpenNI found (version: 1.5.4.0, include: /usr/include/ni, lib: /usr/lib/libOpenNI.so;libusb::libusb)
[1.750s] -- OpenNI2 found (version: 2.2.0.33, include: /usr/include/openni2, lib: /usr/lib/x86_64-linux-gnu/libOpenNI2.so;libusb::libusb)
[1.751s] [0m** WARNING ** io features related to pcap will be disabled[0m
[1.950s] -- Eigen found (include: /usr/include/eigen3, version: 3.4.0)
[1.957s] -- OpenNI found (version: 1.5.4.0, include: /usr/include/ni, lib: /usr/lib/libOpenNI.so;libusb::libusb)
[1.965s] -- OpenNI2 found (version: 2.2.0.33, include: /usr/include/openni2, lib: /usr/lib/x86_64-linux-gnu/libOpenNI2.so;libusb::libusb)
[2.143s] -- Found Qhull version 8.0.2
[2.330s] -- OpenNI found (version: 1.5.4.0, include: /usr/include/ni, lib: /usr/lib/libOpenNI.so;libusb::libusb)
[2.521s] -- looking for PCL_COMMON
[2.522s] -- looking for PCL_KDTREE
[2.522s] -- looking for PCL_OCTREE
[2.523s] -- looking for PCL_SEARCH
[2.523s] -- looking for PCL_SAMPLE_CONSENSUS
[2.524s] -- looking for PCL_FILTERS
[2.524s] -- looking for PCL_2D
[2.525s] -- looking for PCL_GEOMETRY
[2.525s] -- looking for PCL_IO
[2.526s] -- looking for PCL_FEATURES
[2.527s] -- looking for PCL_ML
[2.529s] -- looking for PCL_SEGMENTATION
[2.529s] -- looking for PCL_VISUALIZATION
[2.529s] -- looking for PCL_SURFACE
[2.529s] -- looking for PCL_REGISTRATION
[2.530s] -- looking for PCL_KEYPOINTS
[2.530s] -- looking for PCL_TRACKING
[2.530s] -- looking for PCL_RECOGNITION
[2.531s] -- looking for PCL_STEREO
[2.532s] -- looking for PCL_APPS
[2.533s] -- looking for PCL_IN_HAND_SCANNER
[2.533s] -- looking for PCL_MODELER
[2.533s] -- looking for PCL_POINT_CLOUD_EDITOR
[2.534s] -- looking for PCL_OUTOFCORE
[2.534s] -- looking for PCL_PEOPLE
[2.632s] -- Configuring done
[2.689s] -- Generating done
[2.693s] -- Build files have been written to: /home/student/ros2_ws/build/gazebo_map_creator
[2.717s] Invoked command in '/home/student/ros2_ws/build/gazebo_map_creator' returned '0': CMAKE_PREFIX_PATH=/home/student/ros2_ws/install/gazebo_map_creator_interface:/home/student/ros2_ws/install/turtlebot3:/home/student/ros2_ws/install/turtlebot3_simulations:/home/student/ros2_ws/install/turtlebot3_bringup:/home/student/ros2_ws/install/turtlebot3_node:/home/student/ros2_ws/install/turtlebot3_navigation2:/home/student/ros2_ws/install/turtlebot3_fake_node:/home/student/ros2_ws/install/turtlebot3_msgs:/home/student/ros2_ws/install/turtlebot3_gazebo:/home/student/ros2_ws/install/turtlebot3_description:/home/student/ros2_ws/install/turtlebot3_cartographer:/home/student/ros2_ws/install/map_ground_truth_publisher:/home/student/ros2_ws/install/gazebo_map_creator:/home/student/ros2_ws/install/dynamixel_sdk_examples:/home/student/ros2_ws/install/dynamixel_sdk_custom_interfaces:/home/student/ros2_ws/install/dynamixel_sdk:/home/student/ros2_ws/install/turtlebot3_teleop:/home/student/ros2_ws/install/turtlebot3_example:/opt/ros/humble LD_LIBRARY_PATH=/home/student/ros2_ws/install/gazebo_map_creator_interface/lib:/home/student/ros2_ws/install/turtlebot3_msgs/lib:/home/student/ros2_ws/install/gazebo_map_creator/lib:/home/student/ros2_ws/install/dynamixel_sdk_custom_interfaces/lib:/home/student/ros2_ws/install/dynamixel_sdk/lib:/usr/lib/x86_64-linux-gnu/gazebo-11/plugins:/opt/ros/humble/opt/rviz_ogre_vendor/lib:/opt/ros/humble/lib/x86_64-linux-gnu:/opt/ros/humble/lib:/usr/lib/x86_64-linux-gnu/gazebo-11/plugins /usr/bin/cmake /home/student/ros2_ws/src/gazebo_map_creator/gazebo_map_creator -DCMAKE_INSTALL_PREFIX=/home/student/ros2_ws/install/gazebo_map_creator
[2.720s] Invoking command in '/home/student/ros2_ws/build/gazebo_map_creator': CMAKE_PREFIX_PATH=/home/student/ros2_ws/install/gazebo_map_creator_interface:/home/student/ros2_ws/install/turtlebot3:/home/student/ros2_ws/install/turtlebot3_simulations:/home/student/ros2_ws/install/turtlebot3_bringup:/home/student/ros2_ws/install/turtlebot3_node:/home/student/ros2_ws/install/turtlebot3_navigation2:/home/student/ros2_ws/install/turtlebot3_fake_node:/home/student/ros2_ws/install/turtlebot3_msgs:/home/student/ros2_ws/install/turtlebot3_gazebo:/home/student/ros2_ws/install/turtlebot3_description:/home/student/ros2_ws/install/turtlebot3_cartographer:/home/student/ros2_ws/install/map_ground_truth_publisher:/home/student/ros2_ws/install/gazebo_map_creator:/home/student/ros2_ws/install/dynamixel_sdk_examples:/home/student/ros2_ws/install/dynamixel_sdk_custom_interfaces:/home/student/ros2_ws/install/dynamixel_sdk:/home/student/ros2_ws/install/turtlebot3_teleop:/home/student/ros2_ws/install/turtlebot3_example:/opt/ros/humble LD_LIBRARY_PATH=/home/student/ros2_ws/install/gazebo_map_creator_interface/lib:/home/student/ros2_ws/install/turtlebot3_msgs/lib:/home/student/ros2_ws/install/gazebo_map_creator/lib:/home/student/ros2_ws/install/dynamixel_sdk_custom_interfaces/lib:/home/student/ros2_ws/install/dynamixel_sdk/lib:/usr/lib/x86_64-linux-gnu/gazebo-11/plugins:/opt/ros/humble/opt/rviz_ogre_vendor/lib:/opt/ros/humble/lib/x86_64-linux-gnu:/opt/ros/humble/lib:/usr/lib/x86_64-linux-gnu/gazebo-11/plugins /usr/bin/cmake --build /home/student/ros2_ws/build/gazebo_map_creator -- -j8 -l8
[2.774s] [35m[1mConsolidate compiler generated dependencies of target gazebo_map_creator[0m
[2.827s] [100%] Built target gazebo_map_creator
[2.840s] Invoked command in '/home/student/ros2_ws/build/gazebo_map_creator' returned '0': CMAKE_PREFIX_PATH=/home/student/ros2_ws/install/gazebo_map_creator_interface:/home/student/ros2_ws/install/turtlebot3:/home/student/ros2_ws/install/turtlebot3_simulations:/home/student/ros2_ws/install/turtlebot3_bringup:/home/student/ros2_ws/install/turtlebot3_node:/home/student/ros2_ws/install/turtlebot3_navigation2:/home/student/ros2_ws/install/turtlebot3_fake_node:/home/student/ros2_ws/install/turtlebot3_msgs:/home/student/ros2_ws/install/turtlebot3_gazebo:/home/student/ros2_ws/install/turtlebot3_description:/home/student/ros2_ws/install/turtlebot3_cartographer:/home/student/ros2_ws/install/map_ground_truth_publisher:/home/student/ros2_ws/install/gazebo_map_creator:/home/student/ros2_ws/install/dynamixel_sdk_examples:/home/student/ros2_ws/install/dynamixel_sdk_custom_interfaces:/home/student/ros2_ws/install/dynamixel_sdk:/home/student/ros2_ws/install/turtlebot3_teleop:/home/student/ros2_ws/install/turtlebot3_example:/opt/ros/humble LD_LIBRARY_PATH=/home/student/ros2_ws/install/gazebo_map_creator_interface/lib:/home/student/ros2_ws/install/turtlebot3_msgs/lib:/home/student/ros2_ws/install/gazebo_map_creator/lib:/home/student/ros2_ws/install/dynamixel_sdk_custom_interfaces/lib:/home/student/ros2_ws/install/dynamixel_sdk/lib:/usr/lib/x86_64-linux-gnu/gazebo-11/plugins:/opt/ros/humble/opt/rviz_ogre_vendor/lib:/opt/ros/humble/lib/x86_64-linux-gnu:/opt/ros/humble/lib:/usr/lib/x86_64-linux-gnu/gazebo-11/plugins /usr/bin/cmake --build /home/student/ros2_ws/build/gazebo_map_creator -- -j8 -l8
[2.877s] Invoking command in '/home/student/ros2_ws/build/gazebo_map_creator': CMAKE_PREFIX_PATH=/home/student/ros2_ws/install/gazebo_map_creator_interface:/home/student/ros2_ws/install/turtlebot3:/home/student/ros2_ws/install/turtlebot3_simulations:/home/student/ros2_ws/install/turtlebot3_bringup:/home/student/ros2_ws/install/turtlebot3_node:/home/student/ros2_ws/install/turtlebot3_navigation2:/home/student/ros2_ws/install/turtlebot3_fake_node:/home/student/ros2_ws/install/turtlebot3_msgs:/home/student/ros2_ws/install/turtlebot3_gazebo:/home/student/ros2_ws/install/turtlebot3_description:/home/student/ros2_ws/install/turtlebot3_cartographer:/home/student/ros2_ws/install/map_ground_truth_publisher:/home/student/ros2_ws/install/gazebo_map_creator:/home/student/ros2_ws/install/dynamixel_sdk_examples:/home/student/ros2_ws/install/dynamixel_sdk_custom_interfaces:/home/student/ros2_ws/install/dynamixel_sdk:/home/student/ros2_ws/install/turtlebot3_teleop:/home/student/ros2_ws/install/turtlebot3_example:/opt/ros/humble LD_LIBRARY_PATH=/home/student/ros2_ws/install/gazebo_map_creator_interface/lib:/home/student/ros2_ws/install/turtlebot3_msgs/lib:/home/student/ros2_ws/install/gazebo_map_creator/lib:/home/student/ros2_ws/install/dynamixel_sdk_custom_interfaces/lib:/home/student/ros2_ws/install/dynamixel_sdk/lib:/usr/lib/x86_64-linux-gnu/gazebo-11/plugins:/opt/ros/humble/opt/rviz_ogre_vendor/lib:/opt/ros/humble/lib/x86_64-linux-gnu:/opt/ros/humble/lib:/usr/lib/x86_64-linux-gnu/gazebo-11/plugins /usr/bin/cmake --install /home/student/ros2_ws/build/gazebo_map_creator
[2.886s] -- Install configuration: ""
[2.886s] -- Execute custom install script
[2.887s] -- Up-to-date symlink: /home/student/ros2_ws/install/gazebo_map_creator/share/gazebo_map_creator/environment/library_path.sh
[2.887s] -- Up-to-date symlink: /home/student/ros2_ws/install/gazebo_map_creator/share/gazebo_map_creator/environment/library_path.dsv
[2.887s] -- Up-to-date symlink: /home/student/ros2_ws/install/gazebo_map_creator/share/gazebo_map_creator/scripts/request_map.py
[2.887s] -- Up-to-date symlink: /home/student/ros2_ws/install/gazebo_map_creator/lib/libgazebo_map_creator.so
[2.887s] -- Up-to-date symlink: /home/student/ros2_ws/install/gazebo_map_creator/lib/gazebo_map_creator/request_map.py
[2.888s] -- Up-to-date symlink: /home/student/ros2_ws/install/gazebo_map_creator/share/ament_index/resource_index/package_run_dependencies/gazebo_map_creator
[2.888s] -- Up-to-date symlink: /home/student/ros2_ws/install/gazebo_map_creator/share/ament_index/resource_index/parent_prefix_path/gazebo_map_creator
[2.888s] -- Up-to-date symlink: /home/student/ros2_ws/install/gazebo_map_creator/share/gazebo_map_creator/environment/ament_prefix_path.sh
[2.888s] -- Up-to-date symlink: /home/student/ros2_ws/install/gazebo_map_creator/share/gazebo_map_creator/environment/ament_prefix_path.dsv
[2.888s] -- Up-to-date symlink: /home/student/ros2_ws/install/gazebo_map_creator/share/gazebo_map_creator/environment/path.sh
[2.888s] -- Up-to-date symlink: /home/student/ros2_ws/install/gazebo_map_creator/share/gazebo_map_creator/environment/path.dsv
[2.888s] -- Up-to-date symlink: /home/student/ros2_ws/install/gazebo_map_creator/share/gazebo_map_creator/local_setup.bash
[2.889s] -- Up-to-date symlink: /home/student/ros2_ws/install/gazebo_map_creator/share/gazebo_map_creator/local_setup.sh
[2.889s] -- Up-to-date symlink: /home/student/ros2_ws/install/gazebo_map_creator/share/gazebo_map_creator/local_setup.zsh
[2.889s] -- Up-to-date symlink: /home/student/ros2_ws/install/gazebo_map_creator/share/gazebo_map_creator/local_setup.dsv
[2.889s] -- Symlinking: /home/student/ros2_ws/install/gazebo_map_creator/share/gazebo_map_creator/package.dsv
[2.901s] -- Up-to-date symlink: /home/student/ros2_ws/install/gazebo_map_creator/share/ament_index/resource_index/packages/gazebo_map_creator
[2.901s] -- Up-to-date symlink: /home/student/ros2_ws/install/gazebo_map_creator/share/gazebo_map_creator/cmake/ament_cmake_export_libraries-extras.cmake
[2.901s] -- Up-to-date symlink: /home/student/ros2_ws/install/gazebo_map_creator/share/gazebo_map_creator/cmake/ament_cmake_export_dependencies-extras.cmake
[2.901s] -- Up-to-date symlink: /home/student/ros2_ws/install/gazebo_map_creator/share/gazebo_map_creator/cmake/gazebo_map_creatorConfig.cmake
[2.902s] -- Up-to-date symlink: /home/student/ros2_ws/install/gazebo_map_creator/share/gazebo_map_creator/cmake/gazebo_map_creatorConfig-version.cmake
[2.902s] -- Up-to-date symlink: /home/student/ros2_ws/install/gazebo_map_creator/share/gazebo_map_creator/package.xml
[2.905s] Invoked command in '/home/student/ros2_ws/build/gazebo_map_creator' returned '0': CMAKE_PREFIX_PATH=/home/student/ros2_ws/install/gazebo_map_creator_interface:/home/student/ros2_ws/install/turtlebot3:/home/student/ros2_ws/install/turtlebot3_simulations:/home/student/ros2_ws/install/turtlebot3_bringup:/home/student/ros2_ws/install/turtlebot3_node:/home/student/ros2_ws/install/turtlebot3_navigation2:/home/student/ros2_ws/install/turtlebot3_fake_node:/home/student/ros2_ws/install/turtlebot3_msgs:/home/student/ros2_ws/install/turtlebot3_gazebo:/home/student/ros2_ws/install/turtlebot3_description:/home/student/ros2_ws/install/turtlebot3_cartographer:/home/student/ros2_ws/install/map_ground_truth_publisher:/home/student/ros2_ws/install/gazebo_map_creator:/home/student/ros2_ws/install/dynamixel_sdk_examples:/home/student/ros2_ws/install/dynamixel_sdk_custom_interfaces:/home/student/ros2_ws/install/dynamixel_sdk:/home/student/ros2_ws/install/turtlebot3_teleop:/home/student/ros2_ws/install/turtlebot3_example:/opt/ros/humble LD_LIBRARY_PATH=/home/student/ros2_ws/install/gazebo_map_creator_interface/lib:/home/student/ros2_ws/install/turtlebot3_msgs/lib:/home/student/ros2_ws/install/gazebo_map_creator/lib:/home/student/ros2_ws/install/dynamixel_sdk_custom_interfaces/lib:/home/student/ros2_ws/install/dynamixel_sdk/lib:/usr/lib/x86_64-linux-gnu/gazebo-11/plugins:/opt/ros/humble/opt/rviz_ogre_vendor/lib:/opt/ros/humble/lib/x86_64-linux-gnu:/opt/ros/humble/lib:/usr/lib/x86_64-linux-gnu/gazebo-11/plugins /usr/bin/cmake --install /home/student/ros2_ws/build/gazebo_map_creator
