[ 50%] [32mBuilding CXX object CMakeFiles/object_excluder_node.dir/src/object_excluder_node.cpp.o[0m
[100%] [32m[1mLinking CXX executable object_excluder_node[0m
[100%] Built target object_excluder_node
-- Install configuration: ""
-- Installing: /home/student/ros2_ws/install/object_excluder/lib/object_excluder/object_excluder_node
-- Set runtime path of "/home/student/ros2_ws/install/object_excluder/lib/object_excluder/object_excluder_node" to ""
-- Installing: /home/student/ros2_ws/install/object_excluder/share/ament_index/resource_index/package_run_dependencies/object_excluder
-- Installing: /home/student/ros2_ws/install/object_excluder/share/ament_index/resource_index/parent_prefix_path/object_excluder
-- Installing: /home/student/ros2_ws/install/object_excluder/share/object_excluder/environment/ament_prefix_path.sh
-- Installing: /home/student/ros2_ws/install/object_excluder/share/object_excluder/environment/ament_prefix_path.dsv
-- Installing: /home/student/ros2_ws/install/object_excluder/share/object_excluder/environment/path.sh
-- Installing: /home/student/ros2_ws/install/object_excluder/share/object_excluder/environment/path.dsv
-- Installing: /home/student/ros2_ws/install/object_excluder/share/object_excluder/local_setup.bash
-- Installing: /home/student/ros2_ws/install/object_excluder/share/object_excluder/local_setup.sh
-- Installing: /home/student/ros2_ws/install/object_excluder/share/object_excluder/local_setup.zsh
-- Installing: /home/student/ros2_ws/install/object_excluder/share/object_excluder/local_setup.dsv
-- Installing: /home/student/ros2_ws/install/object_excluder/share/object_excluder/package.dsv
-- Installing: /home/student/ros2_ws/install/object_excluder/share/ament_index/resource_index/packages/object_excluder
-- Installing: /home/student/ros2_ws/install/object_excluder/share/object_excluder/cmake/object_excluderConfig.cmake
-- Installing: /home/student/ros2_ws/install/object_excluder/share/object_excluder/cmake/object_excluderConfig-version.cmake
-- Installing: /home/student/ros2_ws/install/object_excluder/share/object_excluder/package.xml
