[0.160s] Invoking command in '/home/student/ros2_ws/build/object_excluder': CMAKE_PREFIX_PATH=${CMAKE_PREFIX_PATH}:/home/student/ros2_ws/install/turtlebot3_teleop:/home/student/ros2_ws/install/turtlebot3_example:/home/student/ros2_ws/install/rtabmap_python /usr/bin/cmake --build /home/student/ros2_ws/build/object_excluder -- -j8 -l8
[0.511s] [ 50%] [32mBuilding CXX object CMakeFiles/object_excluder_node.dir/src/object_excluder_node.cpp.o[0m
[27.417s] [100%] [32m[1mLinking CXX executable object_excluder_node[0m
[29.440s] [100%] Built target object_excluder_node
[29.507s] Invoked command in '/home/student/ros2_ws/build/object_excluder' returned '0': CMAKE_PREFIX_PATH=${CMAKE_PREFIX_PATH}:/home/student/ros2_ws/install/turtlebot3_teleop:/home/student/ros2_ws/install/turtlebot3_example:/home/student/ros2_ws/install/rtabmap_python /usr/bin/cmake --build /home/student/ros2_ws/build/object_excluder -- -j8 -l8
[29.876s] Invoking command in '/home/student/ros2_ws/build/object_excluder': CMAKE_PREFIX_PATH=${CMAKE_PREFIX_PATH}:/home/student/ros2_ws/install/turtlebot3_teleop:/home/student/ros2_ws/install/turtlebot3_example:/home/student/ros2_ws/install/rtabmap_python /usr/bin/cmake --install /home/student/ros2_ws/build/object_excluder
[32.461s] -- Install configuration: ""
[32.461s] -- Installing: /home/student/ros2_ws/install/object_excluder/lib/object_excluder/object_excluder_node
[32.462s] -- Set runtime path of "/home/student/ros2_ws/install/object_excluder/lib/object_excluder/object_excluder_node" to ""
[32.462s] -- Installing: /home/student/ros2_ws/install/object_excluder/share/ament_index/resource_index/package_run_dependencies/object_excluder
[32.462s] -- Installing: /home/student/ros2_ws/install/object_excluder/share/ament_index/resource_index/parent_prefix_path/object_excluder
[32.462s] -- Installing: /home/student/ros2_ws/install/object_excluder/share/object_excluder/environment/ament_prefix_path.sh
[32.462s] -- Installing: /home/student/ros2_ws/install/object_excluder/share/object_excluder/environment/ament_prefix_path.dsv
[32.462s] -- Installing: /home/student/ros2_ws/install/object_excluder/share/object_excluder/environment/path.sh
[32.462s] -- Installing: /home/student/ros2_ws/install/object_excluder/share/object_excluder/environment/path.dsv
[32.463s] -- Installing: /home/student/ros2_ws/install/object_excluder/share/object_excluder/local_setup.bash
[32.463s] -- Installing: /home/student/ros2_ws/install/object_excluder/share/object_excluder/local_setup.sh
[32.463s] -- Installing: /home/student/ros2_ws/install/object_excluder/share/object_excluder/local_setup.zsh
[32.463s] -- Installing: /home/student/ros2_ws/install/object_excluder/share/object_excluder/local_setup.dsv
[32.463s] -- Installing: /home/student/ros2_ws/install/object_excluder/share/object_excluder/package.dsv
[32.463s] -- Installing: /home/student/ros2_ws/install/object_excluder/share/ament_index/resource_index/packages/object_excluder
[32.464s] -- Installing: /home/student/ros2_ws/install/object_excluder/share/object_excluder/cmake/object_excluderConfig.cmake
[32.464s] -- Installing: /home/student/ros2_ws/install/object_excluder/share/object_excluder/cmake/object_excluderConfig-version.cmake
[32.464s] -- Installing: /home/student/ros2_ws/install/object_excluder/share/object_excluder/package.xml
[32.485s] Invoked command in '/home/student/ros2_ws/build/object_excluder' returned '0': CMAKE_PREFIX_PATH=${CMAKE_PREFIX_PATH}:/home/student/ros2_ws/install/turtlebot3_teleop:/home/student/ros2_ws/install/turtlebot3_example:/home/student/ros2_ws/install/rtabmap_python /usr/bin/cmake --install /home/student/ros2_ws/build/object_excluder
