[0.042s] Invoking command in '/home/student/ros2_ws/src/build/turtlebot3_description': CMAKE_PREFIX_PATH=${CMAKE_PREFIX_PATH}:/home/student/ros2_ws/install/turtlebot3_teleop:/home/student/ros2_ws/install/turtlebot3_example:/opt/ros/humble /usr/bin/cmake /home/student/ros2_ws/src/turtlebot3/turtlebot3_description -DCMAKE_INSTALL_PREFIX=/home/student/ros2_ws/src/install/turtlebot3_description
[0.135s] -- The C compiler identification is GNU 11.4.0
[0.239s] -- The CXX compiler identification is GNU 11.4.0
[0.250s] -- Detecting C compiler ABI info
[0.370s] -- Detecting C compiler ABI info - done
[0.392s] -- Check for working C compiler: /usr/bin/cc - skipped
[0.392s] -- Detecting C compile features
[0.392s] -- Detecting C compile features - done
[0.400s] -- Detecting CXX compiler ABI info
[0.534s] -- Detecting CXX compiler ABI info - done
[0.551s] -- Check for working CXX compiler: /usr/bin/c++ - skipped
[0.552s] -- Detecting CXX compile features
[0.552s] -- Detecting CXX compile features - done
[0.560s] -- Found ament_cmake: 1.3.10 (/opt/ros/humble/share/ament_cmake/cmake)
[0.858s] -- Found Python3: /usr/bin/python3 (found version "3.10.12") found components: Interpreter 
[1.085s] -- Found urdf: 2.6.1 (/opt/ros/humble/share/urdf/cmake)
[1.513s] -- Configuring done
[1.522s] -- Generating done
[1.530s] -- Build files have been written to: /home/student/ros2_ws/src/build/turtlebot3_description
[1.569s] Invoked command in '/home/student/ros2_ws/src/build/turtlebot3_description' returned '0': CMAKE_PREFIX_PATH=${CMAKE_PREFIX_PATH}:/home/student/ros2_ws/install/turtlebot3_teleop:/home/student/ros2_ws/install/turtlebot3_example:/opt/ros/humble /usr/bin/cmake /home/student/ros2_ws/src/turtlebot3/turtlebot3_description -DCMAKE_INSTALL_PREFIX=/home/student/ros2_ws/src/install/turtlebot3_description
[1.573s] Invoking command in '/home/student/ros2_ws/src/build/turtlebot3_description': CMAKE_PREFIX_PATH=${CMAKE_PREFIX_PATH}:/home/student/ros2_ws/install/turtlebot3_teleop:/home/student/ros2_ws/install/turtlebot3_example:/opt/ros/humble /usr/bin/cmake --build /home/student/ros2_ws/src/build/turtlebot3_description -- -j8 -l8
[1.737s] Invoked command in '/home/student/ros2_ws/src/build/turtlebot3_description' returned '0': CMAKE_PREFIX_PATH=${CMAKE_PREFIX_PATH}:/home/student/ros2_ws/install/turtlebot3_teleop:/home/student/ros2_ws/install/turtlebot3_example:/opt/ros/humble /usr/bin/cmake --build /home/student/ros2_ws/src/build/turtlebot3_description -- -j8 -l8
[2.257s] Invoking command in '/home/student/ros2_ws/src/build/turtlebot3_description': CMAKE_PREFIX_PATH=${CMAKE_PREFIX_PATH}:/home/student/ros2_ws/install/turtlebot3_teleop:/home/student/ros2_ws/install/turtlebot3_example:/opt/ros/humble /usr/bin/cmake --install /home/student/ros2_ws/src/build/turtlebot3_description
[2.263s] -- Install configuration: ""
[2.264s] -- Installing: /home/student/ros2_ws/src/install/turtlebot3_description/share/turtlebot3_description/meshes
[2.265s] -- Installing: /home/student/ros2_ws/src/install/turtlebot3_description/share/turtlebot3_description/meshes/bases
[2.265s] -- Installing: /home/student/ros2_ws/src/install/turtlebot3_description/share/turtlebot3_description/meshes/bases/waffle_pi_base.stl
[2.280s] -- Installing: /home/student/ros2_ws/src/install/turtlebot3_description/share/turtlebot3_description/meshes/bases/burger_base.stl
[2.292s] -- Installing: /home/student/ros2_ws/src/install/turtlebot3_description/share/turtlebot3_description/meshes/bases/waffle_base.stl
[2.330s] -- Installing: /home/student/ros2_ws/src/install/turtlebot3_description/share/turtlebot3_description/meshes/sensors
[2.330s] -- Installing: /home/student/ros2_ws/src/install/turtlebot3_description/share/turtlebot3_description/meshes/sensors/r200.dae
[2.330s] -- Installing: /home/student/ros2_ws/src/install/turtlebot3_description/share/turtlebot3_description/meshes/sensors/lds.stl
[2.331s] -- Installing: /home/student/ros2_ws/src/install/turtlebot3_description/share/turtlebot3_description/meshes/sensors/astra.jpg
[2.332s] -- Installing: /home/student/ros2_ws/src/install/turtlebot3_description/share/turtlebot3_description/meshes/sensors/astra.dae
[2.350s] -- Installing: /home/student/ros2_ws/src/install/turtlebot3_description/share/turtlebot3_description/meshes/sensors/r200.jpg
[2.351s] -- Installing: /home/student/ros2_ws/src/install/turtlebot3_description/share/turtlebot3_description/meshes/wheels
[2.351s] -- Installing: /home/student/ros2_ws/src/install/turtlebot3_description/share/turtlebot3_description/meshes/wheels/left_tire.stl
[2.352s] -- Installing: /home/student/ros2_ws/src/install/turtlebot3_description/share/turtlebot3_description/meshes/wheels/right_tire.stl
[2.356s] -- Installing: /home/student/ros2_ws/src/install/turtlebot3_description/share/turtlebot3_description/rviz
[2.356s] -- Installing: /home/student/ros2_ws/src/install/turtlebot3_description/share/turtlebot3_description/rviz/model.rviz
[2.356s] -- Installing: /home/student/ros2_ws/src/install/turtlebot3_description/share/turtlebot3_description/urdf
[2.356s] -- Installing: /home/student/ros2_ws/src/install/turtlebot3_description/share/turtlebot3_description/urdf/turtlebot3_waffle_pi.urdf
[2.356s] -- Installing: /home/student/ros2_ws/src/install/turtlebot3_description/share/turtlebot3_description/urdf/turtlebot3_waffle.urdf
[2.356s] -- Installing: /home/student/ros2_ws/src/install/turtlebot3_description/share/turtlebot3_description/urdf/turtlebot3_burger.urdf
[2.357s] -- Installing: /home/student/ros2_ws/src/install/turtlebot3_description/share/turtlebot3_description/urdf/common_properties.urdf
[2.357s] -- Installing: /home/student/ros2_ws/src/install/turtlebot3_description/share/ament_index/resource_index/package_run_dependencies/turtlebot3_description
[2.357s] -- Installing: /home/student/ros2_ws/src/install/turtlebot3_description/share/ament_index/resource_index/parent_prefix_path/turtlebot3_description
[2.357s] -- Installing: /home/student/ros2_ws/src/install/turtlebot3_description/share/turtlebot3_description/environment/ament_prefix_path.sh
[2.357s] -- Installing: /home/student/ros2_ws/src/install/turtlebot3_description/share/turtlebot3_description/environment/ament_prefix_path.dsv
[2.357s] -- Installing: /home/student/ros2_ws/src/install/turtlebot3_description/share/turtlebot3_description/environment/path.sh
[2.357s] -- Installing: /home/student/ros2_ws/src/install/turtlebot3_description/share/turtlebot3_description/environment/path.dsv
[2.361s] -- Installing: /home/student/ros2_ws/src/install/turtlebot3_description/share/turtlebot3_description/local_setup.bash
[2.362s] -- Installing: /home/student/ros2_ws/src/install/turtlebot3_description/share/turtlebot3_description/local_setup.sh
[2.362s] -- Installing: /home/student/ros2_ws/src/install/turtlebot3_description/share/turtlebot3_description/local_setup.zsh
[2.362s] -- Installing: /home/student/ros2_ws/src/install/turtlebot3_description/share/turtlebot3_description/local_setup.dsv
[2.362s] -- Installing: /home/student/ros2_ws/src/install/turtlebot3_description/share/turtlebot3_description/package.dsv
[2.362s] -- Installing: /home/student/ros2_ws/src/install/turtlebot3_description/share/ament_index/resource_index/packages/turtlebot3_description
[2.362s] -- Installing: /home/student/ros2_ws/src/install/turtlebot3_description/share/turtlebot3_description/cmake/turtlebot3_descriptionConfig.cmake
[2.362s] -- Installing: /home/student/ros2_ws/src/install/turtlebot3_description/share/turtlebot3_description/cmake/turtlebot3_descriptionConfig-version.cmake
[2.362s] -- Installing: /home/student/ros2_ws/src/install/turtlebot3_description/share/turtlebot3_description/package.xml
[2.365s] Invoked command in '/home/student/ros2_ws/src/build/turtlebot3_description' returned '0': CMAKE_PREFIX_PATH=${CMAKE_PREFIX_PATH}:/home/student/ros2_ws/install/turtlebot3_teleop:/home/student/ros2_ws/install/turtlebot3_example:/opt/ros/humble /usr/bin/cmake --install /home/student/ros2_ws/src/build/turtlebot3_description
