[100%] Built target turtlebot_controller
-- Install configuration: ""
-- Up-to-date: /home/student/ros2_ws/install/turtlebot_controller/lib/turtlebot_controller/turtlebot_controller
-- Up-to-date: /home/student/ros2_ws/install/turtlebot_controller/share/turtlebot_controller//launch
-- Up-to-date: /home/student/ros2_ws/install/turtlebot_controller/share/turtlebot_controller//launch/turtlebot_controller_launch.py
-- Up-to-date: /home/student/ros2_ws/install/turtlebot_controller/share/ament_index/resource_index/package_run_dependencies/turtlebot_controller
-- Up-to-date: /home/student/ros2_ws/install/turtlebot_controller/share/ament_index/resource_index/parent_prefix_path/turtlebot_controller
-- Up-to-date: /home/student/ros2_ws/install/turtlebot_controller/share/turtlebot_controller/environment/ament_prefix_path.sh
-- Up-to-date: /home/student/ros2_ws/install/turtlebot_controller/share/turtlebot_controller/environment/ament_prefix_path.dsv
-- Up-to-date: /home/student/ros2_ws/install/turtlebot_controller/share/turtlebot_controller/environment/path.sh
-- Up-to-date: /home/student/ros2_ws/install/turtlebot_controller/share/turtlebot_controller/environment/path.dsv
-- Up-to-date: /home/student/ros2_ws/install/turtlebot_controller/share/turtlebot_controller/local_setup.bash
-- Up-to-date: /home/student/ros2_ws/install/turtlebot_controller/share/turtlebot_controller/local_setup.sh
-- Up-to-date: /home/student/ros2_ws/install/turtlebot_controller/share/turtlebot_controller/local_setup.zsh
-- Up-to-date: /home/student/ros2_ws/install/turtlebot_controller/share/turtlebot_controller/local_setup.dsv
-- Installing: /home/student/ros2_ws/install/turtlebot_controller/share/turtlebot_controller/package.dsv
-- Up-to-date: /home/student/ros2_ws/install/turtlebot_controller/share/ament_index/resource_index/packages/turtlebot_controller
-- Up-to-date: /home/student/ros2_ws/install/turtlebot_controller/share/turtlebot_controller/cmake/turtlebot_controllerConfig.cmake
-- Up-to-date: /home/student/ros2_ws/install/turtlebot_controller/share/turtlebot_controller/cmake/turtlebot_controllerConfig-version.cmake
-- Up-to-date: /home/student/ros2_ws/install/turtlebot_controller/share/turtlebot_controller/package.xml
