[0.034s] Invoking command in '/home/student/ros2_ws/build/turtlebot_controller': CMAKE_PREFIX_PATH=${CMAKE_PREFIX_PATH}:/home/student/ros2_ws/install/turtlebot3_teleop:/home/student/ros2_ws/install/turtlebot3_example:/opt/ros/humble /usr/bin/cmake --build /home/student/ros2_ws/build/turtlebot_controller -- -j8 -l8
[0.169s] [100%] Built target turtlebot_controller
[0.194s] Invoked command in '/home/student/ros2_ws/build/turtlebot_controller' returned '0': CMAKE_PREFIX_PATH=${CMAKE_PREFIX_PATH}:/home/student/ros2_ws/install/turtlebot3_teleop:/home/student/ros2_ws/install/turtlebot3_example:/opt/ros/humble /usr/bin/cmake --build /home/student/ros2_ws/build/turtlebot_controller -- -j8 -l8
[0.273s] Invoking command in '/home/student/ros2_ws/build/turtlebot_controller': CMAKE_PREFIX_PATH=${CMAKE_PREFIX_PATH}:/home/student/ros2_ws/install/turtlebot3_teleop:/home/student/ros2_ws/install/turtlebot3_example:/opt/ros/humble /usr/bin/cmake --install /home/student/ros2_ws/build/turtlebot_controller
[0.287s] -- Install configuration: ""
[0.287s] -- Up-to-date: /home/student/ros2_ws/install/turtlebot_controller/lib/turtlebot_controller/turtlebot_controller
[0.288s] -- Up-to-date: /home/student/ros2_ws/install/turtlebot_controller/share/turtlebot_controller//launch
[0.288s] -- Up-to-date: /home/student/ros2_ws/install/turtlebot_controller/share/turtlebot_controller//launch/turtlebot_controller_launch.py
[0.289s] -- Up-to-date: /home/student/ros2_ws/install/turtlebot_controller/share/ament_index/resource_index/package_run_dependencies/turtlebot_controller
[0.289s] -- Up-to-date: /home/student/ros2_ws/install/turtlebot_controller/share/ament_index/resource_index/parent_prefix_path/turtlebot_controller
[0.289s] -- Up-to-date: /home/student/ros2_ws/install/turtlebot_controller/share/turtlebot_controller/environment/ament_prefix_path.sh
[0.290s] -- Up-to-date: /home/student/ros2_ws/install/turtlebot_controller/share/turtlebot_controller/environment/ament_prefix_path.dsv
[0.290s] -- Up-to-date: /home/student/ros2_ws/install/turtlebot_controller/share/turtlebot_controller/environment/path.sh
[0.290s] -- Up-to-date: /home/student/ros2_ws/install/turtlebot_controller/share/turtlebot_controller/environment/path.dsv
[0.290s] -- Up-to-date: /home/student/ros2_ws/install/turtlebot_controller/share/turtlebot_controller/local_setup.bash
[0.290s] -- Up-to-date: /home/student/ros2_ws/install/turtlebot_controller/share/turtlebot_controller/local_setup.sh
[0.291s] -- Up-to-date: /home/student/ros2_ws/install/turtlebot_controller/share/turtlebot_controller/local_setup.zsh
[0.291s] -- Up-to-date: /home/student/ros2_ws/install/turtlebot_controller/share/turtlebot_controller/local_setup.dsv
[0.291s] -- Installing: /home/student/ros2_ws/install/turtlebot_controller/share/turtlebot_controller/package.dsv
[0.291s] -- Up-to-date: /home/student/ros2_ws/install/turtlebot_controller/share/ament_index/resource_index/packages/turtlebot_controller
[0.291s] -- Up-to-date: /home/student/ros2_ws/install/turtlebot_controller/share/turtlebot_controller/cmake/turtlebot_controllerConfig.cmake
[0.291s] -- Up-to-date: /home/student/ros2_ws/install/turtlebot_controller/share/turtlebot_controller/cmake/turtlebot_controllerConfig-version.cmake
[0.291s] -- Up-to-date: /home/student/ros2_ws/install/turtlebot_controller/share/turtlebot_controller/package.xml
[0.294s] Invoked command in '/home/student/ros2_ws/build/turtlebot_controller' returned '0': CMAKE_PREFIX_PATH=${CMAKE_PREFIX_PATH}:/home/student/ros2_ws/install/turtlebot3_teleop:/home/student/ros2_ws/install/turtlebot3_example:/opt/ros/humble /usr/bin/cmake --install /home/student/ros2_ws/build/turtlebot_controller
