[2.332s] Invoking command in '/home/student/ros2_ws/src/turtlebot3/turtlebot3_teleop': PYTHONPATH=/home/student/ros2_ws/build/turtlebot3_teleop/prefix_override:/usr/lib/python3/dist-packages/colcon_core/task/python/colcon_distutils_commands:/home/student/ros2_ws/install/turtlebot3_teleop/lib/python3.10/site-packages:${PYTHONPATH} /usr/bin/python3 -W ignore:setup.py install is deprecated setup.py egg_info --egg-base ../../../build/turtlebot3_teleop build --build-base /home/student/ros2_ws/build/turtlebot3_teleop/build install --record /home/student/ros2_ws/build/turtlebot3_teleop/install.log --single-version-externally-managed install_data
[2.648s] running egg_info
[2.649s] writing ../../../build/turtlebot3_teleop/turtlebot3_teleop.egg-info/PKG-INFO
[2.649s] writing dependency_links to ../../../build/turtlebot3_teleop/turtlebot3_teleop.egg-info/dependency_links.txt
[2.649s] writing entry points to ../../../build/turtlebot3_teleop/turtlebot3_teleop.egg-info/entry_points.txt
[2.649s] writing requirements to ../../../build/turtlebot3_teleop/turtlebot3_teleop.egg-info/requires.txt
[2.650s] writing top-level names to ../../../build/turtlebot3_teleop/turtlebot3_teleop.egg-info/top_level.txt
[2.652s] reading manifest file '../../../build/turtlebot3_teleop/turtlebot3_teleop.egg-info/SOURCES.txt'
[2.655s] writing manifest file '../../../build/turtlebot3_teleop/turtlebot3_teleop.egg-info/SOURCES.txt'
[2.655s] running build
[2.656s] running build_py
[2.656s] running install
[2.656s] running install_lib
[2.658s] running install_data
[2.658s] running install_egg_info
[2.660s] removing '/home/student/ros2_ws/install/turtlebot3_teleop/lib/python3.10/site-packages/turtlebot3_teleop-2.1.5-py3.10.egg-info' (and everything under it)
[2.661s] Copying ../../../build/turtlebot3_teleop/turtlebot3_teleop.egg-info to /home/student/ros2_ws/install/turtlebot3_teleop/lib/python3.10/site-packages/turtlebot3_teleop-2.1.5-py3.10.egg-info
[2.662s] running install_scripts
[2.687s] Installing teleop_keyboard script to /home/student/ros2_ws/install/turtlebot3_teleop/lib/turtlebot3_teleop
[2.688s] writing list of installed files to '/home/student/ros2_ws/build/turtlebot3_teleop/install.log'
[2.724s] Invoked command in '/home/student/ros2_ws/src/turtlebot3/turtlebot3_teleop' returned '0': PYTHONPATH=/home/student/ros2_ws/build/turtlebot3_teleop/prefix_override:/usr/lib/python3/dist-packages/colcon_core/task/python/colcon_distutils_commands:/home/student/ros2_ws/install/turtlebot3_teleop/lib/python3.10/site-packages:${PYTHONPATH} /usr/bin/python3 -W ignore:setup.py install is deprecated setup.py egg_info --egg-base ../../../build/turtlebot3_teleop build --build-base /home/student/ros2_ws/build/turtlebot3_teleop/build install --record /home/student/ros2_ws/build/turtlebot3_teleop/install.log --single-version-externally-managed install_data
