[0.052s] Invoking command in '/home/student/ros2_ws/build/gazebo_map_creator_interface': CMAKE_PREFIX_PATH=${CMAKE_PREFIX_PATH}:/home/student/ros2_ws/install/turtlebot3_teleop:/home/student/ros2_ws/install/turtlebot3_example:/opt/ros/humble /usr/bin/cmake --build /home/student/ros2_ws/build/gazebo_map_creator_interface -- -j8 -l8
[0.139s] [  3%] Built target gazebo_map_creator_interface__cpp
[0.200s] [  3%] Built target ament_cmake_python_symlink_gazebo_map_creator_interface
[0.237s] [ 12%] Built target gazebo_map_creator_interface__rosidl_typesupport_introspection_cpp
[0.638s] running egg_info
[0.638s] writing gazebo_map_creator_interface.egg-info/PKG-INFO
[0.639s] writing dependency_links to gazebo_map_creator_interface.egg-info/dependency_links.txt
[0.639s] writing top-level names to gazebo_map_creator_interface.egg-info/top_level.txt
[0.642s] reading manifest file 'gazebo_map_creator_interface.egg-info/SOURCES.txt'
[0.642s] writing manifest file 'gazebo_map_creator_interface.egg-info/SOURCES.txt'
[0.677s] [ 12%] Built target ament_cmake_python_build_gazebo_map_creator_interface_egg
[0.707s] [ 22%] Built target gazebo_map_creator_interface__rosidl_typesupport_fastrtps_cpp
[0.738s] [ 32%] Built target gazebo_map_creator_interface__rosidl_typesupport_cpp
[0.768s] [ 41%] Built target gazebo_map_creator_interface__rosidl_generator_c
[0.804s] [ 51%] Built target gazebo_map_creator_interface__rosidl_typesupport_fastrtps_c
[0.840s] [ 61%] Built target gazebo_map_creator_interface__rosidl_typesupport_c
[0.879s] [ 70%] Built target gazebo_map_creator_interface__rosidl_typesupport_introspection_c
[0.918s] [ 70%] Built target gazebo_map_creator_interface
[0.953s] [ 74%] Built target gazebo_map_creator_interface__py
[0.993s] [ 80%] Built target gazebo_map_creator_interface__rosidl_generator_py
[1.031s] [ 87%] Built target gazebo_map_creator_interface__rosidl_typesupport_fastrtps_c__pyext
[1.064s] [ 93%] Built target gazebo_map_creator_interface__rosidl_typesupport_c__pyext
[1.100s] [100%] Built target gazebo_map_creator_interface__rosidl_typesupport_introspection_c__pyext
[1.119s] Invoked command in '/home/student/ros2_ws/build/gazebo_map_creator_interface' returned '0': CMAKE_PREFIX_PATH=${CMAKE_PREFIX_PATH}:/home/student/ros2_ws/install/turtlebot3_teleop:/home/student/ros2_ws/install/turtlebot3_example:/opt/ros/humble /usr/bin/cmake --build /home/student/ros2_ws/build/gazebo_map_creator_interface -- -j8 -l8
[1.229s] Invoking command in '/home/student/ros2_ws/build/gazebo_map_creator_interface': CMAKE_PREFIX_PATH=${CMAKE_PREFIX_PATH}:/home/student/ros2_ws/install/turtlebot3_teleop:/home/student/ros2_ws/install/turtlebot3_example:/opt/ros/humble /usr/bin/cmake --install /home/student/ros2_ws/build/gazebo_map_creator_interface
[1.242s] -- Install configuration: ""
[1.242s] -- Execute custom install script
[1.243s] -- Up-to-date symlink: /home/student/ros2_ws/install/gazebo_map_creator_interface/share/ament_index/resource_index/rosidl_interfaces/gazebo_map_creator_interface
[1.243s] -- Up-to-date symlink: /home/student/ros2_ws/install/gazebo_map_creator_interface/include/gazebo_map_creator_interface/gazebo_map_creator_interface/msg/rosidl_generator_c__visibility_control.h
[1.243s] -- Up-to-date symlink: /home/student/ros2_ws/install/gazebo_map_creator_interface/include/gazebo_map_creator_interface/gazebo_map_creator_interface/srv/detail/map_request__functions.h
[1.244s] -- Up-to-date symlink: /home/student/ros2_ws/install/gazebo_map_creator_interface/include/gazebo_map_creator_interface/gazebo_map_creator_interface/srv/detail/map_request__struct.h
[1.244s] -- Up-to-date symlink: /home/student/ros2_ws/install/gazebo_map_creator_interface/include/gazebo_map_creator_interface/gazebo_map_creator_interface/srv/detail/map_request__type_support.h
[1.244s] -- Up-to-date symlink: /home/student/ros2_ws/install/gazebo_map_creator_interface/include/gazebo_map_creator_interface/gazebo_map_creator_interface/srv/map_request.h
[1.245s] -- Up-to-date symlink: /home/student/ros2_ws/install/gazebo_map_creator_interface/share/gazebo_map_creator_interface/environment/library_path.sh
[1.245s] -- Up-to-date symlink: /home/student/ros2_ws/install/gazebo_map_creator_interface/share/gazebo_map_creator_interface/environment/library_path.dsv
[1.246s] -- Up-to-date symlink: /home/student/ros2_ws/install/gazebo_map_creator_interface/include/gazebo_map_creator_interface/gazebo_map_creator_interface/msg/rosidl_typesupport_fastrtps_c__visibility_control.h
[1.246s] -- Up-to-date symlink: /home/student/ros2_ws/install/gazebo_map_creator_interface/include/gazebo_map_creator_interface/gazebo_map_creator_interface/srv/detail/map_request__rosidl_typesupport_fastrtps_c.h
[1.246s] -- Up-to-date symlink: /home/student/ros2_ws/install/gazebo_map_creator_interface/include/gazebo_map_creator_interface/gazebo_map_creator_interface/srv/detail/map_request__builder.hpp
[1.246s] -- Up-to-date symlink: /home/student/ros2_ws/install/gazebo_map_creator_interface/include/gazebo_map_creator_interface/gazebo_map_creator_interface/srv/detail/map_request__struct.hpp
[1.246s] -- Up-to-date symlink: /home/student/ros2_ws/install/gazebo_map_creator_interface/include/gazebo_map_creator_interface/gazebo_map_creator_interface/srv/detail/map_request__traits.hpp
[1.247s] -- Up-to-date symlink: /home/student/ros2_ws/install/gazebo_map_creator_interface/include/gazebo_map_creator_interface/gazebo_map_creator_interface/srv/map_request.hpp
[1.248s] -- Up-to-date symlink: /home/student/ros2_ws/install/gazebo_map_creator_interface/include/gazebo_map_creator_interface/gazebo_map_creator_interface/msg/rosidl_typesupport_fastrtps_cpp__visibility_control.h
[1.249s] -- Up-to-date symlink: /home/student/ros2_ws/install/gazebo_map_creator_interface/include/gazebo_map_creator_interface/gazebo_map_creator_interface/srv/detail/map_request__rosidl_typesupport_fastrtps_cpp.hpp
[1.249s] -- Up-to-date symlink: /home/student/ros2_ws/install/gazebo_map_creator_interface/include/gazebo_map_creator_interface/gazebo_map_creator_interface/msg/rosidl_typesupport_introspection_c__visibility_control.h
[1.250s] -- Up-to-date symlink: /home/student/ros2_ws/install/gazebo_map_creator_interface/include/gazebo_map_creator_interface/gazebo_map_creator_interface/srv/detail/map_request__rosidl_typesupport_introspection_c.h
[1.251s] -- Up-to-date symlink: /home/student/ros2_ws/install/gazebo_map_creator_interface/include/gazebo_map_creator_interface/gazebo_map_creator_interface/srv/detail/map_request__rosidl_typesupport_introspection_cpp.hpp
[1.251s] -- Up-to-date symlink: /home/student/ros2_ws/install/gazebo_map_creator_interface/share/gazebo_map_creator_interface/environment/pythonpath.sh
[1.251s] -- Up-to-date symlink: /home/student/ros2_ws/install/gazebo_map_creator_interface/share/gazebo_map_creator_interface/environment/pythonpath.dsv
[1.252s] -- Up-to-date symlink: /home/student/ros2_ws/install/gazebo_map_creator_interface/local/lib/python3.10/dist-packages/gazebo_map_creator_interface-3.5.3-py3.10.egg-info/PKG-INFO
[1.252s] -- Up-to-date symlink: /home/student/ros2_ws/install/gazebo_map_creator_interface/local/lib/python3.10/dist-packages/gazebo_map_creator_interface-3.5.3-py3.10.egg-info/SOURCES.txt
[1.253s] -- Up-to-date symlink: /home/student/ros2_ws/install/gazebo_map_creator_interface/local/lib/python3.10/dist-packages/gazebo_map_creator_interface-3.5.3-py3.10.egg-info/dependency_links.txt
[1.253s] -- Up-to-date symlink: /home/student/ros2_ws/install/gazebo_map_creator_interface/local/lib/python3.10/dist-packages/gazebo_map_creator_interface-3.5.3-py3.10.egg-info/top_level.txt
[1.255s] -- Up-to-date symlink: /home/student/ros2_ws/install/gazebo_map_creator_interface/local/lib/python3.10/dist-packages/gazebo_map_creator_interface/__init__.py
[1.255s] -- Up-to-date symlink: /home/student/ros2_ws/install/gazebo_map_creator_interface/local/lib/python3.10/dist-packages/gazebo_map_creator_interface/_gazebo_map_creator_interface_s.ep.rosidl_typesupport_c.c
[1.256s] -- Up-to-date symlink: /home/student/ros2_ws/install/gazebo_map_creator_interface/local/lib/python3.10/dist-packages/gazebo_map_creator_interface/_gazebo_map_creator_interface_s.ep.rosidl_typesupport_fastrtps_c.c
[1.256s] -- Up-to-date symlink: /home/student/ros2_ws/install/gazebo_map_creator_interface/local/lib/python3.10/dist-packages/gazebo_map_creator_interface/_gazebo_map_creator_interface_s.ep.rosidl_typesupport_introspection_c.c
[1.257s] -- Up-to-date symlink: /home/student/ros2_ws/install/gazebo_map_creator_interface/local/lib/python3.10/dist-packages/gazebo_map_creator_interface/gazebo_map_creator_interface_s__rosidl_typesupport_c.cpython-310-x86_64-linux-gnu.so
[1.257s] -- Up-to-date symlink: /home/student/ros2_ws/install/gazebo_map_creator_interface/local/lib/python3.10/dist-packages/gazebo_map_creator_interface/gazebo_map_creator_interface_s__rosidl_typesupport_fastrtps_c.cpython-310-x86_64-linux-gnu.so
[1.257s] -- Up-to-date symlink: /home/student/ros2_ws/install/gazebo_map_creator_interface/local/lib/python3.10/dist-packages/gazebo_map_creator_interface/gazebo_map_creator_interface_s__rosidl_typesupport_introspection_c.cpython-310-x86_64-linux-gnu.so
[1.257s] -- Up-to-date symlink: /home/student/ros2_ws/install/gazebo_map_creator_interface/local/lib/python3.10/dist-packages/gazebo_map_creator_interface/libgazebo_map_creator_interface__rosidl_generator_py.so
[1.258s] -- Up-to-date symlink: /home/student/ros2_ws/install/gazebo_map_creator_interface/local/lib/python3.10/dist-packages/gazebo_map_creator_interface/srv/__init__.py
[1.258s] -- Up-to-date symlink: /home/student/ros2_ws/install/gazebo_map_creator_interface/local/lib/python3.10/dist-packages/gazebo_map_creator_interface/srv/_map_request.py
[1.258s] -- Up-to-date symlink: /home/student/ros2_ws/install/gazebo_map_creator_interface/local/lib/python3.10/dist-packages/gazebo_map_creator_interface/srv/_map_request_s.c
[1.258s] -- Up-to-date symlink: /home/student/ros2_ws/install/gazebo_map_creator_interface/local/lib/python3.10/dist-packages/gazebo_map_creator_interface/gazebo_map_creator_interface_s__rosidl_typesupport_fastrtps_c.cpython-310-x86_64-linux-gnu.so
[1.259s] -- Up-to-date symlink: /home/student/ros2_ws/install/gazebo_map_creator_interface/local/lib/python3.10/dist-packages/gazebo_map_creator_interface/gazebo_map_creator_interface_s__rosidl_typesupport_introspection_c.cpython-310-x86_64-linux-gnu.so
[1.259s] -- Up-to-date symlink: /home/student/ros2_ws/install/gazebo_map_creator_interface/local/lib/python3.10/dist-packages/gazebo_map_creator_interface/gazebo_map_creator_interface_s__rosidl_typesupport_c.cpython-310-x86_64-linux-gnu.so
[1.259s] -- Up-to-date symlink: /home/student/ros2_ws/install/gazebo_map_creator_interface/share/gazebo_map_creator_interface/srv/MapRequest.idl
[1.259s] -- Up-to-date symlink: /home/student/ros2_ws/install/gazebo_map_creator_interface/share/gazebo_map_creator_interface/srv/MapRequest.srv
[1.260s] -- Up-to-date symlink: /home/student/ros2_ws/install/gazebo_map_creator_interface/share/gazebo_map_creator_interface/srv/MapRequest_Request.msg
[1.260s] -- Up-to-date symlink: /home/student/ros2_ws/install/gazebo_map_creator_interface/share/gazebo_map_creator_interface/srv/MapRequest_Response.msg
[1.260s] -- Up-to-date symlink: /home/student/ros2_ws/install/gazebo_map_creator_interface/share/ament_index/resource_index/package_run_dependencies/gazebo_map_creator_interface
[1.260s] -- Up-to-date symlink: /home/student/ros2_ws/install/gazebo_map_creator_interface/share/ament_index/resource_index/parent_prefix_path/gazebo_map_creator_interface
[1.260s] -- Up-to-date symlink: /home/student/ros2_ws/install/gazebo_map_creator_interface/share/gazebo_map_creator_interface/environment/ament_prefix_path.sh
[1.260s] -- Up-to-date symlink: /home/student/ros2_ws/install/gazebo_map_creator_interface/share/gazebo_map_creator_interface/environment/ament_prefix_path.dsv
[1.260s] -- Up-to-date symlink: /home/student/ros2_ws/install/gazebo_map_creator_interface/share/gazebo_map_creator_interface/environment/path.sh
[1.261s] -- Up-to-date symlink: /home/student/ros2_ws/install/gazebo_map_creator_interface/share/gazebo_map_creator_interface/environment/path.dsv
[1.261s] -- Up-to-date symlink: /home/student/ros2_ws/install/gazebo_map_creator_interface/share/gazebo_map_creator_interface/local_setup.bash
[1.261s] -- Up-to-date symlink: /home/student/ros2_ws/install/gazebo_map_creator_interface/share/gazebo_map_creator_interface/local_setup.sh
[1.261s] -- Up-to-date symlink: /home/student/ros2_ws/install/gazebo_map_creator_interface/share/gazebo_map_creator_interface/local_setup.zsh
[1.261s] -- Up-to-date symlink: /home/student/ros2_ws/install/gazebo_map_creator_interface/share/gazebo_map_creator_interface/local_setup.dsv
[1.261s] -- Symlinking: /home/student/ros2_ws/install/gazebo_map_creator_interface/share/gazebo_map_creator_interface/package.dsv
[1.269s] -- Up-to-date symlink: /home/student/ros2_ws/install/gazebo_map_creator_interface/share/ament_index/resource_index/packages/gazebo_map_creator_interface
[1.270s] -- Up-to-date symlink: /home/student/ros2_ws/install/gazebo_map_creator_interface/share/gazebo_map_creator_interface/cmake/rosidl_cmake-extras.cmake
[1.271s] -- Up-to-date symlink: /home/student/ros2_ws/install/gazebo_map_creator_interface/share/gazebo_map_creator_interface/cmake/ament_cmake_export_dependencies-extras.cmake
[1.271s] -- Up-to-date symlink: /home/student/ros2_ws/install/gazebo_map_creator_interface/share/gazebo_map_creator_interface/cmake/ament_cmake_export_include_directories-extras.cmake
[1.272s] -- Up-to-date symlink: /home/student/ros2_ws/install/gazebo_map_creator_interface/share/gazebo_map_creator_interface/cmake/ament_cmake_export_libraries-extras.cmake
[1.272s] -- Up-to-date symlink: /home/student/ros2_ws/install/gazebo_map_creator_interface/share/gazebo_map_creator_interface/cmake/ament_cmake_export_targets-extras.cmake
[1.273s] -- Up-to-date symlink: /home/student/ros2_ws/install/gazebo_map_creator_interface/share/gazebo_map_creator_interface/cmake/rosidl_cmake_export_typesupport_targets-extras.cmake
[1.273s] -- Up-to-date symlink: /home/student/ros2_ws/install/gazebo_map_creator_interface/share/gazebo_map_creator_interface/cmake/rosidl_cmake_export_typesupport_libraries-extras.cmake
[1.273s] -- Up-to-date symlink: /home/student/ros2_ws/install/gazebo_map_creator_interface/share/gazebo_map_creator_interface/cmake/gazebo_map_creator_interfaceConfig.cmake
[1.273s] -- Up-to-date symlink: /home/student/ros2_ws/install/gazebo_map_creator_interface/share/gazebo_map_creator_interface/cmake/gazebo_map_creator_interfaceConfig-version.cmake
[1.273s] -- Up-to-date symlink: /home/student/ros2_ws/install/gazebo_map_creator_interface/share/gazebo_map_creator_interface/package.xml
[1.274s] -- Up-to-date: /home/student/ros2_ws/install/gazebo_map_creator_interface/lib/libgazebo_map_creator_interface__rosidl_generator_c.so
[1.274s] -- Up-to-date: /home/student/ros2_ws/install/gazebo_map_creator_interface/lib/libgazebo_map_creator_interface__rosidl_typesupport_fastrtps_c.so
[1.274s] -- Up-to-date: /home/student/ros2_ws/install/gazebo_map_creator_interface/lib/libgazebo_map_creator_interface__rosidl_typesupport_fastrtps_cpp.so
[1.275s] -- Up-to-date: /home/student/ros2_ws/install/gazebo_map_creator_interface/lib/libgazebo_map_creator_interface__rosidl_typesupport_introspection_c.so
[1.275s] -- Up-to-date: /home/student/ros2_ws/install/gazebo_map_creator_interface/lib/libgazebo_map_creator_interface__rosidl_typesupport_c.so
[1.275s] -- Up-to-date: /home/student/ros2_ws/install/gazebo_map_creator_interface/lib/libgazebo_map_creator_interface__rosidl_typesupport_introspection_cpp.so
[1.275s] -- Up-to-date: /home/student/ros2_ws/install/gazebo_map_creator_interface/lib/libgazebo_map_creator_interface__rosidl_typesupport_cpp.so
[1.315s] Listing '/home/student/ros2_ws/install/gazebo_map_creator_interface/local/lib/python3.10/dist-packages/gazebo_map_creator_interface'...
[1.315s] Listing '/home/student/ros2_ws/install/gazebo_map_creator_interface/local/lib/python3.10/dist-packages/gazebo_map_creator_interface/srv'...
[1.320s] -- Up-to-date: /home/student/ros2_ws/install/gazebo_map_creator_interface/lib/libgazebo_map_creator_interface__rosidl_generator_py.so
[1.321s] -- Up-to-date: /home/student/ros2_ws/install/gazebo_map_creator_interface/share/gazebo_map_creator_interface/cmake/export_gazebo_map_creator_interface__rosidl_generator_cExport.cmake
[1.321s] -- Up-to-date: /home/student/ros2_ws/install/gazebo_map_creator_interface/share/gazebo_map_creator_interface/cmake/export_gazebo_map_creator_interface__rosidl_generator_cExport-noconfig.cmake
[1.321s] -- Up-to-date: /home/student/ros2_ws/install/gazebo_map_creator_interface/share/gazebo_map_creator_interface/cmake/export_gazebo_map_creator_interface__rosidl_typesupport_fastrtps_cExport.cmake
[1.322s] -- Up-to-date: /home/student/ros2_ws/install/gazebo_map_creator_interface/share/gazebo_map_creator_interface/cmake/export_gazebo_map_creator_interface__rosidl_typesupport_fastrtps_cExport-noconfig.cmake
[1.322s] -- Up-to-date: /home/student/ros2_ws/install/gazebo_map_creator_interface/share/gazebo_map_creator_interface/cmake/export_gazebo_map_creator_interface__rosidl_generator_cppExport.cmake
[1.322s] -- Up-to-date: /home/student/ros2_ws/install/gazebo_map_creator_interface/share/gazebo_map_creator_interface/cmake/export_gazebo_map_creator_interface__rosidl_typesupport_fastrtps_cppExport.cmake
[1.322s] -- Up-to-date: /home/student/ros2_ws/install/gazebo_map_creator_interface/share/gazebo_map_creator_interface/cmake/export_gazebo_map_creator_interface__rosidl_typesupport_fastrtps_cppExport-noconfig.cmake
[1.322s] -- Up-to-date: /home/student/ros2_ws/install/gazebo_map_creator_interface/share/gazebo_map_creator_interface/cmake/gazebo_map_creator_interface__rosidl_typesupport_introspection_cExport.cmake
[1.323s] -- Up-to-date: /home/student/ros2_ws/install/gazebo_map_creator_interface/share/gazebo_map_creator_interface/cmake/gazebo_map_creator_interface__rosidl_typesupport_introspection_cExport-noconfig.cmake
[1.323s] -- Up-to-date: /home/student/ros2_ws/install/gazebo_map_creator_interface/share/gazebo_map_creator_interface/cmake/gazebo_map_creator_interface__rosidl_typesupport_cExport.cmake
[1.323s] -- Up-to-date: /home/student/ros2_ws/install/gazebo_map_creator_interface/share/gazebo_map_creator_interface/cmake/gazebo_map_creator_interface__rosidl_typesupport_cExport-noconfig.cmake
[1.323s] -- Up-to-date: /home/student/ros2_ws/install/gazebo_map_creator_interface/share/gazebo_map_creator_interface/cmake/gazebo_map_creator_interface__rosidl_typesupport_introspection_cppExport.cmake
[1.323s] -- Up-to-date: /home/student/ros2_ws/install/gazebo_map_creator_interface/share/gazebo_map_creator_interface/cmake/gazebo_map_creator_interface__rosidl_typesupport_introspection_cppExport-noconfig.cmake
[1.323s] -- Up-to-date: /home/student/ros2_ws/install/gazebo_map_creator_interface/share/gazebo_map_creator_interface/cmake/gazebo_map_creator_interface__rosidl_typesupport_cppExport.cmake
[1.323s] -- Up-to-date: /home/student/ros2_ws/install/gazebo_map_creator_interface/share/gazebo_map_creator_interface/cmake/gazebo_map_creator_interface__rosidl_typesupport_cppExport-noconfig.cmake
[1.323s] -- Up-to-date: /home/student/ros2_ws/install/gazebo_map_creator_interface/share/gazebo_map_creator_interface/cmake/export_gazebo_map_creator_interface__rosidl_generator_pyExport.cmake
[1.323s] -- Up-to-date: /home/student/ros2_ws/install/gazebo_map_creator_interface/share/gazebo_map_creator_interface/cmake/export_gazebo_map_creator_interface__rosidl_generator_pyExport-noconfig.cmake
[1.326s] Invoked command in '/home/student/ros2_ws/build/gazebo_map_creator_interface' returned '0': CMAKE_PREFIX_PATH=${CMAKE_PREFIX_PATH}:/home/student/ros2_ws/install/turtlebot3_teleop:/home/student/ros2_ws/install/turtlebot3_example:/opt/ros/humble /usr/bin/cmake --install /home/student/ros2_ws/build/gazebo_map_creator_interface
