[0.034s] Invoking command in '/home/student/ros2_ws/build/turtlebot_controller': CMAKE_PREFIX_PATH=${CMAKE_PREFIX_PATH}:/home/student/ros2_ws/install/turtlebot3_teleop:/home/student/ros2_ws/install/turtlebot3_example:/opt/ros/humble /usr/bin/cmake /home/student/ros2_ws/src/turtlebot_controller -DCMAKE_INSTALL_PREFIX=/home/student/ros2_ws/install/turtlebot_controller
[0.225s] -- The C compiler identification is GNU 11.4.0
[0.419s] -- The CXX compiler identification is GNU 11.4.0
[0.448s] -- Detecting C compiler ABI info
[0.725s] -- Detecting C compiler ABI info - done
[0.740s] -- Check for working C compiler: /usr/bin/cc - skipped
[0.740s] -- Detecting C compile features
[0.741s] -- Detecting C compile features - done
[0.743s] -- Detecting CXX compiler ABI info
[1.031s] -- Detecting CXX compiler ABI info - done
[1.065s] -- Check for working CXX compiler: /usr/bin/c++ - skipped
[1.065s] -- Detecting CXX compile features
[1.065s] -- Detecting CXX compile features - done
[1.075s] -- Found ament_cmake: 1.3.10 (/opt/ros/humble/share/ament_cmake/cmake)
[1.407s] -- Found Python3: /usr/bin/python3 (found version "3.10.12") found components: Interpreter 
[1.699s] -- Found rclcpp: 16.0.10 (/opt/ros/humble/share/rclcpp/cmake)
[1.958s] -- Found rosidl_generator_c: 3.1.5 (/opt/ros/humble/share/rosidl_generator_c/cmake)
[1.986s] -- Found rosidl_adapter: 3.1.5 (/opt/ros/humble/share/rosidl_adapter/cmake)
[2.044s] -- Found rosidl_generator_cpp: 3.1.5 (/opt/ros/humble/share/rosidl_generator_cpp/cmake)
[2.140s] -- Using all available rosidl_typesupport_c: rosidl_typesupport_fastrtps_c;rosidl_typesupport_introspection_c
[2.224s] -- Using all available rosidl_typesupport_cpp: rosidl_typesupport_fastrtps_cpp;rosidl_typesupport_introspection_cpp
[2.471s] -- Found rmw_implementation_cmake: 6.1.2 (/opt/ros/humble/share/rmw_implementation_cmake/cmake)
[2.492s] -- Found rmw_fastrtps_cpp: 6.2.7 (/opt/ros/humble/share/rmw_fastrtps_cpp/cmake)
[3.001s] -- Found OpenSSL: /usr/lib/x86_64-linux-gnu/libcrypto.so (found version "3.0.2")  
[3.187s] -- Found FastRTPS: /opt/ros/humble/include  
[3.442s] -- Using RMW implementation 'rmw_fastrtps_cpp' as default
[3.487s] -- Looking for pthread.h
[3.869s] -- Looking for pthread.h - found
[3.873s] -- Performing Test CMAKE_HAVE_LIBC_PTHREAD
[4.284s] -- Performing Test CMAKE_HAVE_LIBC_PTHREAD - Success
[4.296s] -- Found Threads: TRUE  
[4.729s] -- Found geometry_msgs: 4.2.4 (/opt/ros/humble/share/geometry_msgs/cmake)
[4.842s] -- Found nav_msgs: 4.2.4 (/opt/ros/humble/share/nav_msgs/cmake)
[4.971s] -- Found sensor_msgs: 4.2.4 (/opt/ros/humble/share/sensor_msgs/cmake)
[5.077s] -- Found tf2_geometry_msgs: 0.25.8 (/opt/ros/humble/share/tf2_geometry_msgs/cmake)
[5.157s] -- Found eigen3_cmake_module: 0.1.1 (/opt/ros/humble/share/eigen3_cmake_module/cmake)
[5.162s] -- Found Eigen3: TRUE (found version "3.4.0") 
[5.162s] -- Ensuring Eigen3 include directory is part of orocos-kdl CMake target
[5.836s] -- Found warehouse_robot_msgs: 0.0.0 (/home/student/ros2_ws/install/warehouse_robot_msgs/share/warehouse_robot_msgs/cmake)
[5.954s] -- Found visualization_msgs: 4.2.4 (/opt/ros/humble/share/visualization_msgs/cmake)
[6.443s] -- Configuring done
[6.519s] -- Generating done
[6.530s] -- Build files have been written to: /home/student/ros2_ws/build/turtlebot_controller
[6.611s] Invoked command in '/home/student/ros2_ws/build/turtlebot_controller' returned '0': CMAKE_PREFIX_PATH=${CMAKE_PREFIX_PATH}:/home/student/ros2_ws/install/turtlebot3_teleop:/home/student/ros2_ws/install/turtlebot3_example:/opt/ros/humble /usr/bin/cmake /home/student/ros2_ws/src/turtlebot_controller -DCMAKE_INSTALL_PREFIX=/home/student/ros2_ws/install/turtlebot_controller
[6.612s] Invoking command in '/home/student/ros2_ws/build/turtlebot_controller': CMAKE_PREFIX_PATH=${CMAKE_PREFIX_PATH}:/home/student/ros2_ws/install/turtlebot3_teleop:/home/student/ros2_ws/install/turtlebot3_example:/opt/ros/humble /usr/bin/cmake --build /home/student/ros2_ws/build/turtlebot_controller -- -j8 -l8
[11.991s] [ 20%] [32mBuilding CXX object CMakeFiles/turtlebot_controller.dir/src/controller.cpp.o[0m
[11.991s] [ 40%] [32mBuilding CXX object CMakeFiles/turtlebot_controller.dir/src/main.cpp.o[0m
[11.992s] [ 60%] [32mBuilding CXX object CMakeFiles/turtlebot_controller.dir/src/turtlebot_sensorprocessing.cpp.o[0m
[11.992s] [ 80%] [32mBuilding CXX object CMakeFiles/turtlebot_controller.dir/src/turtlebot_control_cal.cpp.o[0m
[49.502s] [100%] [32m[1mLinking CXX executable turtlebot_controller[0m
[50.994s] [100%] Built target turtlebot_controller
