[0.450s] Invoking command in '/home/student/ros2_ws/build/map_ground_truth_publisher': CMAKE_PREFIX_PATH=${CMAKE_PREFIX_PATH}:/home/student/ros2_ws/install/turtlebot3_teleop:/home/student/ros2_ws/install/turtlebot3_example:/opt/ros/humble /usr/bin/cmake /home/student/ros2_ws/src/map_ground_truth_publisher -DAMENT_CMAKE_SYMLINK_INSTALL=1 -DCMAKE_INSTALL_PREFIX=/home/student/ros2_ws/install/map_ground_truth_publisher
[0.550s] -- The C compiler identification is GNU 11.4.0
[0.675s] -- The CXX compiler identification is GNU 11.4.0
[0.696s] -- Detecting C compiler ABI info
[0.933s] -- Detecting C compiler ABI info - done
[0.947s] -- Check for working C compiler: /usr/bin/cc - skipped
[0.947s] -- Detecting C compile features
[0.948s] -- Detecting C compile features - done
[0.965s] -- Detecting CXX compiler ABI info
[1.203s] -- Detecting CXX compiler ABI info - done
[1.220s] -- Check for working CXX compiler: /usr/bin/c++ - skipped
[1.220s] -- Detecting CXX compile features
[1.223s] -- Detecting CXX compile features - done
[1.238s] -- Found ament_cmake: 1.3.10 (/opt/ros/humble/share/ament_cmake/cmake)
[1.787s] -- Found Python3: /usr/bin/python3 (found version "3.10.12") found components: Interpreter 
[2.033s] -- Override CMake install command with custom implementation using symlinks instead of copying resources
[2.147s] -- Found nav_msgs: 4.2.4 (/opt/ros/humble/share/nav_msgs/cmake)
[2.288s] -- Found rosidl_generator_c: 3.1.5 (/opt/ros/humble/share/rosidl_generator_c/cmake)
[2.303s] -- Found rosidl_adapter: 3.1.5 (/opt/ros/humble/share/rosidl_adapter/cmake)
[2.325s] -- Found rosidl_generator_cpp: 3.1.5 (/opt/ros/humble/share/rosidl_generator_cpp/cmake)
[2.362s] -- Using all available rosidl_typesupport_c: rosidl_typesupport_fastrtps_c;rosidl_typesupport_introspection_c
[2.425s] -- Using all available rosidl_typesupport_cpp: rosidl_typesupport_fastrtps_cpp;rosidl_typesupport_introspection_cpp
[2.791s] -- Found rclcpp: 16.0.10 (/opt/ros/humble/share/rclcpp/cmake)
[2.944s] -- Found rmw_implementation_cmake: 6.1.2 (/opt/ros/humble/share/rmw_implementation_cmake/cmake)
[2.951s] -- Found rmw_fastrtps_cpp: 6.2.7 (/opt/ros/humble/share/rmw_fastrtps_cpp/cmake)
[3.533s] -- Found OpenSSL: /usr/lib/x86_64-linux-gnu/libcrypto.so (found version "3.0.2")  
[3.663s] -- Found FastRTPS: /opt/ros/humble/include  
[3.813s] -- Using RMW implementation 'rmw_fastrtps_cpp' as default
[3.851s] -- Looking for pthread.h
[4.272s] -- Looking for pthread.h - found
[4.272s] -- Performing Test CMAKE_HAVE_LIBC_PTHREAD
[4.606s] -- Performing Test CMAKE_HAVE_LIBC_PTHREAD - Success
[4.608s] -- Found Threads: TRUE  
[4.797s] -- Found OpenCV: /usr (found version "4.5.4") 
[5.010s] -- Configuring done
[5.069s] -- Generating done
[5.090s] -- Build files have been written to: /home/student/ros2_ws/build/map_ground_truth_publisher
[5.127s] Invoked command in '/home/student/ros2_ws/build/map_ground_truth_publisher' returned '0': CMAKE_PREFIX_PATH=${CMAKE_PREFIX_PATH}:/home/student/ros2_ws/install/turtlebot3_teleop:/home/student/ros2_ws/install/turtlebot3_example:/opt/ros/humble /usr/bin/cmake /home/student/ros2_ws/src/map_ground_truth_publisher -DAMENT_CMAKE_SYMLINK_INSTALL=1 -DCMAKE_INSTALL_PREFIX=/home/student/ros2_ws/install/map_ground_truth_publisher
[5.128s] Invoking command in '/home/student/ros2_ws/build/map_ground_truth_publisher': CMAKE_PREFIX_PATH=${CMAKE_PREFIX_PATH}:/home/student/ros2_ws/install/turtlebot3_teleop:/home/student/ros2_ws/install/turtlebot3_example:/opt/ros/humble /usr/bin/cmake --build /home/student/ros2_ws/build/map_ground_truth_publisher -- -j8 -l8
[5.392s] [ 50%] [32mBuilding CXX object CMakeFiles/map_publisher_node.dir/src/map_publisher_node.cpp.o[0m
[19.476s] [100%] [32m[1mLinking CXX executable map_publisher_node[0m
[20.296s] [100%] Built target map_publisher_node
[20.323s] Invoked command in '/home/student/ros2_ws/build/map_ground_truth_publisher' returned '0': CMAKE_PREFIX_PATH=${CMAKE_PREFIX_PATH}:/home/student/ros2_ws/install/turtlebot3_teleop:/home/student/ros2_ws/install/turtlebot3_example:/opt/ros/humble /usr/bin/cmake --build /home/student/ros2_ws/build/map_ground_truth_publisher -- -j8 -l8
[20.448s] Invoking command in '/home/student/ros2_ws/build/map_ground_truth_publisher': CMAKE_PREFIX_PATH=${CMAKE_PREFIX_PATH}:/home/student/ros2_ws/install/turtlebot3_teleop:/home/student/ros2_ws/install/turtlebot3_example:/opt/ros/humble /usr/bin/cmake --install /home/student/ros2_ws/build/map_ground_truth_publisher
[20.467s] -- Install configuration: ""
[20.468s] -- Execute custom install script
[20.469s] -- Symlinking: /home/student/ros2_ws/install/map_ground_truth_publisher/lib/map_ground_truth_publisher/map_publisher_node
[20.487s] -- Symlinking: /home/student/ros2_ws/install/map_ground_truth_publisher/share/ament_index/resource_index/package_run_dependencies/map_ground_truth_publisher
[20.503s] -- Symlinking: /home/student/ros2_ws/install/map_ground_truth_publisher/share/ament_index/resource_index/parent_prefix_path/map_ground_truth_publisher
[20.525s] -- Symlinking: /home/student/ros2_ws/install/map_ground_truth_publisher/share/map_ground_truth_publisher/environment/ament_prefix_path.sh
[20.542s] -- Symlinking: /home/student/ros2_ws/install/map_ground_truth_publisher/share/map_ground_truth_publisher/environment/ament_prefix_path.dsv
[20.561s] -- Symlinking: /home/student/ros2_ws/install/map_ground_truth_publisher/share/map_ground_truth_publisher/environment/path.sh
[20.581s] -- Symlinking: /home/student/ros2_ws/install/map_ground_truth_publisher/share/map_ground_truth_publisher/environment/path.dsv
[20.603s] -- Symlinking: /home/student/ros2_ws/install/map_ground_truth_publisher/share/map_ground_truth_publisher/local_setup.bash
[20.622s] -- Symlinking: /home/student/ros2_ws/install/map_ground_truth_publisher/share/map_ground_truth_publisher/local_setup.sh
[20.641s] -- Symlinking: /home/student/ros2_ws/install/map_ground_truth_publisher/share/map_ground_truth_publisher/local_setup.zsh
[20.661s] -- Symlinking: /home/student/ros2_ws/install/map_ground_truth_publisher/share/map_ground_truth_publisher/local_setup.dsv
[20.679s] -- Symlinking: /home/student/ros2_ws/install/map_ground_truth_publisher/share/map_ground_truth_publisher/package.dsv
[20.695s] -- Symlinking: /home/student/ros2_ws/install/map_ground_truth_publisher/share/ament_index/resource_index/packages/map_ground_truth_publisher
[20.718s] -- Symlinking: /home/student/ros2_ws/install/map_ground_truth_publisher/share/map_ground_truth_publisher/cmake/map_ground_truth_publisherConfig.cmake
[20.734s] -- Symlinking: /home/student/ros2_ws/install/map_ground_truth_publisher/share/map_ground_truth_publisher/cmake/map_ground_truth_publisherConfig-version.cmake
[20.758s] -- Symlinking: /home/student/ros2_ws/install/map_ground_truth_publisher/share/map_ground_truth_publisher/package.xml
[20.781s] Invoked command in '/home/student/ros2_ws/build/map_ground_truth_publisher' returned '0': CMAKE_PREFIX_PATH=${CMAKE_PREFIX_PATH}:/home/student/ros2_ws/install/turtlebot3_teleop:/home/student/ros2_ws/install/turtlebot3_example:/opt/ros/humble /usr/bin/cmake --install /home/student/ros2_ws/build/map_ground_truth_publisher
