[0.031s] Invoking command in '/home/student/ros2_ws/src/build/global_controller_single_robot': CMAKE_PREFIX_PATH=${CMAKE_PREFIX_PATH}:/home/student/ros2_ws/install/turtlebot3_teleop:/home/student/ros2_ws/install/turtlebot3_example:/opt/ros/humble /usr/bin/cmake /home/student/ros2_ws/src/global_controller_single_robot -DCMAKE_INSTALL_PREFIX=/home/student/ros2_ws/src/install/global_controller_single_robot
[0.120s] -- The C compiler identification is GNU 11.4.0
[0.209s] -- The CXX compiler identification is GNU 11.4.0
[0.222s] -- Detecting C compiler ABI info
[0.347s] -- Detecting C compiler ABI info - done
[0.359s] -- Check for working C compiler: /usr/bin/cc - skipped
[0.360s] -- Detecting C compile features
[0.361s] -- Detecting C compile features - done
[0.369s] -- Detecting CXX compiler ABI info
[0.505s] -- Detecting CXX compiler ABI info - done
[0.519s] -- Check for working CXX compiler: /usr/bin/c++ - skipped
[0.519s] -- Detecting CXX compile features
[0.520s] -- Detecting CXX compile features - done
[0.528s] -- Found ament_cmake: 1.3.10 (/opt/ros/humble/share/ament_cmake/cmake)
[0.839s] -- Found Python3: /usr/bin/python3 (found version "3.10.12") found components: Interpreter 
[1.108s] -- Found rclcpp: 16.0.10 (/opt/ros/humble/share/rclcpp/cmake)
[1.243s] -- Found rosidl_generator_c: 3.1.5 (/opt/ros/humble/share/rosidl_generator_c/cmake)
[1.257s] -- Found rosidl_adapter: 3.1.5 (/opt/ros/humble/share/rosidl_adapter/cmake)
[1.278s] -- Found rosidl_generator_cpp: 3.1.5 (/opt/ros/humble/share/rosidl_generator_cpp/cmake)
[1.308s] -- Using all available rosidl_typesupport_c: rosidl_typesupport_fastrtps_c;rosidl_typesupport_introspection_c
[1.350s] -- Using all available rosidl_typesupport_cpp: rosidl_typesupport_fastrtps_cpp;rosidl_typesupport_introspection_cpp
[1.481s] -- Found rmw_implementation_cmake: 6.1.2 (/opt/ros/humble/share/rmw_implementation_cmake/cmake)
[1.496s] -- Found rmw_fastrtps_cpp: 6.2.7 (/opt/ros/humble/share/rmw_fastrtps_cpp/cmake)
[1.749s] -- Found OpenSSL: /usr/lib/x86_64-linux-gnu/libcrypto.so (found version "3.0.2")  
[1.865s] -- Found FastRTPS: /opt/ros/humble/include  
[2.014s] -- Using RMW implementation 'rmw_fastrtps_cpp' as default
[2.043s] -- Looking for pthread.h
[2.329s] -- Looking for pthread.h - found
[2.330s] -- Performing Test CMAKE_HAVE_LIBC_PTHREAD
[2.655s] -- Performing Test CMAKE_HAVE_LIBC_PTHREAD - Success
[2.662s] -- Found Threads: TRUE  
[2.963s] -- Found geometry_msgs: 4.2.4 (/opt/ros/humble/share/geometry_msgs/cmake)
[3.027s] -- Found nav_msgs: 4.2.4 (/opt/ros/humble/share/nav_msgs/cmake)
[3.154s] -- Found sensor_msgs: 4.2.4 (/opt/ros/humble/share/sensor_msgs/cmake)
[3.291s] -- Configuring incomplete, errors occurred!
[3.291s] See also "/home/student/ros2_ws/src/build/global_controller_single_robot/CMakeFiles/CMakeOutput.log".
[3.291s] [31mCMake Error at CMakeLists.txt:10 (find_package):
[3.291s]   By not providing "Findmarker_msgs.cmake" in CMAKE_MODULE_PATH this project
[3.291s]   has asked CMake to find a package configuration file provided by
[3.292s]   "marker_msgs", but CMake did not find one.
[3.292s] 
[3.292s]   Could not find a package configuration file provided by "marker_msgs" with
[3.292s]   any of the following names:
[3.292s] 
[3.292s]     marker_msgsConfig.cmake
[3.292s]     marker_msgs-config.cmake
[3.293s] 
[3.293s]   Add the installation prefix of "marker_msgs" to CMAKE_PREFIX_PATH or set
[3.293s]   "marker_msgs_DIR" to a directory containing one of the above files.  If
[3.293s]   "marker_msgs" provides a separate development package or SDK, be sure it
[3.293s]   has been installed.
[3.294s] 
[3.294s] [0m
[3.347s] Invoked command in '/home/student/ros2_ws/src/build/global_controller_single_robot' returned '1': CMAKE_PREFIX_PATH=${CMAKE_PREFIX_PATH}:/home/student/ros2_ws/install/turtlebot3_teleop:/home/student/ros2_ws/install/turtlebot3_example:/opt/ros/humble /usr/bin/cmake /home/student/ros2_ws/src/global_controller_single_robot -DCMAKE_INSTALL_PREFIX=/home/student/ros2_ws/src/install/global_controller_single_robot
