[1.990s] Invoking command in '/home/student/ros2_ws/src/turtlebot3/turtlebot3_teleop': PYTHONPATH=/home/student/ros2_ws/src/build/turtlebot3_teleop/prefix_override:/usr/lib/python3/dist-packages/colcon_core/task/python/colcon_distutils_commands:/home/student/ros2_ws/src/install/turtlebot3_teleop/lib/python3.10/site-packages:${PYTHONPATH} /usr/bin/python3 -W ignore:setup.py install is deprecated setup.py egg_info --egg-base ../../build/turtlebot3_teleop build --build-base /home/student/ros2_ws/src/build/turtlebot3_teleop/build install --record /home/student/ros2_ws/src/build/turtlebot3_teleop/install.log --single-version-externally-managed install_data
[4.603s] running egg_info
[4.603s] creating ../../build/turtlebot3_teleop/turtlebot3_teleop.egg-info
[4.603s] writing ../../build/turtlebot3_teleop/turtlebot3_teleop.egg-info/PKG-INFO
[4.603s] writing dependency_links to ../../build/turtlebot3_teleop/turtlebot3_teleop.egg-info/dependency_links.txt
[4.604s] writing entry points to ../../build/turtlebot3_teleop/turtlebot3_teleop.egg-info/entry_points.txt
[4.604s] writing requirements to ../../build/turtlebot3_teleop/turtlebot3_teleop.egg-info/requires.txt
[4.604s] writing top-level names to ../../build/turtlebot3_teleop/turtlebot3_teleop.egg-info/top_level.txt
[4.605s] writing manifest file '../../build/turtlebot3_teleop/turtlebot3_teleop.egg-info/SOURCES.txt'
[4.605s] reading manifest file '../../build/turtlebot3_teleop/turtlebot3_teleop.egg-info/SOURCES.txt'
[4.605s] writing manifest file '../../build/turtlebot3_teleop/turtlebot3_teleop.egg-info/SOURCES.txt'
[4.608s] running build
[4.608s] running build_py
[4.608s] creating /home/student/ros2_ws/src/build/turtlebot3_teleop/build
[4.609s] creating /home/student/ros2_ws/src/build/turtlebot3_teleop/build/lib
[4.609s] creating /home/student/ros2_ws/src/build/turtlebot3_teleop/build/lib/turtlebot3_teleop
[4.609s] copying turtlebot3_teleop/__init__.py -> /home/student/ros2_ws/src/build/turtlebot3_teleop/build/lib/turtlebot3_teleop
[4.609s] creating /home/student/ros2_ws/src/build/turtlebot3_teleop/build/lib/turtlebot3_teleop/script
[4.609s] copying turtlebot3_teleop/script/__init__.py -> /home/student/ros2_ws/src/build/turtlebot3_teleop/build/lib/turtlebot3_teleop/script
[4.609s] copying turtlebot3_teleop/script/teleop_keyboard.py -> /home/student/ros2_ws/src/build/turtlebot3_teleop/build/lib/turtlebot3_teleop/script
[4.610s] running install
[4.610s] running install_lib
[4.610s] creating /home/student/ros2_ws/src/install/turtlebot3_teleop/lib/python3.10/site-packages/turtlebot3_teleop
[4.610s] copying /home/student/ros2_ws/src/build/turtlebot3_teleop/build/lib/turtlebot3_teleop/__init__.py -> /home/student/ros2_ws/src/install/turtlebot3_teleop/lib/python3.10/site-packages/turtlebot3_teleop
[4.610s] creating /home/student/ros2_ws/src/install/turtlebot3_teleop/lib/python3.10/site-packages/turtlebot3_teleop/script
[4.614s] copying /home/student/ros2_ws/src/build/turtlebot3_teleop/build/lib/turtlebot3_teleop/script/__init__.py -> /home/student/ros2_ws/src/install/turtlebot3_teleop/lib/python3.10/site-packages/turtlebot3_teleop/script
[4.614s] copying /home/student/ros2_ws/src/build/turtlebot3_teleop/build/lib/turtlebot3_teleop/script/teleop_keyboard.py -> /home/student/ros2_ws/src/install/turtlebot3_teleop/lib/python3.10/site-packages/turtlebot3_teleop/script
[4.614s] byte-compiling /home/student/ros2_ws/src/install/turtlebot3_teleop/lib/python3.10/site-packages/turtlebot3_teleop/__init__.py to __init__.cpython-310.pyc
[4.614s] byte-compiling /home/student/ros2_ws/src/install/turtlebot3_teleop/lib/python3.10/site-packages/turtlebot3_teleop/script/__init__.py to __init__.cpython-310.pyc
[4.614s] byte-compiling /home/student/ros2_ws/src/install/turtlebot3_teleop/lib/python3.10/site-packages/turtlebot3_teleop/script/teleop_keyboard.py to teleop_keyboard.cpython-310.pyc
[4.615s] running install_data
[4.615s] creating /home/student/ros2_ws/src/install/turtlebot3_teleop/share/ament_index
[4.618s] creating /home/student/ros2_ws/src/install/turtlebot3_teleop/share/ament_index/resource_index
[4.618s] creating /home/student/ros2_ws/src/install/turtlebot3_teleop/share/ament_index/resource_index/packages
[4.618s] copying resource/turtlebot3_teleop -> /home/student/ros2_ws/src/install/turtlebot3_teleop/share/ament_index/resource_index/packages
[4.618s] copying package.xml -> /home/student/ros2_ws/src/install/turtlebot3_teleop/share/turtlebot3_teleop
[4.618s] running install_egg_info
[4.619s] Copying ../../build/turtlebot3_teleop/turtlebot3_teleop.egg-info to /home/student/ros2_ws/src/install/turtlebot3_teleop/lib/python3.10/site-packages/turtlebot3_teleop-2.1.5-py3.10.egg-info
[4.619s] running install_scripts
[4.619s] Installing teleop_keyboard script to /home/student/ros2_ws/src/install/turtlebot3_teleop/lib/turtlebot3_teleop
[4.619s] writing list of installed files to '/home/student/ros2_ws/src/build/turtlebot3_teleop/install.log'
