[2.644s] Invoking command in '/home/student/ros2_ws/src/turtlebot3/turtlebot3_teleop': PYTHONPATH=/home/student/ros2_ws/build/turtlebot3_teleop/prefix_override:/usr/lib/python3/dist-packages/colcon_core/task/python/colcon_distutils_commands:/home/student/ros2_ws/install/turtlebot3_teleop/lib/python3.10/site-packages:${PYTHONPATH} /usr/bin/python3 -W ignore:setup.py install is deprecated setup.py egg_info --egg-base ../../../build/turtlebot3_teleop build --build-base /home/student/ros2_ws/build/turtlebot3_teleop/build install --record /home/student/ros2_ws/build/turtlebot3_teleop/install.log --single-version-externally-managed install_data
[8.224s] running egg_info
[8.225s] creating ../../../build/turtlebot3_teleop/turtlebot3_teleop.egg-info
[8.235s] writing ../../../build/turtlebot3_teleop/turtlebot3_teleop.egg-info/PKG-INFO
[8.236s] writing dependency_links to ../../../build/turtlebot3_teleop/turtlebot3_teleop.egg-info/dependency_links.txt
[8.236s] writing entry points to ../../../build/turtlebot3_teleop/turtlebot3_teleop.egg-info/entry_points.txt
[8.236s] writing requirements to ../../../build/turtlebot3_teleop/turtlebot3_teleop.egg-info/requires.txt
[8.237s] writing top-level names to ../../../build/turtlebot3_teleop/turtlebot3_teleop.egg-info/top_level.txt
[8.237s] writing manifest file '../../../build/turtlebot3_teleop/turtlebot3_teleop.egg-info/SOURCES.txt'
[8.237s] reading manifest file '../../../build/turtlebot3_teleop/turtlebot3_teleop.egg-info/SOURCES.txt'
[8.237s] writing manifest file '../../../build/turtlebot3_teleop/turtlebot3_teleop.egg-info/SOURCES.txt'
[8.237s] running build
[8.237s] running build_py
[8.238s] creating /home/student/ros2_ws/build/turtlebot3_teleop/build
[8.238s] creating /home/student/ros2_ws/build/turtlebot3_teleop/build/lib
[8.238s] creating /home/student/ros2_ws/build/turtlebot3_teleop/build/lib/turtlebot3_teleop
[8.238s] copying turtlebot3_teleop/__init__.py -> /home/student/ros2_ws/build/turtlebot3_teleop/build/lib/turtlebot3_teleop
[8.238s] creating /home/student/ros2_ws/build/turtlebot3_teleop/build/lib/turtlebot3_teleop/script
[8.239s] copying turtlebot3_teleop/script/__init__.py -> /home/student/ros2_ws/build/turtlebot3_teleop/build/lib/turtlebot3_teleop/script
[8.239s] copying turtlebot3_teleop/script/teleop_keyboard.py -> /home/student/ros2_ws/build/turtlebot3_teleop/build/lib/turtlebot3_teleop/script
[8.239s] running install
[8.239s] running install_lib
[8.240s] creating /home/student/ros2_ws/install/turtlebot3_teleop/lib/python3.10/site-packages/turtlebot3_teleop
[8.240s] copying /home/student/ros2_ws/build/turtlebot3_teleop/build/lib/turtlebot3_teleop/__init__.py -> /home/student/ros2_ws/install/turtlebot3_teleop/lib/python3.10/site-packages/turtlebot3_teleop
[8.240s] creating /home/student/ros2_ws/install/turtlebot3_teleop/lib/python3.10/site-packages/turtlebot3_teleop/script
[8.240s] copying /home/student/ros2_ws/build/turtlebot3_teleop/build/lib/turtlebot3_teleop/script/__init__.py -> /home/student/ros2_ws/install/turtlebot3_teleop/lib/python3.10/site-packages/turtlebot3_teleop/script
[8.240s] copying /home/student/ros2_ws/build/turtlebot3_teleop/build/lib/turtlebot3_teleop/script/teleop_keyboard.py -> /home/student/ros2_ws/install/turtlebot3_teleop/lib/python3.10/site-packages/turtlebot3_teleop/script
[8.240s] byte-compiling /home/student/ros2_ws/install/turtlebot3_teleop/lib/python3.10/site-packages/turtlebot3_teleop/__init__.py to __init__.cpython-310.pyc
[8.240s] byte-compiling /home/student/ros2_ws/install/turtlebot3_teleop/lib/python3.10/site-packages/turtlebot3_teleop/script/__init__.py to __init__.cpython-310.pyc
[8.241s] byte-compiling /home/student/ros2_ws/install/turtlebot3_teleop/lib/python3.10/site-packages/turtlebot3_teleop/script/teleop_keyboard.py to teleop_keyboard.cpython-310.pyc
[8.241s] running install_data
[8.241s] creating /home/student/ros2_ws/install/turtlebot3_teleop/share/ament_index
[8.241s] creating /home/student/ros2_ws/install/turtlebot3_teleop/share/ament_index/resource_index
[8.241s] creating /home/student/ros2_ws/install/turtlebot3_teleop/share/ament_index/resource_index/packages
[8.242s] copying resource/turtlebot3_teleop -> /home/student/ros2_ws/install/turtlebot3_teleop/share/ament_index/resource_index/packages
[8.242s] copying package.xml -> /home/student/ros2_ws/install/turtlebot3_teleop/share/turtlebot3_teleop
[8.242s] running install_egg_info
[8.242s] Copying ../../../build/turtlebot3_teleop/turtlebot3_teleop.egg-info to /home/student/ros2_ws/install/turtlebot3_teleop/lib/python3.10/site-packages/turtlebot3_teleop-2.1.5-py3.10.egg-info
[8.242s] running install_scripts
[8.242s] Installing teleop_keyboard script to /home/student/ros2_ws/install/turtlebot3_teleop/lib/turtlebot3_teleop
[8.243s] writing list of installed files to '/home/student/ros2_ws/build/turtlebot3_teleop/install.log'
[8.261s] Invoked command in '/home/student/ros2_ws/src/turtlebot3/turtlebot3_teleop' returned '0': PYTHONPATH=/home/student/ros2_ws/build/turtlebot3_teleop/prefix_override:/usr/lib/python3/dist-packages/colcon_core/task/python/colcon_distutils_commands:/home/student/ros2_ws/install/turtlebot3_teleop/lib/python3.10/site-packages:${PYTHONPATH} /usr/bin/python3 -W ignore:setup.py install is deprecated setup.py egg_info --egg-base ../../../build/turtlebot3_teleop build --build-base /home/student/ros2_ws/build/turtlebot3_teleop/build install --record /home/student/ros2_ws/build/turtlebot3_teleop/install.log --single-version-externally-managed install_data
