[0.057s] Invoking command in '/home/student/ros2_ws/src/build/dynamixel_sdk_examples': AMENT_PREFIX_PATH=/home/student/ros2_ws/src/install/dynamixel_sdk_custom_interfaces:/home/student/ros2_ws/src/install/dynamixel_sdk:${AMENT_PREFIX_PATH} CMAKE_PREFIX_PATH=/home/student/ros2_ws/src/install/dynamixel_sdk_custom_interfaces:/home/student/ros2_ws/src/install/dynamixel_sdk:/home/student/ros2_ws/install/turtlebot3:/home/student/ros2_ws/install/turtlebot3_simulations:/home/student/ros2_ws/install/turtlebot3_bringup:/home/student/ros2_ws/install/turtlebot3_node:/home/student/ros2_ws/install/turtlebot3_navigation2:/home/student/ros2_ws/install/turtlebot3_fake_node:/home/student/ros2_ws/install/turtlebot3_msgs:/home/student/ros2_ws/install/turtlebot3_gazebo:/home/student/ros2_ws/install/turtlebot3_description:/home/student/ros2_ws/install/turtlebot3_cartographer:/home/student/ros2_ws/install/map_ground_truth_publisher:/home/student/ros2_ws/install/gazebo_map_creator:/home/student/ros2_ws/install/gazebo_map_creator_interface:/home/student/ros2_ws/install/dynamixel_sdk_examples:/home/student/ros2_ws/install/dynamixel_sdk_custom_interfaces:/home/student/ros2_ws/install/dynamixel_sdk:/home/student/ros2_ws/install/apriltag_ros:/home/student/ros2_ws/install/turtlebot3_teleop:/home/student/ros2_ws/install/turtlebot3_example:/opt/ros/humble LD_LIBRARY_PATH=/home/student/ros2_ws/src/install/dynamixel_sdk_custom_interfaces/lib:/home/student/ros2_ws/src/install/dynamixel_sdk/lib:/home/student/ros2_ws/install/turtlebot3_msgs/lib:/home/student/ros2_ws/install/gazebo_map_creator/lib:/home/student/ros2_ws/install/gazebo_map_creator_interface/lib:/home/student/ros2_ws/install/dynamixel_sdk_custom_interfaces/lib:/home/student/ros2_ws/install/dynamixel_sdk/lib:/home/student/ros2_ws/install/apriltag_ros/lib:/usr/lib/x86_64-linux-gnu/gazebo-11/plugins:/opt/ros/humble/opt/rviz_ogre_vendor/lib:/opt/ros/humble/lib/x86_64-linux-gnu:/opt/ros/humble/lib:/usr/lib/x86_64-linux-gnu/gazebo-11/plugins PYTHONPATH=/home/student/ros2_ws/src/install/dynamixel_sdk_custom_interfaces/local/lib/python3.10/dist-packages:${PYTHONPATH} /usr/bin/cmake /home/student/ros2_ws/src/DynamixelSDK/dynamixel_sdk_examples -DCMAKE_INSTALL_PREFIX=/home/student/ros2_ws/src/install/dynamixel_sdk_examples
[0.159s] -- The C compiler identification is GNU 11.4.0
[0.272s] -- The CXX compiler identification is GNU 11.4.0
[0.284s] -- Detecting C compiler ABI info
[0.403s] -- Detecting C compiler ABI info - done
[0.423s] -- Check for working C compiler: /usr/bin/cc - skipped
[0.423s] -- Detecting C compile features
[0.423s] -- Detecting C compile features - done
[0.426s] -- Detecting CXX compiler ABI info
[0.601s] -- Detecting CXX compiler ABI info - done
[0.609s] -- Check for working CXX compiler: /usr/bin/c++ - skipped
[0.610s] -- Detecting CXX compile features
[0.610s] -- Detecting CXX compile features - done
[0.620s] -- Found ament_cmake: 1.3.10 (/opt/ros/humble/share/ament_cmake/cmake)
[0.922s] -- Found Python3: /usr/bin/python3 (found version "3.10.12") found components: Interpreter 
[1.114s] -- Found dynamixel_sdk: 3.7.60 (/home/student/ros2_ws/src/install/dynamixel_sdk/share/dynamixel_sdk/cmake)
[1.128s] -- Found dynamixel_sdk_custom_interfaces: 3.7.60 (/home/student/ros2_ws/src/install/dynamixel_sdk_custom_interfaces/share/dynamixel_sdk_custom_interfaces/cmake)
[1.219s] -- Found rosidl_generator_c: 3.1.5 (/opt/ros/humble/share/rosidl_generator_c/cmake)
[1.239s] -- Found rosidl_adapter: 3.1.5 (/opt/ros/humble/share/rosidl_adapter/cmake)
[1.261s] -- Found rosidl_generator_cpp: 3.1.5 (/opt/ros/humble/share/rosidl_generator_cpp/cmake)
[1.289s] -- Using all available rosidl_typesupport_c: rosidl_typesupport_fastrtps_c;rosidl_typesupport_introspection_c
[1.329s] -- Using all available rosidl_typesupport_cpp: rosidl_typesupport_fastrtps_cpp;rosidl_typesupport_introspection_cpp
[1.447s] -- Found rclcpp: 16.0.10 (/opt/ros/humble/share/rclcpp/cmake)
[1.548s] -- Found rmw_implementation_cmake: 6.1.2 (/opt/ros/humble/share/rmw_implementation_cmake/cmake)
[1.558s] -- Found rmw_fastrtps_cpp: 6.2.7 (/opt/ros/humble/share/rmw_fastrtps_cpp/cmake)
[1.793s] -- Found OpenSSL: /usr/lib/x86_64-linux-gnu/libcrypto.so (found version "3.0.2")  
[1.894s] -- Found FastRTPS: /opt/ros/humble/include  
[2.050s] -- Using RMW implementation 'rmw_fastrtps_cpp' as default
[2.098s] -- Looking for pthread.h
[2.348s] -- Looking for pthread.h - found
[2.348s] -- Performing Test CMAKE_HAVE_LIBC_PTHREAD
[2.596s] -- Performing Test CMAKE_HAVE_LIBC_PTHREAD - Success
[2.599s] -- Found Threads: TRUE  
[2.831s] -- Found ament_lint_auto: 0.12.11 (/opt/ros/humble/share/ament_lint_auto/cmake)
[3.151s] -- Added test 'copyright' to check source files copyright and LICENSE
[3.153s] -- Added test 'cppcheck' to perform static code analysis on C / C++ code
[3.153s] -- Configured cppcheck include dirs: /home/student/ros2_ws/src/DynamixelSDK/dynamixel_sdk_examples/include
[3.154s] -- Configured cppcheck exclude dirs and/or files: 
[3.162s] -- Added test 'cpplint' to check C / C++ code against the Google style
[3.162s] -- Configured cpplint exclude dirs and/or files: 
[3.174s] -- Added test 'lint_cmake' to check CMake code style
[3.179s] -- Added test 'uncrustify' to check C / C++ code style
[3.179s] -- Configured uncrustify additional arguments: 
[3.188s] -- Added test 'xmllint' to check XML markup files
[3.198s] -- Configuring done
[3.231s] -- Generating done
[3.240s] -- Build files have been written to: /home/student/ros2_ws/src/build/dynamixel_sdk_examples
