[1.102s] Invoking command in '/home/student/ros2_ws/build/turtlebot3_teleop': PYTHONPATH=/home/student/ros2_ws/build/turtlebot3_teleop/prefix_override:/usr/lib/python3/dist-packages/colcon_core/task/python/colcon_distutils_commands:/home/student/ros2_ws/install/turtlebot3_teleop/lib/python3.10/site-packages:${PYTHONPATH} /usr/bin/python3 -W ignore:setup.py install is deprecated setup.py develop --uninstall --editable --build-directory /home/student/ros2_ws/build/turtlebot3_teleop/build
[1.678s] /usr/lib/python3/dist-packages/setuptools/command/easy_install.py:158: EasyInstallDeprecationWarning: easy_install command is deprecated. Use build and pip and other standards-based tools.
[1.679s]   warnings.warn(
[1.679s] running develop
[2.012s] Removing /home/student/ros2_ws/install/turtlebot3_teleop/lib/python3.10/site-packages/turtlebot3-teleop.egg-link (link to .)
[2.053s] Invoked command in '/home/student/ros2_ws/build/turtlebot3_teleop' returned '0': PYTHONPATH=/home/student/ros2_ws/build/turtlebot3_teleop/prefix_override:/usr/lib/python3/dist-packages/colcon_core/task/python/colcon_distutils_commands:/home/student/ros2_ws/install/turtlebot3_teleop/lib/python3.10/site-packages:${PYTHONPATH} /usr/bin/python3 -W ignore:setup.py install is deprecated setup.py develop --uninstall --editable --build-directory /home/student/ros2_ws/build/turtlebot3_teleop/build
[2.056s] Invoking command in '/home/student/ros2_ws/src/turtlebot3/turtlebot3_teleop': PYTHONPATH=/home/student/ros2_ws/build/turtlebot3_teleop/prefix_override:/usr/lib/python3/dist-packages/colcon_core/task/python/colcon_distutils_commands:/home/student/ros2_ws/install/turtlebot3_teleop/lib/python3.10/site-packages:${PYTHONPATH} /usr/bin/python3 -W ignore:setup.py install is deprecated setup.py egg_info --egg-base ../../../build/turtlebot3_teleop build --build-base /home/student/ros2_ws/build/turtlebot3_teleop/build install --record /home/student/ros2_ws/build/turtlebot3_teleop/install.log --single-version-externally-managed install_data --force
[2.388s] running egg_info
[2.389s] writing ../../../build/turtlebot3_teleop/turtlebot3_teleop.egg-info/PKG-INFO
[2.389s] writing dependency_links to ../../../build/turtlebot3_teleop/turtlebot3_teleop.egg-info/dependency_links.txt
[2.390s] writing entry points to ../../../build/turtlebot3_teleop/turtlebot3_teleop.egg-info/entry_points.txt
[2.390s] writing requirements to ../../../build/turtlebot3_teleop/turtlebot3_teleop.egg-info/requires.txt
[2.390s] writing top-level names to ../../../build/turtlebot3_teleop/turtlebot3_teleop.egg-info/top_level.txt
[2.392s] reading manifest file '../../../build/turtlebot3_teleop/turtlebot3_teleop.egg-info/SOURCES.txt'
[2.393s] writing manifest file '../../../build/turtlebot3_teleop/turtlebot3_teleop.egg-info/SOURCES.txt'
[2.393s] running build
[2.393s] running build_py
[2.394s] running install
[2.395s] running install_lib
[2.397s] creating /home/student/ros2_ws/install/turtlebot3_teleop/lib/python3.10/site-packages/turtlebot3_teleop
[2.398s] copying /home/student/ros2_ws/build/turtlebot3_teleop/build/lib/turtlebot3_teleop/__init__.py -> /home/student/ros2_ws/install/turtlebot3_teleop/lib/python3.10/site-packages/turtlebot3_teleop
[2.398s] creating /home/student/ros2_ws/install/turtlebot3_teleop/lib/python3.10/site-packages/turtlebot3_teleop/script
[2.398s] copying /home/student/ros2_ws/build/turtlebot3_teleop/build/lib/turtlebot3_teleop/script/__init__.py -> /home/student/ros2_ws/install/turtlebot3_teleop/lib/python3.10/site-packages/turtlebot3_teleop/script
[2.399s] copying /home/student/ros2_ws/build/turtlebot3_teleop/build/lib/turtlebot3_teleop/script/teleop_keyboard.py -> /home/student/ros2_ws/install/turtlebot3_teleop/lib/python3.10/site-packages/turtlebot3_teleop/script
[2.400s] byte-compiling /home/student/ros2_ws/install/turtlebot3_teleop/lib/python3.10/site-packages/turtlebot3_teleop/__init__.py to __init__.cpython-310.pyc
[2.400s] byte-compiling /home/student/ros2_ws/install/turtlebot3_teleop/lib/python3.10/site-packages/turtlebot3_teleop/script/__init__.py to __init__.cpython-310.pyc
[2.401s] byte-compiling /home/student/ros2_ws/install/turtlebot3_teleop/lib/python3.10/site-packages/turtlebot3_teleop/script/teleop_keyboard.py to teleop_keyboard.cpython-310.pyc
[2.404s] running install_data
[2.404s] copying resource/turtlebot3_teleop -> /home/student/ros2_ws/install/turtlebot3_teleop/share/ament_index/resource_index/packages
[2.404s] copying package.xml -> /home/student/ros2_ws/install/turtlebot3_teleop/share/turtlebot3_teleop
[2.404s] running install_egg_info
[2.406s] Copying ../../../build/turtlebot3_teleop/turtlebot3_teleop.egg-info to /home/student/ros2_ws/install/turtlebot3_teleop/lib/python3.10/site-packages/turtlebot3_teleop-2.1.5-py3.10.egg-info
[2.408s] running install_scripts
[2.430s] Installing teleop_keyboard script to /home/student/ros2_ws/install/turtlebot3_teleop/lib/turtlebot3_teleop
[2.431s] writing list of installed files to '/home/student/ros2_ws/build/turtlebot3_teleop/install.log'
[2.464s] Invoked command in '/home/student/ros2_ws/src/turtlebot3/turtlebot3_teleop' returned '0': PYTHONPATH=/home/student/ros2_ws/build/turtlebot3_teleop/prefix_override:/usr/lib/python3/dist-packages/colcon_core/task/python/colcon_distutils_commands:/home/student/ros2_ws/install/turtlebot3_teleop/lib/python3.10/site-packages:${PYTHONPATH} /usr/bin/python3 -W ignore:setup.py install is deprecated setup.py egg_info --egg-base ../../../build/turtlebot3_teleop build --build-base /home/student/ros2_ws/build/turtlebot3_teleop/build install --record /home/student/ros2_ws/build/turtlebot3_teleop/install.log --single-version-externally-managed install_data --force
