[0.033s] Invoking command in '/home/student/ros2_ws/build/warehouse_robot_msgs': CMAKE_PREFIX_PATH=${CMAKE_PREFIX_PATH}:/home/student/ros2_ws/install/turtlebot3_teleop:/home/student/ros2_ws/install/turtlebot3_example:/opt/ros/humble /usr/bin/cmake --build /home/student/ros2_ws/build/warehouse_robot_msgs -- -j8 -l8
[0.187s] [35m[1mConsolidate compiler generated dependencies of target warehouse_robot_msgs__rosidl_generator_c[0m
[0.220s] [  3%] Built target warehouse_robot_msgs__cpp
[0.230s] [ 12%] Built target warehouse_robot_msgs__rosidl_generator_c
[0.271s] [35m[1mConsolidate compiler generated dependencies of target warehouse_robot_msgs__rosidl_typesupport_introspection_cpp[0m
[0.289s] [ 12%] Built target ament_cmake_python_copy_warehouse_robot_msgs
[0.320s] [35m[1mConsolidate compiler generated dependencies of target warehouse_robot_msgs__rosidl_typesupport_c[0m
[0.340s] [ 22%] Built target warehouse_robot_msgs__rosidl_typesupport_introspection_cpp
[0.347s] [ 32%] Built target warehouse_robot_msgs__rosidl_typesupport_c
[0.391s] [35m[1mConsolidate compiler generated dependencies of target warehouse_robot_msgs__rosidl_typesupport_introspection_c[0m
[0.432s] [ 41%] Built target warehouse_robot_msgs__rosidl_typesupport_introspection_c
[0.472s] [35m[1mConsolidate compiler generated dependencies of target warehouse_robot_msgs__rosidl_typesupport_fastrtps_c[0m
[0.531s] [ 51%] Built target warehouse_robot_msgs__rosidl_typesupport_fastrtps_c
[0.571s] [35m[1mConsolidate compiler generated dependencies of target warehouse_robot_msgs__rosidl_typesupport_fastrtps_cpp[0m
[0.624s] [ 61%] Built target warehouse_robot_msgs__rosidl_typesupport_fastrtps_cpp
[1.081s] running egg_info
[1.082s] writing warehouse_robot_msgs.egg-info/PKG-INFO
[1.086s] writing dependency_links to warehouse_robot_msgs.egg-info/dependency_links.txt
[1.086s] writing top-level names to warehouse_robot_msgs.egg-info/top_level.txt
[1.096s] reading manifest file 'warehouse_robot_msgs.egg-info/SOURCES.txt'
[1.098s] writing manifest file 'warehouse_robot_msgs.egg-info/SOURCES.txt'
[1.192s] [ 61%] Built target ament_cmake_python_build_warehouse_robot_msgs_egg
[1.234s] [35m[1mConsolidate compiler generated dependencies of target warehouse_robot_msgs__rosidl_typesupport_cpp[0m
[1.282s] [ 70%] Built target warehouse_robot_msgs__rosidl_typesupport_cpp
[1.361s] [ 70%] Built target warehouse_robot_msgs
[1.427s] [ 74%] Built target warehouse_robot_msgs__py
[1.448s] [35m[1mConsolidate compiler generated dependencies of target warehouse_robot_msgs__rosidl_generator_py[0m
[1.480s] [ 80%] Built target warehouse_robot_msgs__rosidl_generator_py
[1.494s] [35m[1mConsolidate compiler generated dependencies of target warehouse_robot_msgs__rosidl_typesupport_fastrtps_c__pyext[0m
[1.521s] [ 87%] Built target warehouse_robot_msgs__rosidl_typesupport_fastrtps_c__pyext
[1.556s] [35m[1mConsolidate compiler generated dependencies of target warehouse_robot_msgs__rosidl_typesupport_c__pyext[0m
[1.609s] [ 93%] Built target warehouse_robot_msgs__rosidl_typesupport_c__pyext
[1.646s] [35m[1mConsolidate compiler generated dependencies of target warehouse_robot_msgs__rosidl_typesupport_introspection_c__pyext[0m
[1.701s] [100%] Built target warehouse_robot_msgs__rosidl_typesupport_introspection_c__pyext
[1.784s] Invoked command in '/home/student/ros2_ws/build/warehouse_robot_msgs' returned '0': CMAKE_PREFIX_PATH=${CMAKE_PREFIX_PATH}:/home/student/ros2_ws/install/turtlebot3_teleop:/home/student/ros2_ws/install/turtlebot3_example:/opt/ros/humble /usr/bin/cmake --build /home/student/ros2_ws/build/warehouse_robot_msgs -- -j8 -l8
[2.020s] Invoking command in '/home/student/ros2_ws/build/warehouse_robot_msgs': CMAKE_PREFIX_PATH=${CMAKE_PREFIX_PATH}:/home/student/ros2_ws/install/turtlebot3_teleop:/home/student/ros2_ws/install/turtlebot3_example:/opt/ros/humble /usr/bin/cmake --install /home/student/ros2_ws/build/warehouse_robot_msgs
[2.050s] -- Install configuration: ""
[2.055s] -- Up-to-date: /home/student/ros2_ws/install/warehouse_robot_msgs/share/ament_index/resource_index/rosidl_interfaces/warehouse_robot_msgs
[2.056s] -- Up-to-date: /home/student/ros2_ws/install/warehouse_robot_msgs/include/warehouse_robot_msgs/warehouse_robot_msgs
[2.056s] -- Up-to-date: /home/student/ros2_ws/install/warehouse_robot_msgs/include/warehouse_robot_msgs/warehouse_robot_msgs/msg
[2.061s] -- Up-to-date: /home/student/ros2_ws/install/warehouse_robot_msgs/include/warehouse_robot_msgs/warehouse_robot_msgs/msg/robot_data.h
[2.062s] -- Up-to-date: /home/student/ros2_ws/install/warehouse_robot_msgs/include/warehouse_robot_msgs/warehouse_robot_msgs/msg/rosidl_generator_c__visibility_control.h
[2.062s] -- Up-to-date: /home/student/ros2_ws/install/warehouse_robot_msgs/include/warehouse_robot_msgs/warehouse_robot_msgs/msg/detail
[2.063s] -- Up-to-date: /home/student/ros2_ws/install/warehouse_robot_msgs/include/warehouse_robot_msgs/warehouse_robot_msgs/msg/detail/robot_data__struct.h
[2.064s] -- Up-to-date: /home/student/ros2_ws/install/warehouse_robot_msgs/include/warehouse_robot_msgs/warehouse_robot_msgs/msg/detail/robot_data__functions.c
[2.066s] -- Up-to-date: /home/student/ros2_ws/install/warehouse_robot_msgs/include/warehouse_robot_msgs/warehouse_robot_msgs/msg/detail/robot_data__functions.h
[2.067s] -- Up-to-date: /home/student/ros2_ws/install/warehouse_robot_msgs/include/warehouse_robot_msgs/warehouse_robot_msgs/msg/detail/robot_data__type_support.h
[2.067s] -- Up-to-date: /home/student/ros2_ws/install/warehouse_robot_msgs/share/warehouse_robot_msgs/environment/library_path.sh
[2.067s] -- Up-to-date: /home/student/ros2_ws/install/warehouse_robot_msgs/share/warehouse_robot_msgs/environment/library_path.dsv
[2.068s] -- Up-to-date: /home/student/ros2_ws/install/warehouse_robot_msgs/lib/libwarehouse_robot_msgs__rosidl_generator_c.so
[2.068s] -- Up-to-date: /home/student/ros2_ws/install/warehouse_robot_msgs/include/warehouse_robot_msgs/warehouse_robot_msgs
[2.068s] -- Up-to-date: /home/student/ros2_ws/install/warehouse_robot_msgs/include/warehouse_robot_msgs/warehouse_robot_msgs/msg
[2.068s] -- Up-to-date: /home/student/ros2_ws/install/warehouse_robot_msgs/include/warehouse_robot_msgs/warehouse_robot_msgs/msg/rosidl_typesupport_fastrtps_c__visibility_control.h
[2.068s] -- Up-to-date: /home/student/ros2_ws/install/warehouse_robot_msgs/include/warehouse_robot_msgs/warehouse_robot_msgs/msg/detail
[2.071s] -- Up-to-date: /home/student/ros2_ws/install/warehouse_robot_msgs/include/warehouse_robot_msgs/warehouse_robot_msgs/msg/detail/robot_data__rosidl_typesupport_fastrtps_c.h
[2.072s] -- Up-to-date: /home/student/ros2_ws/install/warehouse_robot_msgs/lib/libwarehouse_robot_msgs__rosidl_typesupport_fastrtps_c.so
[2.072s] -- Up-to-date: /home/student/ros2_ws/install/warehouse_robot_msgs/include/warehouse_robot_msgs/warehouse_robot_msgs
[2.072s] -- Up-to-date: /home/student/ros2_ws/install/warehouse_robot_msgs/include/warehouse_robot_msgs/warehouse_robot_msgs/msg
[2.072s] -- Up-to-date: /home/student/ros2_ws/install/warehouse_robot_msgs/include/warehouse_robot_msgs/warehouse_robot_msgs/msg/robot_data.hpp
[2.073s] -- Up-to-date: /home/student/ros2_ws/install/warehouse_robot_msgs/include/warehouse_robot_msgs/warehouse_robot_msgs/msg/detail
[2.073s] -- Up-to-date: /home/student/ros2_ws/install/warehouse_robot_msgs/include/warehouse_robot_msgs/warehouse_robot_msgs/msg/detail/robot_data__builder.hpp
[2.073s] -- Up-to-date: /home/student/ros2_ws/install/warehouse_robot_msgs/include/warehouse_robot_msgs/warehouse_robot_msgs/msg/detail/robot_data__struct.hpp
[2.073s] -- Up-to-date: /home/student/ros2_ws/install/warehouse_robot_msgs/include/warehouse_robot_msgs/warehouse_robot_msgs/msg/detail/robot_data__traits.hpp
[2.077s] -- Up-to-date: /home/student/ros2_ws/install/warehouse_robot_msgs/include/warehouse_robot_msgs/warehouse_robot_msgs
[2.077s] -- Up-to-date: /home/student/ros2_ws/install/warehouse_robot_msgs/include/warehouse_robot_msgs/warehouse_robot_msgs/msg
[2.078s] -- Up-to-date: /home/student/ros2_ws/install/warehouse_robot_msgs/include/warehouse_robot_msgs/warehouse_robot_msgs/msg/rosidl_typesupport_fastrtps_cpp__visibility_control.h
[2.078s] -- Up-to-date: /home/student/ros2_ws/install/warehouse_robot_msgs/include/warehouse_robot_msgs/warehouse_robot_msgs/msg/detail
[2.078s] -- Up-to-date: /home/student/ros2_ws/install/warehouse_robot_msgs/include/warehouse_robot_msgs/warehouse_robot_msgs/msg/detail/dds_fastrtps
[2.078s] -- Up-to-date: /home/student/ros2_ws/install/warehouse_robot_msgs/include/warehouse_robot_msgs/warehouse_robot_msgs/msg/detail/robot_data__rosidl_typesupport_fastrtps_cpp.hpp
[2.078s] -- Up-to-date: /home/student/ros2_ws/install/warehouse_robot_msgs/lib/libwarehouse_robot_msgs__rosidl_typesupport_fastrtps_cpp.so
[2.079s] -- Up-to-date: /home/student/ros2_ws/install/warehouse_robot_msgs/include/warehouse_robot_msgs/warehouse_robot_msgs
[2.082s] -- Up-to-date: /home/student/ros2_ws/install/warehouse_robot_msgs/include/warehouse_robot_msgs/warehouse_robot_msgs/msg
[2.083s] -- Up-to-date: /home/student/ros2_ws/install/warehouse_robot_msgs/include/warehouse_robot_msgs/warehouse_robot_msgs/msg/rosidl_typesupport_introspection_c__visibility_control.h
[2.083s] -- Up-to-date: /home/student/ros2_ws/install/warehouse_robot_msgs/include/warehouse_robot_msgs/warehouse_robot_msgs/msg/detail
[2.083s] -- Up-to-date: /home/student/ros2_ws/install/warehouse_robot_msgs/include/warehouse_robot_msgs/warehouse_robot_msgs/msg/detail/robot_data__rosidl_typesupport_introspection_c.h
[2.084s] -- Up-to-date: /home/student/ros2_ws/install/warehouse_robot_msgs/include/warehouse_robot_msgs/warehouse_robot_msgs/msg/detail/robot_data__type_support.c
[2.084s] -- Up-to-date: /home/student/ros2_ws/install/warehouse_robot_msgs/lib/libwarehouse_robot_msgs__rosidl_typesupport_introspection_c.so
[2.084s] -- Up-to-date: /home/student/ros2_ws/install/warehouse_robot_msgs/lib/libwarehouse_robot_msgs__rosidl_typesupport_c.so
[2.084s] -- Up-to-date: /home/student/ros2_ws/install/warehouse_robot_msgs/include/warehouse_robot_msgs/warehouse_robot_msgs
[2.084s] -- Up-to-date: /home/student/ros2_ws/install/warehouse_robot_msgs/include/warehouse_robot_msgs/warehouse_robot_msgs/msg
[2.084s] -- Up-to-date: /home/student/ros2_ws/install/warehouse_robot_msgs/include/warehouse_robot_msgs/warehouse_robot_msgs/msg/detail
[2.084s] -- Up-to-date: /home/student/ros2_ws/install/warehouse_robot_msgs/include/warehouse_robot_msgs/warehouse_robot_msgs/msg/detail/robot_data__type_support.cpp
[2.085s] -- Up-to-date: /home/student/ros2_ws/install/warehouse_robot_msgs/include/warehouse_robot_msgs/warehouse_robot_msgs/msg/detail/robot_data__rosidl_typesupport_introspection_cpp.hpp
[2.085s] -- Up-to-date: /home/student/ros2_ws/install/warehouse_robot_msgs/lib/libwarehouse_robot_msgs__rosidl_typesupport_introspection_cpp.so
[2.085s] -- Up-to-date: /home/student/ros2_ws/install/warehouse_robot_msgs/lib/libwarehouse_robot_msgs__rosidl_typesupport_cpp.so
[2.087s] -- Up-to-date: /home/student/ros2_ws/install/warehouse_robot_msgs/share/warehouse_robot_msgs/environment/pythonpath.sh
[2.088s] -- Up-to-date: /home/student/ros2_ws/install/warehouse_robot_msgs/share/warehouse_robot_msgs/environment/pythonpath.dsv
[2.088s] -- Up-to-date: /home/student/ros2_ws/install/warehouse_robot_msgs/local/lib/python3.10/dist-packages/warehouse_robot_msgs-0.0.0-py3.10.egg-info
[2.089s] -- Installing: /home/student/ros2_ws/install/warehouse_robot_msgs/local/lib/python3.10/dist-packages/warehouse_robot_msgs-0.0.0-py3.10.egg-info/dependency_links.txt
[2.089s] -- Installing: /home/student/ros2_ws/install/warehouse_robot_msgs/local/lib/python3.10/dist-packages/warehouse_robot_msgs-0.0.0-py3.10.egg-info/PKG-INFO
[2.089s] -- Installing: /home/student/ros2_ws/install/warehouse_robot_msgs/local/lib/python3.10/dist-packages/warehouse_robot_msgs-0.0.0-py3.10.egg-info/top_level.txt
[2.090s] -- Installing: /home/student/ros2_ws/install/warehouse_robot_msgs/local/lib/python3.10/dist-packages/warehouse_robot_msgs-0.0.0-py3.10.egg-info/SOURCES.txt
[2.093s] -- Up-to-date: /home/student/ros2_ws/install/warehouse_robot_msgs/local/lib/python3.10/dist-packages/warehouse_robot_msgs
[2.094s] -- Up-to-date: /home/student/ros2_ws/install/warehouse_robot_msgs/local/lib/python3.10/dist-packages/warehouse_robot_msgs/msg
[2.095s] -- Up-to-date: /home/student/ros2_ws/install/warehouse_robot_msgs/local/lib/python3.10/dist-packages/warehouse_robot_msgs/msg/_robot_data.py
[2.096s] -- Up-to-date: /home/student/ros2_ws/install/warehouse_robot_msgs/local/lib/python3.10/dist-packages/warehouse_robot_msgs/msg/__init__.py
[2.096s] -- Up-to-date: /home/student/ros2_ws/install/warehouse_robot_msgs/local/lib/python3.10/dist-packages/warehouse_robot_msgs/msg/_robot_data_s.c
[2.096s] -- Up-to-date: /home/student/ros2_ws/install/warehouse_robot_msgs/local/lib/python3.10/dist-packages/warehouse_robot_msgs/_warehouse_robot_msgs_s.ep.rosidl_typesupport_c.c
[2.096s] -- Up-to-date: /home/student/ros2_ws/install/warehouse_robot_msgs/local/lib/python3.10/dist-packages/warehouse_robot_msgs/__init__.py
[2.096s] -- Up-to-date: /home/student/ros2_ws/install/warehouse_robot_msgs/local/lib/python3.10/dist-packages/warehouse_robot_msgs/warehouse_robot_msgs_s__rosidl_typesupport_introspection_c.cpython-310-x86_64-linux-gnu.so
[2.099s] -- Up-to-date: /home/student/ros2_ws/install/warehouse_robot_msgs/local/lib/python3.10/dist-packages/warehouse_robot_msgs/warehouse_robot_msgs_s__rosidl_typesupport_c.cpython-310-x86_64-linux-gnu.so
[2.100s] -- Up-to-date: /home/student/ros2_ws/install/warehouse_robot_msgs/local/lib/python3.10/dist-packages/warehouse_robot_msgs/_warehouse_robot_msgs_s.ep.rosidl_typesupport_introspection_c.c
[2.102s] -- Up-to-date: /home/student/ros2_ws/install/warehouse_robot_msgs/local/lib/python3.10/dist-packages/warehouse_robot_msgs/warehouse_robot_msgs_s__rosidl_typesupport_fastrtps_c.cpython-310-x86_64-linux-gnu.so
[2.102s] -- Up-to-date: /home/student/ros2_ws/install/warehouse_robot_msgs/local/lib/python3.10/dist-packages/warehouse_robot_msgs/libwarehouse_robot_msgs__rosidl_generator_py.so
[2.102s] -- Up-to-date: /home/student/ros2_ws/install/warehouse_robot_msgs/local/lib/python3.10/dist-packages/warehouse_robot_msgs/_warehouse_robot_msgs_s.ep.rosidl_typesupport_fastrtps_c.c
[2.181s] Listing '/home/student/ros2_ws/install/warehouse_robot_msgs/local/lib/python3.10/dist-packages/warehouse_robot_msgs'...
[2.181s] Listing '/home/student/ros2_ws/install/warehouse_robot_msgs/local/lib/python3.10/dist-packages/warehouse_robot_msgs/msg'...
[2.198s] -- Up-to-date: /home/student/ros2_ws/install/warehouse_robot_msgs/local/lib/python3.10/dist-packages/warehouse_robot_msgs/warehouse_robot_msgs_s__rosidl_typesupport_fastrtps_c.cpython-310-x86_64-linux-gnu.so
[2.206s] -- Up-to-date: /home/student/ros2_ws/install/warehouse_robot_msgs/local/lib/python3.10/dist-packages/warehouse_robot_msgs/warehouse_robot_msgs_s__rosidl_typesupport_introspection_c.cpython-310-x86_64-linux-gnu.so
[2.207s] -- Up-to-date: /home/student/ros2_ws/install/warehouse_robot_msgs/local/lib/python3.10/dist-packages/warehouse_robot_msgs/warehouse_robot_msgs_s__rosidl_typesupport_c.cpython-310-x86_64-linux-gnu.so
[2.207s] -- Up-to-date: /home/student/ros2_ws/install/warehouse_robot_msgs/lib/libwarehouse_robot_msgs__rosidl_generator_py.so
[2.207s] -- Up-to-date: /home/student/ros2_ws/install/warehouse_robot_msgs/share/warehouse_robot_msgs/msg/RobotData.idl
[2.207s] -- Up-to-date: /home/student/ros2_ws/install/warehouse_robot_msgs/share/warehouse_robot_msgs/msg/RobotData.msg
[2.207s] -- Up-to-date: /home/student/ros2_ws/install/warehouse_robot_msgs/share/ament_index/resource_index/package_run_dependencies/warehouse_robot_msgs
[2.208s] -- Up-to-date: /home/student/ros2_ws/install/warehouse_robot_msgs/share/ament_index/resource_index/parent_prefix_path/warehouse_robot_msgs
[2.208s] -- Up-to-date: /home/student/ros2_ws/install/warehouse_robot_msgs/share/warehouse_robot_msgs/environment/ament_prefix_path.sh
[2.208s] -- Up-to-date: /home/student/ros2_ws/install/warehouse_robot_msgs/share/warehouse_robot_msgs/environment/ament_prefix_path.dsv
[2.208s] -- Up-to-date: /home/student/ros2_ws/install/warehouse_robot_msgs/share/warehouse_robot_msgs/environment/path.sh
[2.208s] -- Up-to-date: /home/student/ros2_ws/install/warehouse_robot_msgs/share/warehouse_robot_msgs/environment/path.dsv
[2.209s] -- Up-to-date: /home/student/ros2_ws/install/warehouse_robot_msgs/share/warehouse_robot_msgs/local_setup.bash
[2.209s] -- Up-to-date: /home/student/ros2_ws/install/warehouse_robot_msgs/share/warehouse_robot_msgs/local_setup.sh
[2.209s] -- Up-to-date: /home/student/ros2_ws/install/warehouse_robot_msgs/share/warehouse_robot_msgs/local_setup.zsh
[2.209s] -- Up-to-date: /home/student/ros2_ws/install/warehouse_robot_msgs/share/warehouse_robot_msgs/local_setup.dsv
[2.209s] -- Installing: /home/student/ros2_ws/install/warehouse_robot_msgs/share/warehouse_robot_msgs/package.dsv
[2.210s] -- Up-to-date: /home/student/ros2_ws/install/warehouse_robot_msgs/share/ament_index/resource_index/packages/warehouse_robot_msgs
[2.210s] -- Up-to-date: /home/student/ros2_ws/install/warehouse_robot_msgs/share/warehouse_robot_msgs/cmake/export_warehouse_robot_msgs__rosidl_generator_cExport.cmake
[2.211s] -- Up-to-date: /home/student/ros2_ws/install/warehouse_robot_msgs/share/warehouse_robot_msgs/cmake/export_warehouse_robot_msgs__rosidl_generator_cExport-noconfig.cmake
[2.212s] -- Up-to-date: /home/student/ros2_ws/install/warehouse_robot_msgs/share/warehouse_robot_msgs/cmake/export_warehouse_robot_msgs__rosidl_typesupport_fastrtps_cExport.cmake
[2.217s] -- Up-to-date: /home/student/ros2_ws/install/warehouse_robot_msgs/share/warehouse_robot_msgs/cmake/export_warehouse_robot_msgs__rosidl_typesupport_fastrtps_cExport-noconfig.cmake
[2.217s] -- Up-to-date: /home/student/ros2_ws/install/warehouse_robot_msgs/share/warehouse_robot_msgs/cmake/export_warehouse_robot_msgs__rosidl_generator_cppExport.cmake
[2.217s] -- Up-to-date: /home/student/ros2_ws/install/warehouse_robot_msgs/share/warehouse_robot_msgs/cmake/export_warehouse_robot_msgs__rosidl_typesupport_fastrtps_cppExport.cmake
[2.217s] -- Up-to-date: /home/student/ros2_ws/install/warehouse_robot_msgs/share/warehouse_robot_msgs/cmake/export_warehouse_robot_msgs__rosidl_typesupport_fastrtps_cppExport-noconfig.cmake
[2.217s] -- Up-to-date: /home/student/ros2_ws/install/warehouse_robot_msgs/share/warehouse_robot_msgs/cmake/warehouse_robot_msgs__rosidl_typesupport_introspection_cExport.cmake
[2.217s] -- Up-to-date: /home/student/ros2_ws/install/warehouse_robot_msgs/share/warehouse_robot_msgs/cmake/warehouse_robot_msgs__rosidl_typesupport_introspection_cExport-noconfig.cmake
[2.217s] -- Up-to-date: /home/student/ros2_ws/install/warehouse_robot_msgs/share/warehouse_robot_msgs/cmake/warehouse_robot_msgs__rosidl_typesupport_cExport.cmake
[2.218s] -- Up-to-date: /home/student/ros2_ws/install/warehouse_robot_msgs/share/warehouse_robot_msgs/cmake/warehouse_robot_msgs__rosidl_typesupport_cExport-noconfig.cmake
[2.218s] -- Up-to-date: /home/student/ros2_ws/install/warehouse_robot_msgs/share/warehouse_robot_msgs/cmake/warehouse_robot_msgs__rosidl_typesupport_introspection_cppExport.cmake
[2.218s] -- Up-to-date: /home/student/ros2_ws/install/warehouse_robot_msgs/share/warehouse_robot_msgs/cmake/warehouse_robot_msgs__rosidl_typesupport_introspection_cppExport-noconfig.cmake
[2.221s] -- Up-to-date: /home/student/ros2_ws/install/warehouse_robot_msgs/share/warehouse_robot_msgs/cmake/warehouse_robot_msgs__rosidl_typesupport_cppExport.cmake
[2.224s] -- Up-to-date: /home/student/ros2_ws/install/warehouse_robot_msgs/share/warehouse_robot_msgs/cmake/warehouse_robot_msgs__rosidl_typesupport_cppExport-noconfig.cmake
[2.224s] -- Up-to-date: /home/student/ros2_ws/install/warehouse_robot_msgs/share/warehouse_robot_msgs/cmake/export_warehouse_robot_msgs__rosidl_generator_pyExport.cmake
[2.224s] -- Up-to-date: /home/student/ros2_ws/install/warehouse_robot_msgs/share/warehouse_robot_msgs/cmake/export_warehouse_robot_msgs__rosidl_generator_pyExport-noconfig.cmake
[2.225s] -- Up-to-date: /home/student/ros2_ws/install/warehouse_robot_msgs/share/warehouse_robot_msgs/cmake/rosidl_cmake-extras.cmake
[2.225s] -- Up-to-date: /home/student/ros2_ws/install/warehouse_robot_msgs/share/warehouse_robot_msgs/cmake/ament_cmake_export_dependencies-extras.cmake
[2.225s] -- Up-to-date: /home/student/ros2_ws/install/warehouse_robot_msgs/share/warehouse_robot_msgs/cmake/ament_cmake_export_include_directories-extras.cmake
[2.225s] -- Up-to-date: /home/student/ros2_ws/install/warehouse_robot_msgs/share/warehouse_robot_msgs/cmake/ament_cmake_export_libraries-extras.cmake
[2.225s] -- Up-to-date: /home/student/ros2_ws/install/warehouse_robot_msgs/share/warehouse_robot_msgs/cmake/ament_cmake_export_targets-extras.cmake
[2.225s] -- Up-to-date: /home/student/ros2_ws/install/warehouse_robot_msgs/share/warehouse_robot_msgs/cmake/rosidl_cmake_export_typesupport_targets-extras.cmake
[2.225s] -- Up-to-date: /home/student/ros2_ws/install/warehouse_robot_msgs/share/warehouse_robot_msgs/cmake/rosidl_cmake_export_typesupport_libraries-extras.cmake
[2.225s] -- Up-to-date: /home/student/ros2_ws/install/warehouse_robot_msgs/share/warehouse_robot_msgs/cmake/warehouse_robot_msgsConfig.cmake
[2.225s] -- Up-to-date: /home/student/ros2_ws/install/warehouse_robot_msgs/share/warehouse_robot_msgs/cmake/warehouse_robot_msgsConfig-version.cmake
[2.228s] -- Up-to-date: /home/student/ros2_ws/install/warehouse_robot_msgs/share/warehouse_robot_msgs/package.xml
[2.245s] Invoked command in '/home/student/ros2_ws/build/warehouse_robot_msgs' returned '0': CMAKE_PREFIX_PATH=${CMAKE_PREFIX_PATH}:/home/student/ros2_ws/install/turtlebot3_teleop:/home/student/ros2_ws/install/turtlebot3_example:/opt/ros/humble /usr/bin/cmake --install /home/student/ros2_ws/build/warehouse_robot_msgs
