[0.056s] Invoking command in '/home/student/ros2_ws/src/build/turtlebot3_navigation2': CMAKE_PREFIX_PATH=${CMAKE_PREFIX_PATH}:/home/student/ros2_ws/install/turtlebot3_teleop:/home/student/ros2_ws/install/turtlebot3_example:/opt/ros/humble /usr/bin/cmake --build /home/student/ros2_ws/src/build/turtlebot3_navigation2 -- -j8 -l8
[0.166s] Invoked command in '/home/student/ros2_ws/src/build/turtlebot3_navigation2' returned '0': CMAKE_PREFIX_PATH=${CMAKE_PREFIX_PATH}:/home/student/ros2_ws/install/turtlebot3_teleop:/home/student/ros2_ws/install/turtlebot3_example:/opt/ros/humble /usr/bin/cmake --build /home/student/ros2_ws/src/build/turtlebot3_navigation2 -- -j8 -l8
[0.339s] Invoking command in '/home/student/ros2_ws/src/build/turtlebot3_navigation2': CMAKE_PREFIX_PATH=${CMAKE_PREFIX_PATH}:/home/student/ros2_ws/install/turtlebot3_teleop:/home/student/ros2_ws/install/turtlebot3_example:/opt/ros/humble /usr/bin/cmake --install /home/student/ros2_ws/src/build/turtlebot3_navigation2
[0.379s] -- Install configuration: ""
[0.380s] -- Up-to-date: /home/student/ros2_ws/src/install/turtlebot3_navigation2/share/turtlebot3_navigation2/launch
[0.380s] -- Up-to-date: /home/student/ros2_ws/src/install/turtlebot3_navigation2/share/turtlebot3_navigation2/launch/navigation2.launch.py
[0.380s] -- Up-to-date: /home/student/ros2_ws/src/install/turtlebot3_navigation2/share/turtlebot3_navigation2/map
[0.380s] -- Up-to-date: /home/student/ros2_ws/src/install/turtlebot3_navigation2/share/turtlebot3_navigation2/map/map.yaml
[0.380s] -- Up-to-date: /home/student/ros2_ws/src/install/turtlebot3_navigation2/share/turtlebot3_navigation2/map/map.pgm
[0.380s] -- Up-to-date: /home/student/ros2_ws/src/install/turtlebot3_navigation2/share/turtlebot3_navigation2/param
[0.383s] -- Up-to-date: /home/student/ros2_ws/src/install/turtlebot3_navigation2/share/turtlebot3_navigation2/param/waffle.yaml
[0.384s] -- Up-to-date: /home/student/ros2_ws/src/install/turtlebot3_navigation2/share/turtlebot3_navigation2/param/burger.yaml
[0.384s] -- Up-to-date: /home/student/ros2_ws/src/install/turtlebot3_navigation2/share/turtlebot3_navigation2/param/waffle_pi.yaml
[0.384s] -- Up-to-date: /home/student/ros2_ws/src/install/turtlebot3_navigation2/share/turtlebot3_navigation2/rviz
[0.384s] -- Up-to-date: /home/student/ros2_ws/src/install/turtlebot3_navigation2/share/turtlebot3_navigation2/rviz/tb3_navigation2.rviz
[0.386s] -- Up-to-date: /home/student/ros2_ws/src/install/turtlebot3_navigation2/share/ament_index/resource_index/package_run_dependencies/turtlebot3_navigation2
[0.387s] -- Up-to-date: /home/student/ros2_ws/src/install/turtlebot3_navigation2/share/ament_index/resource_index/parent_prefix_path/turtlebot3_navigation2
[0.387s] -- Up-to-date: /home/student/ros2_ws/src/install/turtlebot3_navigation2/share/turtlebot3_navigation2/environment/ament_prefix_path.sh
[0.387s] -- Up-to-date: /home/student/ros2_ws/src/install/turtlebot3_navigation2/share/turtlebot3_navigation2/environment/ament_prefix_path.dsv
[0.392s] -- Up-to-date: /home/student/ros2_ws/src/install/turtlebot3_navigation2/share/turtlebot3_navigation2/environment/path.sh
[0.396s] -- Up-to-date: /home/student/ros2_ws/src/install/turtlebot3_navigation2/share/turtlebot3_navigation2/environment/path.dsv
[0.397s] -- Up-to-date: /home/student/ros2_ws/src/install/turtlebot3_navigation2/share/turtlebot3_navigation2/local_setup.bash
[0.402s] -- Up-to-date: /home/student/ros2_ws/src/install/turtlebot3_navigation2/share/turtlebot3_navigation2/local_setup.sh
[0.402s] -- Up-to-date: /home/student/ros2_ws/src/install/turtlebot3_navigation2/share/turtlebot3_navigation2/local_setup.zsh
[0.402s] -- Up-to-date: /home/student/ros2_ws/src/install/turtlebot3_navigation2/share/turtlebot3_navigation2/local_setup.dsv
[0.402s] -- Installing: /home/student/ros2_ws/src/install/turtlebot3_navigation2/share/turtlebot3_navigation2/package.dsv
[0.403s] -- Up-to-date: /home/student/ros2_ws/src/install/turtlebot3_navigation2/share/ament_index/resource_index/packages/turtlebot3_navigation2
[0.404s] -- Up-to-date: /home/student/ros2_ws/src/install/turtlebot3_navigation2/share/turtlebot3_navigation2/cmake/turtlebot3_navigation2Config.cmake
[0.404s] -- Up-to-date: /home/student/ros2_ws/src/install/turtlebot3_navigation2/share/turtlebot3_navigation2/cmake/turtlebot3_navigation2Config-version.cmake
[0.405s] -- Up-to-date: /home/student/ros2_ws/src/install/turtlebot3_navigation2/share/turtlebot3_navigation2/package.xml
[0.413s] Invoked command in '/home/student/ros2_ws/src/build/turtlebot3_navigation2' returned '0': CMAKE_PREFIX_PATH=${CMAKE_PREFIX_PATH}:/home/student/ros2_ws/install/turtlebot3_teleop:/home/student/ros2_ws/install/turtlebot3_example:/opt/ros/humble /usr/bin/cmake --install /home/student/ros2_ws/src/build/turtlebot3_navigation2
