[0.013s] Invoking command in '/home/student/ros2_ws/build/gazebo_map_creator': CMAKE_PREFIX_PATH=/home/student/ros2_ws/install/gazebo_map_creator_interface:/home/student/ros2_ws/install/turtlebot3:/home/student/ros2_ws/install/turtlebot3_simulations:/home/student/ros2_ws/install/turtlebot3_bringup:/home/student/ros2_ws/install/turtlebot3_node:/home/student/ros2_ws/install/turtlebot3_navigation2:/home/student/ros2_ws/install/turtlebot3_fake_node:/home/student/ros2_ws/install/turtlebot3_msgs:/home/student/ros2_ws/install/turtlebot3_gazebo:/home/student/ros2_ws/install/turtlebot3_description:/home/student/ros2_ws/install/turtlebot3_cartographer:/home/student/ros2_ws/install/map_ground_truth_publisher:/home/student/ros2_ws/install/gazebo_map_creator:/home/student/ros2_ws/install/dynamixel_sdk_examples:/home/student/ros2_ws/install/dynamixel_sdk_custom_interfaces:/home/student/ros2_ws/install/dynamixel_sdk:/home/student/ros2_ws/install/turtlebot3_teleop:/home/student/ros2_ws/install/turtlebot3_example:/opt/ros/humble LD_LIBRARY_PATH=/home/student/ros2_ws/install/gazebo_map_creator_interface/lib:/home/student/ros2_ws/install/turtlebot3_msgs/lib:/home/student/ros2_ws/install/gazebo_map_creator/lib:/home/student/ros2_ws/install/dynamixel_sdk_custom_interfaces/lib:/home/student/ros2_ws/install/dynamixel_sdk/lib:/usr/lib/x86_64-linux-gnu/gazebo-11/plugins:/opt/ros/humble/opt/rviz_ogre_vendor/lib:/opt/ros/humble/lib/x86_64-linux-gnu:/opt/ros/humble/lib:/usr/lib/x86_64-linux-gnu/gazebo-11/plugins /usr/bin/cmake /home/student/ros2_ws/src/gazebo_map_creator/gazebo_map_creator -DAMENT_CMAKE_SYMLINK_INSTALL=1 -DCMAKE_INSTALL_PREFIX=/home/student/ros2_ws/install/gazebo_map_creator
[0.032s] -- Found ament_cmake: 1.3.10 (/opt/ros/humble/share/ament_cmake/cmake)
[0.168s] -- Override CMake install command with custom implementation using symlinks instead of copying resources
[0.176s] -- Found builtin_interfaces: 1.2.1 (/opt/ros/humble/share/builtin_interfaces/cmake)
[0.202s] -- Found rosidl_generator_c: 3.1.5 (/opt/ros/humble/share/rosidl_generator_c/cmake)
[0.206s] -- Found rosidl_adapter: 3.1.5 (/opt/ros/humble/share/rosidl_adapter/cmake)
[0.211s] -- Found rosidl_generator_cpp: 3.1.5 (/opt/ros/humble/share/rosidl_generator_cpp/cmake)
[0.223s] -- Using all available rosidl_typesupport_c: rosidl_typesupport_fastrtps_c;rosidl_typesupport_introspection_c
[0.239s] -- Using all available rosidl_typesupport_cpp: rosidl_typesupport_fastrtps_cpp;rosidl_typesupport_introspection_cpp
[0.250s] -- Found gazebo_dev: 3.7.0 (/opt/ros/humble/share/gazebo_dev/cmake)
[0.280s] -- Found DART: /usr/include (Required is at least version "6.6") found components: dart 
[0.299s] -- Found Boost: /usr/lib/x86_64-linux-gnu/cmake/Boost-1.74.0/BoostConfig.cmake (found suitable version "1.74.0", minimum required is "1.40.0") found components: thread system filesystem program_options regex iostreams date_time 
[0.309s] -- Found Protobuf: /usr/lib/x86_64-linux-gnu/libprotobuf.so (found version "3.12.4") 
[0.310s] -- Looking for ignition-math6 -- found version 6.15.1
[0.314s] -- Searching for dependencies of ignition-math6
[0.316s] -- Looking for OGRE...
[0.322s] -- Found Ogre Ghadamon (1.9.0)
[0.325s] -- Found OGRE: optimized;/usr/lib/x86_64-linux-gnu/libOgreMain.so;debug;/usr/lib/x86_64-linux-gnu/libOgreMain.so
[0.333s] -- Looking for OGRE_Paging...
[0.334s] -- Found OGRE_Paging: optimized;/usr/lib/x86_64-linux-gnu/libOgrePaging.so;debug;/usr/lib/x86_64-linux-gnu/libOgrePaging.so
[0.334s] -- Looking for OGRE_Terrain...
[0.334s] -- Found OGRE_Terrain: optimized;/usr/lib/x86_64-linux-gnu/libOgreTerrain.so;debug;/usr/lib/x86_64-linux-gnu/libOgreTerrain.so
[0.334s] -- Looking for OGRE_Property...
[0.334s] -- Found OGRE_Property: optimized;/usr/lib/x86_64-linux-gnu/libOgreProperty.so;debug;/usr/lib/x86_64-linux-gnu/libOgreProperty.so
[0.334s] -- Looking for OGRE_RTShaderSystem...
[0.335s] -- Found OGRE_RTShaderSystem: optimized;/usr/lib/x86_64-linux-gnu/libOgreRTShaderSystem.so;debug;/usr/lib/x86_64-linux-gnu/libOgreRTShaderSystem.so
[0.335s] -- Looking for OGRE_Volume...
[0.335s] -- Found OGRE_Volume: optimized;/usr/lib/x86_64-linux-gnu/libOgreVolume.so;debug;/usr/lib/x86_64-linux-gnu/libOgreVolume.so
[0.335s] -- Looking for OGRE_Overlay...
[0.335s] -- Found OGRE_Overlay: optimized;/usr/lib/x86_64-linux-gnu/libOgreOverlay.so;debug;/usr/lib/x86_64-linux-gnu/libOgreOverlay.so
[0.509s] -- Looking for ignition-math6 -- found version 6.15.1
[0.509s] -- Looking for ignition-transport8 -- found version 8.2.1
[0.510s] -- Searching for dependencies of ignition-transport8
[0.531s] -- Found Protobuf: /usr/lib/x86_64-linux-gnu/libprotobuf.so (found suitable version "3.12.4", minimum required is "3") 
[0.552s] -- Config-file not installed for ZeroMQ -- checking for pkg-config
[0.552s] -- Checking for module 'libzmq >= 4'
[0.566s] --   Found libzmq , version 4.3.4
[0.623s] -- Checking for module 'uuid'
[0.639s] --   Found uuid, version 2.37.2
[0.679s] -- Looking for ignition-msgs5 -- found version 5.8.1
[0.680s] -- Searching for dependencies of ignition-msgs5
[0.709s] -- Looking for ignition-math6 -- found version 6.15.1
[0.715s] -- Checking for module 'tinyxml2'
[0.731s] --   Found tinyxml2, version 9.0.0
[0.772s] -- Looking for ignition-msgs5 -- found version 5.8.1
[0.773s] -- Looking for ignition-common3 -- found version 3.14.0
[0.774s] -- Searching for dependencies of ignition-common3
[0.774s] -- Looking for dlfcn.h - found
[0.774s] -- Looking for libdl - found
[0.792s] -- Searching for <ignition-common3> component [graphics]
[0.793s] -- Looking for ignition-common3-graphics -- found version 3.14.0
[0.794s] -- Searching for dependencies of ignition-common3-graphics
[0.794s] -- Looking for ignition-math6 -- found version 6.15.1
[0.796s] -- Looking for ignition-fuel_tools4 -- found version 4.4.0
[0.796s] -- Searching for dependencies of ignition-fuel_tools4
[0.843s] -- Checking for module 'jsoncpp'
[0.858s] --   Found jsoncpp, version 1.9.5
[0.899s] -- Checking for module 'libzip'
[0.913s] --   Found libzip, version 1.7.3
[0.951s] -- Looking for ignition-common3 -- found version 3.14.0
[0.951s] -- Looking for ignition-math6 -- found version 6.15.1
[0.951s] -- Looking for ignition-msgs5 -- found version 5.8.1
[0.953s] -- Gazebo version: 11.10
[0.954s] -- Found gazebo_ros: 3.7.0 (/opt/ros/humble/share/gazebo_ros/cmake)
[0.984s] -- Found rmw_implementation_cmake: 6.1.2 (/opt/ros/humble/share/rmw_implementation_cmake/cmake)
[0.985s] -- Found rmw_fastrtps_cpp: 6.2.7 (/opt/ros/humble/share/rmw_fastrtps_cpp/cmake)
[1.122s] -- Using RMW implementation 'rmw_fastrtps_cpp' as default
[1.182s] -- Found geometry_msgs: 4.2.4 (/opt/ros/humble/share/geometry_msgs/cmake)
[1.195s] -- Found gazebo_map_creator_interface: 3.5.3 (/home/student/ros2_ws/install/gazebo_map_creator_interface/share/gazebo_map_creator_interface/cmake)
[1.212s] -- Found rclpy: 3.3.14 (/opt/ros/humble/share/rclpy/cmake)
[1.226s] -- Eigen found (include: /usr/include/eigen3, version: 3.4.0)
[1.233s] -- Found Boost: /usr/lib/x86_64-linux-gnu/cmake/Boost-1.74.0/BoostConfig.cmake (found suitable version "1.74.0", minimum required is "1.65.0") found components: system filesystem date_time iostreams serialization 
[1.260s] -- FLANN found (include: /usr/include, lib: /usr/lib/x86_64-linux-gnu/libflann_cpp.so)
[1.668s] -- OpenNI found (version: 1.5.4.0, include: /usr/include/ni, lib: /usr/lib/libOpenNI.so;libusb::libusb)
[1.676s] -- OpenNI2 found (version: 2.2.0.33, include: /usr/include/openni2, lib: /usr/lib/x86_64-linux-gnu/libOpenNI2.so;libusb::libusb)
[1.677s] [0m** WARNING ** io features related to pcap will be disabled[0m
[1.873s] -- Eigen found (include: /usr/include/eigen3, version: 3.4.0)
[1.882s] -- OpenNI found (version: 1.5.4.0, include: /usr/include/ni, lib: /usr/lib/libOpenNI.so;libusb::libusb)
[1.889s] -- OpenNI2 found (version: 2.2.0.33, include: /usr/include/openni2, lib: /usr/lib/x86_64-linux-gnu/libOpenNI2.so;libusb::libusb)
[2.069s] -- Found Qhull version 8.0.2
[2.251s] -- OpenNI found (version: 1.5.4.0, include: /usr/include/ni, lib: /usr/lib/libOpenNI.so;libusb::libusb)
[2.421s] -- looking for PCL_COMMON
[2.421s] -- looking for PCL_KDTREE
[2.422s] -- looking for PCL_OCTREE
[2.423s] -- looking for PCL_SEARCH
[2.423s] -- looking for PCL_SAMPLE_CONSENSUS
[2.423s] -- looking for PCL_FILTERS
[2.423s] -- looking for PCL_2D
[2.424s] -- looking for PCL_GEOMETRY
[2.424s] -- looking for PCL_IO
[2.425s] -- looking for PCL_FEATURES
[2.425s] -- looking for PCL_ML
[2.425s] -- looking for PCL_SEGMENTATION
[2.426s] -- looking for PCL_VISUALIZATION
[2.426s] -- looking for PCL_SURFACE
[2.427s] -- looking for PCL_REGISTRATION
[2.428s] -- looking for PCL_KEYPOINTS
[2.428s] -- looking for PCL_TRACKING
[2.429s] -- looking for PCL_RECOGNITION
[2.429s] -- looking for PCL_STEREO
[2.430s] -- looking for PCL_APPS
[2.431s] -- looking for PCL_IN_HAND_SCANNER
[2.431s] -- looking for PCL_MODELER
[2.432s] -- looking for PCL_POINT_CLOUD_EDITOR
[2.432s] -- looking for PCL_OUTOFCORE
[2.433s] -- looking for PCL_PEOPLE
[2.523s] -- Configuring done
[2.575s] -- Generating done
[2.579s] -- Build files have been written to: /home/student/ros2_ws/build/gazebo_map_creator
[2.602s] Invoked command in '/home/student/ros2_ws/build/gazebo_map_creator' returned '0': CMAKE_PREFIX_PATH=/home/student/ros2_ws/install/gazebo_map_creator_interface:/home/student/ros2_ws/install/turtlebot3:/home/student/ros2_ws/install/turtlebot3_simulations:/home/student/ros2_ws/install/turtlebot3_bringup:/home/student/ros2_ws/install/turtlebot3_node:/home/student/ros2_ws/install/turtlebot3_navigation2:/home/student/ros2_ws/install/turtlebot3_fake_node:/home/student/ros2_ws/install/turtlebot3_msgs:/home/student/ros2_ws/install/turtlebot3_gazebo:/home/student/ros2_ws/install/turtlebot3_description:/home/student/ros2_ws/install/turtlebot3_cartographer:/home/student/ros2_ws/install/map_ground_truth_publisher:/home/student/ros2_ws/install/gazebo_map_creator:/home/student/ros2_ws/install/dynamixel_sdk_examples:/home/student/ros2_ws/install/dynamixel_sdk_custom_interfaces:/home/student/ros2_ws/install/dynamixel_sdk:/home/student/ros2_ws/install/turtlebot3_teleop:/home/student/ros2_ws/install/turtlebot3_example:/opt/ros/humble LD_LIBRARY_PATH=/home/student/ros2_ws/install/gazebo_map_creator_interface/lib:/home/student/ros2_ws/install/turtlebot3_msgs/lib:/home/student/ros2_ws/install/gazebo_map_creator/lib:/home/student/ros2_ws/install/dynamixel_sdk_custom_interfaces/lib:/home/student/ros2_ws/install/dynamixel_sdk/lib:/usr/lib/x86_64-linux-gnu/gazebo-11/plugins:/opt/ros/humble/opt/rviz_ogre_vendor/lib:/opt/ros/humble/lib/x86_64-linux-gnu:/opt/ros/humble/lib:/usr/lib/x86_64-linux-gnu/gazebo-11/plugins /usr/bin/cmake /home/student/ros2_ws/src/gazebo_map_creator/gazebo_map_creator -DAMENT_CMAKE_SYMLINK_INSTALL=1 -DCMAKE_INSTALL_PREFIX=/home/student/ros2_ws/install/gazebo_map_creator
[2.605s] Invoking command in '/home/student/ros2_ws/build/gazebo_map_creator': CMAKE_PREFIX_PATH=/home/student/ros2_ws/install/gazebo_map_creator_interface:/home/student/ros2_ws/install/turtlebot3:/home/student/ros2_ws/install/turtlebot3_simulations:/home/student/ros2_ws/install/turtlebot3_bringup:/home/student/ros2_ws/install/turtlebot3_node:/home/student/ros2_ws/install/turtlebot3_navigation2:/home/student/ros2_ws/install/turtlebot3_fake_node:/home/student/ros2_ws/install/turtlebot3_msgs:/home/student/ros2_ws/install/turtlebot3_gazebo:/home/student/ros2_ws/install/turtlebot3_description:/home/student/ros2_ws/install/turtlebot3_cartographer:/home/student/ros2_ws/install/map_ground_truth_publisher:/home/student/ros2_ws/install/gazebo_map_creator:/home/student/ros2_ws/install/dynamixel_sdk_examples:/home/student/ros2_ws/install/dynamixel_sdk_custom_interfaces:/home/student/ros2_ws/install/dynamixel_sdk:/home/student/ros2_ws/install/turtlebot3_teleop:/home/student/ros2_ws/install/turtlebot3_example:/opt/ros/humble LD_LIBRARY_PATH=/home/student/ros2_ws/install/gazebo_map_creator_interface/lib:/home/student/ros2_ws/install/turtlebot3_msgs/lib:/home/student/ros2_ws/install/gazebo_map_creator/lib:/home/student/ros2_ws/install/dynamixel_sdk_custom_interfaces/lib:/home/student/ros2_ws/install/dynamixel_sdk/lib:/usr/lib/x86_64-linux-gnu/gazebo-11/plugins:/opt/ros/humble/opt/rviz_ogre_vendor/lib:/opt/ros/humble/lib/x86_64-linux-gnu:/opt/ros/humble/lib:/usr/lib/x86_64-linux-gnu/gazebo-11/plugins /usr/bin/cmake --build /home/student/ros2_ws/build/gazebo_map_creator -- -j8 -l8
[2.662s] [35m[1mConsolidate compiler generated dependencies of target gazebo_map_creator[0m
[2.715s] [100%] Built target gazebo_map_creator
[2.728s] Invoked command in '/home/student/ros2_ws/build/gazebo_map_creator' returned '0': CMAKE_PREFIX_PATH=/home/student/ros2_ws/install/gazebo_map_creator_interface:/home/student/ros2_ws/install/turtlebot3:/home/student/ros2_ws/install/turtlebot3_simulations:/home/student/ros2_ws/install/turtlebot3_bringup:/home/student/ros2_ws/install/turtlebot3_node:/home/student/ros2_ws/install/turtlebot3_navigation2:/home/student/ros2_ws/install/turtlebot3_fake_node:/home/student/ros2_ws/install/turtlebot3_msgs:/home/student/ros2_ws/install/turtlebot3_gazebo:/home/student/ros2_ws/install/turtlebot3_description:/home/student/ros2_ws/install/turtlebot3_cartographer:/home/student/ros2_ws/install/map_ground_truth_publisher:/home/student/ros2_ws/install/gazebo_map_creator:/home/student/ros2_ws/install/dynamixel_sdk_examples:/home/student/ros2_ws/install/dynamixel_sdk_custom_interfaces:/home/student/ros2_ws/install/dynamixel_sdk:/home/student/ros2_ws/install/turtlebot3_teleop:/home/student/ros2_ws/install/turtlebot3_example:/opt/ros/humble LD_LIBRARY_PATH=/home/student/ros2_ws/install/gazebo_map_creator_interface/lib:/home/student/ros2_ws/install/turtlebot3_msgs/lib:/home/student/ros2_ws/install/gazebo_map_creator/lib:/home/student/ros2_ws/install/dynamixel_sdk_custom_interfaces/lib:/home/student/ros2_ws/install/dynamixel_sdk/lib:/usr/lib/x86_64-linux-gnu/gazebo-11/plugins:/opt/ros/humble/opt/rviz_ogre_vendor/lib:/opt/ros/humble/lib/x86_64-linux-gnu:/opt/ros/humble/lib:/usr/lib/x86_64-linux-gnu/gazebo-11/plugins /usr/bin/cmake --build /home/student/ros2_ws/build/gazebo_map_creator -- -j8 -l8
[2.766s] Invoking command in '/home/student/ros2_ws/build/gazebo_map_creator': CMAKE_PREFIX_PATH=/home/student/ros2_ws/install/gazebo_map_creator_interface:/home/student/ros2_ws/install/turtlebot3:/home/student/ros2_ws/install/turtlebot3_simulations:/home/student/ros2_ws/install/turtlebot3_bringup:/home/student/ros2_ws/install/turtlebot3_node:/home/student/ros2_ws/install/turtlebot3_navigation2:/home/student/ros2_ws/install/turtlebot3_fake_node:/home/student/ros2_ws/install/turtlebot3_msgs:/home/student/ros2_ws/install/turtlebot3_gazebo:/home/student/ros2_ws/install/turtlebot3_description:/home/student/ros2_ws/install/turtlebot3_cartographer:/home/student/ros2_ws/install/map_ground_truth_publisher:/home/student/ros2_ws/install/gazebo_map_creator:/home/student/ros2_ws/install/dynamixel_sdk_examples:/home/student/ros2_ws/install/dynamixel_sdk_custom_interfaces:/home/student/ros2_ws/install/dynamixel_sdk:/home/student/ros2_ws/install/turtlebot3_teleop:/home/student/ros2_ws/install/turtlebot3_example:/opt/ros/humble LD_LIBRARY_PATH=/home/student/ros2_ws/install/gazebo_map_creator_interface/lib:/home/student/ros2_ws/install/turtlebot3_msgs/lib:/home/student/ros2_ws/install/gazebo_map_creator/lib:/home/student/ros2_ws/install/dynamixel_sdk_custom_interfaces/lib:/home/student/ros2_ws/install/dynamixel_sdk/lib:/usr/lib/x86_64-linux-gnu/gazebo-11/plugins:/opt/ros/humble/opt/rviz_ogre_vendor/lib:/opt/ros/humble/lib/x86_64-linux-gnu:/opt/ros/humble/lib:/usr/lib/x86_64-linux-gnu/gazebo-11/plugins /usr/bin/cmake --install /home/student/ros2_ws/build/gazebo_map_creator
[2.774s] -- Install configuration: ""
[2.774s] -- Execute custom install script
[2.775s] -- Up-to-date symlink: /home/student/ros2_ws/install/gazebo_map_creator/share/gazebo_map_creator/environment/library_path.sh
[2.775s] -- Up-to-date symlink: /home/student/ros2_ws/install/gazebo_map_creator/share/gazebo_map_creator/environment/library_path.dsv
[2.775s] -- Up-to-date symlink: /home/student/ros2_ws/install/gazebo_map_creator/share/gazebo_map_creator/scripts/request_map.py
[2.775s] -- Up-to-date symlink: /home/student/ros2_ws/install/gazebo_map_creator/lib/libgazebo_map_creator.so
[2.775s] -- Up-to-date symlink: /home/student/ros2_ws/install/gazebo_map_creator/lib/gazebo_map_creator/request_map.py
[2.776s] -- Up-to-date symlink: /home/student/ros2_ws/install/gazebo_map_creator/share/ament_index/resource_index/package_run_dependencies/gazebo_map_creator
[2.776s] -- Up-to-date symlink: /home/student/ros2_ws/install/gazebo_map_creator/share/ament_index/resource_index/parent_prefix_path/gazebo_map_creator
[2.776s] -- Up-to-date symlink: /home/student/ros2_ws/install/gazebo_map_creator/share/gazebo_map_creator/environment/ament_prefix_path.sh
[2.776s] -- Up-to-date symlink: /home/student/ros2_ws/install/gazebo_map_creator/share/gazebo_map_creator/environment/ament_prefix_path.dsv
[2.776s] -- Up-to-date symlink: /home/student/ros2_ws/install/gazebo_map_creator/share/gazebo_map_creator/environment/path.sh
[2.776s] -- Up-to-date symlink: /home/student/ros2_ws/install/gazebo_map_creator/share/gazebo_map_creator/environment/path.dsv
[2.776s] -- Up-to-date symlink: /home/student/ros2_ws/install/gazebo_map_creator/share/gazebo_map_creator/local_setup.bash
[2.777s] -- Up-to-date symlink: /home/student/ros2_ws/install/gazebo_map_creator/share/gazebo_map_creator/local_setup.sh
[2.777s] -- Up-to-date symlink: /home/student/ros2_ws/install/gazebo_map_creator/share/gazebo_map_creator/local_setup.zsh
[2.777s] -- Up-to-date symlink: /home/student/ros2_ws/install/gazebo_map_creator/share/gazebo_map_creator/local_setup.dsv
[2.777s] -- Symlinking: /home/student/ros2_ws/install/gazebo_map_creator/share/gazebo_map_creator/package.dsv
[2.787s] -- Up-to-date symlink: /home/student/ros2_ws/install/gazebo_map_creator/share/ament_index/resource_index/packages/gazebo_map_creator
[2.787s] -- Up-to-date symlink: /home/student/ros2_ws/install/gazebo_map_creator/share/gazebo_map_creator/cmake/ament_cmake_export_libraries-extras.cmake
[2.787s] -- Up-to-date symlink: /home/student/ros2_ws/install/gazebo_map_creator/share/gazebo_map_creator/cmake/ament_cmake_export_dependencies-extras.cmake
[2.788s] -- Up-to-date symlink: /home/student/ros2_ws/install/gazebo_map_creator/share/gazebo_map_creator/cmake/gazebo_map_creatorConfig.cmake
[2.788s] -- Up-to-date symlink: /home/student/ros2_ws/install/gazebo_map_creator/share/gazebo_map_creator/cmake/gazebo_map_creatorConfig-version.cmake
[2.788s] -- Up-to-date symlink: /home/student/ros2_ws/install/gazebo_map_creator/share/gazebo_map_creator/package.xml
[2.790s] Invoked command in '/home/student/ros2_ws/build/gazebo_map_creator' returned '0': CMAKE_PREFIX_PATH=/home/student/ros2_ws/install/gazebo_map_creator_interface:/home/student/ros2_ws/install/turtlebot3:/home/student/ros2_ws/install/turtlebot3_simulations:/home/student/ros2_ws/install/turtlebot3_bringup:/home/student/ros2_ws/install/turtlebot3_node:/home/student/ros2_ws/install/turtlebot3_navigation2:/home/student/ros2_ws/install/turtlebot3_fake_node:/home/student/ros2_ws/install/turtlebot3_msgs:/home/student/ros2_ws/install/turtlebot3_gazebo:/home/student/ros2_ws/install/turtlebot3_description:/home/student/ros2_ws/install/turtlebot3_cartographer:/home/student/ros2_ws/install/map_ground_truth_publisher:/home/student/ros2_ws/install/gazebo_map_creator:/home/student/ros2_ws/install/dynamixel_sdk_examples:/home/student/ros2_ws/install/dynamixel_sdk_custom_interfaces:/home/student/ros2_ws/install/dynamixel_sdk:/home/student/ros2_ws/install/turtlebot3_teleop:/home/student/ros2_ws/install/turtlebot3_example:/opt/ros/humble LD_LIBRARY_PATH=/home/student/ros2_ws/install/gazebo_map_creator_interface/lib:/home/student/ros2_ws/install/turtlebot3_msgs/lib:/home/student/ros2_ws/install/gazebo_map_creator/lib:/home/student/ros2_ws/install/dynamixel_sdk_custom_interfaces/lib:/home/student/ros2_ws/install/dynamixel_sdk/lib:/usr/lib/x86_64-linux-gnu/gazebo-11/plugins:/opt/ros/humble/opt/rviz_ogre_vendor/lib:/opt/ros/humble/lib/x86_64-linux-gnu:/opt/ros/humble/lib:/usr/lib/x86_64-linux-gnu/gazebo-11/plugins /usr/bin/cmake --install /home/student/ros2_ws/build/gazebo_map_creator
